801
490
769
902
833
584
872
341
385
308
822
643
309
354
776
576
845
241
759
124
932
701
275
368
537
79
297
356
278
661
262
871
977
175
486
541
870
458
72
688
875
112
450
500
627
506
292
203
447
293
221
679
273
344
143
237
324
614
87
675
947
644
792
44
796
387
173
741
695
95
233
556
873
490
89
723
679
353
543
48
730
291
673
170
583
881
697
797
695
548
802
779
218
159
471
68
708
263
34
545
104
243
207
794
79
796
663
879
225
60
352
546
598
400
246
661
342
237
935
27
71
669
344
467
782
629
466
259
289
623
518
236
326
46
83
349
259
972
763
919
693
554
809
478
578
501
812
95
595
619
676
535
727
117
641
901
202
492
911
735
954
379
95
284
981
817
246
465
893
714
135
571
166
530
710
657
792
193
304
107
348
748
902
371
567
416
755
501
399
854
693
589
252
175
315
251
740
723
815
252
44
233
383
417
693
404
618
982
141
999
460
811
260
763
715
184
938
647
694
974
263
44
479
522
262
419
336
661
243
432
722
592
663
891
722
173
289
487
297
631
747
296
148
464
568
120
865
276
423
504
981
320
609
215
183
414
345
67
308
744
796
343
999
185
70
342
870
74
488
703
266
824
843
883
157
464
129
237
486
472
91
521
294
651
678
786
455
176
794
490
477
326
501
617
853
974
457
544
75
613
824
162
737
363
384
310
515
691
553
931
718
119
616
830
541
676
412
401
281
687
374
580
972
544
233
692
593
495
995
545
827
610
199
282
863
442
133
102
582
810
62
151
964
173
745
170
139
773
109
103
144
553
202
757
563
300
299
510
569
920
313
547
718
541
400
522
421
358
887
934
766
426
219
251
67
568
75
457
349
475
761
96
380
329
303
647
554
411
643
10
196
850
135
967
37
290
815
182
534
272
317
129
76
203
900
888
663
688
116
257
576
693
873
846
526
406
770
325
666
279
428
161
504
549
260
761
562
633
761
408
883
467
822
100
640
227
515
718
539
551
498
187
340
661
724
989
119
676
110
87
824
667
501
653
145
248
202
336
31
267
312
63
567
602
248
512
651
59
319
989
218
622
488
554
97
573
118
515
129
133
313
110
98
719
463
340
834
114
947
336
561
267
733
920
880
184
748
207
502
639
463
13
939
647
645
852
499
695
605
58
652
405
335
114
78
667
638
123
133
891
426
431
244
728
401
463
299
925
407
774
847
161
481
549
310
991
597
506
67
192
95
209
528
605
70
775
449
75
287
413
324
760
481
417
574
50
217
111
552
280
919
758
739
582
843
577
546
859
537
121
43
372
871
386
353
755
72
167
735
409
41
258
508
103
389
208
198
378
928
696
713
315
446
320
168
599
912
99
374
296
844
652
391
828
494
382
616
543
785
500
322
263
834
387
910
570
594
357
570
697
354
972
423
486
166
412
470
945
341
84
381
800
475
628
303
197
636
627
143
185
198
477
933
531
665
51
422
432
470
87
208
642
968
786
822
538
663
962
277
668
686
819
111
905
590
952
595
353
356
532
244
375
559
360
928
755
418
621
35
66
520
797
619
382
211
827
375
730
749
619
282
569
364
187
545
424
715
545
964
789
190
650
499
459
253
92
53
353
870
780
752
197
97
144
243
775
212
597
53
472
518
166
449
171
185
423
278
158
551
705
179
423
10
399
520
560
349
842
946
274
601
761
250
257
834
901
385
413
395
362
872
450
676
718
806
429
624
134
428
899
320
774
597
809
137
212
657
571
489
508
267
768
322
194
209
322
569
771
222
651
616
268
191
338
647
802
194
822
56
778
299
225
301
418
560
337
936
699
222
581
695
497
614
180
849
719
472
430
904
621
124
724
196
886
486
63
649
53
324
368
931
829
332
654
759
799
999
857
748
880
720
297
146
386
625
739
749
574
300
485
208
910
525
664
510
872
524
465
852
804
231
238
288
643
197
557
219
190
283
246
94
860
370
443
714
266
605
580
987
899
446
261
33
446
703
345
174
561
217
128
487
775
555
554
453
554
577
793
617
831
121
425
538
328
817
811
303
469
768
686
260
250
440
548
406
24
423
907
44
388
876
567
637
814
377
428
605
619
645
544
701
783
449
515
728
279
925
170
514
167
678
454
546
430
188
112
178
329
794
624
638
556
654
424
293
856
991
936
506
777
825
507
42
363
616
368
245
37
426
212
461
901
282
327
270
452
618
426
190
318
256
199
377
777
192
360
370
703
479
835
473
412
554
545
810
227
237
752
219
902
568
441
694
689
672
494
469
621
673
410
