6
605
448
387
517
238
146
782
218
626
225
694
135
277
294
756
154
216
165
152
565
188
566
284
82
446
696
330
495
696
166
168
634
108
764
544
78
514
550
510
251
642
455
173
652
342
418
314
290
538
316
273
208
98
423
573
289
420
353
225
14
363
405
32
764
166
30
477
270
413
633
110
210
233
334
335
207
200
509
33
771
45
312
937
55
826
622
208
376
323
533
80
66
250
428
580
430
299
146
40
148
21
133
364
508
125
536
24
242
193
122
393
624
389
857
57
784
506
94
26
96
213
194
166
536
774
403
248
150
637
522
179
652
480
133
590
616
51
763
325
153
294
228
48
36
328
158
158
78
608
102
4
11
260
26
410
574
930
550
596
722
588
114
396
101
683
62
596
90
164
296
46
261
430
896
192
193
570
413
507
394
238
426
193
550
234
68
19
76
383
695
416
43
223
713
59
929
11
451
288
450
232
233
402
280
158
398
531
222
333
591
218
218
461
388
31
2
208
589
710
649
461
64
84
710
339
156
587
595
286
869
837
574
488
360
322
857
867
272
945
405
103
69
254
719
357
180
156
595
94
216
812
596
336
596
886
88
200
580
780
264
253
231
167
489
322
441
476
243
170
102
61
832
256
616
211
379
88
241
306
751
295
186
185
264
17
430
148
444
70
1
531
728
268
205
658
174
604
672
700
763
347
66
349
552
74
208
87
833
60
42
520
109
506
103
174
376
45
12
50
36
189
17
522
895
35
40
670
247
784
34
128
124
329
362
21
42
525
588
134
503
503
200
58
180
499
100
169
183
252
66
379
160
33
208
516
451
388
828
405
239
809
212
304
210
236
770
469
160
121
200
582
143
250
54
83
576
191
10
461
194
159
810
80
338
479
113
274
409
56
204
106
372
744
752
160
209
113
91
409
776
524
340
460
440
398
575
610
828
740
344
5
218
49
353
905
760
664
522
75
318
130
675
418
216
496
68
361
411
491
26
102
239
8
171
438
236
420
874
181
255
257
20
330
104
357
126
525
32
235
680
28
901
277
180
326
307
602
93
410
579
232
285
737
601
805
965
528
253
155
452
11
104
196
238
564
612
25
821
435
48
748
524
204
228
694
647
561
346
388
48
576
910
550
35
437
264
385
448
670
325
841
274
230
598
40
354
183
38
52
215
66
928
21
33
753
178
99
144
236
305
402
105
62
462
106
81
398
770
114
38
549
728
36
30
673
78
107
306
24
105
212
757
111
354
318
83
135
156
570
488
960
456
213
388
550
305
249
432
588
220
236
786
338
270
596
140
112
144
142
446
688
300
641
305
34
839
385
162
186
589
336
106
841
337
86
325
525
508
818
68
863
562
107
457
459
224
682
674
224
794
480
345
440
390
114
151
290
805
563
370
68
616
470
468
578
39
362
900
369
225
210
550
609
358
249
549
346
181
611
105
430
210
130
117
854
100
900
739
194
378
686
172
417
660
476
281
22
700
122
24
567
728
864
66
25
183
598
130
496
384
447
260
2
137
149
143
327
31
431
264
114
259
550
162
24
70
606
254
313
246
296
400
774
88
432
326
723
466
714
10
138
116
159
244
194
39
135
751
453
154
124
379
23
109
417
258
492
243
43
222
359
358
96
391
600
9
438
92
145
377
178
425
603
330
488
244
222
437
176
92
326
86
192
558
254
640
172
76
504
477
184
324
325
238
37
30
213
544
32
331
139
254
775
345
289
78
354
768
731
655
260
23
685
408
93
563
401
92
564
320
244
144
494
579
236
429
905
99
83
25
196
162
615
118
303
652
118
317
826
104
129
296
824
821
180
478
646
634
258
881
695
44
62
354
175
6
236
392
602
229
308
878
136
342
180
67
14
36
328
563
134
858
70
160
409
182
38
34
420
246
371
225
315
551
38
486
252
729
781
492
56
102
408
852
644
341
212
11
590
64
22
642
336
92
245
187
328
540
478
177
41
278
42
253
4
491
25
676
166
168
106
12
521
28
598
55
238
376
400
508
392
592
589
590
110
523
470
475
160
66
179
736
46
644
344
355
12
100
113
445
570
573
55
400
8
87
677
109
368
140
140
201
142
782
1
721
253
584
251
428
417
352
96
128
162
305
546
810
74
130
30
544
80
660
156
340
106
261
157
787
193
228
168
350
402
444
546
300
203
732
324
325
223
250
644
404
107
336
228
496
92
280
397
712
114
116
105
465
171
91
708
446
637
556
316
121
340
429
227
203
192
133
252
81
594
385
200
273
383
619
420
239
20
544
420
269
24
74
255
