773
849
280
468
410
604
816
744
515
520
141
243
225
17
191
226
865
338
655
39
279
46
482
942
735
78
206
227
306
741
398
241
332
650
39
49
215
313
865
180
751
673
758
803
511
42
51
69
109
671
755
343
319
114
522
61
649
410
872
211
48
491
605
771
33
473
181
546
909
533
616
276
687
319
659
532
123
82
285
147
92
731
16
171
667
499
325
144
136
169
375
832
557
761
697
267
201
19
215
122
48
148
107
656
496
211
277
721
30
407
555
341
618
241
409
316
89
543
410
29
369
211
630
269
150
35
66
114
144
32
461
135
326
227
21
596
681
900
133
59
678
149
451
76
199
259
345
875
85
219
271
234
131
126
739
217
142
84
27
563
254
119
671
179
316
13
605
738
102
736
36
447
309
149
140
687
23
153
742
329
57
141
264
557
305
191
749
858
171
176
45
655
152
584
141
698
165
915
661
255
136
605
652
685
172
53
77
44
49
322
42
317
314
444
689
50
647
626
552
442
217
547
421
130
357
532
377
101
441
577
481
23
204
499
456
171
384
42
118
206
546
104
96
683
635
549
635
145
407
642
797
652
111
168
768
384
543
313
321
196
7
476
85
248
199
20
108
81
629
609
320
74
429
301
656
341
377
58
591
538
828
163
447
168
169
689
713
193
709
416
57
510
366
9
461
466
167
350
396
113
279
277
167
115
16
425
638
869
51
197
61
225
397
595
649
708
515
341
251
163
29
865
131
299
188
587
513
301
674
457
103
298
123
31
135
535
875
205
385
75
139
3
744
215
153
472
199
827
765
733
18
414
92
443
417
879
291
355
22
613
86
583
684
247
708
307
545
87
127
615
388
866
541
295
945
6
266
59
343
292
473
429
795
79
133
586
171
73
274
342
211
139
308
939
893
384
321
604
299
253
227
171
282
216
767
57
306
743
531
201
653
371
491
753
99
9
530
455
85
501
489
477
129
73
636
367
495
455
465
272
651
904
196
394
627
877
361
99
531
399
5
263
568
801
68
465
187
98
151
384
147
808
109
291
334
403
511
591
82
141
561
481
159
923
277
46
121
677
359
457
162
399
168
233
238
240
289
418
398
307
627
79
66
107
728
712
115
93
423
147
404
47
296
79
169
76
329
124
525
46
621
463
477
439
450
221
460
225
291
378
89
16
332
138
9
294
76
780
119
131
231
525
141
610
219
92
308
144
528
551
303
245
310
175
216
126
591
287
469
22
423
150
365
158
714
309
604
623
394
184
679
513
166
169
59
92
164
271
75
132
286
971
49
264
147
161
47
131
138
311
186
437
814
141
701
271
231
471
337
268
56
76
27
141
791
315
295
219
401
777
267
192
431
182
440
5
251
3
786
369
252
132
215
23
416
633
711
180
165
253
678
247
265
129
95
325
371
65
190
399
9
708
632
20
281
409
699
109
545
38
115
264
273
26
557
607
230
565
697
329
167
227
65
444
536
165
33
430
127
581
300
11
686
380
49
391
254
260
491
357
555
450
67
493
509
419
51
466
156
389
91
189
730
815
156
41
324
91
150
250
205
335
837
24
144
654
285
9
16
16
896
317
461
847
643
260
505
771
475
345
638
5
788
147
20
406
445
296
427
56
92
319
307
49
286
361
199
225
81
350
161
648
7
188
84
633
293
629
138
28
57
281
107
745
85
351
276
313
155
791
118
131
546
187
716
29
109
237
252
433
654
50
11
79
424
81
205
313
225
242
21
191
226
8
427
549
623
10
506
397
112
629
24
95
401
73
312
166
588
938
418
26
106
481
881
83
361
247
453
329
361
141
433
271
480
299
443
231
359
229
374
575
147
945
28
370
210
573
413
353
809
430
359
331
249
280
97
15
405
199
289
839
211
425
207
465
206
143
225
206
361
373
189
953
357
210
99
205
675
276
123
40
629
2
289
465
311
495
593
528
449
390
442
62
69
573
839
740
633
205
84
52
287
233
36
234
187
75
207
445
133
356
631
419
868
86
217
77
603
65
97
447
137
248
339
110
205
65
364
378
279
438
391
836
465
867
121
526
636
166
205
437
339
75
357
102
177
518
7
294
68
409
295
271
671
497
497
102
209
283
72
675
142
799
198
439
292
159
146
446
7
627
314
190
235
507
244
541
151
105
6
372
225
217
74
63
311
18
33
135
469
325
196
476
177
132
219
951
579
789
360
765
263
113
606
329
465
299
638
282
521
171
253
91
102
251
631
616
2
516
79
125
403
393
378
512
210
588
631
384
413
689
451
705
188
368
261
737
977
359
