4450
8343
804
2406
1278
4818
6943
919
4257
7030
7310
8966
2115
1105
9475
3465
1133
6488
399
2404
6584
8654
6028
6982
4176
2762
8696
5679
5186
2962
3950
9519
7947
7056
6970
7011
1179
1886
1244
7225
6021
5914
5768
5766
9277
9606
3494
5947
6321
3820
1714
2003
5573
2978
4617
5400
8617
8903
1323
8334
3692
6104
3887
6002
1363
3067
7580
7061
8686
9519
3019
2067
9091
7933
8368
6092
1942
2122
7473
6961
3169
1773
3121
9026
3730
4585
6657
5858
1224
6393
8950
5569
383
6807
8990
2591
4583
1228
9423
7083
9010
4484
8560
308
3557
2813
3160
9426
6771
3518
3149
661
9422
4866
3156
3912
8778
5913
6976
2989
6363
497
5761
512
5056
6622
4102
9288
5205
2291
5742
6259
2298
8386
1260
7901
8944
5089
6271
70
1535
8968
6110
3320
8444
8197
4613
7037
7877
5019
3512
1780
1318
4705
6528
8238
4622
3545
6807
1066
4769
7209
3087
3904
5023
4380
6403
3219
8245
4593
9133
6622
7067
1015
5619
1374
6115
7222
8298
2156
3597
8485
4338
369
9768
2895
5329
2813
9440
8370
5878
2099
9361
8312
638
1680
5913
6129
4252
8550
2277
7929
4712
5620
6524
7137
7500
4363
7785
639
8780
6637
5910
7994
4542
4875
7292
4575
5835
969
4602
5201
6798
4973
1877
3819
6918
5613
8396
9023
2515
8632
7448
4194
3330
7617
5840
9085
8578
4419
6675
6126
9118
4488
4211
1567
8076
4777
2605
6612
8642
9521
9054
5399
5603
4590
6894
2907
9839
7989
5095
5865
7081
6469
9477
5491
844
7062
3116
3072
3148
7068
2017
1901
6923
4787
8689
8672
4297
3621
5830
819
2874
5790
4634
9590
9361
465
5554
5283
820
2540
795
3886
2352
8850
8432
4346
3606
5224
1988
4847
6646
9246
4263
6752
3537
5780
3313
6397
5982
5961
3817
4413
5204
6270
1693
9636
9603
7613
2658
3296
6072
2713
2003
7497
7190
5820
8304
9812
352
1223
4804
403
390
4155
2627
6649
5085
336
6802
8042
1836
6555
8788
5449
2156
3330
7596
1735
5650
8005
7467
6114
8898
4408
9603
5393
3761
7260
6515
1280
8032
6529
9430
6307
8237
6029
5674
8546
5351
1512
1878
7788
2740
3884
1914
1510
4624
2914
8193
2013
5303
3464
9422
2011
3205
2187
7516
3778
4841
3533
3931
6369
4668
9090
734
2205
3204
1605
3425
3896
2183
4487
5327
3663
7473
6314
5279
6967
354
5240
2429
9259
1343
7040
8102
7730
3805
5093
2253
2039
6086
4114
5719
9462
9453
172
8721
8199
7470
6075
7307
1397
5694
443
6925
2317
7938
5577
3062
6532
6287
1940
5900
6375
5595
3223
5595
7826
3601
6984
851
4839
1738
9573
6576
3105
6762
1751
7954
3449
9019
6591
3357
2305
9479
1862
5151
1412
7286
1192
5973
8659
1365
5737
6732
9339
6194
9101
7218
601
7985
9373
3504
4796
6367
6090
6789
3997
996
3797
4872
3069
6407
1750
2653
5739
4090
9079
8433
6195
4990
2647
2915
4553
8587
4188
1080
6480
9264
9413
326
4385
4191
6362
3006
7570
2085
1245
1631
3093
2844
3939
5500
4255
8938
2132
8512
4106
7234
3217
4278
6279
6924
2757
1289
8432
6058
6502
1138
4487
4549
7698
6193
3091
7008
6312
6325
9872
5442
1260
8029
1561
4273
6286
7622
5537
4650
4803
7108
518
3999
8309
1941
9319
7331
1153
5825
2814
9012
6920
4430
4287
9261
5283
4442
6475
246
3337
5618
2894
6466
7965
5477
6966
4065
9003
7518
3532
3229
4723
6799
7007
2926
9320
7573
4219
8826
788
4921
1952
4194
2214
2650
6919
5464
3611
2932
7282
8188
6406
2601
8863
6018
429
8361
5182
6170
3850
8965
9552
6051
2876
4349
7951
3708
5712
3242
7725
5149
3907
3033
7989
9437
3158
4979
1905
4478
5379
4842
8206
1440
3587
2396
6280
3056
2441
4249
5892
4664
4371
4842
2407
7252
7078
7791
8545
608
4868
8419
6033
368
4601
1276
1788
6307
5120
3423
7850
7984
5455
4898
5040
677
5878
5369
5813
7076
2957
7771
1822
620
5927
3586
4872
2803
6090
7804
5525
3458
2505
6253
242
4510
5419
3512
9291
2837
8265
252
7366
3554
4361
3793
8367
5031
1320
4996
8862
2866
8607
4553
7567
7614
4321
6054
3874
949
4562
3587
7654
6459
8558
3896
1877
7057
6492
3284
457
4918
7268
8333
4830
6098
4168
9022
6149
1172
6257
1811
3647
5812
1090
9835
1010
6418
3253
6932
3609
4139
3397
3938
4643
6937
4358
9244
6795
1858
3924
6867
2975
5754
1071
642
1114
5280
5475
989
2090
8420
3817
2167
6452
3157
7538
8192
7032
3723
4910
3907
6277
6090
2813
5886
5957
3804
9141
7498
2379
5905
7068
3255
8248
6429
6325
6938
807
1281
1585
3018
8095
3730
8296
7690
7182
4777
6052
1200
7934
2602
6030
2345
5181
3626
8602
8915
3063
2830
7804
879
7591
8033
3699
7886
3553
5591
8141
3758
845
2392
7601
3012
4415
5166
4505
1352
2095
9119
6581
6452
1432
4912
7989
6858
8366
3704
3111
7368
6456
5357
4231
6622
6224
4638
6341
9196
1566
7214
6641
8350
5840
6803
9125
3319
5737
3117
2575
6178
9354
3093
8052
6829
7460
6137
2860
5576
6749
6184
377
6146
3449
5306
4561
45
7677
1979
3794
451
2121
2786
9483
5136
5038
6460
2262
2168
8325
9754
762
8653
573
7941
6867
7907
5862
4233
951
2676
7387
4690
7966
5467
9231
1450
2421
8710
3457
3159
6587
3109
7421
5961
354
5366
742
4912
4197
3267
7825
4715
2305
6557
5334
4111
1610
5457
2471
4606
1376
879
1777
4878
2604
6276
5763
5883
6445
8130
2763
1520
7769
2744
4335
8506
5556
3033
5875
4880
3936
8784
8778
2594
9136
8898
5021
6827
571
6731
2632
6079
5944
4347
428
226
7275
6895
3521
4949
5996
1841
4800
1477
9251
9451
5744
5576
1138
7902
8803
5776
3686
7133
2695
9427
4939
1526
6826
4612
528
3567
5326
6431
3247
3863
5156
2830
3025
6400
5839
6322
5199
8844
7205
9447
7144
390
903
3863
8619
5220
4879
5376
1999
4161
4178
754
6550
5510
3878
4595
657
2708
8034
4541
3296
3405
7227
5000
7114
9810
4802
1080
1988
1636
6822
3196
2731
1063
7249
1523
8163
3012
7563
3863
7081
3329
7329
6147
5095
5875
3881
8445
4324
2268
8885
7987
4602
5883
7924
9768
4162
7239
1660
1863
1994
9424
5595
2700
6389
2871
2869
4991
2321
7905
8300
3701
6269
5576
6903
7377
7280
5467
6737
8199
1048
6612
4882
4594
2283
2551
2742
2764
2136
4550
4594
4545
6698
8347
7667
7782
8656
6242
7390
7391
2224
6415
6826
6822
3537
289
2300
9575
3065
8552
5916
3607
920
1770
2958
2428
4794
764
4350
9347
2396
6115
4809
416
251
1960
4795
569
3211
4539
7855
8774
4449
3140
875
1279
7376
5695
2691
7512
8351
8365
1546
6918
1074
6368
2140
9832
8282
1974
7199
4672
4630
3562
7238
9504
6186
8295
7444
7642
1439
2374
7392
341
2569
3699
5232
7353
1231
4862
4094
3639
1532
1543
4793
7389
5407
9237
6916
6093
7984
7982
4940
6515
7949
3569
3594
9314
5555
3196
2408
8228
8777
7204
4345
1241
8269
7738
9720
8292
6760
6995
3533
7343
4975
3087
3871
3191
462
3894
2838
5790
2481
1403
5773
4233
3162
2186
6482
2671
4369
7022
1831
3106
5194
6927
6409
8923
4585
4061
4867
1484
3145
8802
3206
6641
5782
2543
7441
8810
1699
1776
5811
5083
819
6611
6986
8388
6407
8829
2836
1505
5599
1181
5988
7490
3022
4846
7949
6515
2827
5429
7223
7590
207
5433
862
2379
4056
8135
3824
6266
9156
8957
942
2021
1253
5442
2219
2117
2084
5091
4386
1168
7587
8773
5554
7106
6969
9290
4653
3991
5358
2215
4914
4566
3031
4318
6937
4544
4812
8345
9944
7716
3496
4063
2391
5105
2912
8713
7581
1799
6493
2133
3345
5217
6474
5752
2045
497
3067
6062
8390
9719
1901
1777
8217
3087
6102
820
2709
8025
3521
5710
6436
4669
7526
3588
4768
1963
3932
5231
8959
1094
6756
5480
3840
436
3556
431
1451
5002
908
744
6069
2676
2568
6181
4904
7827
7006
4422
4800
1011
7974
4021
4257
3340
652
9468
1813
7619
6893
1339
6399
4971
4274
5026
9687
5070
3269
1422
1681
769
4991
7052
5917
5117
8389
7081
8504
4500
6638
5606
3922
8974
1765
4826
9557
7292
4056
6288
3076
7412
6139
2312
8172
3277
5761
2473
4878
9475
6666
4193
2794
5990
2590
6471
1074
3291
4696
4037
5956
6950
5117
3148
6119
5807
1686
4418
2576
5939
7124
8253
8531
3644
1187
7103
2974
4978
389
7376
6065
5167
9636
5660
5645
2742
7553
1976
9865
3113
4285
1250
7492
6867
4215
5655
2297
5201
6047
3976
4085
4197
8848
9099
7426
4703
2789
8376
7236
5198
1625
1464
4191
6724
8895
2675
3534
2174
8344
6549
2754
7127
5831
8014
4783
2741
5504
9272
3793
6901
9594
4703
622
6696
2147
7104
7201
7421
7131
5448
635
5290
5621
8452
9340
2632
7022
2919
3299
9258
7747
9930
1418
5836
4236
1252
3198
3949
723
1272
4314
20
1086
9286
5936
9063
3589
7568
2113
5762
2648
1019
7565
5380
8422
313
7812
4482
343
3744
5959
3537
6853
8027
3638
7142
3840
6478
5952
3701
3808
3796
5605
7259
4619
3427
4731
9432
8456
5231
1887
6967
3388
1386
6878
2906
8663
1861
5437
5618
5647
9376
4802
6044
1439
2101
5227
4861
6330
8417
6342
6273
1162
2152
7557
3421
1879
7662
7540
6241
1128
6620
3478
5057
3084
8175
7467
2827
7689
4966
8311
6444
6222
6153
9036
1334
5708
453
8660
1376
5534
3734
3900
2835
8249
4982
9310
4192
1126
5483
5317
7919
9291
1991
5051
3447
4865
2492
4609
1253
9241
6542
4058
7366
5677
1837
9073
1022
5757
7160
6777
4045
7920
7020
3686
2633
961
7882
8451
2363
5706
8066
7255
5894
4040
8937
4497
8324
9780
6385
1451
6652
3344
8151
7567
5858
6170
6551
5254
6855
509
2393
7372
6977
7709
5611
1016
5541
5713
9556
9427
1846
6027
5459
805
3334
7188
6194
571
6370
811
8123
7190
1197
2139
7600
2865
4346
7649
2876
3267
4022
1232
2847
6563
3087
2383
6420
4221
5995
8257
2894
1897
1016
5800
1836
4683
6576
1815
2406
942
7364
633
2753
4030
5708
8579
8350
6988
8040
7020
2708
3957
5689
8145
2216
2644
3658
4450
679
3159
5338
692
7849
2545
6079
6050
9394
7178
2953
8401
4368
5454
2122
1804
8138
2699
4274
4229
4823
2290
6189
896
8548
7527
9587
4059
5136
3042
6243
2842
6583
5933
6723
2529
1912
4676
6620
2340
7354
2352
956
582
466
3196
5019
9739
9397
1614
1804
6219
2237
8024
2456
4492
6571
3270
8990
997
1604
5440
5183
3549
4131
3338
7957
7139
9297
2685
5130
9225
8395
7921
4423
4360
4044
8661
6986
5509
5201
3978
4308
2692
9173
7418
1261
8659
6267
633
6452
7229
4753
799
3498
655
3510
5004
7473
5862
8519
5195
3998
4555
3599
6559
3175
2449
3688
2701
3881
6374
8182
1684
2114
6221
1176
4608
1740
8715
1122
3942
7256
6585
2906
7140
8587
3396
1476
6332
2809
6111
213
5950
8024
8462
7447
5190
5786
2573
3296
5443
1505
3719
8833
858
1802
1288
701
9606
1538
922
8074
9595
9687
7090
5483
546
9649
6441
8433
5541
669
7102
2971
4299
8706
2170
8345
7172
999
5587
3925
7287
116
2312
5528
9436
1977
2695
2152
1498
2454
3312
5170
4016
5393
1538
5381
8984
2463
8151
3031
9372
3880
8110
4025
4707
6194
65
8326
9714
9354
2374
6045
7928
6087
6329
1845
3152
6826
9262
7172
2082
4007
1134
2535
4117
7394
6898
2345
745
913
2676
2810
6507
5445
1057
3909
9283
3284
5171
9196
961
5051
8575
8679
8787
4414
3771
3776
3432
9442
1999
3100
4775
6311
1243
8270
1416
5843
9376
5402
6012
4039
2172
1858
4051
2315
7695
2123
7967
3503
6690
7164
2284
5620
4466
6021
7354
6323
3894
2483
5721
3997
6525
2814
4764
2188
3389
1229
3280
6078
4876
2448
2197
876
7161
7458
4457
5701
5332
1766
9039
1957
4967
646
4349
5779
1869
9700
4682
6526
5651
479
8063
6307
6170
339
9572
6514
9472
8880
7497
4353
1709
1121
4243
4910
5125
6472
3601
6964
6951
1492
1214
3850
3714
7968
7112
2957
6651
4595
6636
5413
4035
1784
5131
3542
4720
6239
3067
4214
6235
7257
4300
4190
6747
7377
5380
1082
8374
1787
958
9276
3934
1225
6494
3610
6950
6890
5018
4194
1723
249
2376
2662
1971
4308
9336
7748
6068
2923
6066
4835
7196
4508
2579
3910
4392
4469
1170
5664
925
1139
2637
6119
8289
3118
2994
5458
7197
5998
2760
1274
4565
4698
4350
1682
5318
672
9681
4215
4187
4053
3151
4349
2410
4941
8577
9322
4767
7341
2253
7727
9075
3912
4266
5366
6316
5571
4616
1195
4164
2530
8051
46
1742
7863
7411
9612
8806
9001
7191
4018
6837
9431
2668
5395
5132
4207
8083
5167
7186
4730
6645
2429
4260
4300
1678
8948
7159
833
6913
1526
3461
9575
6683
2613
1411
6046
1744
2467
7805
744
3488
6457
1481
3497
2998
8293
6514
4531
2409
5050
8014
9546
3223
2786
9208
7944
6065
1922
1483
3006
5720
7495
8237
5674
5706
4496
9389
8209
4816
4576
3122
7163
3507
6637
7743
9383
9433
1564
9296
1373
3799
2316
6969
5428
6194
7142
3835
2766
6938
4590
4680
4892
3046
8355
8108
9699
8791
6488
1713
3671
4272
2324
1905
5479
7332
2500
4475
7441
7386
5994
6291
4079
1094
5653
3438
6980
8768
5891
1731
2293
8639
8802
1932
4946
3824
8539
2706
4971
4638
5024
4391
4091
2266
7422
2264
485
5907
6551
3104
7531
3775
3142
7053
7604
1900
2296
577
6528
5606
3590
8040
180
7759
1927
7218
6956
3651
5047
5633
7469
962
1200
6593
2646
3786
2237
4194
3352
640
6734
4917
4094
7257
1552
2298
2782
7896
5458
7532
3647
2142
1128
2492
1713
4707
7355
3623
2835
4904
6994
1164
9211
3944
1079
4052
8062
4556
7018
7904
7966
3984
4634
9119
3867
252
6735
7147
4957
865
5900
5328
2238
4596
2448
5384
6115
4111
1065
9791
7222
6528
1708
2156
1885
6121
5185
4225
2315
2494
8892
9199
2029
4645
5113
1624
4923
8489
4620
6139
5999
7947
4742
3183
2599
4017
1787
2488
9996
681
7781
1066
5666
7338
8334
6260
6107
41
9380
4376
2039
139
6323
3185
1269
3803
4883
3617
7447
2954
3273
6622
5792
9469
2837
65
2721
1757
2664
6580
6099
1594
6272
8676
2864
3885
2851
9516
2816
1450
600
1113
1140
7586
3407
4769
9762
7256
8697
9630
7302
2031
8662
8800
708
5347
4414
1572
1241
7483
6158
6197
5905
2761
4898
9616
8825
7330
7317
3501
4142
3939
2386
2432
6048
2708
1703
7127
9599
4392
5457
2074
4836
5528
3841
8694
5479
8547
4908
1638
3066
4186
2511
7726
4059
5563
8958
4449
1680
4483
8828
1732
7028
7061
7230
3659
1032
3753
5801
5690
2960
1958
8793
6757
3466
834
8958
1115
2106
1557
5087
4865
2711
5445
6774
6367
5763
7679
7794
6407
1404
7367
7840
6766
2088
2722
5137
9307
8950
9151
6331
2668
4728
5636
5018
4013
4777
8342
7972
3212
5868
2082
6684
5370
604
4885
8914
7020
7298
5661
2911
5358
4623
4900
7424
9560
4364
4094
3314
9876
4738
5778
6234
1115
6939
9127
6148
4598
3172
4623
1642
8565
6405
2838
4421
812
6547
6018
3479
6799
1712
7602
3383
3401
4357
2589
2400
1910
3347
2352
2996
3453
5269
5956
1154
8940
4444
5646
5588
4805
7186
5741
1310
2450
8068
2758
8841
6735
4843
3324
4863
4347
3340
5176
672
4685
5041
8070
6628
8120
4063
2478
4172
5918
8477
3460
4282
2680
5746
7955
5643
8115
6770
7113
5390
2827
7652
2118
1012
5819
7409
2855
9576
7738
7167
1375
9464
7264
8071
2676
6960
528
4643
4938
3554
8681
5160
8241
957
5076
3748
1194
4337
3180
7346
7889
7592
1890
7346
7825
3557
6922
695
6525
6707
7042
4482
4693
6280
6867
7362
8919
3083
3389
6891
2557
7688
3810
5956
3692
9798
4420
5036
2108
9188
3452
5348
5694
9088
5582
7961
2640
4503
4216
6033
7811
5220
993
2885
1466
8688
1486
2836
7138
6401
6779
5707
2194
4119
2944
9032
6523
4910
2672
2224
1586
4337
2974
4626
1663
6811
4354
6044
3612
2893
1260
8141
3088
3665
4408
6840
1834
5206
9139
7826
9377
2969
3852
3959
6576
2935
6303
650
9429
670
7112
6727
3539
7230
6000
5650
4455
5142
777
5942
5329
5570
1899
2678
2307
5178
8151
8747
2561
6141
8172
1305
8541
9719
8178
2849
5914
829
3532
987
6803
6325
6793
8462
1997
7715
5632
2135
8011
2873
5271
1302
196
9224
8085
3706
5352
7159
8341
5514
4913
4649
2129
8234
7800
7973
6306
1418
2077
6106
6066
2539
2498
4423
495
7186
4078
7920
6269
5635
5305
5893
1774
2685
4395
7409
7068
4883
3571
3685
1367
1828
7342
6266
9942
4497
7038
4486
1987
4327
4033
4071
9314
5170
3449
6945
7603
451
9698
7435
1006
6234
6819
6070
2286
1616
675
9260
5693
5739
3448
3249
9720
664
8226
6943
6780
4138
8258
2379
7217
6036
8235
8643
8368
8257
5063
9354
8664
4139
7129
5779
2330
8686
5216
8598
6663
3936
4683
2290
7596
533
9869
3902
4716
4536
7664
2668
5850
6315
4895
1864
4641
6423
3832
4689
6131
9575
5368
4271
2740
618
9385
2238
5935
3171
3417
6627
6771
1545
3842
7839
5556
5332
8781
9116
1852
5348
3805
8329
1802
4831
5124
3827
6267
735
5373
3326
3973
7329
5022
8404
3469
2573
4757
6700
6488
873
5219
4946
2858
2215
8280
9353
9196
1289
523
7083
5903
2064
7090
2256
2013
8318
8876
3166
3536
5107
2358
2085
2156
3009
6616
7309
9256
3037
5742
7599
4118
6128
6941
9250
8440
6321
5713
7514
3667
3529
827
2156
545
5444
4889
1706
6742
663
3727
4245
7196
6813
5241
9041
3404
7335
3850
4997
3482
5629
1805
8956
661
3658
2108
7751
4311
1025
7236
5647
2647
5117
7286
4739
1381
6954
2674
2959
8773
3511
6083
2459
7690
3521
8640
2813
545
5130
7267
4040
6271
2823
3617
2194
2595
5457
8432
4643
5383
8883
2033
7296
9878
5852
3394
9563
3968
38
8507
3456
4791
5616
7204
8178
8388
5601
4753
6155
9667
4812
7100
8357
7207
2599
4286
9577
8302
4176
8305
5106
8481
1991
8229
6048
5006
4031
4233
4965
6789
7517
6495
855
4412
5691
3737
9099
7834
6906
5833
835
7818
3560
54
2550
6674
3746
2511
1402
4753
5263
3354
1285
2113
3875
3989
4213
4341
2808
7148
7114
6645
9399
5358
3549
7338
1358
6329
1671
1964
7435
9445
3734
4355
5063
5646
4360
4231
6238
8214
5702
504
9505
962
5064
6678
7394
4365
8668
7126
8521
5800
5724
9138
5889
6644
370
4755
422
7455
4226
5876
4608
1883
6093
2593
4948
7310
5250
5086
3242
4178
5965
7135
1905
4218
4321
4216
5361
2934
1591
8796
7318
3290
7411
5781
3969
5121
6219
935
6469
3818
8367
2295
7000
4043
3634
7547
4275
5137
5766
3364
5648
7854
7016
385
5910
391
7100
4394
3446
447
3689
5864
9483
3170
1170
6745
7260
2802
5140
5256
1069
2560
6468
4882
6795
4881
2231
5232
7754
1337
3188
6643
8728
4022
6516
7750
8276
5916
6913
440
4205
6429
7101
6646
2450
6870
491
9424
9346
9269
6265
9087
2353
9407
2759
4384
3108
5043
1465
9355
4666
8890
8633
4369
7791
3094
819
7392
1761
7990
1600
2285
3366
9589
5812
1366
3434
7849
2948
4784
2572
7251
5685
4242
8272
6538
4212
5005
8043
789
7666
3849
1724
9736
7944
418
3360
8126
349
5184
5304
3856
5417
3623
6821
6316
7877
7978
8253
325
7100
3474
4557
2976
3466
6055
7583
8147
6883
5128
6510
6782
4846
1532
7641
9347
5495
4064
1424
829
1992
348
3345
4474
6521
5580
3868
1577
7916
1895
8116
7997
5104
4798
2011
9402
7541
3038
3064
7460
8452
5886
2328
1875
8454
6024
9861
3032
415
5904
7606
9975
3051
8938
1026
9263
5612
5882
2776
6799
155
2645
5368
7125
8113
1992
5683
9654
5194
2507
1313
3696
3084
1925
9565
7685
3682
8299
833
9021
2008
3255
4525
6762
6256
8045
6590
7362
1810
7250
7031
8938
4871
2627
6136
5932
6358
2841
6151
8665
8776
4595
8182
5457
3656
2951
4957
4450
4995
7719
7041
8976
3429
2102
2590
3964
4278
5340
8238
6216
3280
3677
4614
4999
4906
7132
994
1623
2966
5288
1550
6969
5706
5596
8835
1808
929
2368
2750
3082
2637
4955
2400
3498
2957
3772
7970
9433
6993
5920
7664
3872
4086
2333
8751
2777
5543
2518
2245
7530
5390
6689
1329
3837
1802
9233
7507
8416
3415
6241
7234
6397
7814
5778
4586
7885
7699
8638
567
3841
7071
6534
7653
7286
8251
6484
8013
2350
3330
168
8849
4159
7510
2027
2972
8467
720
4144
6722
4107
8136
8464
239
4113
3363
6086
3593
1474
3332
8334
2979
5762
4143
6995
2883
4823
5207
4179
5244
4233
4703
6480
5616
3159
4946
2176
4821
5422
7420
1323
1403
4126
2021
4043
7956
4370
2369
566
9128
8925
5195
6317
4129
1466
3991
9511
3315
3983
697
7981
3244
6362
5940
4478
7807
2129
2753
4526
8848
9317
7595
2027
3297
6773
5551
8454
46
8803
7597
1638
3117
5740
2429
1782
5291
3187
3575
6113
7239
8208
5410
7080
8500
3551
4643
5737
6483
2786
8289
2525
7203
1247
5966
1793
4640
275
5842
3479
5744
1077
2648
7296
3962
1997
2960
4020
2003
6976
1852
5828
6752
3491
5136
7683
1040
2793
3880
3392
5492
3490
8144
2564
9319
4173
1302
7033
3358
6403
2356
2432
5840
450
4692
6592
1414
2506
6043
7330
6107
1214
6960
6683
1731
371
4262
9201
5414
8886
1218
4723
2552
6237
2196
4102
5756
2143
6120
4504
9639
1790
716
5344
5955
5203
9231
784
7407
1681
1425
5826
5041
2697
700
2608
7047
3159
4617
7009
2532
8864
3769
2421
2901
2050
8532
8410
501
4407
4376
1434
4683
3062
8464
428
2655
3755
7639
8595
6603
9554
3471
9296
423
7387
713
8602
9188
4447
3582
6303
4795
1397
4994
5020
5011
3302
5411
1742
1259
4179
3481
6047
993
8765
1541
7408
2237
8243
1673
7813
6149
3211
8293
3050
5770
3621
1779
5684
3326
1765
6735
7946
2206
6009
9570
4982
9112
4441
1674
2991
3812
3616
2486
5321
5031
7502
3877
5389
4448
3531
4768
6036
923
588
9281
7789
6031
3577
4995
3894
3490
2587
7379
1129
3172
3977
3471
3915
7067
6822
2388
1696
5304
6169
7007
2485
4737
5150
7792
7673
946
3349
7009
1616
7067
4094
1335
5257
6275
2148
7565
6449
452
4154
8447
8649
1054
2586
6563
5952
6507
4027
3752
1120
2162
3159
7294
8536
5612
7756
1030
8442
3536
3687
3391
1279
6104
1435
426
7198
726
7880
2470
6809
4291
2508
7937
4253
4366
3923
4386
3060
9005
8263
7967
6201
3769
3104
5081
3077
256
1866
5471
8057
1088
8624
846
6640
5143
6654
4669
4210
3335
1038
68
839
5107
665
7722
2014
6427
1023
3244
6591
1627
2517
1524
3158
9948
1518
4847
2752
5232
1088
343
5474
3530
4893
1717
2244
8893
4336
9389
9558
1615
6461
6658
4416
3142
6577
842
3242
6311
2813
7512
9001
5624
6964
7221
2368
2077
6646
3279
9384
5957
5444
3949
8116
9098
1115
2940
6504
6814
5178
5681
5672
6356
7611
1689
4448
7766
6788
4845
8871
3911
5094
5644
2014
6394
8722
7952
6132
5711
7044
6820
7181
1015
6647
6753
5827
739
6305
8477
8908
903
5047
9487
5695
713
2356
2361
2611
2631
6529
281
8066
4160
647
1393
4124
4332
6084
2089
5975
2673
143
8714
352
4773
3977
1978
7153
5620
5612
1014
7546
8146
2577
4030
461
2769
256
9061
7392
8696
7596
7296
9023
2794
9222
7282
2923
8357
8336
4122
9218
2948
6210
4165
5670
8636
1242
9522
4564
7662
4006
8780
9178
1919
5712
6795
4100
4741
1322
9096
7410
5867
6494
1742
9063
1878
7319
3171
5160
7296
3600
6935
9200
3392
6587
1527
3888
3144
6701
3518
283
7734
495
6934
2007
4767
3511
3021
1974
9000
1773
8094
5821
1205
1410
8842
2862
2366
5886
4912
3482
4046
7660
4775
6734
6884
9063
4847
6727
5443
7133
4471
6237
4191
6604
8159
2782
8178
2725
6269
7454
1999
5225
9989
8171
6790
4785
8916
8927
5072
449
7618
3528
2860
7035
6433
3798
5819
6996
8336
2147
5545
5572
4705
5567
9428
2661
8008
5037
3459
52
772
345
1275
7964
7738
6039
356
3675
2128
5009
9462
5409
5732
5098
4418
7338
9438
7895
9640
3686
9285
6659
6351
4193
4811
6021
6247
185
2396
1822
7156
1348
3855
8880
4247
7428
6011
648
6914
1862
748
8869
5486
6453
9541
7066
8649
5982
3505
3526
4345
2374
9215
6852
923
9529
3802
2057
574
9240
7139
3227
1804
8205
4260
3820
6064
5658
4323
1680
5217
9159
7646
2767
8751
1853
1492
3259
4936
2079
2478
3902
2403
5759
2541
2131
5434
7418
2202
4654
3594
7783
7107
9556
4642
5340
7612
7870
6583
7978
1763
7368
5158
8793
831
7018
7825
7355
4834
5948
9084
6589
4115
6291
9148
6477
7108
5018
6953
7153
2756
2035
5868
7417
3448
5295
6268
3834
8922
5390
4934
3045
5445
6958
7531
9439
8918
7441
833
4488
6968
7355
8976
3571
6170
2597
9158
1772
8330
8934
3942
2879
8546
4945
9708
4643
5030
1865
3100
2333
7915
1358
5116
1374
8099
5512
8229
1762
4317
2314
3956
5524
5165
7271
7640
4790
1609
844
1485
8195
4055
6342
3420
7426
7118
5760
5393
3419
1021
7314
4432
5200
4646
2684
7400
6768
9867
4742
5350
3966
2876
4689
3601
5789
2121
6046
2091
718
6074
5522
9615
2441
5730
8132
7021
536
3142
6596
4822
4071
7720
6768
2535
2444
6229
6649
449
5182
3693
6296
5463
4638
5301
3873
1774
2139
5329
8250
1124
8888
2331
7142
7419
2593
5898
127
5951
2907
5089
9300
7448
6950
5060
527
2515
5079
8109
6535
1392
5624
255
6578
6497
1757
4843
7100
8401
5094
3596
4803
7462
6774
1027
4802
6783
4658
7395
5008
4644
4293
6479
4629
4493
7403
6330
3416
7355
4902
2109
2905
5691
8696
1750
1651
577
1366
3342
4355
7212
8691
4926
6742
4210
5946
7714
4886
7668
2081
7208
4065
6811
2758
8370
8807
8548
7276
7268
8160
6606
2642
372
2236
3597
8061
4652
6295
8351
6424
9168
9748
5338
4075
8822
7967
4465
7493
6236
3526
3732
7613
7352
4038
4129
5259
6374
3088
7874
3729
8323
4017
6243
3426
4890
9213
7843
1193
4354
3876
3264
1862
6041
1635
6484
995
4344
5863
3187
8862
2610
6255
2761
3056
5595
5671
7613
4365
5729
3377
9345
1099
2616
8723
4235
5822
905
8537
5508
2876
5141
1968
9394
6304
523
5700
2315
241
506
6820
6636
1719
7108
3905
7680
6239
3302
3129
9000
4495
4594
2480
8458
2694
1583
2022
6204
6218
3685
5324
4419
8236
286
6081
8258
7771
7828
4713
3955
7354
3458
4632
5474
1835
1964
9536
2351
6828
4729
4540
7711
2210
3456
6510
6847
7313
4715
4364
5300
3954
7567
9046
4555
3319
5159
3998
6574
7166
5042
5622
8349
3695
4916
2613
9853
5700
5411
3837
9506
5969
7546
4011
5203
7604
7428
6152
2267
4084
4564
5545
1332
6209
4293
3200
2170
7987
4953
5321
2978
6342
1645
4014
5795
3394
6546
3134
4912
4097
5233
4396
8114
881
5345
3768
4744
3985
6234
8109
6490
2254
2352
705
6337
6246
6783
7282
5348
2800
2820
1861
815
723
3471
6308
5975
2276
5984
1244
80
8349
2152
6206
2640
5750
3628
5837
9346
8154
9262
8089
7164
5379
9098
1697
9251
1283
8293
9506
3498
6568
6262
6823
2027
4860
2781
3453
4099
4002
2628
425
5811
6299
4832
9123
771
7716
7324
7783
5387
1909
803
5459
6034
7094
7921
6224
6845
4810
1489
1377
2035
2543
3622
3576
1956
5287
3110
3739
5389
3103
6823
861
5796
4632
9652
6756
1991
2876
7340
1226
2357
3876
8279
2219
6179
4948
525
8968
5109
4046
8904
6928
3438
5045
5044
9264
7684
6407
4145
6806
3697
2739
5397
4945
6898
8233
5860
3628
9388
7338
6264
6263
1555
1856
5507
4039
8971
1238
1353
781
4346
3360
3559
6790
4771
606
8013
2116
6656
2209
7504
7792
9551
5762
5962
4735
1664
4953
6696
7302
7469
5020
6609
5529
5230
6406
616
7546
9536
2187
1522
5442
9863
3133
7165
1505
2850
4887
5635
3259
4867
700
3848
7307
1166
3908
5706
4662
6749
5857
2621
3471
1796
6116
2987
2350
6174
6850
4988
4449
3198
7100
6752
5142
4004
3113
3205
3685
1033
1724
8715
4326
920
7322
4178
717
4065
5143
4518
2841
2883
5288
6194
8956
9068
5382
4755
5265
4798
2149
4150
6238
5398
5478
3212
6033
5508
5620
3352
5502
1174
9569
5555
9602
9413
8661
7798
8063
8897
6656
6921
6210
5628
8898
5102
9517
392
4454
4235
4259
2970
5242
9602
5027
7225
5596
3603
1512
7402
4811
6764
4815
9727
5454
7003
5513
1393
5647
9777
5926
3616
6823
1680
3825
1264
6597
8851
6662
7241
6473
9805
5433
1520
5537
4462
8808
5912
3071
5355
9345
3399
344
8957
1924
7544
1516
7979
5212
5618
6106
4659
7320
373
8988
3943
7653
2138
7900
3572
7256
9107
8669
6713
4158
8572
3004
1844
7488
8615
2488
8420
4532
7176
5750
6012
5988
1731
5636
1716
4749
3691
6538
2555
5108
2446
3243
1127
5627
8238
9030
4605
4835
8471
6887
4036
1099
8439
8784
7475
8290
7246
5368
2818
5042
1859
5288
4796
5690
799
3141
4768
6245
8559
5929
7966
6531
1016
7113
4272
6248
2790
4975
9738
6368
8480
5926
3367
8725
7784
2215
3804
7443
1414
1596
6499
4624
7083
8235
7544
2742
2846
4262
4508
5957
7134
4949
5203
9500
1205
3960
6914
7142
6313
5891
2823
262
4004
4761
8051
2902
5564
5505
7484
1558
3031
4841
3937
5728
1400
1310
5625
9409
5210
2688
5781
419
4803
4322
8773
6637
4315
8018
6627
3483
5302
7382
4326
6249
2656
1215
6207
5419
6314
2667
1585
2205
795
9733
1146
2461
4757
9091
4111
4889
2336
8227
4619
9555
8959
2431
6516
1681
770
5586
2996
3427
5481
7012
7683
8632
3103
7356
7580
6181
8376
6097
6611
8721
1545
1041
1709
5997
6777
8066
5434
9090
175
1226
2291
5043
4057
4216
4446
2736
3112
703
6625
4300
1435
7832
936
5546
9666
2199
4925
1512
2616
9021
2127
1416
2113
4947
995
6826
8692
6380
6696
5600
6536
3896
5859
9287
8467
7017
6970
6750
6925
7891
2590
1547
7048
4836
3326
7950
7625
8760
5342
8541
3908
3609
7271
9406
3876
886
8364
2633
5430
3970
1947
4319
3491
6546
6526
5777
1411
7445
2408
7076
3736
3374
1041
8267
1627
3575
447
3722
5981
5233
7379
3044
2840
5875
625
545
1791
9574
2826
6887
6023
4461
970
8175
4400
5055
7440
6869
1126
8421
270
4604
4719
2043
2593
209
6608
7310
6549
2300
1452
8041
3969
1908
4872
4605
3246
8724
5370
679
5483
9550
7387
1602
8089
1343
5263
3288
6438
9258
9438
9662
3056
3063
8069
3748
7167
5723
6876
4466
2812
1969
6093
7579
6722
8129
4607
9807
5839
2485
4305
6192
2128
1647
3025
5473
1865
4286
4819
1700
3620
8633
4761
3152
6596
4259
6190
6077
2154
5693
8075
7481
1326
5755
6362
1050
7343
1992
7755
7732
6502
4364
7349
3579
8494
2363
6280
1697
7735
3533
6827
4154
1269
9907
5885
8305
4823
1210
4866
1363
175
147
4407
7554
2991
5385
8685
8471
368
2231
6023
3689
7494
5526
6574
5463
4647
3194
8768
2700
7646
2709
6152
3741
4602
6448
7157
4586
7997
4787
7747
8997
2171
5924
4082
7573
9485
8728
5004
6894
8154
6515
3754
1448
2806
7020
7954
1966
7404
3761
304
3133
6033
3213
2548
9492
5265
4976
7768
7877
4769
2119
6601
6699
361
6088
3821
1969
5100
7506
7493
4907
3020
7080
4161
7149
6680
4086
619
6707
9154
6520
1487
8598
3010
7810
7567
1059
118
6697
5366
4597
3882
7724
5800
6735
4203
4528
9517
9023
9244
6667
1502
4187
6593
1502
6411
3179
4814
2785
8656
5337
9232
4360
9449
6077
3471
5406
7583
2620
6469
3495
6705
6299
8751
3083
3852
6813
8528
7335
3295
5475
5820
4863
8345
8115
5106
2827
4694
1080
2344
6024
5135
5363
1320
2008
6805
1052
7764
9117
2197
2064
6188
8835
8154
7662
2126
5450
3145
6568
7124
2672
707
6605
2830
7055
8794
1448
8814
5428
6270
2839
5803
2734
4482
3450
3985
5503
1979
2056
4250
2482
3777
3909
2834
7888
6807
6909
3376
5428
6274
6179
7855
2550
674
5835
5933
6955
4759
863
7954
3810
3038
4428
8653
8810
8378
6711
7102
5176
1329
5301
4225
9094
3889
4142
3006
5620
3536
8624
2251
5236
6689
7194
3143
7664
2573
507
1673
2973
7791
6773
4970
927
3959
2343
5208
7588
5133
3971
3589
8250
7544
8483
8875
5157
2839
3816
3978
8322
5975
1294
2011
4238
8458
1331
6961
4551
62
6319
3841
3071
4710
6649
7658
8144
6321
4978
6707
4185
2676
4124
3864
7416
3479
2565
5396
7587
9892
2174
3564
4934
805
3982
6718
3541
1041
5389
3298
1052
6840
5161
8810
7331
8251
2676
4118
1988
1044
2474
6222
7094
5186
5912
7462
2834
3618
3918
5334
1652
8972
4621
511
4703
1871
8451
6345
2159
3874
3925
5930
6875
8530
7185
1021
3310
2920
7645
4832
6117
4222
552
1083
6344
6295
3866
2756
5971
6833
1433
4447
6207
914
4329
3889
4729
5665
5433
6690
5468
4298
1249
164
5662
9054
1324
1959
6335
9086
6187
5318
1670
358
6083
1033
2479
1476
2088
7209
3702
5215
3582
2852
917
3861
6243
4888
4143
750
5258
6130
9072
6958
3601
5292
1793
2369
648
4933
7814
8212
4006
8285
6043
2223
6981
146
7214
3470
3338
7312
4037
2507
9546
5286
7902
2237
713
9026
6804
4066
6912
3791
1142
7680
4782
9398
306
7237
3048
4524
5193
1189
9891
2599
7904
1318
5375
1367
6015
4628
8927
2972
4967
9448
3163
7265
1382
3033
6981
9569
4089
7237
1883
3762
2647
3199
7030
2048
7694
8336
2089
4404
9285
3787
6681
5632
6010
8668
3664
1811
1663
6910
7157
7572
3327
3866
4223
8825
6771
517
8035
4284
7509
1219
6658
4565
7488
4936
1626
1615
7226
983
7260
8534
4589
6885
7833
3249
7697
7693
4917
3266
2209
8584
5544
9617
6607
7969
5155
1342
2067
3030
3817
687
9916
7672
2080
1680
8470
5109
7337
2629
5530
9844
473
919
1793
2203
4602
4946
4730
5622
709
9241
4454
3124
5851
2033
4651
6568
9457
4428
8787
7907
4491
5966
7017
5595
4115
1198
5161
8073
9856
2161
992
1498
4152
567
4439
7054
3805
5152
8164
6656
8258
1733
2626
7835
4686
4059
4682
4671
6581
3469
2413
4599
839
8968
9291
5954
8555
8452
7503
6497
3551
1027
1369
4583
7975
8252
8604
300
7137
3409
6053
2324
4687
8230
7435
6315
4276
5400
7291
1640
5458
150
7685
3588
9839
8960
5446
3482
8949
8467
8951
2511
7079
2213
3523
488
9466
7643
5689
4823
4786
9371
7524
3525
5066
5189
7997
2211
3070
1072
19
990
6226
4810
6607
7038
6741
2022
5443
75
3140
6412
7504
7423
4817
4318
670
6901
6816
6901
6852
1309
3085
1646
7373
4275
3971
8834
3054
9631
2455
2717
1157
3285
6310
4732
6232
2194
9594
1510
7431
3640
1424
5843
2127
7043
1487
626
3629
1267
8510
4232
3103
4454
1342
4449
7551
6539
8550
5883
5579
5144
7753
9848
5122
8307
2328
3051
3421
2677
4252
3346
1130
8538
5262
3338
867
7598
2834
1440
8662
7774
6568
8553
5636
6405
7399
5340
1279
5482
9441
3605
6115
4616
8950
7004
5884
8121
9198
6281
1116
3943
9593
1107
3882
3762
6937
257
1440
4545
4517
4820
3056
4633
2370
7616
3778
3235
6965
4363
3660
9023
8063
5105
6965
4687
5389
8177
2402
43
1600
3081
1799
7846
6759
4217
2816
2586
783
7338
6782
1897
4739
7417
2948
2882
5093
8930
692
7539
7204
7974
9221
8223
5896
4235
6174
3567
8189
3317
7666
4038
4099
1865
8861
2329
5743
8194
3560
1449
6340
7520
9222
3856
2652
7338
6103
7470
7538
3697
5683
7574
204
4934
7354
3474
7474
4884
2554
8684
2828
9827
2306
6306
3955
6177
3874
6289
5112
2202
4045
6134
8904
257
1219
4817
7510
6518
244
4086
695
5714
7598
4149
5241
3576
3507
1371
7987
4561
1535
4510
6892
2562
9814
6202
6746
4309
6937
6906
5738
6407
478
7266
4906
7034
5977
3278
7834
1782
2093
5020
915
2085
8676
4263
3160
8244
7209
4833
5991
56
2471
1296
4108
6172
8773
6104
4516
6312
4302
4202
4738
3266
2670
7562
7209
4763
1132
801
5342
6114
7568
2443
5234
3877
2659
8768
4863
6672
5975
717
1798
7543
3228
3373
5907
3576
2857
6816
3209
4326
2457
7094
494
8943
3034
5594
627
6606
4218
4922
7334
964
7425
3046
5544
503
1676
344
3794
7861
6459
4134
3211
2309
8275
3797
7362
4583
5401
7136
7142
8021
1773
4460
786
8219
5710
8150
6798
1116
1918
2322
4857
304
5636
8678
7196
2956
6050
2851
7673
7268
7178
7251
6409
6345
8267
6115
5367
7200
572
4904
8450
5529
6330
2083
7176
8136
8569
6954
1455
4263
8421
5784
5973
5133
418
7552
652
5879
9427
1152
3030
403
1041
8190
3683
235
4068
7075
2772
8829
7703
8655
819
1467
7614
5668
7436
4517
5356
6457
8261
7766
6324
5932
3478
3208
4128
9308
1083
8886
8790
3916
8501
6761
7759
4016
5861
5476
6902
5798
4895
778
1923
7348
5068
1026
4673
2480
1863
1799
6491
3622
3405
8640
4775
5017
9266
9109
1813
5111
1288
8789
6186
5865
2302
5801
7338
1094
3287
3792
6610
4971
3504
8129
8023
3377
4352
2240
8619
5162
3678
2610
6782
1542
4302
2431
4682
8248
3755
7471
8195
3938
7760
5550
1760
2752
5412
3019
5696
4212
3686
75
5102
8665
7636
6868
5142
7083
344
1900
3992
3813
5909
6505
7157
8900
1571
4584
3833
9090
7349
6213
6697
8135
8079
4332
20
5108
8575
9263
6562
2815
5306
5730
9078
5310
4900
5523
6778
6662
8270
3419
5198
8788
1984
645
6179
3278
4185
368
4982
6075
4561
3132
424
9052
2544
1999
5245
6372
3517
8411
7544
5347
3205
6938
5084
435
5064
4679
4065
8536
6280
2913
4138
6030
9211
5726
5276
3180
7228
5224
223
6426
2201
3078
6492
7227
1572
3953
2256
9704
9420
8277
4239
670
7906
4414
6785
9822
2449
5198
7930
2371
2959
5388
1421
3187
6713
1798
5598
2284
1257
3132
3414
34
7432
8189
7057
7810
8615
9697
8504
3608
4276
6355
5049
6163
8809
855
3547
7686
6601
5234
4018
2629
1778
8168
2891
6844
5760
6767
3515
8934
4247
7304
99
1145
6573
3486
392
9057
6594
2895
2866
6431
2069
6702
4118
6385
7547
6965
689
5665
3639
6395
6594
3944
5906
6131
2213
4531
5162
8532
3393
809
2991
4066
6859
782
1015
8091
9322
3238
8309
5497
1371
3854
7912
3904
5781
4125
4124
6740
3977
7773
6146
8751
5966
9645
5624
7632
8250
8953
7994
6464
4250
6418
8655
571
7541
8077
6710
9781
1954
5670
5579
8635
4936
7962
3329
1941
2248
3366
3694
983
7166
6875
5988
3646
8011
4493
1725
2558
7603
7538
3955
6024
3127
8620
6222
5205
41
3407
3945
2849
4361
3148
5773
3870
630
5345
3105
1376
2481
9253
6550
4013
6212
4950
301
7185
6136
3066
6772
7355
5339
1584
6608
1887
5921
7066
6353
6588
4404
8037
2567
8959
380
1148
2387
4684
2842
2714
7362
878
2867
4907
8477
3287
4786
179
4996
1303
6633
6792
4763
7690
3876
1533
9897
1845
1247
7338
5035
2652
1829
4844
902
8422
8316
5376
8190
5493
4687
5316
9037
3660
1240
445
6459
5817
9582
2843
2657
1329
9365
6444
6721
598
7165
6495
8582
7558
654
4443
4373
8914
4841
1962
5330
2197
2509
9190
5570
6855
7923
2513
8772
3566
826
1530
5817
4734
5867
7531
4111
5155
9319
6125
3773
7565
8046
9019
7226
5508
6038
9469
5686
6885
1036
2488
1975
4782
6513
5797
9047
5322
5653
5685
358
7816
4142
7937
2475
4198
3924
3158
8001
6190
1251
7630
8171
8372
743
3611
5410
6561
3279
8927
7048
1904
3053
9639
8168
2512
7964
1340
9169
4797
8110
5910
5107
6871
6056
2765
1810
5962
4018
3230
4770
6939
5033
4245
4392
1238
5073
8130
2843
8814
3108
70
5277
7488
2751
3912
4721
2260
6136
7785
6129
4629
9273
6884
1006
2090
3473
6462
4907
8891
5626
3524
9136
6120
6055
8897
1854
8236
4176
7314
3713
6510
3770
2188
940
7854
2125
4117
1340
6361
1462
5570
7325
4164
4232
2498
3020
7763
5333
3506
3392
7661
2641
5284
7486
4110
7913
4371
8699
8191
2437
7055
4664
2902
5256
6196
6199
3852
2328
2724
6651
6198
1580
3038
3635
7040
9191
6003
1015
6167
8208
7198
1724
5027
6841
2624
6873
3792
5618
5064
794
1852
742
5862
9896
2701
1631
7788
3567
1596
7520
8899
4347
8856
5563
3601
6105
3141
4473
7571
3454
5838
3277
4892
9749
1367
9970
7740
4988
8733
3172
4632
2815
4486
1271
6720
4338
2963
7376
7729
1951
8655
9720
8059
6434
8655
5721
1072
4906
3439
2839
7387
2496
6775
1572
4679
5632
2216
5632
635
4340
8838
2964
2604
2892
7946
6994
7904
163
970
4337
1896
5690
8486
5981
8993
6138
6491
3702
1549
3101
5180
6597
7314
7546
4606
1687
3395
7935
4651
6973
2455
2808
9337
1383
4300
8206
6453
6044
3020
6910
7119
6614
5909
1199
2893
2916
2674
2528
5217
7735
9775
5973
5657
9083
8165
4167
7557
3182
5883
6108
7139
4879
4095
2210
5359
3891
957
8265
90
7173
9561
4763
2099
7537
9140
4020
4401
1965
1065
2580
7257
7895
1574
7706
4260
1447
2819
704
9315
6991
8186
5021
4801
3069
9489
1408
9083
5005
6108
1769
7944
7701
7369
5574
8166
4056
6981
7439
5490
1619
7694
8251
6116
1675
4849
33
3245
1983
7851
9276
4204
6321
4651
4335
4193
6417
5303
3307
7325
9190
4178
5516
2557
7587
5061
1200
5472
7546
6118
2026
4350
5892
3357
3788
1740
2151
7286
3403
6445
3189
3445
8305
9142
963
2422
3388
300
5955
5182
8985
7549
3309
6409
6049
7284
3919
1969
5418
1102
6369
1574
3052
6080
2763
8451
1727
3410
4137
2116
6723
8045
4272
6975
2961
1699
3450
5940
7076
9005
4180
6184
248
9322
5127
1115
8015
5269
241
2259
8111
6606
5247
8828
4665
1380
3907
5377
8545
6284
1727
3689
680
4531
5443
3964
8871
7292
6716
4866
8821
1746
437
1386
8659
4024
5362
4676
741
4394
524
4389
2753
5219
8111
2100
3726
8529
4903
584
3526
7911
7944
9484
2723
8643
2382
6155
8811
5109
1297
3045
4053
1750
2574
5006
7544
1795
2836
2479
6507
6154
5214
2140
8095
1633
4891
5104
1810
7238
7721
586
6807
8200
5441
5982
4929
7373
7436
7844
4926
4844
1562
8664
3500
8378
9503
3682
6563
6897
7248
7403
4262
3755
7933
5685
1651
3196
8568
2578
5777
2964
7713
1673
6145
8515
738
7190
1853
4933
8541
8579
9300
7248
2752
8857
6253
3853
6130
9637
7581
3408
7869
5972
6856
7292
2717
4249
8836
8234
946
4711
219
6497
3125
8328
4061
4257
3146
3771
1158
1049
5269
7088
4752
5889
6606
7101
940
3253
3776
8786
2935
6579
4261
5895
3991
7443
154
1298
2333
7341
1884
8990
3093
6146
2505
7937
3023
1500
2431
7046
2739
3252
2003
4094
1151
1613
8512
7439
1205
4184
3760
5933
5755
3424
5998
3761
1868
7530
2255
6238
8265
9875
3560
9826
1892
2312
8100
3699
804
3264
9776
8647
9413
4556
641
8263
5547
3509
224
8120
2773
4407
6525
3325
3986
8758
8803
3205
2091
2586
1333
1379
8089
4688
3883
7675
378
1773
504
4660
5399
4000
3775
7493
1074
6040
3972
3837
3573
9272
3677
6495
2027
6681
9040
3032
979
1819
3640
5318
7445
1773
3748
7344
7990
3869
3383
7459
2755
365
2155
4665
5638
4756
2904
4282
7234
1247
3184
755
7094
6554
7867
7101
3179
3102
7593
7644
6470
6766
773
3580
5736
8079
3492
1529
2889
3043
4375
6411
9030
1279
1033
6534
3040
8082
5879
4263
5220
3607
6045
4195
2985
1411
5296
5668
3914
4960
5835
8041
6667
3995
4793
5930
7313
3284
1487
9784
3474
5351
1404
7032
9758
7713
8231
8758
6977
9677
7665
4863
4012
6598
5748
7846
6843
2394
2739
6189
9540
3382
5767
9147
5120
3065
3695
5888
6283
6180
3188
9833
1881
1417
4306
6365
7166
6453
3442
6407
5516
3808
2868
5956
738
6025
932
2532
191
8601
9683
1633
3060
4908
8298
2908
8855
1408
2028
5433
4942
1541
7781
8102
6011
6128
2425
1663
5251
2272
2502
4510
3402
1384
7654
6310
2735
5936
5007
7256
4846
4468
451
6916
5602
1846
6397
6782
7866
2909
6219
9301
377
3982
1423
1593
1336
2123
1779
4204
9440
3048
5558
2780
2184
4170
6006
4283
4295
3409
2174
4955
8638
1412
8760
7403
8494
9425
2117
8557
3077
7826
8617
3195
7738
5911
8998
809
2763
961
4592
6489
4484
5981
9207
9530
8406
4483
3438
3425
8796
2236
7403
3891
5249
2967
7877
2196
2432
2288
3743
1665
3466
6127
7092
5600
8483
5390
7281
5958
5441
8352
6570
9655
5986
1419
7920
2112
2773
6611
148
4848
9466
7010
8674
4460
1639
6374
3173
9547
6961
218
7531
2144
6307
5395
1879
8200
485
3899
7380
1800
3268
197
3550
1243
1029
1033
1519
7440
5192
2270
1258
1671
2926
4583
7668
7357
8816
3341
4010
2251
2997
9796
3191
2102
7839
5979
5335
5492
4295
4997
4776
650
5230
320
8165
1614
3632
2019
7711
5258
6400
3393
2987
7303
3452
5824
4254
9230
4192
2894
9674
1654
2436
5127
7995
6067
9848
4521
2885
5045
3697
556
4115
1990
5192
2881
9261
9273
3997
3546
3072
6027
4312
6210
3522
6504
7413
4904
4745
6503
5082
296
2272
9477
6403
1549
2145
4169
5312
5577
4410
6937
6055
3298
9440
2142
6882
4856
9305
3039
5316
2598
7162
9036
6511
5617
3919
5168
970
7178
4786
5125
7146
1961
6025
4769
3584
2159
8450
3991
6301
6913
9656
1992
3167
5916
1873
2534
6908
7733
4415
6276
5148
6652
5028
4826
2813
8365
5329
7729
7018
6855
7421
1284
9849
5631
7606
4862
7942
2406
8028
2847
5771
5930
6008
8637
3848
9030
5618
5203
1668
6138
6969
3411
5935
5253
6129
1843
3794
6013
6021
3737
3084
5321
1295
3766
8698
6271
5651
1320
2688
7159
980
6939
4721
5695
5113
6226
6658
9248
1276
6054
5679
752
8434
6132
3729
6746
512
2864
3721
7038
1281
2390
7450
2887
3523
7297
2517
1489
8045
7894
5889
4076
2746
7598
8828
1098
5953
5525
1957
4668
4864
4376
2920
4714
4581
810
2285
3880
6685
1825
7870
6448
1419
2544
6945
3325
4251
5287
7092
3599
6289
3023
9383
925
1976
1827
4392
7428
3007
7069
1938
7230
9895
8658
593
2291
3112
6499
551
2927
5145
3231
4852
499
8199
262
3359
6620
3933
724
3210
6963
2167
3496
4522
3161
4871
6857
5561
1904
2939
3573
7999
8729
6958
4444
7614
8474
7493
4808
2488
9260
9317
6428
3119
5463
4696
7037
3994
3872
8950
3802
6863
1790
2398
9310
4132
898
655
2130
2921
3031
3475
2955
8486
3394
1352
7551
2731
3886
3952
3466
4759
5507
4270
8464
9172
6393
785
7451
7683
7571
3588
6886
9751
5821
5477
3110
4438
3704
2091
594
5775
5464
5730
7490
3219
8500
3392
5527
8144
7095
5500
5149
9382
4352
1845
3243
8700
3871
8387
7433
6644
4041
9429
1934
3199
2279
8381
3111
689
4151
3922
8264
5680
2410
3591
9003
1635
3007
8306
5189
6880
2706
2522
1126
1363
5884
1106
6740
5916
4230
4089
2697
8276
8786
8236
6705
2781
4831
3682
1769
7962
6142
3323
6864
714
1329
893
3710
4969
6087
4785
8448
3802
8265
6206
6416
4389
2436
1200
8316
4085
6049
9398
7281
7703
8021
3602
6384
8564
223
2476
2869
4191
2893
8590
4226
3841
4367
1970
8641
6760
3493
1908
7587
4750
2765
3621
1813
7920
2799
2223
7264
3066
4842
5041
2850
3551
7207
9497
2345
4840
6968
5923
7279
8540
3574
5662
6978
9645
3578
1601
3612
3407
7139
3469
8676
4963
7698
2475
1967
5232
7865
5447
4012
3701
6742
1892
6438
2221
5675
5516
7791
789
9539
195
4584
5994
4615
6076
1701
6974
6360
5012
9217
7728
5507
8795
998
5730
3221
6982
4329
2000
4395
4687
2356
6398
3613
8618
2581
6004
5791
2660
6515
3199
1216
4365
3495
2758
9469
7627
8592
7225
7709
2708
6617
5075
6190
6354
2076
8115
7814
2702
6680
2484
396
2964
8220
4515
6604
1704
6571
8350
7459
7010
8801
5266
6564
434
9167
3977
4719
1655
1033
5867
2198
9090
4016
5488
6165
1587
6236
5143
2409
735
4849
8236
9648
1820
5599
3345
370
4142
9407
2951
9188
1569
1930
4797
3508
1251
9244
9734
6021
1420
5862
3468
7765
9294
4249
9299
3236
6848
3927
4384
4446
2754
7745
5157
5012
2091
5395
5780
5152
7372
1344
1615
6680
2333
5539
2499
8887
4363
526
3967
5521
5056
2567
4848
6312
9788
1639
7055
7785
9394
6536
5158
4349
1467
5279
8406
108
3405
8212
2252
7798
6350
1180
5710
8771
1846
4895
2652
4235
8905
9736
9594
6917
9548
9743
1302
642
6548
2915
9484
8044
3055
7574
4722
2103
5095
3354
1890
3951
3308
2580
6704
8237
2631
6157
5383
6279
9021
1268
2621
1713
710
3275
7136
5065
6290
8317
3214
1596
6023
9385
6481
6229
6309
944
9251
5216
5602
6956
1483
2638
2292
7669
7040
3898
3984
3312
2617
2832
3726
3681
2419
2920
6326
3067
9517
2641
2981
8310
7757
7067
7409
1497
4013
7280
8082
9822
6307
8818
7821
2076
4702
6359
2363
6613
7676
8174
1364
9957
5635
1608
1924
1341
9391
4764
3104
8198
7737
6709
7396
6728
4707
5570
7210
7644
1335
4470
1824
2439
4896
8991
2319
8651
8328
1577
7321
4553
6225
6615
3604
4078
2708
3027
8849
1500
6012
5497
1927
1477
106
2894
3527
229
1844
6739
9459
6227
8887
9109
8523
5715
6193
9871
5732
1705
3886
230
7383
8075
4869
1452
5528
1846
8795
8580
6434
3113
8076
9492
8033
3574
2679
8094
6569
8894
6031
6712
9010
783
3044
2923
5246
8149
2028
9813
3901
4732
5619
4608
3972
4825
4959
8892
3809
7246
3275
4348
3556
5207
2997
5679
7325
5827
7435
4985
3860
6956
3743
3617
1619
2922
1862
5998
8655
5126
6166
1844
4322
5499
1112
4470
5186
8299
6437
7145
5470
4898
4792
9871
1329
5724
9171
7456
8623
8462
3968
2057
2519
8306
5000
7020
1818
632
5080
6641
837
2754
7507
1832
1323
8945
2330
6482
3976
6873
5689
4650
4738
4764
9522
8696
4092
3705
5696
6913
6976
3654
3257
5140
2374
7015
3855
7200
127
6992
1815
3484
3044
3768
7846
677
1836
9030
4407
6525
4594
8941
8022
5721
4895
1396
3470
4614
7881
4346
5408
4402
1142
390
3093
8215
5168
3890
1238
6591
3106
642
7116
8924
6063
9284
2976
6710
2009
9626
2346
4042
6854
8244
8594
1587
5731
6250
6341
5549
7064
5645
9390
4060
2822
8001
9024
5318
6365
3799
7982
1222
7554
2485
8825
6482
9394
361
2032
1391
2506
7107
551
3179
1440
1374
9072
8897
8092
4399
8196
3758
5088
6742
6579
7138
9894
2719
5604
4062
7855
870
9099
4267
2152
4154
5184
7974
769
7234
8432
7417
5963
3766
3351
7084
4389
3373
4216
5138
6886
2382
7624
6795
558
3765
4334
3384
8308
7014
1024
4324
1480
6864
8845
193
4678
5868
2508
8538
4350
123
5579
580
4117
4729
6738
5868
6842
7715
4772
1369
5853
5300
9523
7953
5228
4159
6494
6534
2410
4128
2728
9566
7810
4012
2196
4925
7978
7512
5572
3572
3720
578
3283
5860
3235
5887
6094
3058
9759
2295
2041
1818
3619
8695
3808
7727
3264
9159
3282
7989
2360
2737
6251
3197
2435
5965
5596
684
3722
4193
6323
7782
4852
6722
6123
6511
2486
8844
9940
3865
6626
6751
7894
9133
1381
1713
4350
1717
3512
1969
8173
2677
2178
4079
3449
287
4232
7748
1208
5158
7551
202
6940
4867
6464
4559
3328
674
7797
9842
4540
9604
803
1210
7851
7990
9592
9948
7850
5622
934
4599
8144
4406
1030
7186
9286
8164
2563
8308
8183
5655
2575
7717
6589
7040
1954
612
6734
6884
5343
6358
8815
4442
5443
9690
6524
6526
8056
6061
188
5474
2349
5004
4471
3705
2889
2742
5088
2572
3102
9174
9670
6056
1925
2816
8714
7414
7360
3232
7211
8733
6990
9849
2110
2124
7861
8757
5896
4109
6591
6656
8532
2066
3717
6793
6149
3318
6340
3677
6148
7900
3549
2640
1006
307
8939
