8687
8802
6583
6210
2309
493
6172
3530
3501
43
3793
4134
5080
8141
5946
5670
6038
9251
1861
7051
9315
4997
9694
7186
2353
7848
2315
6347
8789
6458
5653
5173
4998
3833
5601
9696
4709
1023
3274
339
6346
5116
3068
4249
4332
6801
2355
4192
1292
3239
3583
6964
2444
5369
4832
2808
5190
6171
6625
8378
8785
8341
3548
1729
8481
7112
5083
2787
1378
8470
4454
1954
4041
4928
9094
2778
6902
4127
7363
3840
2200
4648
6883
5896
7434
1078
6096
1928
4737
1046
7005
7519
2286
7850
6799
2695
5737
2373
3216
2620
2906
7697
3579
5259
7493
7392
7807
7392
6572
4621
1736
2748
6905
6802
7994
3297
4092
6342
7819
330
7527
5837
9210
5072
4302
1485
8235
5672
4064
8276
4148
1530
3709
4231
3725
8850
4549
8914
5359
8106
6199
5031
4216
4299
3651
5895
6796
4788
4396
6174
7917
6391
296
3922
7490
3677
6526
2776
5428
2345
3542
8888
9349
7635
6744
6353
443
7700
8658
701
4532
8283
1502
6889
3622
807
3732
891
4060
2916
8645
8166
3740
7494
5759
766
3371
9751
6879
7864
878
3668
7976
6575
6381
5819
8285
1037
3867
4423
7988
4876
4900
4087
4020
4155
7180
4397
406
6485
6040
9544
6046
54
7040
3411
4015
9899
4214
6020
4116
3909
457
1860
1237
3503
5619
9070
7187
5625
9690
8243
3544
5092
9223
6425
610
2639
7309
8122
7469
6316
1022
7772
7509
2646
4589
4188
7342
4505
3873
2920
5804
748
7410
7142
8000
5224
6232
4045
3495
9542
553
1915
5008
4087
1736
7745
613
1470
2930
3417
6566
6792
1747
2298
8045
5596
3670
179
494
5549
7972
8358
6107
7517
4259
8568
6283
6918
3859
5661
1997
3077
1566
3699
5909
4574
8171
9267
4186
9250
3542
6505
5412
3708
523
4093
2298
1058
7096
5144
7918
8155
6331
4537
5646
4061
6381
5608
8310
1571
4895
7969
6536
2563
7645
6346
5441
2568
5343
564
3832
3876
6300
1772
3263
6284
3879
8052
6882
1550
2927
6001
3267
1189
8332
5703
4082
6330
5914
8490
5898
4591
5173
8080
7611
7236
7613
4715
4261
1778
2081
1728
3793
5767
727
7973
5694
7179
3626
6822
9708
9475
7398
2508
6711
4854
355
9275
5886
9647
4173
3959
6671
8996
5115
1728
4190
4159
5045
6386
6847
2948
4031
2757
2918
7264
2170
1647
5160
1781
6627
9027
8939
9829
8244
5945
2202
7719
4627
1513
6372
2227
1925
3170
1295
3305
1608
3865
9764
4251
2472
5762
6619
6108
2984
675
5381
7736
4821
7599
3361
4469
3774
6847
4851
6621
6327
7482
4428
4429
2747
6521
3567
7545
7456
6231
9566
7297
4559
9518
8139
8055
6995
6697
8552
462
4379
7038
3920
4440
6075
4694
5598
9075
7469
8510
4350
805
7658
4781
735
2785
7488
4258
6737
3319
3553
6600
6021
6303
5530
780
2172
7112
3312
5369
6629
4877
4019
2034
2702
358
8956
3451
6050
2750
6254
7335
2499
1127
6312
6461
6375
5059
5202
5674
8854
9147
5609
3238
7987
5993
8613
1633
5906
6569
2668
7521
1888
4537
2302
8190
8536
3881
6959
5176
9484
6171
5766
7806
4798
3004
8648
7535
7453
2350
76
8880
6072
5826
6031
6793
4631
6150
8157
7519
8063
4924
6599
4740
6742
2800
7679
6256
9348
5653
789
2203
2593
6073
4976
670
6454
6144
8562
7160
3693
3199
7621
5050
3262
3960
1513
1173
5496
2990
3591
6157
5155
2986
4385
1481
1677
6264
3772
7758
5736
6844
1330
2309
2675
1807
3463
7531
1277
5705
201
8414
6093
6802
8642
2956
5715
4042
5957
5309
4227
4517
5825
6472
9475
8950
1963
2149
5685
7073
6404
8390
9828
6524
6087
4019
7009
3710
1668
6147
1535
5007
3022
5086
7607
6377
8209
3862
8869
3373
7557
9399
8603
2937
7681
5197
7414
6797
6814
2428
4828
2831
3684
5656
7083
1120
1758
1356
5563
7127
5291
4057
4125
3361
4592
7483
5549
2754
1776
190
8980
6725
761
6914
7375
596
8910
8544
6200
5429
8831
3983
4902
9454
7215
9018
679
535
8635
9447
6290
3841
4171
3583
6214
3374
6492
7089
6284
4118
8361
877
8416
3482
2058
7952
586
5230
9192
1765
5275
6964
7890
5277
6818
3175
5869
1446
2996
4012
2528
1431
8629
5565
1627
1718
6087
4768
4953
4584
4642
6883
2241
1401
3749
2313
7548
2571
5397
4472
2859
7546
7958
2664
4210
5565
6719
3062
8072
3832
7000
4801
3281
1427
5058
3736
5608
9484
1318
1993
9078
5636
5070
5063
7355
8079
3638
7231
9544
3611
1236
3941
4227
3443
1694
8355
8346
3621
9698
2287
5491
890
8971
40
4836
6733
5353
1313
4518
3324
8299
5600
6229
9559
3643
2272
2696
4246
1706
6487
7470
3215
3327
6704
6706
2757
5135
7431
6774
275
1446
8911
360
8665
5177
5442
8693
2113
5410
5354
451
6606
5585
3410
8804
560
37
5837
7393
7686
2520
3702
2600
2994
9164
86
8542
6230
4154
176
6463
6372
9993
7005
2487
3533
2848
5339
9248
7423
8186
6432
3615
5902
1679
8400
3822
5292
2375
5655
1442
707
1382
4234
3868
7301
4416
6524
9578
7207
7139
5035
2124
4108
3167
3419
6376
3970
5557
6570
6259
3860
8401
2311
9183
3031
4858
6044
5629
1372
6429
2521
7051
7741
4713
8559
854
9689
7567
3434
6222
2296
4107
3262
6110
1314
5361
2308
6439
7067
3823
1223
2157
6291
1347
6757
8982
2740
8355
3996
6735
5451
5718
5243
1256
7249
3762
6049
3016
4692
3670
5847
5031
7430
5026
8780
4673
7965
4791
4405
6801
5212
6401
7224
5420
2695
8333
755
6125
55
9926
3527
2837
4895
6868
9001
6741
149
3920
5724
5831
4871
1887
8217
8044
4283
9286
4678
4699
3075
3383
3767
435
3450
1957
4652
2526
6726
7767
9215
3091
3040
7384
6789
2582
993
4014
6204
9239
2913
4930
4269
8645
7439
3104
1129
6967
5317
9099
4981
2802
4971
834
4957
7032
1222
4357
2133
7337
7506
8829
1748
2159
3028
922
5597
983
4590
4823
3591
5928
929
8764
7324
4816
3017
4619
8602
1500
9090
9312
2085
7958
4869
2616
8008
8949
9443
6978
3003
7321
3247
8386
3640
2494
7793
5297
6232
9660
5737
2353
1951
7654
2735
8372
7987
2265
6484
8516
2760
6215
6105
2822
348
9887
2371
7927
6376
5823
1362
5027
8566
9494
1848
1696
9434
5487
7490
1156
1248
7750
8943
9088
5607
3642
8006
4973
407
5734
5883
3161
835
7940
2867
2543
2930
9142
4659
6478
7836
4750
6430
5988
2334
3138
5180
5028
5036
8094
8753
3004
4955
1110
3843
4020
7776
644
443
5564
9524
1855
3243
6273
3887
4322
7164
5316
6976
4123
2937
9320
1511
1898
6789
1545
752
7972
7818
7936
5234
2898
466
4262
692
2667
2909
1025
2246
5477
1518
7786
5414
8707
7145
4721
5972
3376
77
2956
6037
4542
3904
9814
8941
9679
3583
2338
7019
5304
8714
7216
3255
3287
6780
3128
8142
7718
4482
2600
654
6625
8739
4194
6197
2433
5240
8077
788
7870
540
4718
7908
9309
5348
5226
2868
3032
9907
4563
4175
919
9627
3238
8142
1029
7393
7217
4133
1309
2210
1486
4370
2084
6534
9598
4805
7368
4764
1300
7826
2175
7016
805
3661
5243
4188
5991
5704
499
6777
7065
829
2099
5321
3391
8969
4322
9407
6826
7850
1538
6162
4261
3637
5264
313
4392
2891
8138
8220
7544
6276
2646
8944
7206
5923
1814
3857
3764
5186
5016
4442
2024
8810
6909
9123
2585
6135
1770
7407
8479
7763
6146
7447
7493
1423
6002
6565
9352
8620
7469
1334
9867
8366
5683
2656
5095
8216
4148
5176
8077
6215
5399
5175
6975
9445
2079
3452
5670
9843
2903
8813
7546
5324
5213
1996
3463
4535
2253
7867
1386
4623
7101
783
3660
7335
6464
2363
2718
7918
9186
7404
1261
5284
8228
6608
6752
3452
7713
9399
4273
1426
6620
5508
2656
3181
3434
5822
7069
4200
939
4552
4960
7448
4605
6043
5443
5160
3311
2867
2881
6530
9707
3161
4023
630
7587
5015
5373
6358
7704
7578
3289
2243
8094
5919
441
9239
6116
376
7285
8614
3537
1343
8915
4934
1615
7896
4881
9543
7149
9543
9369
4530
8282
1357
6651
9512
8509
7772
3746
4630
3510
2123
1981
4491
8976
7853
3126
3875
2797
6280
9634
7084
5748
7184
7301
6716
1504
4589
5131
6287
5550
4223
8436
7409
4862
546
3746
6972
1379
6914
4057
3852
3204
4150
6981
9090
5201
6916
4995
5919
9548
1639
5453
980
6491
3986
7835
8860
4355
3949
8041
5030
5125
1831
7517
7558
6720
3383
1677
6678
3751
9394
4282
7091
5091
7207
8977
8598
6923
7437
6373
6740
4502
8651
9379
2286
5103
1756
7840
1341
3752
5820
9883
3489
765
5204
1865
2488
48
6445
4853
4949
8536
3304
6711
4596
7836
5466
7302
7212
2879
3122
7543
2331
1182
8389
3948
3387
2684
7107
3097
6789
2653
4308
3668
2091
2946
8356
887
2945
8989
9322
7451
3131
2294
8624
4075
7906
7921
5248
2137
1245
546
3968
8130
2691
9578
2015
7889
3743
7256
3225
338
7035
7327
5366
5087
3665
8772
2140
3561
6740
4913
8825
2087
3632
298
4452
4561
4819
3891
3291
6748
7671
4697
262
1837
8460
3687
248
2182
5761
3399
4337
5133
1525
2245
4791
3118
601
4928
7565
4591
3903
7667
7629
1058
5652
714
8030
1269
1811
7375
7044
6681
6340
6709
1375
4304
7848
6747
5420
6401
8838
5250
1428
6285
6763
8876
6480
2664
3320
8191
6538
6789
5359
7236
9384
4988
6446
6474
5529
2046
3912
8183
4857
6826
879
3297
741
113
4344
7085
3897
7238
1930
5353
2228
713
5265
3476
6220
1943
9797
7510
3509
4795
6122
2221
2091
4176
2379
4508
7197
8028
1396
4807
6637
548
7975
5908
6034
3333
4735
6507
6010
3373
1311
4708
6613
2737
7504
7029
998
7173
508
6876
2692
9136
3417
1994
4179
9209
481
6301
6384
3259
5078
4888
5543
1636
7138
6699
1829
2651
1673
4132
1923
9836
7250
6603
6686
3265
384
2186
7214
5926
5464
6440
4033
9771
6616
2343
5094
2250
3251
5944
8344
4151
4982
9077
6203
6747
2258
3346
9054
1515
3833
6373
5894
6992
3675
5411
6164
3674
9078
6653
5120
2901
8377
5356
5852
4892
5295
2799
6960
3916
2591
9892
8586
5063
2916
8674
4547
657
7267
6721
3141
2153
5829
3777
2120
420
1195
2040
3741
6477
6304
3214
4988
8358
5857
4419
7170
7330
2333
2394
1547
5437
5331
3935
5163
9548
2963
578
7127
1365
1151
8262
8008
3536
9488
9332
3802
3516
7178
4233
3574
5867
7128
6405
3186
6169
7115
6509
2268
8779
711
4722
9184
953
8687
1422
5841
8215
5901
7191
4890
3839
6445
2821
3096
3297
2712
1584
6227
7720
9567
1738
2578
1513
7365
7178
3598
8440
5879
1511
2314
6248
7875
1774
9832
5130
8096
6596
3590
5350
1039
2444
4734
203
6615
3771
2540
7391
3789
587
2618
2117
5611
1611
4410
6426
6398
3968
3205
2335
8228
6141
9552
6194
3135
1005
5090
9234
7734
5771
6605
4056
5904
3003
7900
6983
5333
7705
7345
2032
6745
2075
8784
2336
6048
8427
5435
695
6455
2716
1881
4032
6159
506
5667
2786
5103
6246
3720
5826
6284
3553
2017
2978
5585
4508
3008
2812
7553
5706
8575
4857
341
7380
167
1222
5568
3611
7801
7059
8708
9510
6134
3906
3545
5639
4966
2532
1580
4930
9
3055
4163
9061
4728
4752
7099
7131
4160
609
3161
565
5983
942
7633
3683
6555
2768
948
2719
3119
5380
1425
6824
5610
612
7361
9207
4639
4317
6415
4860
3659
5252
3912
2082
4515
8818
3431
4467
6339
8910
3549
6919
2268
8110
5926
1564
3381
4891
8741
3195
4568
6506
2462
5668
3270
6346
8875
7639
5721
6421
1927
2947
310
8165
5192
4481
792
5095
7435
1066
9271
3788
4025
3228
9158
1839
3924
998
8225
6732
4956
3119
2929
7811
4463
5313
8180
5008
5680
7639
4557
6141
7110
1531
2605
8527
6574
5183
7489
8700
3157
951
4697
7435
6923
4593
6054
372
5093
6552
1437
1304
6989
3133
5705
7430
1476
8753
3594
5523
1829
6629
9699
3724
8380
2566
2019
8063
4325
8665
5502
4703
5470
7905
5491
4097
3908
2597
5560
385
7359
9037
4415
6426
6439
7176
6363
5327
7035
6349
5716
3752
6798
1530
6353
1624
2544
4019
7722
4319
7699
5497
8154
5967
9256
4322
89
8094
3062
2430
4006
5752
6095
7393
6909
9538
4161
6107
4313
5379
3851
4389
8710
5210
2677
6915
4355
4405
3417
3572
1904
4640
2622
7004
7559
6508
7434
9778
8470
1090
4134
6041
5440
844
5144
3664
5731
7360
5449
5747
3622
4982
882
5022
8745
6949
1031
4093
4869
4379
818
1800
3619
2718
2442
1691
5313
3222
5000
1697
5103
1393
9415
7959
3441
7747
6533
6998
4954
2876
9670
1778
8281
4732
8454
9083
8215
7687
6148
9905
3809
9094
2937
7661
1488
7866
7579
4881
3074
4526
4114
7591
5196
7848
7416
394
3202
106
8099
625
8675
3288
8319
5897
2532
1578
8563
5874
6073
256
3479
4935
6856
6064
6039
3566
4935
5489
8374
2470
1965
896
8976
7699
7319
6843
8578
4203
8105
1948
7683
7814
1887
5336
3652
6638
3453
4310
6803
6832
4870
2313
7209
1140
4357
5711
8694
6957
4606
3176
6508
7359
9734
6796
5328
5767
6389
8005
3865
1079
6600
2193
6027
6112
1390
7485
6837
937
2506
3820
4295
8893
2134
3028
5721
4649
4464
3308
623
7613
7808
8200
6357
5945
2644
6089
49
6855
5586
3436
9241
4097
3631
9892
4190
6775
868
4691
5322
1112
4506
1456
3699
5185
9733
4259
5969
5174
899
8720
3320
4879
3734
630
6610
3250
5260
4592
7443
3442
8578
8431
8768
5120
3629
7373
8238
4330
5380
8405
8711
7837
8914
806
4200
9232
1926
4327
7792
7113
4390
9386
455
6320
5853
3868
4580
2669
891
7269
4311
3435
8930
7190
1403
2967
5505
1469
8531
9548
7171
1372
24
3683
6790
6810
8677
4739
9573
5002
4225
7002
5954
4862
2467
5082
4017
7659
652
1325
9355
2393
1376
6530
9686
9190
3676
6978
2177
1910
7047
3806
7417
9173
7470
704
3328
3740
6871
4948
6879
7444
3442
7995
4378
2925
4887
2113
6994
1921
9487
728
2268
3565
5733
6369
9014
8186
4402
7240
8445
5104
3306
3650
4809
8418
5621
3916
1048
699
3716
8141
1085
9472
7057
4427
6485
4248
6360
6207
3220
6352
5997
9269
8902
1601
8244
8692
6653
3760
1677
2096
8361
4248
9354
7203
7410
6871
8061
3140
7765
7806
3781
3251
5107
590
3409
5246
3955
3325
2470
4988
7914
7033
5974
3245
9353
3900
1215
3392
1066
3450
1269
2231
1467
4246
4589
8004
5198
7834
3904
5814
4271
5325
5157
7361
5293
6523
6294
3026
6753
1914
6471
6386
4855
2799
3547
2757
8616
4351
6369
2944
1447
9017
1901
3762
7690
8757
7378
7851
6842
5585
4322
2665
735
6329
5949
4965
4239
6519
6019
2071
848
5304
1135
7495
5314
6180
4470
5781
3273
3537
2070
3100
3386
7784
3062
3257
3911
8665
3008
3023
2348
7810
4416
3012
3477
6101
9312
1020
5773
4679
5904
7485
4687
6937
2337
3895
7876
3563
3549
5671
7490
9359
3664
2630
3883
199
2827
6987
5569
2839
8478
7902
5117
2473
6191
3308
6909
2207
1417
4633
980
5273
1727
3994
4233
3970
2869
7995
5957
6683
2829
2052
7821
5381
1765
6828
6846
3303
5062
1081
5075
5873
1928
2833
5207
6308
3916
7474
5862
766
7507
4792
8619
5201
3831
8547
5039
5753
4871
3665
3322
5028
2294
7236
5787
362
3199
2279
6149
4834
4133
793
4984
8929
5422
3820
7956
990
2858
2907
6288
3369
8373
9079
748
4066
6113
3731
1874
8740
1018
3866
6046
6167
9129
8091
3743
6095
917
3380
5064
7488
6937
2232
2771
5549
5073
1236
1660
4698
4669
1496
4755
4491
6557
6095
6677
4034
5831
6050
1986
963
8178
7513
8569
8690
4220
6563
8968
7210
4463
8951
8456
5040
2232
5501
7020
3482
6916
4023
3560
6429
1156
1478
6105
8092
7550
8031
1309
241
6720
1991
3534
3270
2988
8853
5026
8799
9714
6523
2065
3819
7856
9461
6519
3159
4982
9478
4136
8913
7080
7474
6387
3981
2276
7035
4809
7341
5107
3964
8553
3852
1186
6260
6184
6517
1905
4783
4551
1676
6411
2728
3146
5266
7699
7175
8583
3844
8971
1130
2090
1017
7219
8101
5766
3896
9297
8001
6675
6808
5732
7600
4789
894
7719
4975
7638
1566
1571
7212
6130
9594
4973
2504
6574
3899
8406
2148
751
4183
921
616
7602
4113
449
4491
2065
173
7117
7672
6296
2116
4435
5943
2076
1545
1343
1917
6041
1054
6418
4998
5177
7230
6573
5930
3744
3726
1966
2942
425
5432
1592
2114
878
8805
3835
2691
9157
122
3567
1891
1875
980
7037
8689
8372
5324
7849
4614
5836
9908
7338
1295
8079
818
2739
2881
7450
7044
2220
5953
5051
5093
2775
6552
9450
8135
8152
9829
1499
8301
974
5681
5417
7402
6046
4170
5635
5935
9589
1973
6178
8161
8095
4554
6394
7686
1725
3031
6494
1020
1249
1010
3771
5543
7932
5934
9694
7806
6096
8765
1220
1694
3222
3217
2596
7770
2639
2099
9337
8595
8426
2129
6086
7854
4611
8825
4643
2934
9515
2545
1405
7998
4636
4609
6089
5033
5087
3816
9105
9248
2796
2413
4947
3078
4665
5079
9005
515
9425
7035
1351
5882
2757
7482
5529
1978
8486
7334
5910
8136
6552
9602
3382
9408
6038
1482
3296
8044
5884
4105
9318
1218
6446
9575
4963
4114
4464
6501
6128
7033
1266
9347
4422
6308
8864
9562
261
1271
2613
2678
3710
1828
3323
3970
520
6566
4623
4820
3847
2729
6807
8915
3050
7165
1289
1323
1735
8824
5110
4659
3576
8375
2987
998
4764
1331
3241
8258
5708
1690
5377
6665
6009
5332
6840
4869
504
6660
5871
6904
7031
4084
6023
6309
3553
7994
3511
2310
7933
8036
257
8745
5124
8363
886
711
6979
7141
3862
7386
5410
1702
4530
8102
7508
3946
1582
3455
2062
1696
2614
8008
2525
7152
2338
5692
6202
9527
7534
1066
6118
3523
5514
2893
6924
7427
3863
9961
9192
7018
6419
5123
3882
4668
100
3259
3727
8865
1188
5164
7923
8702
3544
5404
2591
3180
98
9278
8047
4397
7080
6275
6076
6729
3019
4833
2505
6344
3749
4986
4447
6290
6145
4071
1829
3809
7015
4297
7137
9798
6482
3503
114
5071
8576
4035
2606
2466
5986
1739
1505
7213
7551
4677
6157
9718
4858
6617
1205
2206
1481
1349
2879
805
3458
7902
4801
3640
3448
3279
7143
1568
4308
4377
2070
2583
2920
3860
7005
6666
2509
9572
2926
5608
6393
3148
9481
2326
6106
9367
3769
2769
631
4938
5980
2703
8163
4982
6781
1128
6668
4526
6031
4192
7967
7209
8054
6228
5045
3238
5344
8051
5251
5726
7354
3624
1083
6633
4354
5699
7720
6003
7373
639
5082
6620
2858
4461
1698
2684
8017
3127
3613
4484
4463
9147
8496
3068
1040
3986
9464
6163
3191
5253
6374
7138
8556
1515
9781
7421
6314
2379
7359
5051
9340
6343
1774
7002
2955
4478
1971
6950
7656
9079
9125
3735
4446
7700
1636
2073
8089
8794
8607
6635
7556
7126
5384
8193
2377
2871
6532
5280
1085
6429
229
5280
2913
1043
136
3858
697
4733
6280
6460
1634
4311
6973
3362
1226
5610
423
8764
5730
5361
5609
5383
5394
4061
5175
6257
2843
604
4516
8960
4500
739
8479
7358
7357
6563
4372
3802
4335
5576
8121
4415
7511
6561
763
7543
7251
8179
2221
4702
9152
1700
7049
3336
818
1126
5463
1824
5705
5842
7190
5084
4766
2874
6208
3090
5399
8264
8915
3575
1375
7475
2848
6056
5074
6655
6111
6738
6844
5348
5112
5909
7775
2882
6025
4917
1459
7455
7092
5132
3733
4125
8142
8625
3195
1344
6464
5422
5409
5663
7155
8017
1652
5276
8790
5049
6501
5026
1808
2953
9042
1909
4468
4531
1592
8735
4820
209
3616
5997
3570
4216
7657
6385
3793
223
7403
2967
4426
5428
4841
5819
3203
4306
5964
6569
8507
2572
6595
5035
2401
9256
7266
3253
7989
5230
5379
6487
3549
3065
3194
9110
9496
7988
7228
5129
5508
1998
2566
4568
7011
3786
3327
2642
7799
3468
4322
6361
4314
4856
6536
6559
7510
4395
3552
1881
4792
3884
411
5221
6169
8876
6744
2997
6407
4158
7022
9642
9652
5580
4188
4209
7532
3235
4531
9802
3996
3374
4561
7088
4883
7212
7443
7762
5817
8479
6617
1865
4052
4438
8220
3436
1642
9903
5722
6917
2134
9407
2747
7321
614
8347
6796
7158
3860
7898
5783
8773
244
1896
6727
4292
4472
7250
3622
6419
9352
6944
3735
3581
7392
3938
1547
6988
5999
1343
3334
6068
5190
4594
3276
7458
858
5903
3137
9458
8250
6355
5959
4547
8725
8485
2573
7397
2748
6805
8192
1224
3354
1345
2203
2532
6013
8540
7119
8315
5919
7706
1628
7204
7821
4865
5368
8331
5016
6646
3956
6554
3032
579
9006
1526
5547
8079
9294
7769
5844
6835
3317
7048
1203
2829
5857
6493
8391
7298
2318
7408
1982
5379
4496
5900
7617
2336
3353
1904
2879
4621
3425
8094
4786
633
3484
7817
6281
6224
7454
9093
422
2067
7181
3501
3030
4819
7639
7038
6050
6808
6730
4693
2873
8470
988
6832
5455
7313
9140
1875
5969
5126
8899
2782
1897
8142
6591
3528
2983
1561
4412
8345
5129
9581
2348
6798
85
8583
5838
2492
8193
7359
3712
1906
3609
4304
5751
6144
8162
6936
2475
5778
6332
2551
8497
5807
3441
8662
3818
8263
6430
2648
3108
6739
6095
2064
2998
6561
3125
3163
3870
1529
2864
2153
3040
8280
6651
4093
5799
6518
9484
8392
4753
2402
8201
2501
336
5332
7900
4194
4388
4666
4389
1711
4218
6686
1983
9043
5256
6937
2581
9091
8939
7661
8616
2347
576
5797
3772
4245
7048
3898
8415
4855
5526
5099
4156
1463
8345
987
9379
7297
8205
2182
3555
4095
5299
1308
7562
4480
4016
8437
3829
3144
9165
4777
5872
7687
5640
5315
3155
6138
5603
4203
2786
4299
8028
3397
8874
7962
2105
6065
5895
6460
4618
364
4097
7117
9492
7018
9069
5920
5950
3153
261
7102
6154
8504
3014
727
4904
715
5077
1368
3858
7670
5514
9074
701
6033
5280
6901
3099
6182
5344
7857
3926
8340
4412
6251
6379
4694
5021
6244
4433
9244
1471
6599
8641
1370
3480
6885
5859
7316
5836
2482
5267
4492
7870
1606
5614
9750
3210
2949
5445
2502
7257
2891
8176
5896
7939
6804
6920
1308
1204
5216
7747
2110
959
7332
6012
1952
9561
4442
3917
1747
6108
7422
2056
5422
2697
7101
3522
8944
2359
3686
6586
8179
9173
2822
5077
4874
7663
7126
655
1582
7949
4577
5844
8989
7362
885
8810
1675
5360
5001
6169
7979
6754
9020
8512
3657
7531
2923
1284
8634
3201
7204
2814
8309
2853
3451
5513
3127
6499
7690
5739
4218
7650
7464
7299
1985
7842
7985
967
3076
8467
7971
7256
4134
8231
707
3077
822
4267
9080
1737
7601
5357
3713
1740
6193
3918
5751
4843
1743
7318
2420
2074
1950
2624
7165
4567
8499
9628
8123
5475
5869
7917
9556
3756
5257
2168
7413
3205
6665
1404
4073
8951
5963
9367
5091
5558
1937
3198
1240
4716
1665
4089
7661
2307
4763
2094
7317
1816
2956
2560
4567
5157
6261
9625
3867
5113
7300
7072
5402
5327
6953
1499
8231
2248
2077
3138
6042
315
7834
3534
3074
4290
9509
7634
8012
1875
2304
6140
5834
8478
9241
8827
3326
1606
4891
3267
9504
1784
6838
6919
8718
3962
5810
4683
7019
8074
2415
5911
4273
8110
9527
7418
3279
7393
3226
1474
7335
4497
247
5339
3392
8371
5977
5613
2522
1613
1910
6224
6881
7806
6036
3375
9323
3738
2100
767
7722
4535
1002
1749
3027
5368
3694
2185
6520
3491
5741
9781
5971
2836
2974
7336
4963
9814
7316
1518
9540
7572
1846
8771
8006
7199
9040
6230
4313
6975
7301
9691
3259
9329
5933
6174
5391
2691
6541
8243
542
934
4308
999
9293
5794
2171
1755
6029
1631
1411
4314
6958
5994
3792
3406
8803
5607
7285
5862
4220
7556
3516
9310
5153
2540
491
6182
2706
1684
3397
4285
1811
8830
9378
4570
3800
2662
5813
2078
5702
3850
4435
5790
3545
9581
5677
8775
8990
6184
9351
949
3643
3686
3544
939
5399
8965
624
4637
823
2146
1689
7648
5637
3340
4693
6746
3558
2093
7266
8398
8704
8033
9852
8579
6166
7120
4618
4361
953
2858
5664
5142
2962
8650
9211
7430
5427
3588
3884
6124
8586
6046
6577
7325
7252
7298
7590
4806
7248
884
4088
5065
2403
6082
4408
3442
1376
3296
2768
1811
9547
2735
9117
7301
2206
6712
3331
2181
6279
3062
5055
2965
5373
6799
2290
5970
6861
9388
7053
7121
3480
440
1040
2603
9462
3670
4948
4971
7929
1124
4582
2912
2265
7630
3169
7265
7648
4622
6970
4102
6872
5735
632
4906
6298
1061
2452
4154
1918
4575
9508
5938
3641
6647
2548
2060
1845
8292
1335
246
1385
1924
7911
2127
5268
7241
1608
7526
2745
3920
1564
7488
2212
8102
5827
6635
4745
9711
7220
3002
1504
817
534
9194
6996
9358
4726
7389
1476
2883
6848
9443
7895
4718
4055
3128
1719
5365
3495
7543
6847
8209
5809
7815
2976
9016
3207
5842
5773
4292
778
2992
2503
3224
3769
4890
6418
7757
3108
3143
3493
6338
158
5105
2040
4686
8401
6569
4425
5074
5681
6851
2606
1247
5987
329
9039
9001
7932
265
7105
3106
3578
3486
4236
835
1219
6177
3581
503
1635
6217
5943
8065
7856
3734
3202
7352
7102
7827
5485
9044
8280
4443
6687
4128
2871
5515
3949
7974
823
6081
9055
3142
2794
4763
2638
7031
9079
4739
3659
5285
7953
3281
6900
4787
7251
8019
1707
5113
4733
5658
811
6920
6575
3322
7226
1288
4892
8387
9572
432
2415
7561
6407
9114
1207
9451
4602
6208
8788
6983
3382
5144
4203
3473
4337
8570
6801
4364
2838
5847
4364
5894
8516
8473
2109
9912
2560
3650
948
4435
4591
3150
7986
8484
9743
3933
6623
9103
652
1423
2578
9442
1085
3014
7784
9478
4763
8349
7472
8966
8990
1781
3739
8711
436
6994
1910
7552
9443
689
2946
1644
786
4724
4199
8718
1782
5602
3491
5953
3208
4734
6727
8175
3211
8535
806
3924
2187
5073
3741
5615
7847
4071
6493
3720
4805
5093
9691
2164
1927
3126
6064
3502
5984
3351
306
8630
979
1782
1373
3449
7985
1761
25
5217
3323
4105
5687
3294
3319
6365
6707
4840
8083
6454
2374
4751
8323
6386
9252
6447
990
1695
5063
8765
5380
2869
5665
3912
2176
6328
5679
3645
7947
7870
6245
5987
6073
1514
3569
2557
5421
7525
2182
3276
3824
6477
895
5383
1140
3483
840
5255
2024
7079
2797
5317
5760
1629
7719
5373
6933
6641
2557
9426
5364
6022
5315
2582
3145
4098
1116
1869
5506
5646
4769
2053
4716
3510
7155
3700
8057
837
9233
3082
3611
3454
1210
4650
1586
4656
2498
5201
3702
3254
1721
1598
6963
7027
9744
6747
2651
4731
7546
5914
4413
2988
3959
1669
8666
7852
5695
8746
1051
7242
9191
3025
9120
5302
2608
6185
8637
8561
3510
5249
1989
7136
7002
2217
5406
1795
4080
1367
2496
9148
1705
1151
6692
7941
2932
7039
6642
4740
4329
9374
8126
8097
2764
4780
5730
2144
3547
1860
6582
4416
3036
208
7612
5077
3350
2652
5828
7990
7456
6736
9152
1831
4444
4090
6512
6758
3196
3365
240
5905
5517
1053
9153
6126
7054
1478
7248
588
1462
4546
3199
877
122
3699
5906
6957
1925
6240
9456
6306
634
7324
3736
5352
4986
2178
1443
4718
2597
955
4264
3817
6888
7683
9124
6457
573
453
2586
8749
7314
6490
2832
4165
3047
4715
9696
8240
7330
6227
3597
1770
4280
7386
3817
4213
4183
5664
9747
4126
6090
3017
3882
2359
6994
7856
5319
3931
3483
6647
6368
4604
999
6259
3588
5584
4647
1652
3442
4520
8212
8221
3920
7967
9533
663
8848
5836
4465
6522
2878
3893
7844
5077
7243
4126
2444
2118
8109
7179
5762
8219
7233
2556
6469
2290
4337
2543
6333
7095
5767
8620
8337
3382
1334
3655
6570
4241
6401
2515
2404
8498
9811
2574
4516
4497
3390
2466
5817
3260
4005
4377
3948
8799
6314
5346
2923
3129
9189
717
9376
5231
2955
9426
2046
7014
5717
5741
4808
8266
8032
4231
1963
9439
7574
9536
5875
8290
2724
7636
8115
4112
1217
8016
801
8124
6887
2436
2447
6119
437
7090
2851
726
9223
8785
7332
3504
4641
5283
3182
7693
8737
5922
8843
9342
9814
5205
4195
163
2157
8288
6751
3443
5299
531
4105
5295
3902
8523
3646
4289
9622
6363
3053
6655
6468
4952
7650
4189
3576
6489
3311
1909
9208
2275
3313
4032
6249
2437
5693
4465
9182
5621
5125
3438
4265
6850
5460
8611
6336
4158
4297
8050
5952
8012
6861
9341
7007
2989
6817
7077
2839
4209
7692
6448
7301
5505
7990
1028
9898
5465
2388
7533
9857
4345
6688
5277
9369
5179
5159
4025
2874
5248
7038
4875
7761
5383
9476
1565
5460
1346
4715
216
3634
3517
4525
944
8579
4365
5033
5782
8531
5883
9037
8411
4796
6188
7128
4936
3626
8611
3438
7809
9904
1646
2062
7998
7380
3274
7517
1631
2163
6705
8430
6882
3538
6093
3017
5684
8000
4944
4725
16
4491
5320
6829
3235
3592
8711
1213
5828
3097
4480
6290
2157
8922
6154
1188
926
3738
8392
3235
5170
5045
2741
4782
2792
371
1756
2152
6107
3289
2830
8611
6341
4334
926
5300
5493
7093
1313
3544
8747
5436
3365
2605
3897
8033
4403
6918
1508
5610
8499
7351
6633
4698
5703
7480
2288
6265
6790
6842
2564
1918
3804
6450
5055
5974
2515
8310
2092
4689
6770
6184
7949
550
6891
8941
2174
7985
8762
6498
8459
5805
9392
2295
6459
5006
4807
4319
5464
6600
1335
3526
6890
1223
4005
9597
9200
6478
6158
3639
7760
5828
7409
5028
6121
5214
4445
583
2285
1929
6689
1055
6678
9106
4485
3303
8604
8936
2163
4680
6277
6426
5172
1696
7735
8139
3644
7927
6822
8393
5721
6022
9028
9164
4073
1389
6853
9255
6511
9520
3025
8694
9237
7328
3043
7291
7483
2545
9056
4570
210
5160
2672
3887
2434
9134
2436
7954
2837
5420
2310
7108
4894
3064
7013
513
5410
2526
6129
3430
1591
2189
3521
4700
4831
7404
2921
7577
1819
7309
8514
6618
3049
7368
5540
3748
6684
5767
5181
9089
701
5755
9356
7594
2471
8111
1822
1199
2514
7450
3815
5509
6321
5193
9202
2063
4119
3307
7897
8864
7105
7786
20
8415
7499
2131
3713
499
7844
7877
1825
970
4129
3071
1889
4587
7665
8381
3961
3043
6429
8421
3196
1028
8682
4638
5207
556
6965
665
4988
1364
5996
4091
4020
3297
1927
5879
7101
2267
5130
3823
7209
9020
7801
7547
6145
3709
2925
6842
312
4762
2780
6339
5970
9603
4138
3667
6106
8891
4563
814
6933
1397
3611
9258
3383
8748
3626
7000
6412
8855
6487
4396
5211
8051
4938
5105
1263
7142
4833
1895
2555
8771
2194
6552
717
6964
6202
4773
7059
8308
3102
4182
8175
6517
2494
3792
6732
6886
6528
8232
8410
6213
1432
3209
3880
7496
1965
8684
6110
951
7367
6526
3239
3013
4894
4859
7803
4607
6301
3621
8840
6795
8270
4859
2708
5694
3015
6113
5197
5928
7988
291
2665
9770
2279
1706
9545
1667
4117
8782
7497
8249
6075
8525
7272
4226
5635
2231
2834
2920
5429
8669
6055
5993
7988
2852
6682
469
1767
5971
149
5022
7617
1787
8261
4770
445
8588
7299
6865
8035
8157
9210
5362
1354
7770
7569
763
3908
6563
6447
6402
350
4048
7378
4801
2231
5051
7100
9518
8846
4567
9289
1627
4570
4938
5069
8022
3744
7426
3753
1634
7542
2666
4276
8119
7328
2181
8203
1624
9391
3248
1241
4294
5661
4851
5080
4940
7805
7846
4037
4385
4953
4556
7480
8081
3837
194
4340
8948
8839
3484
7378
4235
252
6709
7363
6326
3373
1564
4397
8086
8884
2808
7199
7157
5431
7440
527
6959
8844
6546
894
6555
169
7829
4335
4278
6976
4543
5229
6628
7569
8528
4244
8019
2748
1442
5434
849
4799
3122
4424
2345
9529
447
3986
825
9298
6050
5531
3003
5330
554
6046
1559
5230
9413
7289
6642
7268
221
5027
5693
456
7970
8621
781
3264
9991
7001
4067
6606
7425
4118
5226
2738
813
8732
7979
1785
6016
3394
4269
9309
3484
1163
7222
4197
6887
470
2106
2697
4514
6036
3430
2710
152
8543
5167
5878
7990
5661
1489
3668
4614
2692
9056
5884
2912
2950
3874
5760
3725
4914
6532
5178
4272
6339
2212
6554
603
7162
4252
8524
5027
1641
1086
6399
7156
3300
3638
3761
3838
4876
3754
7092
2414
9064
6699
6905
8133
9012
2136
3116
9569
6834
3194
5088
5961
9410
6988
6983
7309
3746
6317
7647
172
7044
8004
3867
1439
8787
884
1798
1996
7354
3686
8659
1302
3336
7396
2243
8566
8848
5477
8838
4676
4678
2892
2141
5394
2818
4750
4016
6174
3836
7670
8690
5463
4013
2115
8581
2103
3428
6217
4096
5173
6719
5612
8817
3938
4692
2011
5525
1113
6456
2654
1578
7872
2170
7302
3094
9636
3312
6439
8437
4586
3857
838
3210
9537
6031
4701
4623
6696
1233
2411
4684
8532
4291
2290
8709
6979
2010
9061
9032
6358
6010
9242
4703
1638
6120
3428
8138
4787
5660
5196
5799
4674
3524
8536
9615
2595
5130
7656
3730
7392
5424
7562
7114
1843
4717
2969
985
9800
7255
1861
2702
3174
7874
2300
7405
8330
8146
1407
2246
7836
8408
5337
3843
1680
918
7698
4946
7402
7899
7312
4937
6555
5419
5957
3019
7616
5924
495
7407
5024
1520
1522
2213
5244
9046
104
7165
7771
811
7912
4297
1065
6117
5490
7564
3512
2421
2292
7529
19
8100
2881
8980
6554
9298
8801
4051
528
1918
8393
4914
2641
3042
4221
4597
9303
6504
5484
1305
9358
1636
8492
9079
8214
578
9555
1612
7430
7090
1784
7483
354
686
2320
4918
8806
8061
5692
7656
2395
2755
7724
5670
3913
5003
8597
3339
6179
3846
6943
3299
6010
6170
5083
1419
3992
4100
6296
1411
3718
5801
516
7549
5458
4222
6705
4671
1114
5277
8713
5175
4788
3073
7470
4634
939
4328
8144
2248
8621
7779
6039
4184
4908
7903
5736
3713
8328
9198
2539
8294
4472
7001
2058
3055
8321
5089
1811
4696
7939
5958
4064
7397
1100
8865
1010
8298
6129
6641
8800
6975
6609
9930
738
7066
3834
4645
7601
6284
8474
633
1985
9917
9360
7033
2740
2332
3438
7489
4475
2179
8079
6201
1020
8022
6417
5304
4741
2418
5577
2165
4739
4267
3370
3475
4074
4759
6883
1917
1120
3153
2481
1637
8942
3558
9511
3580
8973
9015
6608
6194
6630
7721
7592
4153
6042
6135
5302
1686
3195
3478
9352
4356
8241
3396
1307
4985
3581
4600
9398
9225
8025
6813
7496
4872
3733
7920
776
3092
1737
3696
2614
6521
9335
7112
1818
3127
3421
5490
9325
1955
2675
7548
2527
5770
228
8007
7102
6347
9412
6061
1963
5355
2779
1836
1861
7530
9437
4732
8604
767
9234
5588
298
5772
495
8812
4175
4011
4356
5459
7904
9428
5188
5619
3303
3606
2051
4405
4825
6632
9886
3232
1666
4882
8076
2226
9806
4438
1583
5724
9414
5694
1205
8098
1857
4069
4655
677
4708
2461
1692
2864
9833
5490
9465
2364
1233
3557
6136
8843
3396
3026
8587
3584
4858
6273
3806
4818
6741
5235
8920
2147
162
9453
9029
4144
2764
1782
6003
6038
1887
1185
2630
1969
5544
8288
7749
9341
4919
5381
5766
5635
9439
4889
1567
4721
7799
5987
4574
5608
1398
4171
3306
4071
8686
5362
5276
6814
1694
3581
1085
4007
5655
4794
7047
4865
1718
3205
9862
9034
727
6736
4377
6310
3930
5920
5951
6991
5505
6516
7325
7289
2800
7645
6641
7372
7898
9083
2537
5801
7500
800
4106
8257
6912
6268
9389
5827
4334
2397
5536
699
7076
8713
3584
8933
4286
3280
9849
9578
5429
1916
299
4867
1720
298
2519
7279
8820
3586
1926
3943
7216
6138
8479
6740
6288
2699
6475
2228
7899
3505
3966
1023
5626
9522
8757
9378
5273
9344
7544
6610
8044
3953
3808
5804
4519
5459
393
1364
8626
9011
5458
6893
7705
6685
2700
3398
9049
5631
4021
5904
5120
3147
8001
3860
2643
6650
2452
4703
7696
3808
5043
230
4220
3061
3736
4862
4744
3825
1178
8957
3787
7851
6299
9018
7560
3146
6909
3765
3527
6030
4399
4991
1840
6238
3820
4358
1854
5729
6422
8222
2247
9707
8091
6855
7637
4150
6810
3009
9680
4451
7088
5219
1679
6432
4962
305
7280
7692
4215
6071
7068
6757
6477
8222
1520
7542
1968
5760
5302
791
4609
1507
2946
3701
6602
1150
6033
7362
2172
3119
3991
8122
1410
5729
8095
9482
3941
4986
2717
6373
3557
3500
2384
3545
4627
2317
3217
8266
7883
5064
2265
5464
5682
5263
8476
333
8265
8015
7102
4352
828
4361
1795
6765
6824
552
1911
4041
6502
349
8167
2154
6578
8946
7921
4934
9285
4209
3270
5197
7011
8524
1361
4638
5770
6176
1848
1837
6443
3397
8289
7540
4265
4704
1162
212
6328
3530
2017
3775
7210
6207
8157
4365
1260
1032
1901
2619
1047
115
9195
383
8226
486
6451
3890
3584
6848
5751
8349
1807
1356
7141
4117
8786
5278
7853
683
9508
9596
3147
1526
2894
2747
1466
6806
2378
8068
6882
3927
3914
1614
5900
5415
6221
7327
1998
8047
2484
7339
4609
2889
5511
1732
5004
2791
8303
8876
6922
1459
99
5791
4657
5065
2420
4745
141
5323
5306
2929
9157
9024
5026
3772
8397
9205
3178
7938
4351
6012
6635
4248
63
3206
8653
9196
8035
8642
4550
5248
6435
3010
7397
6096
6757
4857
9601
2227
1788
1159
8371
548
7525
9651
9159
7493
9890
3333
3998
5059
1922
3233
6598
5886
2822
5061
9374
5274
6586
5370
9253
1852
1844
7499
1961
2064
3095
5169
7475
5643
6246
2629
4686
7787
3133
4747
6962
5308
8379
8065
3321
2974
1862
7637
2729
3710
3964
4811
4150
2072
6447
2308
5048
5776
2341
7480
434
7102
8656
4945
4248
5410
6862
2195
7387
3366
3939
7261
2976
3323
9430
4656
9383
2412
6547
6992
6498
1358
6562
2439
8631
7226
3849
6048
4186
2224
3618
5121
4533
6807
1517
8330
3343
8133
5898
4351
5145
5000
7387
8142
8456
6208
3513
9104
5082
3094
5096
5990
5946
9524
2468
6262
8685
8060
4101
5463
591
7269
1018
4952
9223
4292
1293
8389
2952
4049
6809
7058
4674
2937
8053
7265
7012
3990
1931
3269
1923
5244
2345
5844
4611
3939
766
3434
1769
3446
7725
8428
2797
7320
62
4259
4754
2605
7667
6660
7781
7192
7351
8281
6396
1830
4822
5305
5944
2778
4319
9108
3105
4151
3210
7307
5905
1477
7995
4307
5270
6755
4558
6984
6341
2044
7975
9706
2917
6416
6446
2361
7497
7578
5497
9158
1126
2837
3038
1963
1017
5407
7894
8015
5913
4339
4928
5386
6206
8301
3026
6989
2525
3843
5826
2815
2841
8244
3388
3676
8895
8861
2413
3199
8684
1826
4797
5304
4437
5516
6024
9864
4405
6516
6611
6503
8487
5559
5789
3996
2439
3710
9502
6938
5845
1238
7012
3984
1348
3699
2029
2367
6347
1027
2641
6239
7180
3360
2509
1038
9631
3513
1391
7778
7885
9737
3260
9583
2848
3212
9046
9466
2270
7797
6975
3710
8552
5176
1643
3418
4732
3283
1191
6265
8392
8165
3874
5402
2871
2569
6353
8161
2627
147
2812
6246
8245
6007
9057
8616
7389
3743
7649
3114
3906
8697
7480
2066
7128
4106
3121
6050
5003
5963
4056
7851
8540
3495
5513
5498
7389
6722
7311
4795
5629
4006
9287
3685
6215
6335
6539
7331
7066
7359
3011
4663
5456
5464
9395
4450
8264
1784
6924
137
5264
3059
5806
6379
3263
7515
8806
6801
5234
7613
7555
6590
4646
1510
5076
7999
4004
5085
2483
4719
3934
9582
9456
7235
6785
5826
6536
9919
7636
7045
342
804
5943
3476
2824
4133
8659
3409
4682
8101
2303
1772
5347
775
6600
8310
6782
3655
154
5876
5930
6569
7574
6159
898
9550
1607
2771
859
7056
5895
9478
6776
4053
9327
1174
602
5295
2373
6769
8197
5843
1770
493
4910
6053
2826
5472
5162
7442
4937
520
4999
2516
1409
2409
6129
7882
4010
6037
4926
6724
5067
9219
1289
3519
6762
3854
8173
6844
1308
9399
8981
7900
7337
2278
747
2425
2645
1642
4713
8327
8520
1822
6476
1763
5524
2522
91
5383
4147
3711
6918
4105
4970
2960
4356
4990
6124
9402
573
6989
2167
3176
4735
4151
7527
9380
3806
8684
9374
3143
3611
3360
8607
5035
850
5276
6134
7289
2270
4926
3974
8723
1919
8820
9813
9247
7213
5777
4631
2101
1838
9070
447
6506
5013
5191
6526
9092
8727
1692
2950
3266
3478
3750
1220
2060
6498
5782
1167
5600
5234
4088
6387
5452
9010
5289
6650
5427
7410
8020
7186
655
7254
8483
4951
7315
3995
2950
2755
5897
3625
3344
813
2256
1734
2434
7041
6755
4723
4702
3559
1768
9426
3820
1918
3670
1651
5655
6688
267
7011
3392
7123
5436
6119
4533
6794
9042
1757
1895
1493
4842
6373
1321
3484
6678
6390
5941
2927
2503
2838
4831
7258
3599
2950
5160
4587
6334
7298
7014
8197
8435
9719
3842
4080
5687
384
8652
1508
8174
7167
5201
1809
5598
3175
6641
4574
1564
7269
3544
1032
5728
6365
3956
1212
8674
6415
2433
3211
1185
9103
2267
3949
6194
5078
6040
5815
4378
9072
7447
4262
8184
7986
6845
5850
5215
4396
896
5887
6860
7751
2105
4116
6241
5636
2746
6857
4868
9967
1341
6310
5465
2936
4597
7745
158
5332
6740
6705
7465
4148
6437
4634
8720
5218
9058
8747
4459
6821
6166
9612
4155
4646
3618
9431
7975
8662
1708
3004
9036
8865
3484
2669
1877
1812
4635
1974
3155
3531
6118
1614
8215
8020
1644
2791
2266
190
9188
4977
6987
4626
2648
5616
5824
520
3318
3283
6046
2695
1678
4056
4151
7796
7896
7809
2146
353
3482
4687
2249
5102
7744
2782
5889
4334
1550
1232
6013
7605
5507
8167
4532
1890
5380
486
5500
4893
9858
4289
5160
7244
6803
3269
8797
6819
319
4774
7482
6347
3463
5584
8012
4786
2384
7057
559
7219
5304
3016
8144
7943
7661
7551
2192
1865
3525
980
9647
3715
6918
2087
6898
6069
8035
2517
8022
7179
8312
6643
8634
5147
7035
6114
1281
3042
2456
402
8033
8034
5596
6887
2177
2715
4609
4943
9209
8088
2388
2035
5422
354
1911
7671
488
2184
6268
9256
6819
4249
2122
3240
7469
4769
1723
3101
8404
5486
3197
3787
7773
6138
4293
3401
3525
9369
6123
3990
7771
7728
7698
9011
7968
3591
6768
9839
3162
9530
1527
6084
5418
6332
9408
5154
2542
6930
6946
1920
1966
7728
9025
9173
6129
3891
4859
6260
3530
7321
645
5227
6831
8445
1884
7114
6286
8925
6677
7275
5291
6633
1782
2303
596
5217
7393
9725
7018
5954
4163
2933
8033
8851
573
8385
7450
713
3751
6666
8994
968
6983
9402
9428
3655
4820
7999
8474
4727
4848
6366
9710
8934
7443
1066
4858
5957
7267
316
1995
8321
4608
8756
1695
3737
2118
2776
5773
2381
7447
689
8841
1144
1224
1361
5861
2656
7985
264
8359
7856
5452
9216
3116
7307
5895
8641
3238
5154
4697
1541
8874
389
259
7713
7855
7404
8047
8031
6639
2837
7061
6764
5832
641
5423
7437
9371
3948
5589
7916
5133
6803
5768
1350
3457
8577
4580
4408
6328
4604
6289
4285
8084
5177
4736
3341
5031
8819
6593
7088
8174
2297
4984
1444
3025
4860
3751
1269
7154
7808
6088
6098
4499
5556
8144
3956
6538
5956
1935
3807
8043
4882
2694
5653
5622
8541
6515
3200
726
6451
6671
1471
60
9348
1092
8027
1060
3344
8705
3005
7011
4494
1395
8393
9197
5272
1894
8978
2718
2639
4819
6519
4227
4177
3431
2046
7352
410
9932
6844
1835
6236
4620
9307
4745
4978
3162
4051
4072
7575
2876
1851
7702
578
1704
8762
341
6627
8944
3076
3737
7330
1120
945
5128
5488
3851
2848
8069
8155
9211
2620
604
1394
2738
2940
4409
4111
3793
5119
4621
6801
8327
8797
5023
2977
7958
7744
4087
2462
1505
5746
4793
5419
3685
3031
6663
7775
2170
7413
8061
5505
3230
2833
5149
6091
9432
9678
8255
7074
2864
6445
1282
8002
6184
8527
4620
4991
3804
7938
7469
5042
7275
6657
8966
9061
5664
8679
8926
5753
8807
4184
1935
3738
423
4531
5328
3200
5666
6581
6826
3412
1296
1439
4558
5812
3096
6731
7821
4329
8571
7710
4085
6160
7278
3311
9506
7904
6038
6209
8185
1828
5966
3437
4660
6865
5896
6802
2489
6012
4273
4810
3839
9602
6071
4013
4789
6038
5701
1692
3758
4255
620
1239
6838
4740
112
1669
7138
8800
8048
5040
4473
2145
7493
4350
7231
2225
4103
1090
2030
7301
5212
1753
6624
3910
4390
8869
7962
6923
1479
3842
4657
8418
2525
3843
7421
7568
6103
6509
3958
5254
8052
2707
1429
6371
5558
6457
7463
6482
4845
6825
6994
3975
2771
5842
2133
6265
1958
3156
7412
3775
2133
3208
5075
5395
7705
2415
7004
3486
4237
6614
6848
6926
3576
4648
7338
6436
8291
1055
2054
7032
4504
4857
6786
5527
3551
5534
4632
2653
6011
6698
2464
6659
4209
5220
7695
6391
4404
5032
6243
3040
6749
3950
4592
6199
4354
3594
7544
6805
4302
6315
2502
5290
5850
7428
7873
7090
3860
4763
6486
5625
4112
1833
2347
8005
4354
3591
440
820
4953
7160
374
5339
4732
6637
902
3594
9487
9504
589
7078
6979
3128
4671
5151
4762
8393
7265
4947
6047
9168
5691
208
9417
2144
2689
8099
2416
2742
5570
1845
6917
2103
1079
4758
7057
8389
4855
8433
2583
6617
7698
4716
6928
5379
9538
8936
6290
1748
9753
9553
6733
647
5524
6380
4159
5434
8497
524
8199
4886
7798
7146
5025
4811
773
4928
9769
5117
6211
5373
5438
6278
1648
7109
4974
6103
2984
6633
4996
2930
4875
9609
2329
3934
8095
9032
3732
2014
7718
3778
8052
1158
873
1957
7925
8778
6683
6494
3819
4730
6636
6994
6085
6434
2970
1331
5487
7942
4389
7817
1116
3514
189
6764
5736
7300
1159
3687
2148
5080
1316
1302
1313
2263
6965
7543
3423
6062
2857
8127
5028
2614
8829
5181
7083
2135
9704
8039
3513
8583
9674
5133
5499
3817
7811
6377
6615
2770
8151
7972
4821
3797
4880
6181
5508
3528
3619
7228
5908
8781
9670
8385
3114
8860
1397
9029
3470
2566
902
510
8449
7768
2237
216
8606
2819
8390
7752
6748
2962
7513
6919
8212
8407
3048
8410
6126
4863
4212
5984
7766
3629
1743
4228
5982
4421
8265
5702
7808
5533
6073
6531
6245
3564
8807
6125
7363
5071
2954
2212
1127
7039
1803
2978
7889
940
6479
3945
2658
33
7821
4885
2889
1997
6397
1349
6617
6475
5886
1939
5913
3751
6728
5754
8745
4785
3202
2842
6347
854
9818
8452
4354
6338
5700
5458
5805
6763
6974
3035
7101
4323
2943
3181
5356
8054
2580
6396
5491
8081
6134
9032
2848
4462
6904
5593
6845
1716
5967
6432
851
6576
9234
4613
2422
2940
1822
9460
5449
7963
2421
7029
3041
5824
9374
4602
7029
2119
9566
7722
7041
8617
4744
3833
5762
4842
4431
3869
6586
1283
6185
4935
4243
6221
5587
3523
4916
3612
1246
2059
3124
3082
8309
3036
1851
8394
3330
7489
4619
4646
2355
6050
6709
5956
1824
4195
2651
6813
6295
6941
5815
1681
8741
5625
7000
2461
8546
2230
4866
2929
4214
4778
4934
3375
3672
5181
8757
1901
7250
7867
7527
1945
1714
7929
4189
7951
8761
1763
2550
3634
6996
7511
3643
8706
7808
415
1259
1352
1061
5017
1289
8111
881
5538
8083
9034
2315
3224
5012
4039
1180
8099
7306
48
3820
1246
6688
1448
5496
2907
1572
4081
3692
4642
6790
2639
2879
7499
7062
2834
8603
2390
7192
6177
2157
6270
3839
8729
5452
457
7840
5259
4498
5793
8151
2198
1236
7021
1207
2025
6111
880
8496
4232
1623
4384
8251
4056
3470
5724
6772
8270
4792
7211
5943
6327
8222
8748
3657
3552
6976
1413
7152
6973
2214
3236
5397
2154
5093
2316
7823
9247
1834
9459
5997
5596
8434
7247
6465
4182
3691
2036
4582
884
7284
886
1786
3275
9191
4749
305
4203
2377
3244
8783
4624
2229
4357
7755
1917
7656
1328
9719
5127
661
2821
2609
6954
1756
7687
127
1161
3530
4313
3503
5515
1350
2866
6801
4718
6335
8688
5086
6223
5115
424
6864
4111
8876
6307
9432
4027
4837
4165
5090
7417
1433
2963
5416
2912
2157
4173
3645
2586
1325
2307
7995
6480
4386
1930
4209
5421
6072
7240
3914
771
5321
5764
6866
4099
4097
477
5961
7838
3356
6790
1356
5589
7872
8383
4549
3243
6844
931
7120
9817
6606
3520
2822
6330
5956
4211
5763
6508
9803
5085
9613
3100
1756
2833
6545
2718
9617
1195
3608
1831
7209
7890
3297
5712
4091
7328
3348
1689
1068
6746
3016
5388
8965
5635
5846
2779
6102
8234
6711
8866
3502
2659
5433
1706
6557
525
7347
331
794
1266
7151
5885
6617
8989
9473
6856
3892
6604
9248
1148
6531
7936
3407
3860
6271
7215
6940
3732
8030
4770
2726
3206
4213
914
3213
7649
5607
9475
3452
4046
2693
651
9011
6412
7351
5039
2121
7170
7851
7669
5383
7951
4279
2009
2514
3745
1856
8403
6729
8459
7912
7394
6240
7986
7653
1477
6027
2694
7990
4403
2256
2560
5519
3236
8729
1720
4381
1579
935
5995
4246
5012
1915
5266
1840
846
5013
4234
3866
2916
8408
7738
9057
1420
6827
6681
4832
651
5545
8465
3847
2903
1262
6332
621
2459
9751
6739
4937
6501
5150
4587
2431
6961
4370
7055
7618
4003
6345
4745
5424
3954
2536
7475
4506
833
2901
2622
1090
2277
2900
7770
935
1966
1493
5574
7969
4138
5519
7824
93
1475
7383
6026
2080
6893
2988
688
6749
1956
1740
9349
9211
9585
5718
6310
6985
7731
2119
4500
415
5329
6489
4628
268
1646
2773
437
6871
8853
6978
2619
7127
7456
9564
2222
1982
8468
9967
827
4262
5927
9463
9141
2993
8071
1240
3036
4099
689
372
6543
9610
6542
8660
5815
1581
6506
3059
7662
5315
1877
3471
3136
4597
1061
5259
7538
812
7225
6247
8344
154
7330
6911
6548
3214
4017
379
2773
7396
2116
4651
8754
7954
9437
832
5059
7147
6334
3428
4999
8149
7303
1615
5159
2206
1776
7735
9488
992
8684
7377
651
557
4439
2417
4232
1839
8492
3179
5532
2185
4548
3581
285
1701
5506
7012
4460
2662
4501
192
9062
8992
2669
8334
3775
6178
27
1457
5667
4802
2831
7018
3242
8314
6382
5691
6708
8406
4260
4123
5675
4904
4777
4802
9262
4622
734
7181
3230
8898
7456
4228
1787
3467
8150
5263
6803
5397
5521
4688
1308
6889
1325
7230
4109
4328
4764
9746
8660
204
3009
6562
1447
4805
4378
4278
2094
6868
7656
9551
1446
6689
1881
4761
8583
7771
3308
4695
9811
3255
8031
3065
5693
7313
8423
7952
4553
1901
4285
5148
8369
3867
3505
4917
4235
9102
1898
7179
6530
2606
4646
4971
7687
7133
6893
8820
1046
4322
5030
2851
3612
2448
3287
7618
3114
9475
9382
3398
3303
7179
8609
4257
5206
1480
949
7194
6192
2735
7743
6304
1557
7934
2559
7425
5559
8847
8576
866
8852
2823
7176
4695
7433
622
3679
2522
1039
3464
8831
3986
7916
5727
1745
9610
814
521
8958
4525
3506
3729
5617
4536
8315
2033
652
923
7330
6245
4216
6376
4242
2654
3010
9872
3554
6061
3833
7934
2507
5381
1677
8664
3500
7776
737
3582
6629
6852
3610
5630
5356
7945
8436
8033
6356
8173
9839
7145
3993
6742
1587
5980
6921
5948
588
6469
7649
9268
1572
1036
5061
6421
839
4799
2975
5221
2075
3945
5103
6373
9675
8752
5263
9353
2574
7784
4503
1922
5362
2441
1921
8585
5395
4144
2588
1833
5261
7133
9136
4565
7127
8518
6783
5989
2861
2502
6802
3904
1929
8312
3550
3168
876
5933
3026
6429
1876
9405
5343
4176
6512
175
8883
7581
3539
4552
1791
4512
9166
7373
7364
9725
8521
5646
7039
1052
2810
3391
4219
2511
4693
8344
1772
3447
4850
6965
4937
5260
4072
1877
3794
2367
5707
383
2597
471
8121
4449
3098
1328
7271
6181
3779
5325
4495
5207
5581
6818
5776
5635
6322
8129
2238
5353
3982
103
7701
9550
2401
3896
8345
2574
2684
7486
2366
5551
7298
9112
1773
5773
1577
8195
4424
1606
5165
6363
7256
8783
8977
8781
8277
1576
3894
8107
9452
4628
8867
5516
4735
2446
7784
4641
6972
3927
1174
4995
8728
4328
5235
488
3897
7987
4121
7658
5459
8166
3659
6924
8674
937
9422
504
1424
2011
4808
7407
4240
6303
6969
235
2715
8266
350
6964
1093
6975
5383
4280
5321
6448
7304
7400
9359
8184
8171
7261
1242
8793
791
7673
8034
5527
9023
4932
7297
8227
852
4391
2822
7486
1247
5542
6076
2935
5849
6590
3857
3331
4950
5001
9565
6102
2198
2480
7593
5612
5410
8677
2344
6659
4734
5073
4322
6919
7137
2789
8080
3241
4999
6473
4464
5554
2126
4127
1387
6017
1796
851
6323
480
6661
6642
7474
8429
1955
6088
8626
4506
6583
8429
6945
510
4588
7348
6028
1299
3886
7131
7673
8748
6341
812
5019
2946
3813
6566
3512
4887
902
7804
9116
6116
357
6065
4838
3221
2952
8503
2997
3822
6634
8094
6076
6408
4476
5620
3947
9364
9418
2632
7221
5810
2487
5623
4312
6327
2826
7099
5444
4433
6047
4841
1139
7303
5364
7180
2884
8669
2174
1644
7136
6776
4428
5287
7724
2966
3241
7392
6470
6336
5029
4080
6311
6221
1040
3272
9052
3219
4504
4279
6148
3420
4707
7234
181
9427
2580
3483
6472
5893
406
4917
735
9024
3963
7262
8331
6493
6068
1335
8765
4922
3189
888
2606
4566
4504
6042
7740
6160
804
8344
854
6258
3129
4690
1175
595
4553
6571
6397
2512
7271
3041
3976
7194
5214
8365
4264
4334
3279
8309
3077
8031
5564
5384
6390
9326
4710
3979
8015
6340
1476
3342
1341
6102
1130
7808
1259
2117
7992
7839
1928
1894
9352
3993
6347
9078
5207
2581
4750
7226
3914
5486
5190
3989
1835
6217
8693
9836
1198
3917
1970
8065
9062
8270
3137
6856
5674
2712
6308
9518
6148
6501
2481
413
2318
4747
858
7020
3844
6153
1128
2907
9571
9026
4917
4487
6768
5183
8166
479
3548
7780
9482
5305
4729
3155
2710
959
4473
3713
9902
249
3133
8388
5016
5656
8263
4919
7126
352
3874
3895
1385
3661
5050
5049
6141
7094
3798
1846
931
2873
6225
5000
1900
4989
2561
3286
3815
7155
6015
682
7341
6174
9082
1020
5573
8571
3912
9514
6244
5472
6402
5454
6829
6278
4577
7917
4767
6779
5871
6472
3890
4539
3673
4344
981
4149
5292
1822
6544
5800
5243
3755
5291
3984
7349
6828
1613
2286
6075
1945
6468
1263
9302
1478
3082
2962
3903
3552
2313
1932
7626
8583
2754
597
2764
4493
1317
4400
7817
8874
3443
2039
4011
9538
8998
1604
5638
948
6401
3207
6414
2143
6055
4197
3356
7557
4428
4019
1275
2681
6020
9412
1389
7678
1723
9205
7697
2987
6399
2546
5559
6570
8386
8077
6817
1092
9388
7087
5235
2282
2962
3941
4074
6577
1045
3434
6991
2217
5094
5840
2035
9738
2627
3844
1502
4392
7007
9291
2145
7313
6028
9058
4791
6049
7603
9068
4316
3382
7802
9504
2688
4052
8231
5220
268
4756
5676
5688
5342
4977
7382
4845
8477
983
1206
1181
690
2667
804
3265
3153
4190
7798
1347
8277
5683
4079
13
5984
9298
5145
2075
8484
2956
3561
4016
3602
4525
5344
8919
1143
4060
3115
2424
4179
4346
5344
7181
9164
7427
4846
6227
7216
9751
4879
3119
3508
8300
6047
6474
4118
3675
4249
5675
4545
579
4369
9818
7387
7223
3905
7546
5079
2724
6194
4153
8620
4226
8747
3165
1839
8671
4084
5818
1101
6486
7388
1769
7867
4677
1649
7012
7488
3204
4396
7712
200
1888
9006
2078
1895
4175
9604
6324
5084
4904
3350
3169
3257
7258
3705
759
5385
4426
5523
2892
7043
7587
2478
2856
2560
2384
9576
4964
4648
5359
4540
2816
1422
5885
1578
1937
2122
4528
4929
8475
7049
5493
8488
5801
1429
7492
760
6166
8584
9317
4479
4611
5481
2998
6590
7401
3237
4578
5613
4239
6168
5453
4466
3795
713
3112
4131
2060
5539
5933
3699
2218
3299
4236
8722
6280
134
2362
2744
2122
3312
6057
9199
4209
2803
7385
4103
3773
4771
6036
6728
3487
1926
5444
7019
9343
4865
2674
9078
1262
4482
5683
5151
1711
3596
1813
475
7966
9277
5262
1080
7434
7856
4156
6606
8226
1296
3137
1925
4636
8258
1653
6639
5861
8877
7090
2443
1230
1765
4840
7152
6520
2753
7866
4293
7874
172
2978
5453
407
6313
7655
7143
4203
3965
2190
6367
5328
8742
3567
2915
3981
3760
7136
254
8974
1236
3847
2906
3750
5095
8582
6983
629
219
1936
4978
2738
7830
1678
5379
3168
3690
6171
1021
3325
196
6630
9541
6966
4907
5371
647
2464
2827
766
4506
8886
637
6238
5296
8415
4498
2727
4378
2206
3663
2315
3691
2370
7684
1131
4745
1802
6643
2258
7754
7540
6013
9442
5034
4785
8324
3968
4668
1665
1543
9266
7906
6070
1905
3715
3134
7463
4906
1218
6678
6635
2983
6932
8378
5164
2859
3614
2970
1060
1076
6002
3629
4968
4140
6121
8030
6561
3336
1833
8636
7258
4174
6077
1756
4333
1928
5427
1889
2869
193
3013
9097
8539
8525
3055
4960
6182
7566
7619
1478
8734
5258
7931
4196
4720
4491
5286
1104
1531
4697
1470
5750
7301
4513
453
3557
7812
145
5459
5585
9652
5544
8692
8197
3558
7053
1752
5719
4723
3266
7597
1784
1844
1529
1574
3679
2921
5774
2406
7618
9578
6533
2300
8451
6311
4504
5131
8009
2465
3077
6846
96
4353
6205
3443
8069
3866
1603
4031
9351
4549
1492
6428
4522
8727
7231
7383
8567
8934
9750
3775
9423
3471
2943
5670
2002
7883
5808
5621
7262
6893
6727
917
4318
6580
2249
7905
7656
6640
6131
3445
1314
4956
7676
7583
4488
4618
2230
2550
653
4911
499
5022
1607
9085
5711
6645
1424
5501
3669
1833
2203
4142
5208
5927
8000
1289
2939
8144
8731
5748
6103
4008
4123
3075
1675
9314
5210
8280
4018
3395
738
1803
3085
2377
8609
638
5270
8271
3863
3263
3728
2967
5226
3513
5418
9148
1816
2514
3421
6746
6880
6703
730
2262
3128
7300
3492
6714
5221
2214
6496
1435
1998
7876
9649
9779
1097
4355
5011
4256
4381
3188
9496
4017
8675
938
4938
7105
5814
967
1965
7269
3120
4253
4841
2314
4498
2654
3275
3952
5889
4419
1521
4164
2163
5895
2567
3980
4753
7157
1545
6894
6378
1021
5820
1878
1439
4302
1168
4134
6404
972
8408
2394
9505
3612
3726
675
6886
4938
6142
9082
7799
3040
2559
7793
2984
4575
5323
2122
8348
1488
5848
6803
8979
4446
9399
1582
9914
5886
2902
542
1595
4638
2243
4908
