9447
1283
3142
9121
845
7851
902
7177
1360
919
8812
5616
5718
9341
5333
9033
6503
1263
5741
3903
5303
7677
3371
4950
1060
2471
1739
545
8604
1788
2792
5123
1846
5385
1469
7172
3076
3054
8339
1431
1341
492
3673
5721
7004
4804
8461
8716
1875
6280
852
3896
5152
2289
6526
8748
6344
5566
3749
1903
6277
3710
9001
8804
1769
6381
5046
6152
4830
5157
8743
6451
2985
5499
1764
6184
1971
5062
1359
8018
2256
9126
4517
4859
2497
3122
9276
6880
8459
7131
7487
2948
3789
2848
2144
7436
534
4300
788
7710
5170
3005
9946
8127
1786
6233
9195
8725
7068
721
3073
2089
5248
4094
6394
4954
3370
7081
9181
3851
5187
4788
8242
6376
7808
8706
6023
1348
3646
5710
4720
1806
6484
4955
4647
1632
5930
6779
2271
4168
4940
5937
2373
2423
5557
1769
4926
7080
8893
7937
5820
1152
3200
9039
5806
6211
172
1521
2112
7912
6428
8537
7798
1815
7639
8231
3661
4918
9313
9289
4724
3662
5731
2644
6568
3061
6779
3083
5494
3395
7923
8442
1174
2473
5869
8748
5877
5037
5990
1973
8728
2345
7181
2179
3587
8285
5654
3467
810
5039
3303
8958
9017
7839
9418
7463
8705
9979
3813
5742
3798
4948
9317
6335
2375
1786
5323
2988
3686
2394
6722
4450
6019
7580
3670
6709
2454
5923
2383
733
4710
3519
5809
1098
1987
7027
2718
5578
5754
1296
8482
5870
362
6149
7742
6059
8204
7606
4992
8550
2175
2050
7940
4408
2251
6932
9018
1155
8661
3325
4106
3922
4956
4200
1055
5139
6570
1078
3612
152
4895
3576
7166
6194
1717
9173
4022
8366
424
5600
861
6291
3807
8219
7377
4885
4515
7062
441
1597
421
7339
3499
8462
5381
8154
5669
2205
2753
673
7226
9081
969
5043
7083
2295
4457
6295
2791
9325
1705
4359
9198
716
8058
4127
5534
2391
111
6194
1521
9302
3770
5329
5552
2169
7355
4184
9196
2753
1249
7475
4370
207
1351
971
1263
7235
9087
293
7632
1401
6379
2796
3127
8668
8135
260
2418
4297
1791
5221
5039
4088
3279
1073
9621
2835
8987
2104
8167
5621
3888
4306
2754
5687
9432
6204
1775
7600
5196
7377
5138
4013
4563
1668
4903
6480
1214
4012
8737
3531
1399
2508
7444
5233
1958
4304
8394
7332
3890
1509
4507
2815
2028
6975
1660
3225
3427
2122
2014
8099
1813
5479
5143
735
5261
6669
4110
2951
2782
6536
7109
4591
9158
4476
6766
2115
2318
8622
6021
6233
8661
7767
5434
7214
5411
4770
3854
5322
668
1536
4294
5450
4563
2003
4185
6239
3646
3823
4825
2911
5679
1020
5490
5791
9576
7150
1593
8484
4618
132
8112
7352
890
8352
2044
5468
1738
8258
2337
5721
6970
8262
5069
6981
8303
6335
8756
2149
5863
6322
5745
3593
2731
5426
3915
5941
3065
8059
6080
5471
5178
5015
913
6395
4922
6705
8909
2764
9898
6053
5600
1355
5481
2178
1903
4808
4363
2774
9874
1985
4794
3485
5880
2907
1347
7245
7600
6291
4445
9774
1803
907
5790
4410
638
5941
6277
3267
4410
5183
2189
5338
3345
3210
4961
1593
1931
5849
4625
2768
7507
7735
4709
1748
9531
3334
704
2719
6847
7895
2804
6557
3975
5604
7963
6102
8849
8088
7194
3384
6262
2107
4701
1070
1994
5790
4772
7595
1052
8038
4737
5260
2430
4520
8859
3648
386
4673
8504
1087
3797
1702
2806
3713
9253
1396
5322
1018
5398
3614
6587
5019
6505
2588
7882
9565
6341
1295
1835
5341
4073
1557
2100
5087
5493
6631
6831
2371
8104
7341
1168
5094
5608
2437
3030
1747
1722
2086
7028
4269
9261
4368
7638
7995
1711
312
3853
4842
3460
825
2036
7381
836
5105
4249
2411
7539
2977
779
3023
5379
6143
5842
936
1161
264
6885
6893
2845
3244
6248
2123
1360
9139
1442
7973
4978
5745
2782
5554
3786
601
5946
7780
8706
7862
4096
3374
1483
9158
9780
6933
6119
9119
8765
3732
6209
5914
4851
2906
8460
1681
9210
5885
7630
5624
1220
3631
6916
4701
7160
8532
4484
8185
3828
6200
5910
5099
2217
364
1907
1957
9231
8314
2657
9716
4031
4463
6672
8028
7412
5895
7001
8372
8107
7850
4551
6961
6592
6203
7334
3839
8524
7213
1880
1745
8053
4373
4045
7795
7797
4356
5506
7708
2564
6539
2111
6559
7224
6165
1189
9722
7577
2428
3954
5801
9518
9097
5569
8659
3111
1629
9478
6346
5816
2644
4470
1875
6024
4433
596
7399
4106
713
2730
3306
9215
4682
3245
5546
4953
362
1243
1325
5783
5936
9747
2928
5837
5508
9064
2021
4148
6016
5791
1009
3897
4984
6497
2150
2259
2401
3460
2243
2620
7802
6668
6600
4558
3547
6394
8162
4110
5613
4537
6032
9530
2584
4592
8561
4403
73
8979
3209
1986
5164
7286
2172
5343
1224
4612
3146
1337
9290
8337
4161
3846
6200
6392
2806
3089
6118
3624
7816
546
3435
6663
3398
4461
3430
5514
4826
5237
3740
3644
2782
5663
9145
9134
5555
6190
2462
8963
8971
655
9848
7238
7296
3452
5144
8938
9393
7887
846
7558
3984
8506
8269
4920
3661
5966
6168
3929
6252
7815
6677
4581
2961
6437
9177
8301
6884
7887
3182
363
2917
1504
7000
1101
8198
2018
3417
9246
1573
5012
3442
3528
2632
7888
8333
8299
6308
3818
6685
6897
5013
6355
6451
2284
8670
5201
4387
2137
2824
4717
8178
5818
9216
7161
2500
2732
7177
5902
4680
3883
409
9694
4298
6222
4773
3932
6393
79
1412
4488
4254
464
7084
2205
6434
7042
9222
1472
7186
822
3024
3220
8391
8413
5028
5151
5593
3808
9301
2099
2955
5702
4824
1765
4279
1261
8598
3708
6965
5480
4021
7334
6977
3967
832
8518
4300
2979
1209
4915
778
7501
4659
2826
6859
5543
8505
4095
7155
1060
8227
4225
5319
3920
1519
3475
5362
6191
8011
3513
3381
2586
2237
2228
3633
7613
3628
3137
3470
98
1655
9645
4147
4500
2054
7321
4678
4143
9092
4378
7179
1926
2999
2066
6558
7356
2748
5848
8374
9440
1082
9408
3684
6206
1020
7427
5776
4323
3856
3501
1725
7096
6029
1993
3639
5589
3216
2853
8340
6320
9771
7256
9726
9596
8314
5559
4421
7477
7259
3483
4644
4441
7627
6985
3560
3256
2718
1861
6496
3474
7202
6700
9033
5506
8667
6297
3775
6767
9161
2640
2998
4527
5899
5763
3611
5450
8463
2827
4803
4436
5295
3286
4681
2273
7419
3210
3546
7555
7561
4509
8364
6262
1524
4064
1616
4175
6127
9340
5714
6669
5870
5481
7892
6739
1815
1051
784
6540
3348
7004
2654
4649
3041
6031
7418
1130
652
4836
5364
6847
7461
8850
492
3215
3495
7676
3552
4152
2680
7911
7263
4423
9204
3471
5028
465
8155
5782
7404
1347
7685
1836
2160
6321
2766
6046
4124
5800
6698
8541
5005
7013
5965
3057
6143
624
4557
5880
6245
364
4112
2445
3746
8071
2344
2161
1064
2488
2491
5100
8305
827
8493
5271
7145
3553
1284
5467
633
4360
4764
2343
1396
1730
5081
4604
5275
1170
2997
169
6475
6020
2207
7205
2527
2358
4253
5813
1628
6292
9154
7384
4825
8202
7991
792
682
6977
2353
558
9502
6455
682
117
3328
3155
7559
4008
9214
3997
9244
8857
1318
4947
8546
4032
2713
9215
8376
2962
6829
3735
5697
4551
3538
3762
6765
2528
929
6122
8070
1788
9477
6489
3630
5165
3828
2701
9558
3370
819
9358
2524
6054
4412
5874
2165
1515
8817
7994
6877
9191
3465
6493
6369
7849
8054
6888
4367
2647
6451
2179
9412
7356
2904
7365
1915
3506
3163
1324
7199
1341
2427
2052
6938
4227
8062
3732
2108
3458
9464
7431
6128
6169
4750
1692
2197
3021
5849
3794
9244
273
5093
7336
8362
2205
9772
3971
9367
2485
2891
7478
1371
6865
2413
3823
5965
6802
4093
8356
5279
6317
3936
2842
8495
1642
2591
7795
6320
6437
566
7762
8382
4041
5577
4785
5296
7024
7063
8061
1441
3197
2779
3627
2477
8375
8908
711
553
9679
7013
7178
5558
6273
2378
5868
4430
4901
3590
8188
3818
1136
801
1590
6678
3993
2880
2997
7381
4357
1139
5038
8733
2732
4191
7669
7248
994
6467
7127
8226
3775
3275
7076
6224
709
9559
2405
3925
5871
3665
3069
3921
5615
8385
7184
4313
221
2801
2457
7204
4126
4801
8965
4954
5331
1478
8540
8920
1647
6752
1067
4406
2363
3280
7377
1889
820
8499
4868
9814
6774
7200
7159
3931
4926
6815
7713
2763
2282
3755
7231
6863
5883
1005
5454
3847
9036
2196
4792
1713
2165
690
1026
3584
8574
2699
8536
9247
2403
6126
8874
6751
3076
3862
1943
7973
6104
5076
5452
4732
9826
1418
2855
8193
7240
2096
4358
3331
3962
9152
4115
9823
8329
7133
7187
9520
9686
5286
7190
7575
4099
1853
3774
2684
6366
5760
6016
7466
5475
6416
5784
6076
6727
5869
5187
6596
7534
4225
9149
2602
7974
5888
7353
1518
6106
674
4309
8383
8807
3432
3378
7479
1949
2884
4690
6099
3147
1248
3980
4005
4748
4587
2987
3764
2458
912
6391
6414
6231
4436
6298
6846
8312
5115
540
4862
1763
6723
2888
8322
2673
6978
3481
7997
8377
7915
5649
5125
478
622
528
7743
7332
6842
8931
8647
7451
8830
9775
6435
6878
6333
5723
4655
313
1204
1742
7858
3633
3499
6585
8462
4033
3500
6561
675
7010
5082
7238
6540
7963
1420
6120
3906
2972
5640
345
6193
2821
7548
6611
7517
6227
4837
4378
6271
4792
572
6330
8972
6061
2875
1765
4902
9699
6307
3776
2293
5293
6204
5629
7824
5552
7845
7285
6470
8010
6615
1281
8102
8837
5722
1598
4301
7507
1783
4509
8526
5253
7237
8138
5919
7862
2479
1602
8638
7604
9110
6132
7460
2760
4941
1314
6084
7884
5305
1946
6621
8087
5997
3278
396
8608
7488
4413
8812
6577
2941
3400
6325
7060
605
6309
5641
8412
6976
7622
9051
4095
1040
2884
3654
2343
1112
2064
2309
5015
5424
6663
7416
6281
3347
896
9530
4851
912
6418
5198
5665
4031
6442
2316
986
9866
1808
235
1255
9894
9754
4243
2022
6638
4010
4966
6441
1557
7075
5016
3105
7642
4602
6847
5344
9071
6878
7507
1436
5637
4496
7627
4446
5420
5067
7499
273
1213
3543
6077
3129
4713
3224
8568
1965
5231
5264
1787
3945
8979
6700
5234
5129
5537
3599
5977
4732
365
1606
3240
9177
6075
7745
6423
4848
3651
4446
8896
5378
9436
5488
3888
1458
6332
3734
7413
9311
5931
8052
6192
2853
6938
1291
2988
4791
6663
7747
5050
7059
3311
1382
3978
1075
1955
468
879
6087
2849
1219
5231
2230
1989
8295
7182
5408
960
5766
6267
1239
1873
4569
3088
3609
3071
2052
6468
8015
7577
5443
4023
6364
5408
9029
328
7951
9096
2293
6476
9109
307
4357
4909
133
6673
6986
4712
6810
3001
4617
8442
9908
1268
7992
2518
582
3834
2177
7943
4353
5630
5222
3520
8829
3383
3366
2671
7015
1744
6795
2281
2651
7484
8493
5124
9198
5695
538
5067
5821
4415
7927
7081
3079
1910
3060
8070
3001
9108
3064
6713
9654
6849
865
8396
3850
2001
5111
3972
4358
7932
3926
5471
7827
5804
2959
6391
5595
1433
5078
7009
1296
5822
4420
8376
5978
111
5202
3751
3397
6248
8352
6166
5381
8254
5502
8566
7400
9397
6902
4354
1471
3115
3776
929
8484
9641
3953
7649
6894
4934
6253
7992
6764
9649
5396
9754
8044
8631
8556
8090
9274
6139
3200
837
8443
6812
4530
8670
3039
1953
6627
9738
6044
4843
7774
9828
1801
5833
1847
6272
2334
6386
6191
4816
5889
2053
5889
4444
7598
8326
3464
7343
5059
3178
6520
7782
5781
6483
762
4882
4839
3944
795
5798
4711
4539
1116
2518
4635
2512
6826
5683
5731
5883
1747
9007
763
898
1820
3018
9836
8526
4904
5036
5381
7128
7820
1769
2508
3647
6557
7579
5574
8217
6018
1159
6414
1675
3629
8952
2907
8084
4140
242
2723
4347
2671
501
2886
2643
4614
7441
8267
8308
3318
5847
4233
5853
3432
6743
1767
662
3717
6900
8277
6339
6397
18
8733
3724
4461
9440
3385
2967
4908
5349
4979
36
2887
2005
5349
8965
6630
6770
5946
1978
709
8946
7207
3835
839
2126
5077
7063
6325
9186
6162
5810
1085
3623
2831
3983
5443
4795
8282
2043
1452
1415
1405
2719
746
7996
3410
7411
9298
611
5661
3730
1017
5966
3275
7218
7838
2694
2581
6854
7540
8532
3300
4179
5105
4506
6314
6838
3213
6998
3359
7315
2509
8025
8485
5849
3441
7798
7410
3509
567
1497
2850
8603
7628
8092
3288
1681
7547
3763
3710
6599
5385
8264
6354
9709
7499
9467
6125
7292
7473
6611
5337
7631
9618
6404
8321
1466
3293
1067
7934
1490
1979
3706
8676
1248
3712
7686
9798
5935
6483
7621
7315
3385
4840
1646
7216
5445
2457
3906
8073
2004
4754
7497
4578
4697
3831
7278
3640
8217
3300
2124
1133
9510
6776
8154
6591
5056
906
4015
4535
7597
6796
5400
6951
11
6908
7615
2036
6350
8124
7013
8844
6374
4706
919
8322
4534
5047
9028
3448
7456
3268
2131
4886
7383
2748
8303
5240
5474
1979
7870
7302
7028
6172
6843
1011
5769
6745
8741
6620
4643
9063
7100
7659
4004
1945
2533
2959
9149
585
1489
3336
4732
3195
7782
8925
2322
2833
6440
9257
5909
4034
8630
6047
4893
797
5368
4020
2128
8078
7576
4646
8017
8346
948
5078
8651
2181
5498
8210
5182
5476
8367
6085
4445
4974
4394
6018
9397
4666
2940
9125
5508
6127
6494
9861
5260
3638
6636
3907
4586
3030
4154
3260
829
4024
3914
1027
2824
5822
5240
8080
6582
2815
2382
1526
7470
7588
7176
4564
3218
6588
3378
4203
3771
4041
6229
3458
1624
6215
4998
583
6188
1312
8326
5094
2894
4396
6626
165
1008
5971
605
3129
1950
2271
7074
3720
8024
1691
5241
8672
9254
7247
4118
3919
5722
2771
2791
1302
7954
9980
792
8865
3487
3744
7006
2586
5115
7328
3816
4200
6974
4075
3179
2277
6099
5629
2878
3576
3298
2545
5006
4752
9597
5811
7653
1934
8590
4623
4440
6173
5621
7658
1997
2256
1535
3838
5813
4439
802
6895
8880
8680
686
5715
1420
7860
5820
4337
5414
4470
7224
7611
4949
7718
3753
4424
3332
1457
9012
6469
2640
6719
6623
6842
4667
8049
1747
4449
7509
2708
2570
8840
9012
6764
8618
7006
5890
8289
9126
7257
1453
7356
9148
8281
1677
5905
185
8914
4606
2599
8803
7053
3803
5116
3128
7818
4642
7297
5760
3281
5586
8889
3294
3567
245
7842
6188
1527
414
8243
6255
3698
2373
2447
3260
9119
5986
8936
8035
7020
7543
7495
4896
6414
796
6221
2404
6151
5089
4141
1301
2025
2184
4378
2756
5114
2715
7162
5026
5689
8659
5778
7785
9051
1637
5183
3883
5981
1080
8293
491
5856
4793
3008
8781
5388
1087
4915
5186
9247
6131
822
5872
1671
5221
5317
2600
748
5544
2978
621
5456
1506
6025
8458
1832
6783
1163
1285
9179
3096
976
7549
7382
5200
6640
6359
290
5255
9614
1882
840
8853
7642
5369
1137
5713
1605
8075
715
8169
2735
7965
8861
4769
751
2573
6288
845
2861
4319
1843
9352
3696
2464
4773
5341
1105
8452
5015
7133
8032
1101
370
1910
8679
2153
3681
269
2482
5824
5193
5754
6925
7483
3737
8624
6075
8949
2510
8442
3341
3521
4154
5238
865
3573
4591
6619
3671
1702
6925
4134
8268
7604
8240
4835
9704
5432
6574
8903
7823
9418
2073
5893
4859
3344
8976
5422
2736
6258
3853
9525
9097
6153
5986
5169
5543
356
7994
8928
3238
5114
4889
4276
4615
3338
2655
5496
6526
3472
6942
3171
5534
7796
2547
3827
912
3851
6415
1073
4749
9907
2986
799
7268
5465
1931
6720
5160
6620
8899
6214
8976
2863
1331
6280
8899
6513
7408
3459
61
5778
5620
3276
3334
7034
2468
9069
5394
6970
9672
6104
157
3814
1045
4398
1063
343
9264
6665
1884
6810
7319
3239
8253
5306
4012
7102
127
2818
4785
4604
3407
4226
3725
685
8852
1841
6083
6285
5430
1953
4744
9409
7214
622
5570
6653
6877
5132
5956
7338
3581
2056
4483
2190
8759
7537
5577
2963
2405
234
6972
6469
9776
2896
7121
326
1794
6353
9145
5695
5812
2301
2696
6368
4063
3184
3474
7049
307
7123
5674
5884
5434
9591
6609
4478
5001
431
5988
3740
6837
575
7550
2648
7604
9689
1329
1083
3897
5708
5835
436
7297
832
2116
4350
2794
4355
5917
7009
1137
1109
6632
2959
6500
2317
7538
6828
1479
2394
7601
8938
8900
5408
5402
1649
4676
5777
269
5586
4927
2161
7795
7538
6292
7174
5900
1181
3979
2887
8318
3918
4493
4429
4184
5973
3156
4117
1207
7030
9344
8358
178
1891
6379
9238
1850
1216
3367
2363
6187
3880
504
3705
3183
7524
7472
2964
4687
5360
4323
3843
6875
6170
4745
3756
6795
7723
2025
4881
5824
886
8452
6535
3104
2821
3632
5743
3975
6192
9300
3922
7652
728
6257
6939
3186
7620
3742
3707
2516
6728
3742
3352
4426
4285
1896
5314
3116
7495
1483
7138
4975
870
861
1509
5171
6016
5509
8943
3868
7234
3700
9207
3227
9251
4252
4384
2588
1403
1496
4541
4541
1662
5129
4196
6868
4125
1869
6166
6320
4041
6883
8542
7410
4811
2795
6788
7975
7021
2376
8336
6824
8648
3698
3669
6737
4994
7018
2965
1149
3923
863
9730
2096
3260
8189
2525
7516
5906
1866
3633
6227
2293
7289
8469
6717
5447
7343
3980
6725
4535
1308
2759
8824
2615
3317
7088
1301
2360
5383
4675
9566
4145
8245
3601
8655
4300
7478
2585
3929
699
1218
2841
7911
9679
9697
2568
7511
6538
7550
4375
1492
3840
4437
3229
8306
8074
3730
5571
7282
3973
7656
9524
2158
705
3900
2227
1296
4987
943
7769
3266
4430
239
9299
8876
8871
4744
5620
150
2556
3804
4444
7678
6688
2252
9719
4477
4188
9068
3833
6311
4196
7089
3276
3723
3295
2613
7783
7877
7167
3574
7166
3870
2934
3755
2481
5685
1581
7939
3532
7970
1570
6107
8391
5767
3897
5703
2251
4975
6381
5995
5864
4311
3787
4980
8962
1776
4741
8048
8947
7443
9634
5435
6263
5745
5515
2874
1436
5046
4125
7271
6590
5663
8888
4332
3034
9233
2072
7786
7011
5195
3537
4476
3832
5677
4965
6879
6437
1801
1695
1739
3232
2189
1860
3581
1692
7447
9468
974
8657
1433
396
3987
3347
9585
3591
2229
4178
5085
4791
8827
9211
3842
2354
6586
5805
6974
860
5347
2009
3965
2551
4490
532
4527
7630
3813
4186
5258
6515
7999
4436
5723
2058
6505
1544
6534
2466
705
3204
9530
2176
5092
8413
732
7329
4414
3518
4843
7749
9340
5344
5372
4015
6315
4969
3193
6070
8398
8628
4570
5372
4451
4130
3312
4346
594
7581
2026
9660
9090
8927
2297
6896
4993
3927
7881
4125
1334
2604
3153
9554
2768
2740
4464
7620
2788
9150
5581
2388
8402
4473
6017
7450
2317
7211
8636
9216
9171
707
7192
853
9157
7669
8215
8457
8833
8202
7336
649
8495
4762
5109
5996
8558
5218
4810
2084
2274
3311
5257
8183
6476
7929
4846
1483
5560
1614
7649
2680
4492
5532
1918
829
7899
2775
5543
6835
307
964
4813
6592
1235
6874
3659
1897
7512
3804
5220
6694
9411
2623
9742
6953
9114
651
1142
8533
7019
8617
1660
8354
7722
9137
2791
7181
3291
68
6138
6664
7841
6139
4503
4496
2842
8092
5642
3665
5595
7062
357
9641
6444
6291
5071
2498
4341
7642
936
5324
6040
5578
9088
8246
3492
4863
6844
1920
5046
8622
4032
2850
6211
874
5069
2674
6591
5030
4189
4990
5587
5929
3595
5721
959
8039
7709
7677
2359
168
3802
4902
3839
6180
1265
4314
331
5236
9345
5464
9505
5714
6287
3721
5779
4928
4564
541
4212
2923
1494
9521
4004
5343
7927
1940
7309
2740
4008
3745
8694
6537
4608
7891
8227
1432
2973
8461
1696
2238
8337
1863
9416
8943
6026
5506
5173
5979
4751
5752
5950
6267
9559
3480
3737
428
4124
7889
8087
4709
655
2175
4803
5755
5791
374
6251
5881
6675
1072
2429
2808
6570
839
6389
3501
7884
2827
735
3093
8052
219
6524
3150
6299
6822
7731
5570
1280
1040
3328
4718
1085
8151
9712
5890
1611
1111
4200
2035
9106
5119
3191
6613
3469
2676
4153
8511
6718
1579
8000
6967
1481
1246
4734
1237
1377
9542
3914
7768
4012
7939
4779
2973
5567
4664
8239
7686
6533
7996
8909
773
6841
8291
3100
1265
1659
5140
8462
7137
5143
7922
501
4882
2424
9468
4164
5736
3181
4594
371
5127
2443
9040
9110
3552
4593
5520
7996
7619
88
9376
3661
4635
3958
7640
4106
3780
4998
4310
1561
2553
3826
5169
6760
2401
1818
3709
7791
6927
6461
2684
6928
5865
3961
2513
9549
7046
6461
5079
7873
2363
4620
6741
6349
4641
9764
4247
7612
5954
2964
6148
9751
3475
4154
5759
464
1669
1649
5595
1456
2738
2725
2156
6146
3397
6487
3405
3623
1143
7928
3188
1860
3187
4817
1079
4551
205
1569
388
4006
6427
1483
7378
2905
3087
9232
719
3429
5030
827
1533
1895
7961
5897
7644
2213
8425
7926
4580
4439
3413
2539
2700
115
4310
4642
705
2691
2563
4020
5447
861
2034
4812
5554
3351
685
3525
7458
3942
7635
3139
694
4036
5609
6091
6778
1480
6609
4392
6772
2143
530
815
1917
8189
6164
6851
6827
7870
2871
5225
4169
6626
3589
2534
5880
9057
8905
6049
5867
3063
1974
2865
3938
2228
3436
5814
44
5542
7649
1350
4098
4377
6268
7304
3942
6291
1814
2909
2703
1789
7190
2034
3835
5851
9187
3152
3917
828
7717
9768
9123
7638
3545
3403
6397
3480
7270
5438
4459
8234
4439
5077
8450
6351
4875
831
2971
5162
3473
5534
1751
6599
9120
7754
4469
987
6852
4285
8167
5172
8348
5881
3555
3303
8963
8613
4445
5297
4392
4003
5330
7853
2118
6882
1037
1264
6746
2674
3625
5745
6446
5199
4770
9553
5098
2401
8608
7249
1399
3763
4516
1731
835
6120
874
3657
5910
5746
8490
5760
6209
5833
4713
589
4768
768
4748
7080
4423
7977
5931
7981
5669
3585
2567
8805
2833
2667
4320
8673
4394
3909
3163
4310
4073
4121
2207
7604
6411
2327
4136
9469
368
2040
8532
1351
3398
1985
7120
8471
408
8392
4765
6917
1698
2417
585
5696
4545
2332
649
7799
7238
5055
453
4670
8559
5564
8989
2035
7240
1265
6046
9114
1871
949
9336
5107
2635
4986
5646
6461
8873
1637
2325
1250
5787
4113
7144
2149
8694
9971
3986
3626
8534
2661
7600
6216
6028
4576
8973
4414
8477
3517
8226
2916
1556
4218
830
1089
6799
9783
6989
5361
5646
2500
3985
906
7162
3758
154
6396
6614
2425
7017
7321
1758
8820
2659
7178
2498
3472
4806
8947
4839
3933
2756
2833
7458
5165
8257
3689
3104
1735
9500
1664
1720
1907
6549
5965
7259
4334
2478
2243
7619
7825
3577
4861
2480
1208
2044
3660
8154
7890
9618
8983
4810
6111
2219
1075
1795
7910
8632
123
1233
1759
3509
9123
4561
5701
2887
6364
5419
7555
1919
868
1969
8796
4496
2901
17
5098
4550
2224
5038
6685
4336
3042
8723
2873
3763
5235
2257
2115
7595
6923
6498
1513
4746
6678
1878
647
6381
5820
9231
5312
5608
6474
2223
8359
8034
5765
7676
9929
4458
2704
5042
3459
3671
6547
5535
3799
4657
7068
8387
7289
796
3964
8522
4306
7479
5583
4928
1005
5538
9727
17
2840
4997
4050
3251
3938
3800
2571
1480
7129
7458
4757
6726
8096
3854
9301
4649
6448
5351
5569
2080
7916
8051
8170
3086
7108
4523
7615
1065
3315
9279
6889
3174
6876
4189
746
8332
8120
2892
1613
7173
7089
343
2366
5729
6059
1469
8811
3538
2503
4408
7274
1380
4056
7749
8650
6579
7014
3422
2592
4895
6048
7930
1049
8133
7890
974
5586
131
3646
877
7774
5169
5885
7259
4828
2678
857
4687
3220
6573
5275
5432
2090
8216
3479
2671
3267
1326
7834
6036
6436
6703
6446
2112
8093
1227
2782
7327
5075
2063
6095
4605
7556
6116
1886
6734
4545
5894
7060
2725
7865
3749
6817
9810
3984
5235
1103
4511
4177
6452
6387
6287
156
77
4132
2358
1590
3366
841
1306
8903
6841
5046
7431
3653
6655
7135
872
9260
4033
6432
8145
4564
2112
8646
6793
6972
3812
3700
9695
4196
3078
1160
8245
2653
3137
3783
7101
384
6317
2112
5419
4138
8399
8908
3679
1986
4387
7571
5653
8668
6384
3645
5347
1788
7846
5930
5614
5329
6777
2116
3763
6745
6055
2945
3899
6439
1266
6726
2617
8551
3122
4664
1539
3629
7873
6354
1202
3964
9752
4497
7222
242
4348
6671
7164
4197
3542
679
5209
3054
2434
3560
8345
3339
2566
2664
5268
7963
6774
7617
6163
1261
7751
1967
3071
960
532
9655
6256
1821
3990
5934
1430
6593
871
3516
732
1323
1401
5756
1475
3897
6892
8017
2849
9748
7483
6421
1360
966
312
9894
7493
6862
1994
2858
8128
7555
2215
326
2310
9348
8371
3963
6312
8132
6130
3900
2018
5310
7777
4221
5277
1856
4545
2021
1882
460
5511
705
7001
549
6654
1715
8622
4097
6838
8410
4280
8676
9862
2692
5825
7447
1407
5810
8994
314
3316
7035
6593
8199
5807
8464
8431
55
2778
4865
2886
5241
4794
5887
4485
7785
8542
4547
8706
4383
8447
2706
4354
2201
8079
9216
3392
6984
170
7362
3607
4252
5520
8348
6378
6684
5479
4264
9054
4602
3156
7874
4576
3594
4719
7161
8225
8489
2666
728
4394
2124
5800
2262
4785
1794
1365
2047
2921
8822
3570
3262
3753
2619
2175
7062
507
4896
6118
2990
1958
1630
7550
2388
7144
8456
6512
8048
7862
2553
8842
3732
1708
5929
6867
4457
2238
8098
1246
8017
8499
6306
2975
3097
8096
7657
6749
9646
3991
8895
1809
9068
7187
5594
1944
9471
8577
6486
3820
181
9349
7605
7790
6515
8168
6058
4435
2215
5876
1765
5653
2340
2052
7525
3090
8655
5933
853
6274
2871
2691
3562
8212
9679
1855
786
1716
736
2035
1245
6352
5222
7193
6928
7927
3776
4488
7384
1637
1951
6005
6751
6709
3876
4793
4683
7586
4332
7531
2354
1780
7013
3608
1283
4460
4294
8993
380
8162
4261
6365
5289
2220
6209
2137
8595
8464
1536
4338
4058
916
6623
6004
3295
3872
6085
5120
1319
7330
3920
7114
3880
8881
7195
6648
4404
3843
33
5206
1530
1299
7998
5571
5480
1171
6871
8074
7073
913
4986
8945
5676
9371
6303
4604
9452
2860
1850
7812
8919
2074
6215
3578
6585
9742
2821
5276
6074
3327
4959
2123
1305
634
4367
5603
4176
7887
8788
3694
9309
4482
5568
6302
9533
9287
2496
356
1070
6922
9498
6225
6349
7273
3504
5536
2773
7746
2661
5171
2243
8183
9337
3924
1543
6447
7574
6379
2800
3867
4839
8262
5414
1677
1546
5076
6242
3261
9539
7575
4203
8090
3579
3622
9288
429
1744
8363
8463
3928
4727
2807
5741
643
6455
8044
2552
8057
3443
8038
2447
2156
7635
2540
1723
6795
907
2813
4167
5456
3002
4979
5381
2281
5931
170
3979
6732
4027
5736
9088
5458
4159
2401
4307
4377
8751
8572
5925
6846
8217
3914
7480
2330
9594
5497
5832
1749
5894
2401
6127
5342
8001
7070
9069
5154
7301
2337
8937
2020
7647
5060
1801
4572
2873
9302
1079
5906
7338
6186
5781
7969
8130
7513
2780
1037
5624
5977
3930
3567
3129
4730
576
3279
275
2763
5608
8759
3724
1325
4428
2539
3831
6460
8699
5783
7624
6605
3135
5747
604
4130
6015
3178
3436
8850
5814
8661
9932
9221
8260
3615
9056
6444
6342
4566
6391
7083
7405
6507
2729
1856
2060
9695
6831
3499
6724
5830
3227
8520
2869
6168
3358
2999
1236
2231
9931
1061
6035
5475
5380
3088
7573
6135
9180
16
4306
7625
7615
1533
5182
3978
6647
1580
5808
1590
6615
3345
5380
5517
6194
5804
8239
1376
2588
7462
6961
2122
6476
4371
4857
2336
2160
2094
6240
6800
885
3292
2763
1461
2686
6379
9246
997
5812
7298
570
1253
4517
477
6659
2934
864
2515
5439
5493
8982
6420
7962
476
8112
1683
2852
4352
8642
4305
5425
3269
8158
4208
3399
7973
2415
2853
6037
3747
1977
8517
3804
7206
5692
8837
6878
6570
1370
8851
6858
3743
3799
8600
3802
8239
7286
1749
4173
6804
9880
2016
6294
9571
4727
9796
36
2665
7169
5367
5273
5106
1059
4594
5307
2268
4561
2487
2866
6761
2264
5271
8453
3779
9131
8424
1673
8554
427
6534
4769
1531
4131
1507
448
8398
4464
6809
5412
1386
7352
5725
8785
3852
5738
5723
8634
388
6751
6316
8891
2685
5407
4921
8256
7353
3789
6345
6610
1453
5018
9594
7573
2217
218
1609
9351
8417
4538
1820
2771
1477
4734
6003
4184
2557
5429
5861
1618
6078
9195
153
5571
5534
9400
7286
5700
2074
7074
5068
6139
5655
8632
5670
425
8521
7797
5135
1175
8049
5223
4778
2149
5132
7754
3811
5700
8759
6937
5870
9732
7063
5431
5266
4177
1374
6564
9183
4302
174
5470
2689
2873
6992
9180
4724
4150
5614
6321
4963
1456
1916
6582
5329
8256
1936
6188
4569
4062
8894
1541
3388
1144
6796
5664
3890
2643
1944
6504
3149
3500
4929
6403
5275
5105
9565
3701
7782
1113
2667
4509
195
5359
2880
3931
287
3211
4585
7293
1945
2375
1601
3995
6845
3726
2893
4688
7796
7745
4316
3424
2989
1380
8769
3449
3148
2478
4953
4556
7425
2751
9364
9339
7987
1304
4992
3676
5589
1621
1492
4849
9155
704
9026
5454
4443
8832
5218
9812
6098
5666
4004
6239
5709
7139
8436
3950
4774
9035
4803
5462
6298
4081
3019
998
4731
2315
7678
2057
2000
2145
9818
180
5936
5965
8636
6204
4117
3368
9152
3298
3944
5895
4719
8933
2628
6234
852
820
8125
4196
7438
6742
5161
6489
1406
3208
7141
4715
5503
3029
7983
9658
8483
5107
5764
1032
4052
1567
5241
1103
533
3424
4056
7818
9279
4750
5179
7271
7142
762
2665
8887
4320
4945
5040
2590
6017
9316
6277
4101
3233
3559
1147
6507
5217
6613
1137
9257
9431
1534
1226
5711
2002
806
1291
2430
4540
1155
5546
5059
6547
978
1995
8431
4704
5856
6858
5506
6930
7894
2665
5704
2541
7161
810
320
4507
3980
9083
7067
1728
2923
6934
2240
9017
884
7187
7595
6583
2336
6874
3288
6595
4892
4143
3371
8791
5860
3497
6868
7926
6178
8708
2906
2437
3910
1856
1348
4176
6721
4766
2253
6317
3677
8575
9055
6765
7119
1369
3292
2757
6371
7315
8315
3152
695
9136
4768
2018
3546
4800
4898
6092
4890
5177
3865
8740
6109
9738
7199
4942
2484
6152
3214
4131
1514
8270
2159
1813
5715
9663
5107
8322
679
8026
559
7213
7035
4014
5191
5559
7103
3635
4192
4934
3732
3841
5914
8929
6005
6291
6919
1926
6368
2591
9714
4686
6436
7889
449
2975
6764
3736
6177
5663
6242
4659
2857
1574
1143
2567
8845
4666
6839
910
4492
5621
5222
3200
7061
4012
4327
6234
1301
8612
6498
6212
5615
1224
3652
7863
1608
8552
4630
8517
2596
6700
2934
3916
8333
858
4386
5917
6622
3071
3376
8247
1900
1143
5047
8236
3169
2831
5198
5011
6898
3701
3170
4815
3696
1771
2308
578
2606
5006
5716
8810
4887
9755
1802
3099
7548
6474
5900
3336
8108
1411
516
7262
6150
5283
6209
5715
5898
6465
2687
2258
5216
531
5033
7598
5938
6310
9566
1574
9236
7688
4693
6746
9539
4457
2081
4977
9181
3318
8203
696
4491
4434
1270
3076
2332
3503
4346
5983
3036
9108
7944
4412
2161
2169
75
7631
4588
4412
5980
9377
2641
4138
3437
1772
1809
7096
3568
7803
7688
5398
3219
9993
6569
5143
3515
4067
1631
825
783
4381
4531
8878
5803
6647
4795
8667
8762
1754
4411
4092
2691
3491
7172
9555
9034
2868
5720
4624
4409
2168
7737
2620
5882
4536
2355
4527
5222
2583
4367
2478
4321
5128
8645
3173
2132
2158
5017
8514
4912
5381
6775
3635
7370
5425
4178
5475
5407
3949
8769
4063
2265
2842
6172
7494
2892
1832
5699
7369
5152
3024
5250
4459
7469
7081
604
5105
4558
4220
2897
6828
7578
660
8252
8399
6483
1231
9962
7130
5140
9198
4464
6112
7665
1496
8041
6450
5784
8205
2796
3659
6302
3946
2116
2411
1671
1694
7836
5381
252
8198
3867
6296
3903
8135
1420
4899
3739
2222
8898
6007
4106
9591
7310
7676
5315
8828
1660
2892
4674
2193
3055
718
3352
7718
3678
3150
8605
8281
5807
4308
8606
5547
6073
8823
8214
6533
2771
4857
1866
8534
5858
322
3877
4510
7692
7174
5704
7737
6858
6950
4918
9571
2651
3894
6132
1014
9276
9352
7188
1685
5764
9099
4056
4894
6475
4552
8235
3886
5935
5502
4976
329
8771
2181
446
5363
9286
2003
6638
4929
1525
6492
8207
8680
2972
9096
1820
5684
803
1742
1965
3277
5125
5709
5794
9385
4762
1012
3969
8571
5364
185
330
5497
1831
4949
8660
6340
8166
7779
2788
6155
5669
5632
3591
3980
2231
7759
137
4288
7285
646
1819
7418
787
6795
5660
7275
8640
21
767
5574
7783
5114
3182
7233
3301
2587
4259
3619
4750
3041
3956
7340
4368
8706
7087
8327
7706
1510
2992
4023
6433
176
5592
2409
4884
7933
7579
6374
3264
6413
8139
5528
3994
7810
893
6058
4400
4990
7673
7880
8439
3785
1949
5752
2929
7879
1435
9521
4803
2921
4617
2445
2399
4086
2196
6854
7526
4064
1762
2977
8008
4469
7009
8419
2809
7956
755
9802
3727
2308
7318
5937
4472
3499
8518
9516
5565
9783
3876
1501
7224
6074
5990
5880
4701
6937
7278
3030
1277
6121
4605
5419
3862
372
5030
4010
3000
321
9382
4100
2862
5724
3227
3540
3827
2678
7006
7243
8366
4458
4863
5957
5324
8059
7842
7879
4245
4168
5443
2449
7952
4149
3517
6631
2719
4414
6470
9427
3642
8938
7866
5330
9534
3646
2916
5867
9200
5621
5232
3654
8932
7049
6578
8608
4022
2241
371
9071
2635
5687
1903
7959
8685
6480
3760
3286
8817
5221
5855
2469
7457
1916
4691
4340
8631
1127
2548
2601
8624
4296
2773
265
1946
7699
5140
3836
9198
9500
1925
7665
1693
4109
3047
7005
6731
4115
1948
768
6546
9342
165
5924
8856
5973
6524
5697
2307
6169
4452
7508
8867
2062
1317
6899
3295
5748
2520
3773
7097
3569
2276
3258
6296
3619
4396
1336
4400
8937
8622
7447
4282
6602
799
3682
5050
6735
5512
4801
4713
6613
9161
7009
5515
3984
2716
501
8626
6080
5651
8398
3555
3886
7372
4109
8362
9827
1810
3750
1329
8637
3747
9933
4494
2838
9866
4940
5181
2313
5245
1049
2860
2545
8458
8933
9494
8510
5588
8489
4504
6458
8544
1907
4099
5423
4950
5668
2632
6360
9887
2986
5106
848
9939
1067
7742
4938
4107
6838
7104
287
4771
8962
1742
1153
331
8470
7196
4826
3102
8737
2070
1661
3355
4883
2130
2648
7286
5023
1552
6772
2299
7590
8318
4042
8268
8613
6953
7788
294
5096
1724
3268
6470
3898
5017
2922
3979
5883
5153
5724
6624
7976
1074
2680
3821
980
6045
2369
5089
5006
7230
8397
4715
8670
7415
6693
4417
5245
1954
3932
6246
7584
8315
7935
8322
4259
9661
3830
6333
1816
3685
3178
5235
9192
2649
7186
6024
5587
4609
6399
7095
6776
8309
6253
6183
4001
5981
2590
9597
6275
9198
5084
6624
3884
3665
2368
5111
5263
5147
7548
2958
399
4570
4515
7638
1426
1914
6913
8698
6847
2549
6595
3428
6962
9109
5081
7431
5247
3940
5609
4744
1142
1803
235
1400
2510
8989
3995
1761
6526
4152
5274
449
7482
5880
7911
5653
3502
5790
6445
7307
946
6327
2258
8107
7535
1847
483
5818
1142
6642
2460
9427
4607
4086
9095
6953
6241
7001
2555
9492
5381
6406
3803
1310
4689
2593
5993
8223
8569
3898
1092
8543
6558
5635
5219
362
9007
6300
5262
7834
8100
9241
8536
3322
4134
700
7183
4201
6941
3586
7937
2926
7176
5265
6266
6072
3564
5976
5652
7663
3986
9116
6853
5851
4231
9705
9186
5713
360
4303
6583
580
3746
922
5737
3739
1438
7953
9184
8689
5204
2548
5616
3498
8097
7566
3078
7842
8454
4018
3057
2438
4582
973
9111
3968
1783
2770
4405
6694
3491
4558
7041
1958
3978
6614
6492
4698
3998
5192
2553
8137
5936
3519
5287
6084
8216
5152
5312
3504
8994
640
3852
2553
3686
5155
5906
9866
5776
5228
6333
2789
7378
5523
8085
7434
9346
3791
2567
2578
7284
1636
8152
9608
1507
3437
6191
2603
7740
7002
6111
5090
6794
3716
5536
5091
4340
3595
2886
926
1740
9289
9405
2318
4659
7144
8942
6947
6945
2270
9291
4951
2529
3443
4022
1363
5209
8159
3833
7585
412
5951
6208
7998
3849
2517
1578
4079
2390
1664
4464
4872
9007
5442
8769
4836
6210
8762
6191
3138
1457
260
4582
8937
9110
2148
4169
661
7157
2285
5582
9679
2816
2038
3780
3260
3845
6908
1954
7739
1597
7680
6872
3240
8246
3255
6744
6904
8805
2473
1314
3380
540
3058
7337
7144
8549
5493
5257
3814
4857
1665
6818
6493
8017
8323
9112
3660
6769
7
3954
7636
5010
7722
5564
6246
2244
9016
3560
4649
4243
2448
4699
7908
653
8887
8299
3119
4065
2924
3581
8349
7828
5619
5294
7296
1015
7514
8116
2476
6279
6063
8406
7663
2033
5016
7082
7424
5918
6525
5034
5777
7389
2511
4505
8201
4182
7502
8266
9642
7122
564
8183
3717
6618
3596
5582
8759
3492
6536
5689
8119
5760
2748
6017
8218
3905
9265
5432
4619
6105
2824
5688
2222
7387
7521
1478
3368
7156
9069
1845
5068
5803
2815
8239
2817
442
818
225
8870
5947
6641
7402
6365
2770
6351
2718
4854
4670
7196
2155
8088
8903
6467
1764
5452
160
1712
2956
2059
8200
6886
4189
6366
8809
2858
5024
4641
5974
162
8810
9218
4319
2644
5215
7479
9630
3305
7225
8189
6246
4887
2509
1811
6252
2606
5394
8698
2291
6523
807
7502
112
8252
6037
3328
960
6512
4650
751
3987
5396
1306
6592
5615
4373
3355
8507
574
9135
6590
7117
1450
1165
4765
9643
4695
4686
7330
303
3095
3657
7985
1606
3763
3195
6632
8229
3119
8148
5189
9014
1917
6437
580
2460
6992
6446
4978
5356
1783
6174
8784
2197
3924
4972
7207
3190
3710
9395
3986
4375
9062
8355
7259
7396
8075
5215
5518
4971
5753
8775
1516
207
5741
8193
2217
236
6891
7751
3509
6625
4729
2048
9606
3677
8483
1241
7580
6274
125
511
9615
8954
7728
770
9305
4700
9311
2886
2304
8604
7769
2332
7658
7980
2293
5821
9869
6840
1215
6292
3439
4185
5292
3379
6072
2251
3063
9305
6952
9542
8344
5574
9577
5046
6877
924
3311
9085
4891
733
5922
4677
4019
5817
8735
8502
2574
129
8273
7066
6580
3659
3479
8239
3296
3597
6810
8036
7394
2898
6943
8892
3290
1785
1505
6030
8706
6812
8598
4763
4032
5332
5079
7813
3426
4604
9477
7035
7513
5321
221
7713
4904
8828
7665
2633
9601
6648
7223
9169
5082
6042
4842
5806
5140
6798
8018
1552
3360
2655
4024
5740
6238
2887
3152
3981
9149
6856
2315
4914
9315
5847
1847
4910
511
5044
6647
5729
7339
591
3025
4316
4343
6769
2797
4986
3184
2234
8282
2469
4557
5695
6772
3031
867
4959
6510
4814
3860
6491
3561
4361
1324
5142
3582
6175
7073
1824
2956
5364
5051
6651
7684
6156
6700
2139
9749
8596
8884
3974
7665
2673
5230
7108
4651
4441
1517
1709
5320
9566
9212
7923
3551
9014
3282
7492
1114
8313
5656
3110
5800
7249
2670
3893
2171
6556
7442
5003
6411
1199
3614
675
9286
8431
4784
7476
1485
9423
4431
4531
1782
6308
6537
3623
2157
9765
7425
1846
248
7013
1207
3398
5802
4756
4428
6371
3587
4874
1520
450
4859
4789
4250
5930
3212
6856
7016
6502
5201
1371
7938
8434
4157
1974
7379
1798
8690
8869
7586
4160
3269
2470
4154
1827
1315
7053
2226
1782
5145
9090
5774
3262
6354
8190
6834
8221
5640
4349
843
8149
5654
8595
4252
5251
4468
3942
5567
6347
7602
2037
5350
6768
2867
6555
9134
3446
7197
2587
5747
1588
5050
7601
5278
5521
3445
6844
9528
2794
1977
1272
3449
7896
3902
5236
2859
2816
2294
2085
4768
4576
2332
4532
2482
2161
4562
4156
9929
4593
4853
457
3140
7320
6314
7413
6031
6388
8998
1485
2888
8319
3464
2567
7794
6305
5028
6610
6602
4560
8001
5205
6950
5055
5366
8999
2451
6713
6072
1518
7473
2696
5992
6906
3661
7575
7699
8290
5966
8291
4710
6841
2297
7859
4248
9759
6326
4869
1754
7834
7560
8878
4834
1747
8281
7143
1305
8318
2972
1983
4178
3380
5404
5122
5696
480
4312
7402
7724
9535
1583
1371
4817
976
799
8313
4969
5074
1051
2511
708
171
351
5108
5269
4551
4908
2245
9488
6706
6357
1578
4262
9289
784
9037
5309
6421
4980
9721
3237
2207
1969
1054
3024
7179
4381
5180
265
1565
2033
653
2726
5161
1812
8364
6958
7320
7869
6165
7637
5486
1242
3376
3584
2494
6339
1699
5835
1786
9031
2396
1076
5606
4232
7568
9465
6874
7935
3229
3568
3699
2248
3896
5060
6746
3468
9843
5547
3256
4775
2104
4065
8474
4660
6616
8304
8470
4627
5811
5749
3249
345
7678
7017
3198
6255
6452
8684
4865
9876
3198
6658
6495
4549
9492
8582
7003
2013
7606
4084
5626
1282
6622
9509
6145
3185
2580
5997
5310
6043
8269
2925
8617
7556
7449
3223
2259
8297
8310
9467
7378
9092
7559
3208
6820
5005
3082
8721
1765
9439
5665
5347
6909
5171
8047
5390
7689
5250
6718
3226
1090
9088
7105
3229
8538
4466
3046
4742
5141
3975
919
6550
3790
1932
3090
4744
5213
149
2833
6082
7527
752
3267
8917
2495
5001
4097
4607
9040
8007
857
9993
9516
4563
3125
2999
5013
7701
7012
845
5557
5003
4062
4513
6256
2021
3199
6805
7573
6877
9598
2794
5889
1995
2982
2032
973
5136
3746
8871
5099
7222
5689
2407
6729
2168
6094
2337
7351
8242
6373
7873
6006
8347
2023
4159
4995
1757
2910
2816
4382
7524
7193
209
4126
2709
9315
5732
7427
7308
9279
5521
9135
5584
7815
9108
58
4060
5702
4181
5164
8880
2591
9886
611
6881
4197
7640
7961
7770
1013
7421
2187
7449
3061
5768
3338
3781
8977
3448
3868
8035
6147
8369
9449
3523
5725
4779
9875
7838
3610
2322
2234
4634
2097
5812
7459
4301
7910
8387
2620
4855
2049
3034
1139
5105
2395
7444
7223
7506
9739
7499
5121
3169
4928
4420
4884
6315
7902
6670
2957
5978
3916
5859
229
5452
3087
2438
8263
4574
2042
6448
5778
4772
171
5472
1700
7504
7335
5989
8292
8999
3064
1180
2105
2968
2655
4242
7520
5571
5905
5238
230
5458
1076
7887
7539
5225
4437
7005
2977
7343
5751
7255
5130
1868
320
3267
855
6553
7508
6902
869
1327
7451
3513
560
3853
1945
8998
6696
7650
7404
6077
3769
1870
466
6251
7436
4550
1568
5795
8539
2650
4632
5548
1264
5014
5156
8175
8920
4802
2714
6235
4011
366
5449
9586
2162
1116
1034
735
7502
7802
4893
530
5248
4019
3073
6488
5039
1851
2270
5726
1584
7591
2655
6325
6930
9020
2514
864
7074
8672
8046
8090
5311
6588
5733
6181
2043
867
2963
1441
3642
6275
3806
6901
3131
3722
7862
7228
1744
6155
2968
6082
2117
3862
9643
8215
7851
4772
8669
5920
8808
400
8177
4367
3372
6308
5961
9205
2638
8075
6931
7807
3569
773
1133
8838
6988
6226
4332
7238
4150
2509
2003
2579
2202
3896
6578
3324
3131
9660
2067
6600
7803
4675
3014
7020
7712
5768
5318
3467
8811
3581
5051
6599
3326
5709
3572
3980
6683
6613
2652
996
2588
767
9042
5423
4070
7258
2672
378
6183
6255
8507
1326
121
953
2642
4217
2530
8813
1643
6075
2931
9356
7283
4156
8288
5622
2890
1894
8654
7435
7665
7856
5216
8998
2414
5184
2975
6913
5906
3184
5239
5233
5374
7491
8775
3181
2581
3236
3517
3108
9261
6982
7710
5731
2098
5408
6939
5291
5552
9320
9064
1477
7904
9121
9008
7467
4791
4794
3630
723
6533
5396
8076
4641
4436
5232
1489
6895
5226
2491
7877
2092
1163
6302
6604
3401
5503
6445
6103
8587
5565
8369
5361
4710
658
3201
9035
8506
9307
8972
7969
2181
534
4514
5841
7488
920
2348
540
4986
2318
5269
4445
2766
6205
3318
8502
5597
5798
6600
7187
3728
5541
1179
1256
9386
6526
9478
3108
1125
8940
2811
1922
4224
5208
8516
8237
9794
2022
5253
679
2130
3280
6508
4385
7917
6114
6383
4954
349
5319
4146
2883
1181
6324
1540
6102
9474
5201
6456
1681
6844
3858
6749
9148
5154
7950
8167
5681
612
4626
5809
1481
2340
4502
5374
9999
6279
4783
5585
5115
6764
9636
3148
7158
6937
8156
8011
1649
3964
7723
3481
5683
6845
8641
7680
3109
914
8839
1811
6167
4530
1073
7579
3459
2213
9280
9844
1619
2353
2803
7691
2283
2104
1141
5353
8656
2428
7821
4327
5508
8050
4554
169
6186
1166
2081
6457
9240
6567
4322
5980
7592
5754
2845
5857
3608
4618
1233
9416
1264
1924
3693
3972
1488
8968
2494
9102
4129
7216
9434
5583
4829
9183
5362
5350
6875
1316
2015
5259
286
7588
1208
6750
3207
1808
6684
6288
8933
2886
5806
7812
2663
6787
7174
5905
2558
4406
1257
1588
807
971
8118
3038
6336
8325
9438
8004
3346
7610
2456
3008
5966
3187
46
8039
5825
5548
5950
1436
6505
2956
3202
4584
6905
6039
1920
9056
9582
2503
8150
6795
6257
3978
2768
2368
1945
7481
2527
3999
9261
9415
5351
3397
295
5264
7697
5807
6931
9334
6087
1916
2417
6401
5440
9208
5607
6021
6485
2124
5055
4862
7796
3556
5393
9163
2825
6500
3065
5500
2478
8574
2901
7923
7592
2873
4981
1754
3815
4961
6364
2467
1522
5923
8320
5815
7009
909
6515
7916
1606
4929
346
7480
2598
3413
6719
3957
915
8535
5185
1625
6431
7126
3742
7922
6994
2286
3365
3992
338
6056
4825
1027
7804
4950
143
2799
4676
4049
6594
6196
6349
41
3554
6473
3182
7388
3255
3292
9092
1999
305
4973
4629
1058
7286
8555
3737
8669
6275
4799
2898
4714
8552
1519
2791
8416
6874
5151
1314
7938
3235
5811
8448
4925
7939
3923
482
3720
6420
3514
1834
7746
2235
1921
1627
5831
398
6076
9549
3453
4062
4883
5552
3993
2436
7780
4605
7939
8792
3466
4422
5256
4481
9329
6581
7695
1466
1952
1591
3472
4099
4282
7436
7906
587
4539
8926
3881
1722
4311
1380
6481
7565
2541
6466
9259
4954
1526
5989
2463
5853
6734
4573
9250
2827
3173
6985
5855
1895
420
7640
3778
8659
4707
3840
9949
1144
7202
1448
2265
5155
340
5497
1057
5812
1358
9647
6138
3559
9478
9209
408
2833
8351
3631
8542
4420
1548
745
4832
1725
3304
8791
9242
3672
1495
9016
6439
5150
3717
1950
7223
6710
1349
2339
3747
2087
7074
7423
9279
5428
3797
1252
5733
7027
1581
6148
266
3413
628
8163
5036
8833
6140
2944
7905
7565
8529
5313
2466
9383
8475
3772
9205
1214
7774
8012
1741
8592
5667
9439
8353
4540
6391
2910
3934
2791
3073
7155
8377
4593
7342
2475
9623
4055
4640
7917
4992
3830
7984
2109
2929
2503
5557
5688
2112
1012
1941
1092
6726
7068
8536
7654
8624
431
7128
6129
2474
4449
4463
4195
3330
5364
5236
2841
5152
9459
8158
874
6488
3992
8280
3438
2606
7716
5337
6384
3777
5127
6115
2860
5786
8856
2176
745
6939
7696
6072
4740
7153
2746
1514
5826
4315
827
1431
7366
1685
3354
2861
1519
4237
5145
56
3696
7972
981
9179
3226
3316
2302
3076
7729
6490
7044
8131
6958
8700
5419
1971
1016
1549
5975
5205
3397
6715
902
5423
8931
8838
2899
2402
4119
2383
3614
4463
3966
1899
8303
5380
6399
8067
1632
5981
8197
4196
853
7582
9469
6744
5318
5015
8791
5277
8848
7663
7628
6705
6746
2087
2008
9728
3692
6580
5271
3289
2579
5820
3468
7481
7351
3698
3453
8579
4991
7046
3590
3834
1722
908
2265
8404
7720
9375
3871
3089
3480
1119
1272
2505
2336
5857
8468
931
4436
3725
2507
3938
1360
5271
3208
7569
936
5806
8251
5443
3021
4926
8052
30
3554
6871
8455
2495
8263
3588
5080
3666
7078
8990
3513
5081
3754
6132
3811
5404
3398
4403
4652
3644
3550
1719
9095
3786
7400
5920
7049
1088
6627
344
6155
1943
7480
6959
5550
5559
7805
6493
5789
7341
3584
6069
8037
4661
8832
6677
4962
4927
6557
2206
2149
896
9770
4499
3784
4910
716
4131
4101
7352
8252
3017
4896
1602
1888
2076
4392
2538
6750
1321
5298
4446
3208
3681
5272
231
1838
5220
9534
9231
3407
2522
8207
1610
5791
7554
4256
2544
1894
2183
7589
2077
7005
2625
3625
9126
3947
3697
7974
8662
5914
4782
5153
3071
3565
3028
6276
6239
5462
6044
742
4497
2153
8920
9771
5365
4476
1364
1152
5742
5099
1246
1508
2523
9389
6749
5112
8974
9597
5075
8143
256
3527
1392
9758
7977
4967
9361
6803
5826
2900
3783
1024
7993
3346
4338
2529
9708
5064
4761
8035
3740
3205
4883
3809
2404
5341
1903
8431
6542
3560
7142
7921
6149
7490
7262
5285
4676
6476
7256
4163
6142
8948
7135
8539
5580
6697
3885
1937
2857
8060
4253
6194
5060
7385
3423
6862
7817
3401
6517
9505
2282
2027
9091
7758
885
5756
8142
8951
4575
444
1272
8355
6024
2910
6726
2489
8250
7740
1662
766
9791
8047
2471
5599
9182
9335
8167
5747
4613
7587
5216
7115
8438
4707
4167
7938
9146
6158
5182
222
4962
5996
2121
2880
4154
9384
5651
5313
3181
8044
3637
4989
7100
124
2323
5583
2331
3050
4993
3311
8784
5705
7286
6817
1832
6299
1923
7732
6865
2842
5773
1071
3591
2694
8222
5442
2493
7516
5353
7962
1473
1645
5275
8811
9599
2191
9895
5904
1458
9202
4027
4581
4928
8030
1854
2463
8089
7361
2484
3236
9105
3990
8331
535
6980
1211
8137
4332
4169
7698
3669
3899
2523
2245
4036
8663
3430
647
8257
6311
7164
8423
3918
8888
1844
6719
4393
3136
9560
5374
5521
1244
3761
3650
5917
4781
5838
5446
4548
8018
2350
2364
9108
6761
3375
3970
2661
1978
368
7488
941
3614
4031
4844
8726
1058
5974
2752
3629
8051
546
6287
1221
3224
7911
7103
3096
8303
5322
8809
8330
2356
2559
2387
5878
3715
2261
421
7496
8162
7907
4574
7260
3045
468
2713
7554
5793
9035
3496
1892
8727
7793
770
2971
3192
980
4988
791
4208
4028
3440
4793
7569
6301
3557
501
5840
1821
1221
836
6157
5692
3993
3051
9813
9798
96
6066
8390
4951
7183
9037
1480
6574
8414
6952
9482
6262
4669
7433
1565
7315
2271
3044
4020
4679
5998
6875
1231
4380
2160
6588
7234
3726
5980
2123
5961
9353
7771
3515
7767
1545
2092
4794
3410
7298
4224
177
5809
2821
2517
8093
5169
8638
5041
8205
8770
8597
4157
8540
1021
2810
8346
1688
1547
5682
4525
3383
4914
3626
1264
7570
7773
2642
8680
3798
3915
58
6912
2604
6857
3550
870
3285
6350
5941
9537
3426
5444
6105
3909
2436
5993
5604
8124
3153
2473
3864
7919
1160
3947
6677
5563
7500
3490
9421
8174
5827
7096
6933
7053
6060
3539
3311
9342
452
1071
2550
8003
5627
4038
2298
7102
4879
1237
7301
3188
5664
4176
6938
4934
7029
5388
7272
4936
3517
7340
4661
4273
8657
1052
3473
4568
6227
5227
6165
3436
3457
5753
988
4305
647
7104
9008
8567
4365
962
1463
2556
1307
8656
128
1618
8515
3519
7486
3208
5446
6864
5103
6175
8331
5779
7938
2552
9314
7509
6886
1615
3481
6441
7098
5316
4092
6208
4619
5896
3212
4085
6984
4627
5416
8336
2372
7307
7709
2291
4331
8024
3803
6073
5390
7099
1713
594
8816
439
4597
7292
3264
8336
3139
3503
5214
4382
2437
4350
1912
5900
5534
8969
795
1549
7509
4551
6211
5617
3202
1689
6089
7178
6676
7540
7422
6092
9760
7668
2769
5601
2619
6994
9598
3225
1621
6386
6663
2794
2360
5528
3828
3965
8499
8098
804
3521
3530
307
7878
8053
4619
5504
6924
7785
5493
2741
2645
8355
4864
72
9850
7275
3508
5036
4997
2059
9268
3577
8154
869
7877
2133
6913
5386
6758
6369
2868
5363
3317
5733
3562
4578
2500
9174
5634
9695
3608
4431
7538
4388
4973
5281
5244
1584
4450
2780
6088
3567
1074
4437
8030
2572
6719
2598
3643
7292
5328
8320
472
7463
2840
4691
7616
4466
700
3597
879
2859
3421
575
5499
1111
3599
5054
2396
5979
1594
6143
1246
4237
8407
5710
5952
5496
1151
2111
7921
2997
1358
2553
4608
7099
9993
3232
1126
7833
3990
7682
8267
2817
4510
1046
5862
9102
3843
3360
2903
6218
5802
6405
3069
252
1492
1680
3128
3257
1349
5060
2150
867
1411
9766
1922
3929
6494
7153
1893
3639
773
2748
2402
6752
2880
7754
3612
2286
8195
3334
3276
3764
514
509
3433
6644
7978
8061
7244
4566
4001
8475
7769
9514
7574
8379
8625
3226
8698
964
6122
4490
4471
7848
6864
4698
7393
8498
3633
3007
3648
5076
8567
1840
4029
2542
4817
4473
1735
2699
2864
887
7087
6838
7346
4321
7089
1392
4513
6206
3902
4774
7807
324
3067
1480
7113
2444
6937
9348
2755
8223
4262
9673
8409
5750
3759
4058
4963
3278
2062
6914
3255
3743
7390
3649
9410
3188
5843
6661
9189
7425
7900
8417
7494
7689
9865
9019
4221
3662
2383
2042
3278
8290
6089
6417
8499
7217
1049
4781
4914
3928
5271
8234
9479
8432
2292
8273
7771
187
8060
8327
4899
5209
2907
9861
7121
2241
8688
1689
637
3088
3320
488
4049
551
2736
4067
3220
2504
1667
7704
7597
1335
4361
5506
3162
6022
7094
5722
1440
1863
1373
4064
5257
5292
5428
6332
3161
6615
2657
8461
8665
5661
9239
7752
5612
5128
7533
3436
5792
3277
5339
2662
5245
8522
5388
6024
9217
8774
4490
3889
5168
9380
6927
539
8824
2303
1059
2937
5140
2365
3233
2234
3613
9014
7007
8383
581
2668
5801
5074
4714
7042
986
5478
3182
5278
8705
8694
4563
7379
3773
5231
4384
4133
7643
4043
5077
5181
1784
6855
243
2376
1818
7144
4623
1670
5815
9410
1142
5904
1615
6904
9711
1075
1624
5742
3384
3495
2339
86
3451
4790
5648
1842
7352
2453
7339
5894
1326
2305
5725
2610
6528
7779
7163
9703
4205
4739
2628
1293
149
4899
9791
7483
7407
5877
4228
9345
6850
6218
3669
5569
5480
5910
8081
161
2504
6880
4147
6927
1410
2639
2980
2575
6686
6448
5065
2676
2701
5257
7050
3910
6116
583
3343
6447
1796
8270
402
5297
5944
9737
7280
8437
1818
2778
239
6330
9238
7887
5160
2034
9109
6888
3489
8172
7580
2958
3763
3143
2438
2495
3366
8729
5743
2844
5058
5809
1262
6737
7099
5360
6712
5173
1648
8878
8477
5612
5243
3896
3216
9770
5904
6775
7221
3655
5642
5728
6940
447
5788
2656
2763
5210
9567
5995
4143
7763
8689
7463
682
3905
8298
5523
6129
4442
8210
3825
5230
1129
7596
5797
4148
1545
7090
9474
9002
7318
1204
5033
9249
2398
1312
3563
2671
4402
3118
5365
3985
6067
4486
6676
2234
1802
6043
6250
1639
7309
4875
2741
6598
3868
8872
4198
4147
2806
3302
3133
6914
2924
1382
6258
4605
4540
4898
3512
2611
5024
7200
2725
4982
3646
5955
1713
2530
9028
1067
2601
8797
8529
5917
8227
7474
5867
6134
1466
6016
4405
1285
2091
3448
2636
1347
810
3131
1107
8876
4363
5780
3957
1477
3365
8222
6580
5153
4104
1072
2771
6786
8767
1438
7308
4973
5343
1145
4199
2873
1800
5112
2978
6749
1410
8623
8632
8885
5872
4020
7496
6967
793
1059
7179
6414
4611
495
2240
8258
197
1232
2131
1100
3459
5327
8085
3157
6602
352
4869
6532
3071
9161
2957
3261
4047
6577
5226
3277
3726
4028
4985
3480
2188
7943
8270
93
1653
6909
8572
1659
7316
930
4576
7572
6642
9190
2900
3241
3425
4248
8920
5425
6158
6313
8911
2954
5356
1211
7265
5779
5694
2964
6651
7376
5560
2729
3472
6848
4315
5130
453
5752
7783
5467
2323
5702
3909
2230
3681
3075
6389
3870
5790
3013
2459
6719
6812
8177
5939
4726
3482
3370
1196
4343
4584
2634
317
4700
5675
1669
5921
6691
7898
1277
4551
2992
3708
706
1008
4475
1510
5645
3555
7258
2569
5072
7839
2423
234
9544
5564
123
9772
122
4118
6193
4265
2239
8641
8153
4751
7218
6125
3899
6428
2726
7698
5679
5618
1936
2145
7224
7413
5005
2855
7406
4081
8934
7486
8428
6425
1295
5974
3316
6771
6609
2919
1772
1950
3775
3369
5044
2474
1791
2739
8266
3351
1703
6832
2778
6256
6492
5678
5813
7334
6521
8672
6959
254
6503
850
9342
3486
779
8755
8226
8473
6000
7298
5301
8198
5828
8251
8850
7774
9402
6423
2677
6785
1835
9326
3400
8074
2565
6539
2569
5500
6582
3115
815
6494
2522
2792
4408
4729
4955
8889
3348
7956
2891
37
9259
4085
7869
9476
5888
5009
4759
3593
7404
5294
6413
9709
4124
1662
883
5005
5169
1102
4396
1171
2268
3092
2043
8488
2337
5025
5217
1806
7058
6346
6669
6895
7882
3229
2741
5393
3713
4509
5253
9563
2960
2770
4795
8094
2354
1381
3763
221
158
5357
6482
4470
4662
1427
4102
6547
1000
600
5686
2472
7974
3453
396
3494
7498
5271
7303
5406
8688
7144
6234
3115
7851
2732
348
3526
5271
7893
5760
6078
2768
1261
6650
5320
5032
5559
3587
3383
6768
8223
5829
5358
7019
6233
709
2873
6338
7241
6530
1731
1740
1847
8219
4193
8285
2645
1045
2658
7144
561
2888
3196
667
3817
7556
7686
4072
378
1720
3327
7965
1580
8250
1677
3692
6192
6355
167
3445
3528
8147
8553
906
6407
5602
4876
2476
1866
6621
9021
1745
7516
8678
9335
3868
5479
1563
5470
3785
5697
6658
4634
3473
6719
6764
1881
4307
1619
4032
7215
2189
1934
4329
4655
4630
4853
5840
2710
8301
3589
7159
2466
9401
1247
1457
193
8978
8994
9664
9744
6236
1625
1827
2568
7958
2958
2086
4056
8374
4028
3921
5672
2321
2975
5273
6324
1722
1864
7223
149
5364
2884
7138
5598
4487
2705
6776
1921
920
3452
3109
5990
702
3071
5937
3325
3371
614
5706
2327
7619
1772
5272
2171
9291
8207
8492
8572
4939
1773
4857
1966
6998
7389
4220
2804
4128
8299
3796
5271
8540
7468
1406
9096
2743
5328
2700
6380
3373
1128
4717
2088
5348
5449
5295
5466
4733
4711
4430
4085
9177
2399
5460
7736
7989
4977
3398
1166
4463
3744
5808
8071
9045
4927
9055
7716
2516
2625
6648
5931
5998
7730
9679
8435
2454
6923
4118
7485
6691
2506
1882
6117
2095
6107
748
6977
8239
7209
5924
5126
3792
6957
5887
8449
5909
1997
4347
7637
6846
3819
548
4072
3354
9103
1980
1104
8464
4971
4682
6395
6483
6226
6648
7925
4732
7741
3104
6618
2512
4963
5583
3082
5936
1775
4040
3766
8737
8892
6965
7837
1538
3515
3978
3615
9120
