7398
3503
5325
4833
3363
7532
1012
2673
4431
579
4454
3110
4316
1629
2904
7110
7938
3368
7395
4625
9219
9850
6270
2141
9707
7734
5489
9814
8270
7287
8597
4990
1985
3609
4327
6000
1252
6134
9417
1053
5514
6350
6870
2050
9905
1157
2308
6429
6565
5196
4684
3252
2814
8871
5287
5350
633
812
4648
3758
5763
1793
5150
966
6513
3373
1247
4613
5657
3089
2471
5588
5089
6817
9365
7385
8252
1354
861
4937
8928
4790
5361
5401
9072
6583
5490
2846
1531
6200
3204
8527
2522
1886
8732
2705
2687
455
996
6405
3461
1741
4857
2652
8666
1720
1784
1192
8572
320
3924
5384
4591
2815
8805
1618
2891
4924
7122
5728
7672
5509
1436
2305
5125
5946
2935
3330
5011
6719
8934
8093
8160
4686
754
6384
100
5576
6802
3027
5671
7511
3431
1882
4714
9115
3858
9784
4295
3427
5168
9477
6931
5105
2037
3550
4856
1499
1782
8271
5760
3133
2011
9349
6575
6081
2577
4565
6056
6311
1569
8223
3376
5712
431
5042
4211
4063
2893
4476
2629
3413
5166
5934
1983
8321
6832
164
9199
3403
1959
7223
5956
4504
534
1637
1617
7256
4168
5780
6761
5706
5084
8786
6737
7759
9314
8973
3621
7392
3671
6091
3375
8752
3836
1959
7702
2639
1844
6574
6318
3484
5494
8594
2873
1155
5260
6102
853
4668
7605
1288
2109
2977
7333
672
4339
2349
7276
7223
4231
4383
3873
8153
1411
1103
4903
2737
3105
9822
732
3050
6325
9074
6375
5449
4746
5656
7174
7523
6030
3673
1020
4190
6118
4910
3844
5301
7372
5638
618
77
5247
7751
5364
2451
4170
737
3385
7726
1566
2727
6842
5872
4022
3587
3213
4024
3678
2228
4952
4612
8865
5963
4034
5568
3365
2164
3925
8366
4003
4160
2533
8589
5760
6089
4782
9638
5884
2729
2035
800
2877
8917
887
4168
3285
7578
4010
7240
6117
6548
3696
1564
7837
3387
3323
9374
8438
6122
1010
6072
3942
3735
4384
4640
1054
6802
9072
4753
8842
9192
8532
7605
7350
4166
8921
9162
6946
6711
974
3946
4834
154
9291
3613
240
5899
5542
5366
5107
1082
3090
6024
8287
2228
2715
4240
3873
9577
3281
8311
4873
1510
990
3235
1784
2535
4386
2872
2443
4297
8277
5955
8846
7178
1642
7149
5449
5341
1747
2836
557
5752
1650
2884
3484
9435
2967
3896
3523
5232
3862
5906
3168
4478
8310
6040
5106
181
2027
3875
3240
9503
3603
5713
5068
5218
4445
7869
8115
8743
2316
1045
6665
3167
8346
1002
7340
2759
3698
5079
7856
4287
5842
4704
3843
703
2763
9600
6252
4397
3939
4386
5585
3959
3537
3731
4757
9903
7364
5937
5500
4521
4744
7828
5993
4322
4580
9001
994
4886
5355
8762
2135
1446
6405
7693
2107
4430
1883
7681
7671
6956
3618
5458
2069
1850
1698
2874
5588
8869
5863
7770
3798
6249
3787
7984
5992
6631
8884
4082
2297
7879
8088
4575
6080
2826
1907
7485
2955
2069
6322
8921
6705
6134
8437
8039
5769
3888
2764
3781
803
2934
812
8386
8977
2637
6931
3596
3261
2141
4717
1424
6951
5112
2095
1582
456
1527
3798
4394
1260
1661
8802
6835
4010
2382
8262
7100
6558
2903
2389
999
1439
8503
4133
7372
2018
7750
2160
7865
2577
4227
6053
6094
5441
6662
2369
4182
8797
5727
6805
1517
4504
1886
8477
6252
5818
9241
7311
3232
7601
2411
9142
6830
2433
5071
1820
1227
842
2748
7186
6795
5012
6026
3534
6048
5019
2961
5010
1740
770
5429
6431
3047
5246
5167
8122
5365
8393
7191
6551
5843
7429
4102
3994
5082
8614
5602
6690
6549
7066
4177
6870
6625
7079
9682
5331
3890
4312
3985
7188
8007
6980
4983
7460
6674
3380
3179
4687
8486
7407
5376
6234
399
4079
133
5317
5823
1631
3169
8476
5171
3333
4110
5183
7580
9493
7079
7359
8868
5246
8734
938
2236
7561
5804
7439
1192
8410
6305
5194
6315
4965
5448
9569
7572
4230
3121
2498
9147
3527
2918
4919
5936
6734
8693
6565
7897
3502
6711
8173
1880
2756
5037
4075
6827
3016
2059
5924
1586
6729
3917
7257
2395
8158
3101
7124
5570
6198
6986
4045
8879
2211
4116
243
8717
3675
5527
4269
2029
3788
1909
4958
6972
5115
5266
2726
6898
5324
1666
8752
2263
2750
4926
8827
1678
1076
6814
7245
1789
8972
4085
7719
2283
1725
974
6664
5575
6325
6382
8298
5480
1413
5604
8031
565
878
6555
4357
896
7321
6275
2879
1904
4696
2486
9660
271
4232
1252
1451
2512
8474
3401
9468
4934
6854
6348
1365
1868
7181
8353
1879
8438
921
6869
5289
7262
3108
6764
9100
3057
2249
5796
3135
3175
2162
5153
6866
2267
1767
2014
7444
7612
2015
762
8982
6974
1733
3206
5533
4944
3685
2990
7809
4359
7464
4831
4109
4882
3544
4966
1693
8375
2181
1676
2464
6411
498
4066
7347
2658
2504
2729
7970
803
6440
5196
1541
4026
1691
2718
2868
8229
6526
1530
2848
1264
5731
605
8364
5164
7796
3389
7684
7112
5031
5363
7006
409
3190
8276
7573
5516
5777
6862
8276
1772
5462
93
4883
7042
6710
2965
8324
4279
6126
8643
8120
9544
3165
8591
4509
7584
8221
5094
5469
389
6787
7755
4786
9085
5159
7569
512
1569
428
1646
8585
8642
6941
2547
7917
7494
3311
3727
2458
6823
8338
292
7936
7419
1908
8231
1722
865
9754
4325
1165
2978
7983
8673
3832
5785
6403
9716
3334
728
7729
365
7708
8501
3323
4050
7822
3273
8263
5265
2531
3802
6734
8020
6408
6479
3337
5483
83
788
5361
4619
4566
8294
7360
9347
7489
6382
1777
7682
2235
7600
1774
4970
3963
139
4260
748
4034
5126
4236
2576
6232
7586
3489
7263
5904
2271
5302
8923
8199
4394
5204
8793
5191
1213
4636
8112
854
3241
1210
5020
6856
6680
8111
5055
4607
4106
1247
4162
2334
6986
1935
1694
7321
5572
6634
2689
1583
4478
6293
6705
3448
4032
3523
3054
2547
2115
6125
3416
11
6487
7885
8423
9763
6227
4153
3249
8272
4009
969
5976
4095
7639
6485
5471
6511
1284
6880
6335
2486
2651
7639
7296
8863
4161
6512
1305
5719
3323
5926
7553
6146
9281
956
5386
4218
1536
4718
5447
2911
6824
1699
5621
1127
2854
3949
8457
5670
5557
3955
3233
1708
4772
5113
5948
4665
5013
7819
3599
8039
7269
6862
4651
6910
1161
5364
1648
230
9609
5714
6298
1957
5044
9492
9488
8060
9114
4340
4152
3579
1327
4968
3441
3170
7767
55
2666
7059
7506
4668
6350
2958
6955
6572
6284
3953
4005
9541
5257
6331
3211
2279
3715
1830
2049
8999
5665
1671
6530
4107
6783
2791
4167
9459
6031
5569
7922
4566
2460
1386
7114
2247
7990
4446
1050
2519
6123
3416
2928
8729
2654
5828
7649
2070
4465
5780
6938
151
1354
3996
3785
2170
3559
2368
5879
3707
2144
5873
2033
1389
7390
7606
7344
6711
4073
4074
9546
7073
6676
3760
5478
7918
4115
8421
5559
9516
6324
7686
4156
8549
727
1558
4992
2302
565
9139
1453
8429
9729
7315
3716
4053
1998
5994
3446
3579
5373
8649
4433
7893
9306
7135
3694
1725
1440
8541
4337
8296
2496
6913
1816
9326
7595
1974
1369
871
3427
6920
6375
3877
8900
9035
5925
359
2410
4907
8874
9305
7613
5374
2262
8552
6124
1327
7409
95
7752
4033
5376
6596
3662
517
5823
3493
8751
2195
1745
3896
2403
4183
6031
5464
2580
3747
5850
7161
4887
5565
9563
4781
1416
2085
2330
3925
926
2360
2684
8962
3553
5364
2849
5974
8640
2962
4748
7730
1404
2030
7183
8286
6777
6292
3584
8179
5996
4716
4533
6057
6477
5668
4663
7560
4139
2519
8690
1975
2559
6061
4278
251
7440
6987
4637
7036
136
3917
5567
5183
8026
6649
4289
2235
1390
2673
5274
8332
4704
5396
4802
6147
5599
6005
6663
4398
1601
1921
5365
2055
9480
279
8146
418
3499
3982
2919
4210
7024
1069
165
3540
5620
2770
6544
2461
3470
8930
4980
7139
4188
9169
5210
6062
8358
5404
1073
2348
1917
5307
6605
5663
7274
3978
3949
6096
2990
9947
2046
9420
4794
6160
6080
7619
1614
5060
4321
5214
8386
4643
6825
5850
582
4740
441
6689
2099
2653
5395
4547
4907
3248
8026
7677
4629
7261
7329
2833
5354
4853
4805
3909
6396
3862
1131
3004
9967
3797
8055
9226
6363
939
7609
1132
6983
6336
799
1656
3056
5915
5863
4976
6717
7158
9060
2471
8540
4933
6033
4925
2358
3904
5405
2804
8910
7868
4658
2244
8230
679
2556
4166
4529
550
5753
9332
3028
7370
137
2434
1072
6323
5563
7804
3901
2647
3161
5691
3358
9017
6418
9887
744
6468
1450
6704
5693
4227
8309
7206
4379
4042
3200
7425
1292
6285
4203
6482
731
4155
7648
9460
1058
9753
5201
2041
4102
9484
4277
7198
2804
8591
3891
8146
2276
9148
5614
2580
4088
425
4556
7164
6097
8815
7109
6858
5728
7748
1440
7094
5468
8078
3231
9587
7941
8398
7120
4608
2066
4578
4869
4711
6775
1726
9726
570
2900
8972
2968
3003
5083
3179
3696
3543
3585
3268
8769
1115
3097
7545
5547
8256
2677
7761
5713
2287
3430
2060
9473
6422
5128
7327
3202
1772
1478
463
5590
9181
7872
5026
6705
4501
4393
6751
6729
9480
3516
6778
4468
6466
4386
6072
4339
4027
496
1422
7885
3969
8449
6025
1464
6699
8234
40
4491
512
5020
3991
4005
6223
5425
6901
9492
7050
2859
5717
7278
6860
3192
3258
2466
3116
4257
4683
3963
8980
6849
5543
4058
2484
8441
3157
6243
7903
3527
4514
8616
1117
7270
4268
6223
4526
9872
2754
6825
4497
4016
5056
8142
2083
7766
8563
8137
7745
6004
7211
2642
1996
1504
5949
5676
6084
4845
8123
7028
5404
2987
1206
4102
1921
8332
7143
5640
3539
3229
1982
5000
4961
8818
4956
120
3242
3780
5808
6939
4467
1822
218
6071
2774
8741
1850
562
5242
137
6259
4237
7225
7289
1742
5353
2423
529
1071
4880
6853
3350
4311
5511
1593
5496
870
1724
7258
822
2241
5958
3079
3918
9390
3521
7850
3893
2443
1014
1056
6967
4719
4998
5151
5714
8838
8388
7748
4409
3568
5961
7149
8730
2306
2383
3632
4803
5028
957
8354
6124
7364
422
5091
9791
5924
1365
5583
7007
3925
3533
712
3459
8118
6161
5693
1431
516
7077
7991
7311
3511
5777
7549
7539
3968
2206
4150
2708
1140
6634
2433
932
6061
6022
4223
3186
533
3585
9709
7090
6908
1762
2595
6235
3931
3565
2162
2710
1101
5102
329
3708
2496
7935
8823
8991
5888
7049
3830
2611
7488
2957
8473
9162
8341
2443
6312
1382
9042
7219
5928
6136
6418
7900
8706
8517
810
4616
1284
1687
4672
3330
5640
7780
6961
9771
3950
1763
562
3201
3809
5120
7877
3508
7320
4945
8850
8953
5348
5683
9047
6379
759
6620
3645
5323
9079
3178
1296
406
3191
2424
1951
8928
4487
8021
7346
4125
7809
3854
5134
4168
2199
5560
9704
4611
7674
9147
5750
2147
7771
5679
3642
768
7034
9360
9073
8142
2779
7602
6968
8549
6483
3408
5851
1424
1553
5101
5632
6892
5545
7717
8148
393
5359
5861
6130
3931
1026
4954
6821
1225
3450
3204
8552
3160
4638
4580
415
8833
2119
4432
4774
6206
8750
5550
7532
4885
1707
2907
6721
3422
5401
1019
5676
7977
1020
4858
2747
6782
9763
585
3063
3861
4860
4477
8061
6606
935
3573
6263
8499
6987
6362
7338
7930
6552
4778
7537
7440
6609
7418
2357
7357
3277
5522
4419
3032
793
2131
2586
6337
6344
4866
237
4089
8071
8969
3841
9621
5708
346
1135
1436
5183
6447
6188
6111
3111
7902
7155
6445
8724
2402
1431
3352
9571
3035
2560
7039
3825
3379
4800
2844
6023
5614
4284
3908
3066
3787
5286
6529
6508
6238
9471
6299
7973
2967
8266
3276
5938
2682
9119
9318
8219
9661
8576
7024
2751
562
3396
7051
6871
1788
3477
3872
5462
5245
4965
3746
1226
7265
7392
2466
2426
9429
2201
3790
6184
3294
4863
5816
6869
887
1775
7478
1200
3694
7369
2457
9089
2870
977
478
4740
4804
9922
463
466
7703
6584
3358
1264
5604
196
8039
4113
1092
132
659
9130
2061
5780
1720
4875
6960
7562
6079
6413
1004
1492
1668
2392
3823
7238
2974
1966
9710
4685
7173
2894
1776
5603
2177
4389
8673
5391
8093
2426
4029
4533
3562
1844
2315
7403
3854
9722
4263
2133
6591
2213
2187
8156
5446
4811
7871
5107
562
6886
65
1514
1661
6377
1122
380
4892
7160
6278
2525
7205
8749
4187
6818
9237
435
1109
4186
6959
5815
6999
1481
8661
3130
3580
3533
5305
8031
4280
7500
5079
5663
4262
5417
6186
6804
3941
4286
2600
9197
4232
5693
4835
5389
5148
349
3792
9233
7827
3130
8481
4978
2802
4029
3006
8488
6194
2188
9656
3427
736
6952
7857
6463
7965
6814
915
1804
6368
7475
3778
7480
4938
3828
728
4303
2339
7538
6445
8358
1692
4370
8586
6428
3365
5034
7905
4312
1278
7201
7943
5542
6697
5355
1966
4521
6235
9415
1834
1548
8667
6853
5567
8781
3756
7435
5339
5968
3175
4369
7167
8320
5662
8166
9761
1327
6556
9071
9040
5976
6382
4857
2881
2993
3651
1633
9086
2439
4341
943
248
532
7974
9157
4764
794
7141
9295
798
2392
8005
6863
6500
4348
8788
2415
9374
1088
5532
8139
8105
7241
6524
5229
3037
4904
6357
4289
9686
1803
8778
6285
4747
5620
1559
3929
4671
2944
8403
7342
1371
2363
6263
2805
6237
4456
6773
9437
9587
3870
27
8806
8735
3811
1296
1294
9122
2723
5110
902
1436
1644
6372
2245
3380
5448
6168
5830
5493
4802
1452
7575
241
3884
9111
5713
5200
7233
4985
1990
4936
6519
9601
9943
4430
1478
8804
1178
1871
7836
9684
9826
8941
6867
1914
1823
9547
2132
8690
8851
6804
8534
1911
4058
2103
1420
6284
2332
7493
6310
158
2262
2182
326
5487
3948
5088
2711
2498
4472
7549
2922
1661
879
7994
2360
9126
9035
3651
6851
7563
4517
893
7940
3406
3861
4951
3130
9051
6162
3599
5628
6317
1371
4131
1995
5408
1798
5723
4052
2839
2072
2135
8065
2177
7584
383
369
512
3510
4859
1558
7106
5370
6062
9095
10
8833
6020
3825
5766
5544
3927
1610
2136
8425
5827
2923
1056
2192
3381
6367
3574
8535
6625
3925
423
2680
4875
6774
3975
5831
6158
7206
4619
4952
8520
3233
5605
7213
2682
6230
4677
1148
811
9095
8108
5938
5867
9421
7767
816
7163
1624
2871
3871
8943
4456
9229
7665
6159
6223
9113
3681
4475
3058
5704
5916
4126
6163
3221
2398
5791
1121
9726
8363
8061
2684
3050
6896
2951
7083
6864
1346
1105
797
8666
5043
1735
4493
3641
3330
2434
1383
3237
7050
7107
233
4321
3833
5849
1614
6406
7134
4428
4050
8641
2224
7188
6375
6696
4650
8143
5307
4619
4363
9380
7571
8251
3197
9856
8352
8647
4500
7627
1247
3145
8276
8681
7445
7685
3782
3369
723
91
4341
1901
3889
4714
3175
1398
6363
7432
6723
7111
6821
7679
2848
7048
7254
7414
4725
5787
382
5756
5068
5048
4756
4457
4787
4256
193
1487
6272
4757
7312
3312
996
1175
7636
8394
9000
7373
6814
7049
8316
1998
3658
165
8181
5383
218
2639
6448
4716
7910
2669
1228
6678
8011
1519
4585
8210
798
5396
5035
9571
9531
2489
134
7656
6980
9107
5331
5764
9492
1955
5373
3285
2243
6755
9398
8144
2737
788
6157
6436
8409
5517
2629
4878
1539
3554
3931
7445
1181
3871
4575
8985
7392
6030
5174
2473
5731
863
6953
7253
3470
6459
8559
5061
4779
1071
8520
4432
6440
5541
7613
2715
2966
793
2549
3328
1605
9552
7788
2580
2161
6269
4615
5640
6114
4136
4245
7290
2594
711
3948
3900
6191
250
8649
5549
3087
1418
4236
2894
8072
6457
3375
6250
8259
1227
1313
4278
8633
3028
7399
4991
4273
2355
3962
5438
3468
4120
4597
2702
5187
3483
6838
3412
4360
5568
4071
3929
4080
3765
7237
2064
6995
5546
2924
6482
3710
7829
1647
4300
4134
6257
4330
2412
8925
6618
8064
3926
5970
3627
878
3428
1292
9070
5224
7015
1247
8916
7245
9576
6656
7729
7317
5485
481
6342
7437
1819
7396
5822
4318
5431
6073
9527
8184
3235
3227
7639
7736
6774
4084
4238
7203
2414
7743
502
4697
6840
4837
6835
1464
4934
3299
7226
4087
5637
8409
4756
2348
646
4294
6012
8878
3248
7497
8418
3659
4071
8716
4230
764
8040
7279
524
6174
5007
4803
5448
4197
5841
5858
7908
1859
7289
8053
5450
1682
1552
8735
7891
3890
3139
2124
4131
7992
2964
3572
7608
8335
4381
1726
4756
9342
3729
8747
4653
4651
5063
912
1630
4713
862
8779
6584
5499
1376
4873
600
912
7010
9777
8369
8466
2306
4704
369
5035
8357
4814
8371
5489
1216
4352
7209
978
5358
8347
2129
8143
3481
172
8363
4805
7569
5711
7570
2851
9113
8208
2106
319
2400
7050
7140
3868
7479
4697
9432
3372
3809
5248
4385
6057
3991
8551
7871
550
2569
6308
3165
1413
3275
2577
3528
7597
6048
8891
6605
3325
6615
4897
8793
8048
5420
4859
2181
5541
6290
4943
2154
8628
4544
8829
7149
530
6720
4596
2300
6342
9461
7589
3779
2709
8571
8025
6354
6443
4387
6770
4117
9126
8424
8713
3467
4930
8583
7376
1886
8754
7929
9339
3499
8841
8779
6932
7240
652
3190
7556
1386
2908
7918
9127
7259
6884
2748
1910
6024
1302
8033
6965
1459
6746
1514
5217
3639
3154
4833
6505
5338
7490
5493
5985
598
484
893
1255
4666
3830
2002
2907
342
6928
4141
7426
9857
7276
4643
7206
1191
8890
9607
8340
9708
428
4596
4836
5170
3646
7740
9476
348
8486
6743
6132
8688
1799
910
2560
6250
3701
5506
6965
9549
6048
3033
7134
4595
2295
7828
6429
2589
6285
2474
1791
4259
9467
5940
6033
4346
4499
7831
8324
4674
1947
6960
824
2009
1571
7741
1359
6100
3091
6949
8188
7161
6905
3833
3433
1870
5809
2659
3693
232
1913
2149
2204
2785
6472
4009
6281
6500
506
7504
8515
8004
2204
7920
9728
6531
7603
7543
1392
3160
8888
893
2486
2876
3564
5102
7763
925
4351
5874
2182
8933
8697
2425
1778
4323
4373
4163
4980
5643
4880
5770
3391
7444
6021
8020
5864
1321
2748
9220
1343
4222
8643
1105
5058
8731
937
8431
2424
6690
753
3334
2670
5022
8912
6958
3896
8847
1992
9205
3307
2870
5706
7038
5988
2913
7556
6176
1143
3795
2254
3226
6162
6378
5719
4166
5562
4181
1031
7557
8423
6060
6880
9578
2952
2783
964
7939
3641
271
5054
1859
5985
7194
3662
6486
2599
8092
4241
1770
4392
2812
1192
5356
849
6147
7553
2260
7524
3576
5289
1160
9248
3029
4269
2197
6650
7498
1635
3511
1100
7166
3799
6418
9934
2561
5012
2011
5091
2680
9138
3898
559
8767
3684
1242
8759
1462
4451
7258
7372
7499
5862
1011
7187
8559
5042
1116
5453
6014
7686
8367
6031
7582
2132
3615
3939
1856
494
5387
4941
9687
8934
4464
954
5927
5456
9548
3563
8669
784
9793
1598
3256
3572
271
5339
2182
474
7366
2120
1187
4605
8404
1365
7004
3113
7909
5928
2908
7484
7138
3357
3046
6293
4650
4752
2756
5714
93
4802
3933
8848
7778
4305
7255
3323
5332
6790
9441
1541
7967
8092
2948
4817
7375
5081
6716
3094
4709
6132
2994
8010
8277
1021
3575
992
6705
840
4834
9538
8523
1858
8702
3109
5603
5378
4596
5266
3098
4798
7353
3824
4202
7336
4621
6849
1003
8144
1315
7448
499
3380
5474
976
4658
4145
3866
6799
7815
7759
6761
3911
4927
4086
4079
2548
3651
3356
7743
6824
5268
3620
4620
8712
6511
3240
7378
6508
5661
7649
4500
8561
2239
4398
5991
3248
3877
3583
6723
823
5375
4162
6279
6763
894
1598
6177
7252
3632
5244
8104
6645
7965
5776
4680
2791
1634
7691
6524
4745
8786
246
5878
6816
7523
7924
8548
2657
144
4744
7644
2449
1497
7629
6077
4250
4315
6351
8226
7577
9695
2931
7052
5751
9229
2550
5247
9417
3172
7804
5767
5536
2467
3957
8020
5359
4963
183
5448
8926
4320
4714
9862
5853
4334
9291
5530
6782
5629
6337
6761
2881
3780
2632
3322
3291
7377
8740
3717
7406
454
699
2798
3959
700
7886
5849
6499
4655
7807
485
2857
3348
8389
6465
8376
7420
2351
2703
2909
1173
3010
3269
4229
6008
2989
3764
7225
2531
5167
2835
6365
4595
2053
5749
2998
2782
5361
4175
5924
3382
102
8634
8103
8675
6442
1791
302
2452
6359
8825
8421
8352
6996
7343
6796
7196
6790
3103
7309
1155
2472
6406
6162
4070
5667
1851
7548
1675
7650
3956
9159
7324
1585
2246
3991
3023
9041
4435
8341
6274
7315
3967
7264
4386
1730
7166
7588
5702
9484
8439
6094
6758
4081
6118
5955
9930
1063
9729
784
9298
8729
4375
4769
485
8513
2241
3520
3580
434
6994
8541
6868
4799
71
8921
3415
4163
5959
8780
3713
2518
2631
1869
9493
5974
1727
5473
5935
1505
1612
9130
2241
1444
2716
2373
5058
2717
5442
7778
3607
3591
4474
7167
7152
9133
7994
5692
5283
7229
5473
2897
8173
9938
3488
2764
2133
8194
8946
8045
8948
3962
2841
9053
7369
8297
407
7233
7769
3317
1586
1344
3782
2153
7989
5619
3397
8054
4417
1192
8246
5697
628
7396
2892
7819
5156
3533
1200
5054
5298
1339
9279
2452
7397
3475
241
6659
6426
7052
4918
7049
3975
6511
9889
3361
6992
7578
9451
6833
1535
5260
3204
5965
3835
8290
5953
7180
2911
9849
8975
5019
8396
3510
7744
8021
4633
304
3727
5678
7921
5856
2780
2551
2854
6736
7592
2579
2071
4090
1106
844
8318
7152
308
4648
8191
7305
7213
4717
6389
4714
3517
8118
2616
9474
8104
16
577
4909
3612
9556
7317
9174
4843
9659
3962
7286
6004
1742
8144
3372
5063
6338
5565
1486
195
3986
2226
9193
8203
3075
5708
5425
5793
8671
4910
7009
691
6349
2545
9390
3789
8139
8613
1605
5977
6207
8372
3089
8738
6812
1433
1555
4837
2760
6129
6390
6640
8068
8376
6056
528
7425
5894
4128
3693
6287
749
3947
7560
5981
6085
1177
5547
8406
4294
6670
3670
2969
8455
4731
6730
7158
4427
1081
1426
5432
5180
3406
965
6159
7251
1004
5443
4753
6176
7309
8490
6807
6429
7279
5761
8833
3309
698
4589
9145
6818
3058
5479
4258
6231
232
873
1868
2560
3613
8159
1641
7168
3883
7451
5489
4369
6617
6781
7334
9582
7766
2151
7101
3327
651
2493
6817
3125
1301
5325
2801
4508
6095
5262
4320
252
5393
5233
8003
6350
2007
3094
3174
3460
835
7976
2460
1435
3661
6473
1218
4791
3912
7166
7571
563
5102
4572
2136
3513
1191
7423
3732
1884
1558
1157
6757
9631
2360
1366
9335
3966
4851
5318
7395
3681
7456
2307
6346
6094
8387
1903
8018
2084
3024
7277
3787
3411
8625
2319
8173
1988
1705
5108
7989
3687
2713
2955
364
3624
1634
8384
705
4270
2634
6369
108
5439
3823
2674
3199
6450
7528
4276
8650
9287
6833
965
4693
6778
8752
8072
4257
5526
3339
6755
2631
5356
5657
2750
2442
9683
2165
6806
7879
5341
2228
5623
7960
7658
1662
2068
909
5917
5112
3633
8307
4258
1596
1877
1918
6188
7102
9775
4947
6988
2586
1141
2917
9465
5185
7898
6776
1856
6864
7000
4004
4591
5081
8937
5213
8431
2158
3615
1186
2723
9156
4320
2130
4323
4567
9459
3007
9311
9392
735
5606
1044
5747
4716
8874
784
5666
4616
8884
5859
4667
2411
7153
5033
8447
3056
5053
7363
2853
4688
2422
2174
3588
8201
6817
6860
8242
1800
5257
9020
4050
8687
5915
5297
5793
6873
9126
3456
6226
9766
3566
827
8183
6757
8029
1987
7908
6310
3668
3716
3220
3814
1430
5193
876
8728
2595
7580
4404
8510
1328
6202
3181
562
4800
5912
6958
8867
3834
3446
3407
1178
6182
4228
5197
2603
5544
7750
7743
6557
3291
1394
7215
8865
9120
9141
2219
2320
1948
1062
4967
9152
6826
4600
6896
8268
3870
6097
7909
6932
681
4778
9408
4609
9050
7021
5030
7029
5859
6338
6541
8768
5821
8015
2246
5511
3005
5192
5382
9130
3686
2715
6223
3922
4872
4739
6742
4357
6091
7664
8165
6649
1276
5093
4624
2215
4714
3141
9495
5264
7818
5657
7767
4560
5920
539
4965
2501
2160
4198
3095
9001
5794
6275
5234
4034
6552
2290
4275
7898
1176
6275
8261
2991
1506
5183
5224
4000
6961
4598
8498
828
7165
3906
5796
7021
5268
5269
5240
7854
5386
8465
2050
5178
2146
7159
946
4749
2993
5014
9714
5392
7715
7070
8872
6022
8932
5037
1619
7764
5402
9026
3141
2067
2575
8302
371
1554
7850
6095
994
7394
3883
2854
1743
9744
3559
9042
2445
3339
8333
3868
7296
1462
4319
7229
1610
9715
2645
1619
8307
9883
1592
6988
9785
5362
4026
4975
9600
4389
3057
2138
2817
1028
4646
4840
9572
7705
3750
2383
6570
9384
6965
3146
3315
2373
6094
5935
7076
5465
4454
3331
5226
1813
7607
3554
2023
1316
7475
3206
4654
2144
1892
1319
781
9573
4197
9806
8627
8108
6051
5147
5069
6362
7048
5884
5526
9022
7791
1065
4108
3412
9139
4637
7881
3741
6567
1037
7779
4170
4643
3041
1661
4950
7262
2386
7829
6953
6193
5134
5753
8297
6960
2480
3384
3710
7357
4788
9090
7890
4272
7291
4976
3844
4343
8368
3941
6701
5183
6100
3385
7835
4471
8452
5822
2767
2748
9159
454
5615
4574
569
9419
5899
5237
3645
4334
1643
9632
5351
7167
7971
9190
7181
4910
3784
3092
7450
5416
5535
1851
2811
6080
6538
1493
6522
5413
7406
4610
2086
1983
2569
7985
5160
8321
5967
5043
218
2231
7925
3107
2697
4470
5916
3475
3976
2696
3348
1205
8524
7456
6624
3110
2880
5051
2624
7451
3935
6206
2399
1600
2263
9051
3205
8162
4435
4301
5540
5939
6828
8478
405
2751
6786
4174
5223
7051
5660
9531
4892
4912
4301
6044
7834
4971
6675
7247
8194
6539
4222
2547
9154
6274
6925
6011
3136
1789
6766
5455
8677
4000
7538
3556
3556
5238
6112
8726
5715
4838
7157
1464
5719
8514
2234
7100
8902
553
6324
1656
8678
5924
4234
5415
7003
4423
3530
2790
2107
4628
6428
1567
4349
3651
2404
5144
3523
9129
313
7601
8281
7626
5615
6382
2685
7702
5939
4178
9979
4951
2238
275
5006
6217
4501
3360
8478
7546
3671
8399
1759
6333
1995
7037
7780
1771
5429
4136
5470
6783
9691
7859
4977
8570
393
5720
3814
9178
6321
2848
3980
4793
4404
3512
6059
7929
9424
1966
4550
827
4259
5114
4948
4583
9455
5602
5642
7439
4013
5767
8783
4096
872
5757
4237
290
3090
1546
9185
1323
1917
4611
1099
1139
8618
3060
1461
2931
8058
6894
4009
8636
4662
7025
571
2285
4181
4035
2118
4910
3166
3686
4278
8791
6465
3930
6931
3775
4045
4966
6659
3939
5281
6771
5261
5137
3995
8668
5758
5968
8843
2671
5443
6534
5611
8233
3792
3023
2761
8940
1848
2647
5058
6310
5500
5025
4735
6578
3513
6246
8467
7200
6346
6323
4447
2604
4379
4444
2848
6969
138
2276
5428
1204
4111
1261
7301
882
8550
5855
6423
8115
6347
7541
6771
9105
5761
7962
2280
2907
7503
7528
372
2153
4819
2383
1058
3617
3533
2983
4994
9379
5330
4438
2485
7312
802
7240
5613
8314
7905
6362
5560
521
9120
1871
9460
5676
2331
1738
8676
9536
4575
2417
8706
333
4766
2570
5634
6140
8546
3914
7200
536
8422
4968
2078
836
4231
5091
1344
7993
8966
3972
6754
7656
351
4016
5798
2274
4755
9749
6440
1636
2569
5436
8083
5527
3740
1719
7197
5084
3288
4353
8849
8438
3141
5850
5433
2382
902
8108
3901
1440
9657
194
7986
6613
9721
6029
2914
691
4817
3805
8232
6817
5346
7007
2515
7680
6792
6954
3720
2553
6156
5878
4848
2585
7941
2174
1292
1458
5407
5960
6218
528
4868
1822
8003
4334
3192
7390
7391
2142
3844
6407
862
6446
6911
2102
6954
4510
7674
2421
9254
7776
9534
6765
6159
2303
1065
1278
8075
2647
3479
5269
4218
5076
5480
4638
1490
2023
5227
3960
2574
6496
8307
9029
6278
2287
7597
4596
6291
1832
1698
5620
5139
6497
351
7635
1873
8459
5148
5742
5792
6386
3668
6881
2166
2588
8662
3504
6701
3265
8134
6740
3961
997
1151
4175
1092
1136
455
9683
4909
3221
8426
2470
725
8194
1615
8405
5637
5885
9690
7041
8995
7812
8089
5757
4149
2728
3903
3116
8629
6553
4189
4682
9314
5067
6562
5741
2425
7391
8177
4081
6776
6696
2242
6111
7720
3236
2924
1540
3181
1262
4283
3514
3528
2216
6378
3821
3184
4878
752
3078
9547
1171
1618
7892
2441
4992
1687
5190
7512
6358
5126
7243
2279
8627
6875
9302
4961
2267
5483
1539
4307
4439
9274
4050
6629
6549
5390
4993
5502
2306
4529
5333
484
7314
2302
1842
1319
5254
1274
4528
1216
9643
3737
4686
4387
8084
5457
9426
7153
2150
3984
9439
5546
6386
6667
819
4933
4807
8852
1426
6089
7220
3253
2375
825
831
2773
1755
8214
5356
7452
729
1979
1261
3769
7722
561
5851
3691
7502
5755
1874
8570
1386
4851
7543
3098
3457
934
8729
2591
1550
5478
3546
8104
6577
6292
1601
4502
5962
5566
3792
4075
2845
7304
2301
1914
8064
4095
8496
8787
3227
8482
9172
7935
1167
4861
3691
1781
1548
5940
8504
2252
2834
5846
3960
6519
7587
8374
9188
3412
1984
6223
5636
3149
7923
1370
1114
8343
3079
9490
8689
1216
12
6328
7470
4936
1706
4967
4804
5080
4937
8277
7231
7867
2804
7201
1979
7522
9635
6185
7038
7569
3294
3967
7424
3894
5137
2399
635
7536
3196
7401
7332
5825
3848
8051
5109
2962
7002
9307
1048
3994
2588
775
8399
5149
2877
6111
9783
1395
5433
635
728
2141
8021
8630
3821
8266
9041
3560
3514
3036
8780
6276
2614
7606
9881
1740
8572
5571
2133
4813
290
4702
5205
1178
3481
3498
9212
8891
6893
1990
1623
2404
5343
5141
5942
7816
7898
5023
4396
4109
4360
3843
7007
3060
4547
8518
8631
5338
7864
4857
5063
6959
4251
6174
6387
1577
7060
3931
3782
6892
9448
4201
130
4749
3077
4549
9469
2271
2643
5504
5813
5163
4901
708
9707
4678
2729
2061
5619
970
3667
1501
7083
620
7163
2076
9333
2032
4519
4609
6501
1470
5339
1850
4869
5698
3783
8466
5971
8579
4350
5688
7633
8369
3515
1998
7094
8339
1355
5572
2295
8314
2870
5773
8622
7548
8124
5195
8109
3900
3836
6462
3395
378
9513
294
4480
6114
6747
2588
4805
6659
5635
1286
2503
4823
3177
3763
7292
7138
3217
225
4381
8781
6999
4477
7755
3712
2486
5142
7782
7206
3612
1231
2242
3341
3627
9472
5141
3673
219
9056
6863
5796
5773
2450
7699
6486
9753
7047
3676
9243
1672
6879
2782
4663
1779
6041
162
3370
6932
8283
4058
8657
9099
6840
5990
2068
5285
2720
2988
6727
5383
4268
8338
5829
7587
6214
6864
194
7913
3387
7194
2236
3467
4566
901
1196
1040
7169
3740
5989
6123
9823
1141
7558
5718
2931
4601
5562
4383
6986
5028
1443
6652
2048
2881
2152
3641
4901
7330
7207
5244
4879
3108
5852
8244
3786
7163
4574
2054
8165
5679
8794
5795
1534
3942
3866
2345
3015
2586
3007
2579
947
4823
5576
6141
5335
4932
194
3986
5640
2072
5568
4140
6642
8304
8291
3771
3398
9700
4138
8425
426
5121
7443
7225
9471
1685
4747
4425
4000
2338
3265
3637
8570
7048
2685
9862
4547
4567
1303
9741
7083
4950
7470
63
7661
7410
7852
4866
5876
8772
1275
7069
2340
5888
4846
3710
2517
7567
9224
3893
1434
5453
9211
4839
7797
3858
1618
4547
7282
995
4828
1706
2519
6279
5624
5345
6815
2454
7620
3933
7059
1288
5723
8987
6806
6157
5169
8153
4515
6529
4129
5857
5378
8822
1396
8946
7888
135
6111
5061
4785
9365
3460
5304
6269
7009
8650
5362
2821
8167
9003
8450
2043
3722
612
1390
5292
663
4655
5091
6468
5977
3891
115
1264
4787
6848
3055
9065
4076
254
5981
7062
6302
8477
5482
2430
4005
6214
2188
7194
5724
8609
3664
4071
4313
5543
6831
9438
5207
581
9252
1375
2079
5737
1613
9938
6650
4302
5086
8665
4776
2382
8482
7067
6022
6557
3952
5149
7447
4931
8101
8921
6006
3962
3654
2182
9529
2338
2007
8802
7131
8387
15
4704
7555
633
7966
1558
5798
2987
444
5356
6601
3691
3387
7766
2804
941
1632
7881
4516
7799
3865
6006
9526
7231
9462
4516
351
6731
1407
6983
3903
8768
2232
8237
9722
7423
3424
2441
1358
5336
670
5968
3559
5291
3295
7595
8662
4575
8235
3069
3041
6651
5144
3829
2633
3162
6220
1171
7133
4202
9740
6574
9012
7797
7157
9069
4350
5455
3553
3367
4681
2663
1085
5268
690
4627
5807
1920
1728
2432
1407
6770
9600
7869
4408
8138
6888
9206
3576
4788
1475
9313
2485
5507
9585
3193
6964
4906
4623
6302
9163
1060
5493
6716
6371
4447
6246
2510
7391
2738
2118
9123
5110
3867
6328
7935
7091
6963
5580
5605
1722
6823
1897
1065
2470
4377
596
1939
8550
5927
8699
2550
1217
2770
8125
7593
8262
7288
7634
1341
7221
2397
3448
9819
6742
1268
4296
2347
8290
3470
5577
5594
1175
6370
1177
6509
4930
8647
4636
3212
5298
3114
8963
6051
4651
1709
4301
3934
6898
7483
8557
3936
9562
1279
3092
3320
8487
4812
2861
625
2120
4750
7910
7442
710
9529
5781
3284
1525
6536
2085
824
1960
3874
2519
6752
4748
6421
4863
5841
1957
6311
4826
6242
5779
7217
3859
5656
6250
5467
4176
3159
378
5234
8417
7973
7179
3483
6923
2239
8739
3646
3887
3831
3519
8142
2859
5164
5168
6200
1609
9300
8477
614
8165
3832
1765
4721
6140
2676
7326
3555
6948
4981
4705
246
4160
9697
5757
4749
6498
2760
3758
3162
9650
7611
2907
5477
3988
2792
7919
6289
2878
2939
435
4056
9337
7625
5737
679
6638
6558
3498
6108
3543
6442
2514
5222
489
3799
4572
4700
1742
3561
1009
3312
4046
4136
2037
7972
7923
8488
3536
6307
8916
5673
1357
9562
1953
4155
2244
1338
4052
2778
8270
4234
6198
7020
7790
1602
4069
3228
8223
4238
4105
5016
9062
6467
3613
7743
1560
4877
5004
4083
8313
6620
4701
3708
4265
9022
1967
652
8188
7361
6776
7942
713
3636
8109
1023
2835
3786
3203
6550
803
2047
9301
4665
5358
2476
9187
2856
6612
6481
5716
5420
6698
6547
1239
6245
8384
6932
2920
6899
363
6644
7060
6080
4734
3009
8172
6788
1917
4586
1523
6624
8000
7635
9019
2811
402
4405
8423
8623
6738
4963
4736
8536
8732
3844
7425
5976
3308
4722
1006
5078
4896
9371
6082
406
4605
1407
6233
6276
6337
6241
9284
1717
2534
2053
8140
9093
4124
9195
6711
5719
2855
3706
8748
1043
2748
5980
3388
5456
1396
6247
4361
6707
1480
2099
4161
7221
3655
1137
8152
5728
1300
6316
1018
8666
4525
4740
6309
1712
487
7173
3711
4305
8484
4350
952
8231
7473
1598
6320
2633
6414
5941
4869
8886
9686
5681
7266
7159
84
119
7166
2453
4432
5217
2605
7405
5756
1976
2888
7388
9668
6901
2311
7075
5101
6384
7371
4837
8410
2930
7609
5013
3357
1206
1398
8781
4050
2102
4661
6590
9386
4614
9477
1200
9042
6084
1287
4746
9522
8116
8114
6578
1031
4909
4441
4597
4632
4415
7033
6587
4843
1304
7601
4244
2897
813
2349
8014
7001
3961
9632
416
5818
6344
3818
6281
5156
6078
6081
4169
9070
7487
7526
1824
4792
6419
8349
4181
5054
5214
4714
4639
1390
5665
3316
5922
6533
4976
6229
628
2312
8117
4120
6036
666
4906
3155
5313
2866
2830
4646
7774
2339
3539
6998
6846
4013
7041
5117
5725
5743
8893
2399
5301
8770
3286
7450
1493
5197
2134
5648
8011
6977
453
3551
5294
6692
2839
2550
6718
5268
8554
2804
8687
8516
3021
4304
1356
1064
3079
4778
7923
2563
1472
534
4623
3156
9340
2133
2066
5907
1407
3436
2717
8264
2061
607
3832
742
4461
3712
8280
1695
4711
2123
4813
6636
4730
554
6247
8419
9641
6441
8189
8125
7036
8822
3391
8196
3988
6581
2128
1096
6849
4688
7034
1305
3634
5960
169
3427
2105
7914
4441
7312
4313
1122
4709
7965
2241
5673
5887
9338
8462
7034
6026
4696
4502
2619
6534
1692
1553
4591
7813
5945
4737
4209
7015
4512
3839
3517
2773
6679
6799
3057
2523
3688
3075
1694
8391
2866
3074
9664
1683
2762
8767
5812
2294
8048
2248
831
3640
4198
2941
7167
4560
3865
6246
6394
7128
6600
4778
6773
3204
2208
5994
6957
8885
8244
3782
7492
1293
3609
7860
2515
1762
3668
7862
5558
2644
2153
8582
6155
4179
389
6992
2411
9908
7480
8398
2300
4749
7642
5129
7809
6358
3062
3837
6720
7780
9726
5773
4134
3051
6778
7905
1600
1107
5338
6187
3682
2435
3458
4959
9373
5543
7006
6054
414
4328
8898
4961
1767
5207
6485
3941
6517
4630
1665
3544
6500
829
4053
6994
2066
1654
5571
439
8358
7041
1852
4033
1059
6441
9282
1873
5610
4239
3475
4271
6618
4706
4740
3165
6366
3624
6680
2860
4985
3477
5040
3599
3682
7512
4669
1620
7266
8048
8275
8420
3534
5440
7036
7618
3646
2354
8817
4791
9538
7576
422
6179
8676
2332
306
7305
585
8676
2835
5825
4195
4451
2507
2331
2928
9863
3655
6892
979
9844
6871
3922
8277
6338
6693
6693
6911
1989
5825
3678
5616
3621
9524
7868
2561
8048
7875
6673
7075
1017
5160
6597
7782
6964
5194
1281
4371
4789
2424
3837
3079
8524
5334
6762
5268
3529
1428
6671
1463
4928
7564
3458
2953
4672
7110
4677
7856
1987
2059
5039
2208
7980
3723
7875
4524
4739
1418
5784
6002
2197
1198
4187
7323
7759
7426
420
6275
6495
4767
6289
8345
5246
3363
3088
3333
5968
6949
2079
6962
7848
7997
2951
6518
5303
8121
481
7791
2052
5376
8620
8142
7824
6265
6233
4243
5459
6807
3642
339
6468
7491
4881
4522
2505
1994
8569
1255
3191
4058
5862
7515
2269
9177
3992
8672
2312
820
1597
898
3918
455
2610
9524
2782
6407
7425
2592
4629
2148
4759
7322
5083
3613
7663
7248
1782
4025
2559
1003
2867
4338
4507
9343
7032
1680
5524
1543
9645
186
7832
5141
4129
9127
2093
7673
8435
5407
7828
9083
7373
6150
2641
2741
2246
5086
4416
9148
6374
5554
7005
6312
2428
3030
2446
2119
8253
5822
9925
5758
2288
5071
7097
5074
4554
2660
7995
4454
6395
6871
2521
9593
3110
2186
3659
6847
3517
2653
1214
8152
2959
8736
6355
5921
7222
1625
3944
4702
2491
4461
9054
4452
6807
2172
3229
1623
4779
950
3185
9045
1215
7433
951
7000
6065
3331
7076
1721
5634
3054
4393
1140
3696
6132
8948
4802
4096
8120
2030
2525
8875
7769
2004
8743
8518
5468
3702
1880
9582
2542
3021
4688
9880
5777
8518
4156
5413
3575
4855
7334
6040
7986
5307
6734
1317
1170
1804
4387
399
5762
7256
4292
6155
8807
8892
4739
2694
7118
3458
1163
5079
7656
2567
3346
4590
2904
5655
5595
576
3452
2530
7666
7647
7216
7234
3323
2863
4901
6756
3829
9667
6645
2068
6747
7292
1834
4613
7520
1099
2482
896
8737
8296
6477
8130
3291
3562
8375
9580
5722
3520
8654
5256
910
3907
527
3989
6699
9716
4164
5546
348
1969
9690
7704
2948
4266
2316
6929
6246
7564
7980
6514
2910
3015
6040
801
4439
4070
6011
5875
910
3169
6722
7191
1197
6735
7598
2335
3760
9839
6447
1252
926
9261
3431
5497
8978
3655
8418
3652
7324
5196
3735
3288
7317
2881
8279
5270
5318
5724
5967
1481
3665
3347
1290
5221
7362
2834
6230
4631
4489
6488
4454
9198
7939
7826
1210
7116
5495
7754
4758
704
5299
6945
95
323
3855
6178
6478
8690
7152
6726
8429
6141
920
7001
2629
6043
9269
3877
9820
7251
3998
1838
5484
2076
4490
7052
6185
7343
4153
1140
7236
6846
2460
705
8761
3975
9923
2873
5863
491
7682
3420
7075
9238
489
9054
2122
5280
6205
2325
7864
3893
5409
502
7485
6438
6475
1388
7707
7141
2002
3272
5314
5943
2715
6965
4416
8209
7890
8734
8926
7392
5631
6458
115
4069
3108
9591
1816
1901
1382
266
2806
5396
5084
3874
1657
5903
7811
9044
4187
9122
5211
9462
5340
3302
2047
2831
4822
6637
1219
7984
980
8246
2436
731
5442
4802
8480
7813
3616
3911
6918
4812
5599
4682
6914
6280
2900
7896
3030
7194
2186
7058
4830
7439
7140
3082
1974
7325
7404
3275
4899
5222
9252
4317
1164
3840
6508
3981
7983
5987
5819
1424
3733
4859
7987
5584
3211
6985
4427
5414
7916
7079
2167
3349
6272
842
8696
4901
130
7651
1600
609
3884
9078
6784
5599
8857
1258
2118
9459
3555
9096
6645
4560
5630
1538
4840
5081
9337
9560
6103
7774
5216
2167
6037
4359
3348
2254
303
6859
4619
9079
238
219
4221
7882
4868
249
4741
8882
9212
5481
4729
4005
746
6847
8736
6482
3903
1862
3041
9123
1242
9540
5231
6672
7786
1840
680
420
5522
7305
7449
3542
6339
9950
5211
102
4767
2668
2912
1264
4247
3041
9595
6651
887
5922
4310
4499
1622
1641
7070
4715
8555
4028
5326
3939
4244
5042
6290
7056
3851
4338
1006
2034
9044
6560
6169
5467
8509
677
1608
3643
256
4884
9429
8318
347
4895
6403
7880
3675
4194
4867
4332
3343
7334
4415
9943
6067
3029
7044
918
2239
2828
1929
5736
351
5158
3902
6853
6223
2081
8128
4295
8082
1299
8434
5933
3515
5475
3372
2343
6728
197
1011
672
6264
6701
7643
9206
1934
2106
6867
1479
7313
9470
985
8244
8769
8103
8334
5132
1270
2628
5449
78
6786
6251
4368
3075
4030
9291
7989
4938
7052
2655
8109
9757
7481
7803
5112
4874
1459
8867
4913
8285
7438
3137
2497
6597
2534
4325
3528
7081
4527
3869
2873
4382
6793
9162
8546
4006
729
1150
2272
5437
3161
4763
1361
8588
7228
1579
8617
1439
9564
3270
1939
5742
6218
8834
741
6268
813
6927
9644
5389
3118
3655
5683
3104
6447
2422
7964
6264
2899
7102
2697
2030
4223
8359
6785
531
6499
8604
7453
8737
4862
7333
7838
9083
3391
3502
8783
4426
8842
2701
5622
3568
3928
1838
290
4357
3615
5213
5833
1310
3384
6345
5689
5298
6164
8496
2719
5672
3080
490
4829
1070
7128
4079
6612
4326
1076
9981
8812
6401
4747
3744
3428
9258
6793
9014
7961
1944
3430
2274
4861
5847
7777
3216
3232
5099
6770
6025
2705
1089
4457
1484
6439
4059
6068
3518
7791
7978
1879
4760
7752
1231
4131
9109
5648
4861
4284
3599
2462
5369
4315
5556
2554
8380
8352
6558
8309
6003
4985
2002
5246
3154
6953
4177
8315
5585
9901
5618
3049
6085
6269
6387
3199
4062
2109
851
3271
1497
7191
3618
8129
4472
6403
7139
5551
7748
4685
3464
6787
6587
6159
4688
3636
4029
5005
6062
2481
2081
3323
3912
8187
9189
4432
8134
7040
7187
6087
1199
1733
9940
2516
7800
1634
4096
5472
1230
4483
1872
6005
3250
8476
6700
2958
1596
1021
1773
2523
3326
7379
4424
7162
1892
4741
2344
4046
6487
658
1589
5929
6321
706
452
4379
8292
6127
4988
3354
6969
4784
8166
4598
3793
2536
9409
2416
7255
6581
7456
8718
941
6468
5998
6721
4179
8648
7338
3344
9174
1600
4775
5685
1791
3469
7795
6250
6510
3861
2467
8946
4000
296
6593
4466
1806
6003
3892
2675
2434
4939
8964
2274
2268
7027
1005
8788
2916
7344
3545
3941
1508
3537
1880
1149
7445
5603
1688
5046
2084
6223
2561
141
6495
6121
5636
2205
3483
5040
1802
6241
6611
8717
6625
1595
5309
875
6233
782
4212
4140
433
6413
849
6097
4066
6950
9192
6102
2077
6014
7869
6135
3103
3390
8220
7133
2909
6019
4045
9198
6076
5081
1311
5233
7060
5466
5174
2589
1285
7655
4742
8064
2497
6829
171
4181
6262
5586
3404
6158
1336
3860
3542
8362
9565
4794
2146
3520
2481
6466
5449
3631
9446
2561
3597
6014
2933
2547
7550
6334
905
5974
5159
2829
8396
2536
9847
6086
6386
8649
2957
5563
932
3650
5134
7746
9844
5924
3318
2329
1815
2718
5543
1952
429
3392
3680
9724
7214
7784
3623
6563
4908
6677
1908
8548
4792
6845
4974
1555
5613
8589
6373
3125
9922
3702
6416
6111
3132
3005
8529
3058
2141
7339
2063
8753
5284
2633
2748
7013
2070
8628
8751
795
4083
3170
7533
870
7317
7160
4849
5798
8880
2733
8913
9747
7192
2655
9089
5788
6339
7756
519
5412
3354
8637
5311
2370
8062
7553
6504
5514
6001
5569
3871
1746
5599
1966
2972
3239
1201
2259
4479
2290
5564
3683
3527
6535
3878
3512
8489
8187
9595
5910
3648
9552
1363
4969
3505
57
5883
6438
2185
5010
6011
5274
4762
8905
5399
9892
4660
2115
7062
7272
8040
7727
137
1212
7324
6683
3657
8197
4547
719
5332
2095
1969
1469
4844
6306
2775
4926
895
8874
9385
2306
6236
4369
7991
4856
2941
4423
8223
8533
197
5302
3099
9231
3419
6546
1238
2467
2437
5404
9266
2550
6268
7917
3298
2731
3792
9104
5324
4479
5127
2466
8208
5300
829
437
3224
3493
8477
5008
677
1229
4787
4873
6005
1870
9099
6874
6518
1963
3920
5336
8725
773
4786
2999
1830
8105
527
2342
9164
2012
5316
7293
6629
4080
9543
7466
4197
4966
6234
3044
5479
2239
5789
3952
5139
6104
4727
4733
7983
4711
6759
7718
2615
5788
1816
8487
5393
9298
3574
1657
5004
7486
1515
2234
6663
4847
6494
8041
6597
6525
8853
1019
6809
3505
8023
2394
3912
6632
3030
7292
6778
8884
6100
1699
3773
2325
8326
9952
8494
7056
9496
6636
8865
5251
1238
6107
3992
7112
3108
7701
3167
5752
6274
8654
6785
6631
1964
8742
2043
8206
9222
5979
572
9885
3346
7522
4157
4960
7503
4307
8424
4048
6694
9208
8758
6617
8581
2463
3671
9705
4798
1886
8919
9408
7680
7288
4291
4574
8134
1006
5698
1443
4303
2484
8789
3001
5748
3423
7702
9760
3971
4737
3318
9096
4185
3924
605
8197
1344
1313
4717
2076
4072
9262
2071
6564
5199
2856
7892
5038
8268
5184
1852
3984
4765
4950
616
1804
829
8412
6619
7767
4681
1354
4367
2586
2827
8086
6647
263
862
8613
2034
3125
2438
6689
8520
6654
6171
6986
6597
7562
6805
2429
8030
7464
3315
6917
6994
6187
8977
6245
8015
678
9030
925
3054
7343
1908
3435
1502
3558
4727
6245
7260
8405
5582
7490
3885
2544
2054
7518
9620
5708
3370
645
8716
3875
9944
4543
833
8931
5569
5950
4244
8621
2195
4330
9012
9324
241
5741
7759
4638
5352
2371
2159
7041
6179
6705
4080
5317
6489
5751
3730
7583
977
8166
4746
1756
2397
3623
4561
2621
1773
8148
6815
2663
7031
7741
7237
3834
9115
7570
7221
8880
6271
4438
626
4772
3191
6163
7344
4528
1944
3760
7410
8072
6032
3707
4572
9536
4419
7790
7234
2887
7559
5772
9274
5993
3823
1129
7172
9732
355
176
4463
8490
4949
9200
8290
1678
1815
3563
4407
5001
5825
3241
3522
8716
993
2549
2080
9398
4418
5718
4484
5944
3073
5104
7224
9036
2406
1830
2284
548
5356
8832
2100
712
6356
974
1260
3118
4251
8028
5135
9833
8496
1083
7883
6514
3789
9039
3206
7972
8311
7213
7543
9110
2295
573
4591
4964
1759
426
5199
3997
2913
2923
4884
7146
8555
1846
9613
2858
7746
2268
1873
3083
3441
8642
940
7008
8193
1284
9643
9459
5882
2712
9771
6450
4499
5533
7471
4721
1517
6408
3062
5094
499
4390
4430
4478
9357
6471
6614
7554
5888
4247
2368
5588
7188
3348
9049
4903
1809
897
9103
7381
6355
3151
1755
265
4969
6414
4027
3959
1063
4693
9558
3514
6196
9576
1612
4056
4761
1836
9485
7770
6198
717
81
6932
5320
8208
5687
2765
6242
2445
1590
5297
1744
4713
2885
4309
1034
3494
3732
3435
8989
3270
6922
7371
7290
6807
1051
2957
2847
7476
5303
9562
5565
4007
5397
2153
4120
7247
5517
7423
7793
9246
5392
5547
824
9323
4541
720
4856
8050
2406
5278
5017
2407
1431
5162
1016
5801
7119
5635
1458
7111
9247
7992
4123
1227
4161
5431
563
9636
4977
9623
7897
6233
4277
4722
1955
4481
8658
5926
4002
2080
2698
8727
2960
3066
2604
5496
2052
3043
8625
5480
9114
8053
3955
7682
4583
4021
3559
6664
5605
699
4938
8711
7520
2077
4406
139
5505
4472
4625
5082
7318
6119
81
8010
4569
6575
5996
3757
7573
1326
3562
9864
6231
8048
7087
4282
6670
7440
246
2356
6129
4261
1588
4397
2912
3993
6005
626
9591
5283
5936
7811
3615
6762
8678
8040
7009
1048
3827
5100
2283
2280
3730
3710
3499
3993
3052
4994
2654
4458
2349
2211
4022
5705
4434
6093
6839
9202
2729
6846
6852
3279
3300
7452
6066
3987
8872
8762
3168
3437
3662
6003
6459
9481
8639
7955
5764
9371
9151
6082
9334
6508
150
8766
6111
57
2114
2723
5172
6672
8845
3514
8076
528
6157
763
8236
5553
5149
2983
3053
2420
2294
6409
6871
437
2597
3115
4347
7101
5626
6614
7094
1413
4753
6096
4003
1364
3029
3116
4223
1298
3635
4406
4284
4288
9156
2355
6195
1865
5954
2998
5165
1890
3821
1370
9193
8103
6449
3339
2807
6758
2254
7254
4235
3402
3802
2484
7294
3803
7023
2734
9996
4183
8124
6255
8786
7126
6602
7065
7496
1743
1842
3360
7569
5702
4988
8001
7309
7433
9935
1896
1254
3270
6364
2503
5200
2293
8021
529
4699
3176
1571
3722
4705
666
213
5653
4020
2274
7276
8929
4250
5384
1398
6877
5015
8842
2302
2690
3660
8506
4928
2293
9579
8026
5820
4967
7860
8623
6188
1024
4387
2643
6996
7584
5173
7841
7602
3866
5992
2499
2854
2953
6880
6240
7906
5670
6400
3054
1376
3720
6525
9337
5122
4767
3446
1335
4631
6863
6201
8087
4100
8667
3828
8804
1466
7769
2499
2289
442
2668
7825
9456
6359
3003
2147
2770
2301
9265
4445
8459
8184
2886
8178
8118
7366
5979
9331
7457
6260
5402
6475
7527
6651
4957
3072
4122
9276
8479
6370
6356
1837
369
3816
1817
5779
8942
861
5568
950
3926
3046
1759
6865
935
5222
1967
5655
8093
4189
1170
5267
6875
4886
5125
4195
2591
8998
2854
8099
3391
7882
683
3854
3981
8944
35
8561
4865
496
2080
6897
8819
7704
1280
959
2854
4156
1655
5910
8572
8351
6304
1636
7423
8807
694
5402
4909
6084
8452
3057
4510
9032
3857
1837
2915
1037
9251
4104
6662
5391
5191
7393
2843
5895
3976
6157
8457
9509
1869
3501
9859
3709
4504
2181
8511
3740
9825
6554
8255
219
2764
6746
8190
1654
6561
2478
2746
3725
6728
2564
1062
5089
3464
1694
7257
2201
2465
8827
4753
2599
5301
9141
2248
1789
5815
7445
6441
3115
5573
4887
1048
8591
1673
8952
7222
2922
1180
6255
6489
5736
8523
2747
564
8776
3288
5957
7095
8603
3862
109
6185
3215
7875
7021
7966
3957
1071
6388
4888
4192
3039
1138
7908
9073
6688
4527
6718
1686
8887
5098
5697
3504
9455
4184
6635
9778
880
3577
1226
2858
4769
8607
5290
6288
8976
3156
4163
8805
2606
6696
5515
9843
5428
5874
3386
7529
3024
5664
6889
2649
5275
7595
5690
9082
7715
7022
7227
611
4837
7984
5260
4464
7153
6561
3644
3946
162
1157
8094
3987
5399
8200
8626
3770
7587
5193
1508
5806
2597
5121
4521
292
1415
8432
2281
842
1585
9224
1608
5257
8227
1554
8519
3274
8173
5424
9109
9092
4743
938
9678
8645
1971
3824
4113
5924
4327
4010
9246
5686
3027
2569
6276
4572
6199
4383
8571
7689
6939
4891
5890
2819
8305
4243
6152
7982
802
6205
5959
1433
1523
5957
2501
385
5954
7499
2534
6930
5338
3407
1981
5379
9864
9791
4132
9150
4822
8976
5719
5774
8216
8933
9244
960
3589
4309
7078
635
1885
7334
8626
4225
4104
8663
4321
4390
5467
7085
819
456
893
8993
7255
5354
9903
1892
5618
4390
4228
4930
4316
2606
6630
4679
7065
2654
6554
9829
2268
6389
7683
3358
1865
8391
7231
4523
2688
2156
4182
7511
6052
5803
3124
5263
5307
2820
7987
7032
6950
1864
4498
8882
6722
1371
3127
5254
699
9782
6356
7712
790
7556
5045
4637
6624
7400
6345
1483
5862
7676
7488
5051
3797
1876
3858
2441
3513
2415
7664
5347
8287
1842
4946
5047
3653
3510
1356
4439
8839
6661
7051
9664
7821
6692
7819
2265
2090
2696
7671
3655
5264
7064
3189
6991
670
4545
4813
3405
4176
6046
4717
8182
6565
5010
5657
4752
1386
7635
4161
8560
1985
2818
5800
4727
4990
7467
6798
4985
5303
7132
5163
6660
3956
4504
5480
3695
5149
427
3865
3396
7127
7670
6101
4303
6447
8912
5222
3134
6978
5690
1909
9520
3002
2249
1285
4821
8251
9085
8485
2635
2898
9377
7854
3391
7041
2798
5964
5685
398
5904
3951
2990
6621
7525
9181
9300
3393
6857
9113
257
2112
8887
6744
6414
8059
3774
4889
456
5684
9828
7053
3543
6692
2430
6440
7511
7450
4478
7198
3564
7273
6207
7192
908
987
2281
8349
6938
2204
2045
1956
7100
5805
5826
3802
4621
6586
2860
1882
8782
8006
739
8768
4880
8902
6715
6884
6323
3531
1155
3207
6515
8607
2646
7333
3767
8953
6068
8376
5119
2885
3696
7514
2518
9758
7423
6373
3474
7675
9766
3508
8576
3696
725
5758
2769
6859
5767
6819
3531
5185
4062
4453
5124
6199
1360
7769
1765
2494
3894
8157
4590
3471
4165
3782
7777
1206
5988
4518
743
8815
5076
5583
5165
5429
1255
3479
9922
3503
1047
5312
2098
6371
7511
6785
5534
4470
7354
4409
8948
1844
2578
5010
3346
8857
3270
3025
6805
6946
8759
8831
5164
1319
4547
6624
3250
6585
1072
3871
2581
5712
6458
3736
9501
4711
2392
9426
7900
2699
988
5035
3934
8492
3101
6435
5882
4634
6126
3479
7481
7371
3939
2751
2307
3097
1351
3599
930
7847
1240
7297
8040
1101
51
1972
250
8559
8244
2931
6067
2883
8715
1810
7256
5993
1274
8706
6250
4636
5375
2973
8894
704
6371
9455
7424
8598
6639
9312
3048
833
3596
4349
5283
8543
5733
7582
7344
9176
8411
7995
6632
2084
4990
5776
4989
3228
2107
4806
3062
4266
7777
5974
3952
2426
6115
3458
2816
7926
5602
7010
2254
3885
8933
8161
8666
6873
5890
7813
9729
4995
7729
1954
784
8237
4970
2948
8023
6408
4346
7527
3005
6498
4631
5914
4532
2064
3254
2003
7595
7950
9340
1992
2276
2750
4161
7563
7478
7968
7851
7420
7227
9577
6563
6860
609
3472
6072
7877
1526
6683
8565
3165
7279
1216
867
566
6751
8974
4025
3021
856
4948
6184
6180
2432
3860
3917
524
7154
1499
7290
4791
1892
1738
6401
3779
8630
2008
5468
4699
7458
1961
4184
7419
4147
3507
6077
8942
2373
1054
6396
5457
5182
5107
3233
1254
4064
2404
3248
1619
9273
1388
4067
4913
7745
3387
2558
7689
7007
4409
7390
6419
3909
5848
2956
8701
5249
9019
2935
8335
793
7283
9833
1172
4866
5763
2145
8419
7003
8286
6814
6894
750
4764
6641
3257
988
3521
2621
9847
3645
6465
9237
6794
3955
6864
8549
3458
3012
1831
3156
8599
8820
2782
3777
4216
7378
5928
982
7702
6696
2853
2738
8993
6692
7498
6433
7545
7833
1815
3231
5471
5168
6237
3388
6128
7754
2666
8400
8518
6703
5752
4459
1993
5041
8443
1172
286
8823
1911
8120
1175
4433
966
7360
2278
7423
1696
2762
2024
693
5832
8974
3863
2474
5809
5524
2020
6674
4419
6172
9951
479
6297
4220
6830
2567
5117
5087
5972
2264
3185
1784
6928
3734
5177
5588
2249
2915
5814
8584
1849
2520
5022
4613
2257
6103
6820
5375
8843
7461
4087
6436
6261
8234
6783
5247
8879
8405
7853
6373
2420
8933
535
4757
7512
8049
2614
8927
5865
4866
6290
5220
2265
8656
3901
7144
8419
7181
9490
394
5758
1368
8922
3442
324
2031
3579
8860
9363
4423
1641
5858
6099
3923
4275
535
8134
7917
4538
6669
4562
5520
7939
7994
2112
1035
9359
275
2978
3721
2426
3747
6826
8519
9878
7114
729
8308
1440
9251
4286
7035
449
4005
2272
823
1326
2752
7969
5574
924
1786
7652
8323
8132
571
2335
3374
7631
9497
9160
5335
1428
3449
8006
8219
7624
4213
7188
5954
3970
7117
4429
4691
6128
4898
4495
2597
8432
3124
8820
2773
7406
6363
6283
2537
6871
8018
2214
2658
6539
741
7483
4848
2890
6466
6663
3441
1091
2300
8419
2851
7297
4892
241
5786
8885
2317
6691
7345
9554
9480
5505
3492
3211
8129
6064
9153
3447
3816
3736
7790
1853
2941
9437
8572
5140
5186
5018
6103
2836
8470
6146
3116
1810
7744
9036
9434
7777
6435
1772
2330
2448
6255
7316
4797
2283
3218
6301
5348
4537
7214
1595
5333
9059
1783
8422
6087
7146
7286
9796
1391
9128
719
7217
7194
4256
4312
8541
1129
2122
4238
4390
8117
5599
9722
6847
7749
6059
2704
6543
6675
6930
2565
4714
5704
5499
4607
9897
3556
7554
8574
8464
3465
4434
4756
2653
2634
6511
6004
7026
4516
4689
2721
7728
5826
2031
2507
5931
6224
6266
3386
1258
1169
4704
6990
6951
3845
838
3099
8151
3626
1541
9912
4533
2329
6631
6724
5211
3986
6069
5760
7974
7736
3236
6844
9555
1432
5171
8927
8406
869
5472
4611
1873
4008
3195
1523
4493
5567
8601
2053
7680
1508
2978
7842
8194
3457
3157
6770
1840
6871
8743
6393
856
7941
6866
7118
2914
8497
7515
4134
1860
8902
5967
3921
2570
9464
8800
9619
7208
8092
4200
7403
4577
8254
8231
3376
7243
1285
8364
5506
8709
365
2499
8686
4780
8605
4085
6029
3503
9462
7062
3026
8884
937
5069
4046
6100
8465
2690
8302
6516
7523
6179
3844
4551
5328
2759
7684
7147
7201
3143
6063
8910
370
3381
9228
7842
6498
5938
9353
7168
4314
5799
4638
1659
8938
691
6414
1675
9112
6325
4244
7390
9835
4141
7214
7755
3208
5430
6160
4943
3867
3271
6796
9500
6526
2451
8821
7050
511
6547
5660
8409
5216
8485
887
5741
4059
8367
1307
4038
7491
3910
1961
5553
8482
1958
956
2063
5796
839
7547
8881
2124
4219
5263
6208
1812
5604
1233
4064
5775
1429
5503
3300
1281
7744
2246
181
7944
3894
3831
9292
2351
8776
3666
2825
5058
770
8969
317
4727
5011
4667
596
6838
7147
8180
1778
6456
6916
2367
5552
3942
2882
642
3012
8921
1340
2437
4873
9082
2420
5762
353
4387
8109
8229
7450
8315
2811
3079
8845
148
7372
3611
3789
1113
5445
3771
5044
6797
8608
7577
1626
1952
8879
5489
1554
3108
1714
4840
6422
9023
4303
3185
5530
7443
5964
6475
2495
4951
4033
3721
3670
2720
6091
3213
6353
3829
9092
5107
6335
5246
4393
9569
5709
5191
6479
2071
3435
5433
5598
5508
796
4658
8471
1019
143
4170
6467
6493
3064
2185
3921
5985
8283
2151
2279
7130
8423
2991
