5242
9996
7024
8244
242
6344
7992
9060
85
2451
5632
5662
2590
7632
6606
6412
7867
5847
5504
8378
6162
5656
8426
260
5392
8170
1570
9443
6805
6586
407
9774
1948
7728
6872
9547
744
6768
1659
9674
9963
7699
2271
8266
6870
9190
9114
732
6904
2271
5943
6405
8392
7012
9171
5988
6566
9436
5650
7836
8673
8405
9620
5133
5893
5767
2610
7525
8700
5060
7555
7681
7600
1915
8042
9103
148
6623
9223
5222
672
5915
7917
7735
5475
3812
9032
2745
9696
1708
9568
7056
7720
9400
7271
5872
7138
6932
9520
5494
6320
7537
3596
7598
9760
6589
7614
8702
5603
9786
6816
5247
5928
5863
7453
8246
5608
5511
424
9177
426
8830
9154
2968
1130
3227
2581
6031
7532
450
2578
6341
9290
5652
2496
6888
6084
7368
6155
8791
105
6187
1336
7937
361
6102
6913
878
7696
6485
2876
8914
554
9082
116
7640
437
5844
8236
5840
7551
5496
6782
7932
7999
6460
8619
9256
6521
8420
4982
775
5399
4039
5902
2254
940
2846
5287
3033
8971
1352
8826
1485
7712
6378
5171
5653
8253
8278
7384
9336
7869
3639
1029
6492
2486
7584
8773
9276
7390
8779
6882
7272
5390
2692
2555
948
9252
7522
7405
7509
7058
9132
9789
2915
9908
8165
7654
7828
1733
1009
3
9258
5022
5298
8674
2744
8682
6552
1259
9234
2205
697
69
608
3131
2969
8494
6859
7066
9964
1516
9516
8098
6280
5184
5109
5456
5802
9686
9772
1059
9791
8502
856
9108
8562
373
6806
3176
721
2640
5100
1377
4279
5118
8566
9130
6192
347
8086
9548
6924
7122
8074
7875
7568
2216
1204
1650
8174
6172
9746
9364
5652
5908
7074
9871
7692
5460
710
5552
5800
6654
611
5058
3095
982
4487
9452
7203
578
7957
2449
5430
6151
6855
9624
6742
5345
716
1242
8250
8892
5712
7162
7182
6144
5332
7086
7016
5792
5448
9770
5040
6279
337
9147
6489
2127
6228
1234
6388
3297
6042
7103
7532
5126
5952
7616
9646
5329
5449
7806
559
6512
2204
6184
8290
7592
7853
9376
8744
6049
9675
249
7849
9890
6402
9078
1194
9645
8169
5778
6425
2943
708
159
1350
5999
6654
5752
1170
2552
7581
627
9372
2284
7569
7608
1676
6305
8344
6162
2810
6194
9836
7974
7315
2221
9220
7183
370
534
8134
5082
9720
5535
87
6499
771
5651
2460
6716
6592
9488
5372
9677
8254
3635
8189
6071
9445
5536
5532
6232
2431
2620
5132
393
9782
5180
6588
6276
1011
2337
1040
5444
1984
7629
5185
1436
9056
156
7446
1038
5078
7208
9980
523
6527
3246
9886
477
6958
134
9602
5832
6902
8634
2276
7826
6704
7468
6616
8602
6240
2664
6056
6746
9164
9353
9475
8234
6742
358
1338
5910
265
9138
9743
6489
2508
5246
5772
8987
1506
5070
6042
6952
5640
6117
4253
8309
5978
479
7969
775
7160
8973
8970
1417
5004
6632
7244
7317
738
6966
5357
766
5912
184
7472
5522
6874
925
8089
8998
6074
7925
184
7232
8487
5946
373
7933
9624
9790
8094
6746
5188
7283
8186
8180
5545
9735
7237
6431
8234
7496
3254
6508
6784
2559
330
9404
3532
7202
6536
7420
7078
7702
2004
7054
5837
6555
8021
8094
6080
7120
3445
7484
7978
7708
6402
2794
6307
1248
9449
9340
5131
8351
2152
7809
9461
8834
1530
1615
8136
8394
6338
1621
6527
5593
5442
7432
6364
1547
139
7866
9184
7342
8626
920
5498
6927
9536
9660
4065
5634
662
7585
7917
804
7344
5822
5840
6872
7892
9366
70
9068
9478
8986
6702
840
5037
6875
6531
9465
4073
1004
7242
349
9458
6391
5397
7657
5672
5972
7669
5749
7712
620
5557
7617
715
8994
9808
3308
8082
7112
8902
5508
6154
8010
3604
9922
5738
6938
5210
1922
5317
4112
5362
8809
9148
7280
8724
6012
5323
8719
5080
7460
1507
8672
1939
9836
8951
9484
9948
5000
5610
5112
9971
7740
5823
9063
8809
9406
8418
5692
6484
2538
2764
8533
6408
7667
1668
6952
6824
9852
3336
3439
6974
9524
5435
9717
5372
7333
9207
9846
6872
6162
6987
9300
9340
8326
1860
6992
694
9771
3382
8980
441
7334
152
1982
6100
2133
8343
6353
5161
7631
8080
1798
3673
9122
7172
8109
316
9846
9396
6888
8118
41
6266
8342
1117
7617
8564
8492
2531
2677
91
7889
696
4517
7566
6364
6806
5717
5642
2485
6764
8892
6686
5628
8148
698
4879
2987
179
8678
7088
2324
2554
7162
6126
9628
9360
7848
7752
7186
1123
6032
9624
2193
6734
6136
7912
9716
7196
4237
920
7832
6292
5306
2726
6489
8340
2902
2740
6032
2929
7750
5669
3212
9692
8877
2290
357
2811
273
7248
2562
8908
6582
5414
5896
7231
9541
7160
1356
2640
5460
1704
6216
36
7364
6443
5152
7750
8730
7217
3089
622
8180
5576
6284
9016
7803
6990
6749
6173
7780
1151
7740
9213
6682
7525
8758
7812
6442
3144
8228
1582
850
96
5650
153
6704
7582
5952
7796
7064
464
9464
517
1617
8934
9996
7465
5088
8906
4908
9456
9236
8993
9068
7696
6265
3753
9820
1005
9356
5896
6843
1632
1910
590
24
6346
7620
1
7889
5703
6234
799
7085
1808
8410
2811
7884
12
8597
7950
7274
5692
3147
5513
6070
9403
6770
1186
2378
2291
5217
3292
2554
6287
6020
8866
45
5207
6876
2640
276
5886
657
8991
954
8314
7416
1169
6346
3350
5974
7145
6527
539
8250
294
7879
7822
5019
7471
1586
7060
7905
2605
6588
9740
8124
5040
622
1241
438
6710
8816
9285
7672
3313
890
8354
9676
6798
5825
1416
6632
8122
504
1191
6022
7436
2601
6058
6894
5092
1548
8026
8710
7212
7009
8814
8631
510
7424
6351
7150
6233
7284
1120
1189
915
6762
5220
6061
5644
8941
276
776
9202
5306
7732
330
8810
6158
822
8954
6856
5086
8410
8694
7639
325
5311
1090
5358
6641
6382
5712
5342
2123
5963
5420
9576
6821
8986
8492
415
706
811
2010
1724
7608
7825
8128
8854
5544
9452
3060
5981
4874
8142
5218
4016
265
7123
8310
8429
6404
9306
9413
6328
7892
9312
5677
5568
7051
6435
8797
7480
3909
2400
5180
3002
8174
7388
1760
7869
9444
8309
9428
6359
8544
6183
7109
3058
7900
5662
306
8850
5396
249
9921
2116
1030
258
7926
1101
1011
7016
6076
1980
7229
7686
2815
958
8943
6498
7430
6910
6267
8121
416
6903
5754
51
1840
8429
7356
7215
7768
5107
6173
6296
3248
7978
8643
2157
1959
668
7807
5992
6801
8364
5772
8885
7401
7057
3424
7974
7196
1386
2154
6990
7702
5867
3090
7738
8623
7720
609
7688
1615
9548
6042
5367
1281
862
7012
374
6040
3598
1076
6128
8232
212
6888
5477
4969
194
9452
147
7342
8646
894
9300
6550
6202
9002
7151
7564
423
6145
9925
6266
4997
3270
8575
131
5291
5588
7240
9254
5586
9476
176
6444
8119
7632
5375
8738
7896
5432
9148
6119
5832
9959
8560
2550
9606
2083
561
5327
8066
8590
535
9413
775
9308
2805
5685
7798
9346
7843
9771
5136
555
8187
7709
1882
4004
5954
5240
7359
6632
5517
7380
7728
6760
2681
22
5371
5208
5406
8502
9431
5822
33
7867
9371
9290
6481
7356
8414
4684
647
3974
9168
5778
5020
2752
7906
7527
372
6230
2622
9082
5866
8650
591
6437
8224
5499
5900
9556
8850
9167
6267
2094
9196
76
9194
9732
4214
874
5016
2700
7354
8692
9106
5659
7261
7969
6481
1449
6760
2654
8435
6730
5788
5482
6777
1596
8139
824
40
3207
2120
203
970
6308
3653
7424
6814
8368
5392
5692
8170
5038
3815
1946
9852
7422
5367
3085
7479
5812
8979
5750
5828
8823
8506
5568
1913
1870
7040
5597
8287
8498
2072
3439
8562
3608
8054
9861
7048
6341
8074
8491
8299
7100
340
6101
5936
7552
9516
7267
490
8922
8457
304
5302
9588
574
7384
8754
9171
1608
5498
3314
5932
8335
6962
6624
642
413
460
7535
8252
6184
1126
9337
7144
851
5554
7914
7962
2916
6680
7952
8957
4077
6625
8386
9146
7202
9204
5387
2452
6216
4066
550
8342
9656
6376
9788
5557
9640
6963
5388
914
8641
863
7442
6004
8942
6204
3472
7891
4269
9624
8430
9901
9756
7224
9536
6774
899
5176
6662
8665
9044
7495
5988
1639
5052
562
6316
9394
6047
453
7392
95
2610
8482
9772
1783
251
365
7672
891
5742
6172
5393
9716
8545
1733
7554
7628
7852
8218
9881
4270
9724
5536
9016
1356
9910
7192
5256
2451
8272
6361
3138
8674
541
6413
6828
5991
480
1016
7480
5189
7759
7796
5335
3970
7227
7182
7008
7791
1170
8458
7749
9586
8206
17
6383
6491
7020
7623
9440
5572
2869
842
7060
6884
5202
7056
658
9733
1308
8924
6852
9488
9264
8346
7073
8761
507
7329
7046
5982
5591
6120
9866
7557
596
5032
7560
6906
8609
7823
5724
1967
8518
9236
160
6152
8282
9684
8076
9074
794
8813
9797
6220
7878
6161
7026
7145
9598
245
8940
7502
6223
1115
9182
9021
2491
6048
6102
790
8801
8364
9216
7264
5080
8714
5902
7924
594
9928
9996
6029
397
7832
3774
8706
901
366
7644
9004
8889
6290
7122
5176
3742
7388
5710
9276
524
5081
9886
990
8378
5326
9476
8463
1531
8006
9208
391
2084
2779
3885
6474
9511
5084
372
4435
1212
7849
6460
9646
6356
8394
6880
8234
1668
7851
2505
5800
9374
750
7241
335
771
7112
5743
618
363
9451
5872
6796
7185
5380
1144
8885
8138
7994
583
9836
272
8572
7509
7203
954
944
8326
5708
1498
7480
7548
4260
8431
3196
586
900
6458
6075
1782
9050
8182
5814
9836
9981
1152
8841
6488
1297
6540
8312
940
7073
1625
813
5227
5617
5398
6789
5339
628
8811
8744
6424
5296
6984
1252
1365
5166
6963
5240
8504
2840
9962
5958
3812
2206
7772
7556
7422
7160
5881
9283
6934
1027
133
5192
2672
8144
6461
7473
9367
8426
6149
1515
314
6336
5
8431
8872
9293
7394
5032
6187
2227
9690
8579
5254
7051
2732
9538
6934
7004
2302
8322
8458
5466
6782
8344
3507
7292
1187
7521
510
5709
1242
6385
120
8867
344
7198
6152
8064
5436
5464
7413
9700
6616
650
2671
6892
5260
6939
1538
9878
2444
9156
7522
6881
1287
7048
7823
7287
8205
8614
5641
7677
920
6912
6175
7933
7212
6853
458
1165
5121
2299
7480
269
8998
2501
7367
8294
5235
467
640
8218
8346
8810
5864
6272
5272
9468
4458
5430
7676
9692
7491
3530
6408
8602
7697
2604
2532
6926
9356
8744
8978
5186
9289
1018
8090
1013
8109
1048
7363
6072
502
8500
5206
1045
6015
6205
8118
8738
9376
7152
7786
2594
8869
7070
1526
905
9316
8446
6522
869
5928
361
9249
7463
330
435
1275
5137
6472
8107
6022
316
3822
9900
6928
6376
9148
5529
7585
6948
683
5505
184
4228
7150
213
6363
8097
1680
2278
8829
657
8874
6888
7331
7467
8591
664
2292
9688
8282
5992
7492
2021
558
7140
6492
5976
5937
550
5684
8344
7068
8349
5418
7270
1098
2020
415
427
8642
7560
575
1678
9036
9112
5023
154
8014
8095
7586
4069
938
6194
8450
8243
2635
7440
834
6822
124
9500
8869
7118
7626
5742
6447
6974
6864
5683
8263
3218
6329
7462
2
9755
4801
6953
3174
9912
5817
6131
650
5512
7512
8606
5726
5382
6516
5418
875
5922
7808
9883
956
6920
7990
6532
1022
7381
5318
6700
5997
5823
8362
7623
9528
9792
1090
6512
404
8659
8194
957
7532
8527
2007
5396
7792
6002
8212
587
5524
597
5866
1516
2656
1392
1348
8030
568
7102
6242
6897
8058
7528
9186
68
1283
8711
448
6497
6062
6519
476
8888
5982
7732
9488
2541
1269
5479
891
9283
8170
279
2052
1984
6232
7357
9096
8034
597
9768
6993
5824
8514
8664
7699
3210
6828
433
4050
7053
8582
4284
168
5089
5648
5893
6962
7191
5585
8911
6704
7909
7834
172
8465
8838
9471
1696
1331
6004
7037
8409
5233
6081
7176
7583
9308
9431
2420
548
9846
840
9156
9672
7704
5368
740
5412
890
921
6149
6208
6592
5118
793
8646
5512
8061
9188
9785
5392
5808
6668
9296
5954
5480
1682
9602
6668
928
9266
5736
7640
7442
8249
6443
6758
5056
161
7435
5082
5541
7474
954
5505
7437
5913
8794
1047
2595
7713
9832
2516
6609
7324
55
6380
2476
5524
5657
9470
1952
7704
222
7667
8007
946
1070
7336
6792
8747
9602
6312
8720
7623
7224
5302
488
232
5862
8707
8960
6378
2417
1511
6542
8479
325
9120
5776
8538
6299
8187
1572
7793
6292
1331
6783
5537
7463
2419
9784
6696
7602
5282
7166
7968
1324
4133
1714
9626
7402
8798
5568
9376
369
6464
1546
7479
8394
5226
9602
113
4009
350
2187
8074
7107
5554
7158
5858
7000
1825
9642
9512
8377
9926
5312
5825
484
7345
9681
1167
8560
7311
430
6641
7118
6351
5551
5272
8562
8072
6408
6592
417
7680
8264
6828
5164
5828
5939
6341
6127
96
1155
2340
5297
7396
878
7542
1953
7560
8554
190
6304
6200
7802
2869
5627
3312
8894
6955
6941
7486
8830
6310
682
9974
1055
372
3125
6322
5688
7697
6325
6352
9336
6756
7842
9469
7065
7356
688
7049
8849
6933
5426
7492
251
3170
5239
8064
7056
6142
8608
6300
6871
9064
7225
7319
2343
5742
201
5599
7615
5668
7834
6508
209
2034
7610
7874
8114
8341
6216
9700
353
5450
604
6337
8519
7482
6635
8217
8074
8754
6097
6323
6812
2505
7863
5422
9464
5411
6701
2778
1010
6605
8869
9126
8674
4550
9868
6260
8178
8382
884
6200
7443
6212
8436
6364
6892
7780
129
160
8638
8602
512
6690
5072
9151
5720
8186
8684
923
51
1305
350
2754
8351
6408
6837
1717
387
7154
5990
8601
7037
5902
6256
8754
9873
2464
8355
8074
2690
5122
5444
5182
5727
9258
7413
6029
6452
6317
1256
7671
2424
8990
871
5850
6930
1175
2098
8783
1686
1834
674
9536
9376
8434
5288
5032
7470
6362
4568
8013
1944
1409
6712
5690
8934
1024
9265
7125
6794
4176
6032
6366
3528
1268
8595
7123
2783
2170
6422
1554
1664
5706
8076
7783
5608
7643
6007
942
365
6126
2269
418
1659
9675
7353
9392
9368
5022
7620
8165
6261
206
5842
1525
267
289
6152
7303
6566
2086
1080
9800
8982
6932
8282
8555
9948
6052
6807
5579
4098
1107
583
9958
7000
7645
5917
9748
346
109
1931
5856
1920
9422
4058
9427
3730
7346
6592
3920
6414
9240
152
7998
1789
7672
9732
7672
5108
836
7064
1904
6498
5816
94
267
6780
7847
21
622
2347
178
8574
5317
6929
7872
106
5304
6048
5717
387
8114
9870
7232
7168
9176
2800
1451
9803
855
44
7932
1270
6949
6184
7657
8129
8119
5942
9256
6524
5100
6129
6342
317
6217
6104
8216
6757
7822
1898
9556
5300
9036
5712
8226
66
8896
8164
9236
6348
8104
1934
8462
5348
7602
5974
6608
9542
8298
6656
1545
1446
9248
8073
5465
511
6145
6886
5348
8621
6254
7392
5502
993
6357
6814
5782
8860
8530
305
1586
1826
6488
9004
8366
5996
7970
6082
8104
5618
5389
6496
9161
7347
1030
7925
7037
6328
8434
3060
6382
7592
5606
9703
8374
5291
7184
25
1199
7200
5914
6776
8823
8692
5460
6661
6791
2199
8839
6557
7480
5164
8147
8035
5748
5505
6252
1026
2086
6747
918
5156
1558
1412
394
9280
1162
9188
6237
1370
7974
8694
1964
418
1243
417
2951
5401
9149
6648
3248
6202
8712
703
5131
318
383
6662
4693
6580
9334
7745
505
2486
6727
8766
1410
8719
5119
7792
6216
9648
6958
6418
6322
8787
8531
8218
203
6255
5177
281
9036
6887
2381
5086
7372
6196
7942
5609
1147
315
7986
2088
2947
4897
7718
5342
5971
5489
6222
9346
8672
7383
5810
5704
9931
6949
14
6794
7687
9196
578
6441
6563
5451
7615
8402
7022
3485
8722
7546
7136
9023
9291
1458
800
5408
8956
9264
780
8874
7673
7527
8572
3282
6380
7832
953
869
7061
837
2516
8665
2691
3586
4813
7679
7708
8539
108
6992
2184
9014
241
8122
719
818
8504
7528
8090
6898
2568
9068
5462
4736
237
6412
3679
5412
7218
9526
9370
3785
620
670
8188
6476
9054
7556
9296
7683
8519
6490
6626
7032
8094
6466
881
6112
9191
5781
5369
9771
6419
6402
5564
2738
8650
6971
9959
1005
5797
7554
33
3662
487
6377
9064
6327
5402
4094
6035
169
8888
8060
6030
5445
7546
8549
6504
6472
8094
7140
7857
1443
5550
6969
531
5300
4262
2816
5821
5125
465
7730
8899
8124
8700
7630
166
9506
6631
9358
8166
2238
5620
6606
4
6961
8380
9956
7351
1361
5920
6285
1749
5146
7375
2388
6951
3202
6557
8656
7366
3208
7620
1704
7360
8279
1663
8508
1459
7774
5082
5380
6121
6555
5442
7226
6070
9197
5964
1284
5265
7876
8794
7184
8693
5364
5528
1090
1732
6552
7652
2160
8843
8806
1546
8538
5637
1537
2680
5631
1210
1448
2320
8676
1795
7682
5131
9567
2222
7038
9234
3188
6241
9148
315
6369
9842
381
5028
5877
8308
8462
8365
5221
6194
7906
8936
9100
6017
5552
5757
1102
6488
6438
6881
6974
195
8793
9796
7492
1468
8374
7199
6877
1956
6051
2240
8614
650
215
56
6330
2222
5302
6073
6955
5519
8593
9816
5710
8739
5414
7870
5651
5359
6437
9404
7390
8928
1983
5252
4605
6141
1145
8101
951
1883
1139
3969
7692
2458
8726
7615
1788
1973
460
6370
5420
6636
2504
449
9351
1745
6124
7612
7801
9285
6156
8258
7701
8602
6498
2524
7660
9340
6430
2709
6736
8739
1039
6989
7753
8194
9358
9343
3267
9584
6746
6236
5022
9404
3336
6208
5076
7522
502
9296
9502
9350
872
8346
3988
7964
619
1939
546
8443
6072
7080
7802
7504
1966
8231
5521
1758
5012
5137
8519
1500
7902
278
7506
3456
208
8400
7397
7032
5203
6094
5771
6134
1170
284
551
792
5064
7186
55
6498
9444
8990
6685
5208
7345
5712
7258
6923
8338
7477
7828
187
8780
2268
7069
5824
4779
394
9733
9837
5987
9506
4388
9671
7572
7060
460
6077
170
6277
7488
6062
4057
1770
8186
3284
6681
2628
8395
5532
7535
9746
2566
1307
5062
5050
9963
1630
9516
7055
5311
7579
9826
7767
5184
832
962
5878
6952
7349
7978
6265
9251
7815
817
3400
6011
8758
7168
1755
6848
3440
7576
7792
6129
9246
7768
8426
6344
5748
8694
915
1293
1091
886
9528
1089
9381
8481
5111
5352
6026
9029
8144
5316
5632
6661
6856
8632
5728
7675
6276
1265
645
8917
6317
9157
6904
5009
6324
1756
6705
6100
2868
7144
602
1293
973
607
9934
8427
5502
8211
1029
9916
9209
2151
9820
9052
8314
562
7068
7302
7872
1611
5942
8906
8254
1083
545
158
9996
3277
5916
1672
7212
192
7267
300
8960
9418
5117
9780
1494
435
7207
5925
9316
5712
6642
7700
206
6252
2853
9257
8857
5956
8786
6808
9988
5860
606
6925
8182
3563
7538
8018
5807
5807
8771
7030
7712
7312
9692
6945
5893
5011
8778
6184
7262
5336
7219
2222
8635
7776
8506
6854
8017
5046
5877
8491
8358
7704
1476
7765
2958
6887
8880
8450
8056
9216
3846
5432
4111
9696
8044
1942
401
4181
6681
2155
5472
5640
7046
5971
1461
9191
1801
1522
5006
5104
6848
8812
7258
8478
1032
1552
6603
9102
806
6535
8326
9622
6306
7051
3530
6372
6298
1490
6032
9791
8210
3193
7067
6920
7680
9644
8356
2315
7000
6536
8704
5461
7338
3475
8144
6640
5985
7380
7614
9996
5212
8480
2922
5512
2433
6966
8226
7174
6123
5126
2156
8293
8424
6141
5339
6333
5496
5747
9096
698
255
6065
7216
5326
7706
6693
5152
7740
9124
1241
284
6658
8019
184
7629
5596
6572
1164
7492
1408
6939
5904
6736
6166
6772
3130
1476
8934
9987
7859
6648
3084
9220
5556
7816
7055
7964
5159
8584
7340
8690
148
7781
6525
40
5666
7741
9578
2627
8409
5284
5929
9956
7412
5754
2527
2127
512
6302
7225
1735
5447
5666
6046
7000
7252
9612
6752
8116
1401
7920
407
6403
9246
1837
7318
216
5880
1036
6094
6517
7950
8162
7578
1840
1814
6109
6076
919
8314
3589
9805
5308
9628
6316
7700
8283
8089
9357
6848
8874
7384
3052
7428
6156
3022
6248
6872
6117
6648
8491
9017
7672
9049
9698
7608
3746
620
5713
225
6606
4045
288
8802
2536
6220
1152
5832
8714
157
9534
6209
5835
8114
6420
7894
7642
6822
9268
5225
8790
5632
5858
1182
490
8188
2969
1593
18
1692
7929
6758
7117
5749
2396
7499
5862
7817
9139
5397
5105
8793
7430
8894
6586
7164
5592
9506
9876
9033
9853
7536
3915
976
6900
9471
7797
1270
8303
9876
539
5823
9668
5016
6780
9088
262
1410
815
536
5151
6970
5748
3030
9436
8750
5279
6867
3543
9652
6197
6900
6129
3674
800
2332
8451
18
6312
9996
6274
6500
103
7437
2713
3444
8682
6824
1984
6883
7488
2646
8790
9698
9508
7195
9118
367
8353
9134
5762
9571
8384
7000
9341
9456
1265
8123
800
5592
4159
8240
9518
7113
6647
8617
1059
7093
2482
8086
6003
7140
5123
9040
6088
7237
1314
8774
4178
321
5567
6313
814
5769
5648
7982
6690
8842
5754
7620
79
7472
2844
4088
9820
6517
492
9324
164
2781
6886
7252
83
6055
7780
6097
7669
6572
2526
9310
9779
6823
5756
5040
7591
9501
5411
2425
6855
7402
139
3902
6789
9040
5509
5948
6824
8917
5867
3132
8279
8150
9468
8873
3087
2100
2932
4370
9678
9588
8790
6373
665
9296
7970
6584
7884
8674
5048
9359
8601
8238
1359
9271
5730
505
7528
902
2383
2515
6195
6428
197
416
9014
9248
1572
5918
9666
56
7694
5070
8058
6828
565
6175
3136
8690
6827
6472
7852
7158
6754
2246
2748
5250
6777
8899
3600
2283
56
457
6508
6117
5762
9896
9027
5912
8123
6922
9914
7371
8295
8660
6407
5374
5714
9506
1576
5957
8176
8769
7084
9484
8794
6304
1119
7672
7952
7135
9772
8286
5024
552
370
5859
6344
5156
6677
7752
8627
5205
5838
232
6403
3604
8318
5543
8666
216
5011
6644
9732
1061
8864
6352
6448
3374
8774
9986
6662
7100
1105
5228
7694
2171
7678
8847
2653
488
223
7988
5370
651
441
272
3795
8850
726
5626
6856
5904
6247
198
9785
9972
2357
1228
1990
6344
1149
7053
6450
6612
8964
6638
7311
7282
5400
2586
2734
9832
5822
9817
9676
7254
8540
269
5560
7360
1092
1542
144
2425
7312
2101
9507
6300
1932
6784
6250
5465
8022
5640
2350
7152
7772
7472
6269
7336
9014
5923
6632
9084
8934
9208
4274
5432
7140
5022
7637
7096
319
7978
1675
5307
616
6123
7388
8652
9992
3038
8486
2615
96
5029
2227
8662
5946
8771
8697
6894
9053
935
142
6732
7864
7593
1094
3664
7612
5493
5991
294
9654
8110
7344
4118
9760
8234
9446
6072
4296
9556
8527
897
7392
4994
4109
5240
9524
2826
7201
6092
6306
467
6588
9424
9344
108
7264
7042
9034
93
7360
7113
6989
6989
7001
9192
8580
2769
6408
8198
1086
8530
7764
3492
2285
6358
6152
6322
8156
8271
6756
7539
8494
19
5215
7261
2800
1584
3701
5561
9466
5292
5752
2136
2215
5516
9220
7106
920
5538
6440
8639
2060
6706
6390
5777
6444
5347
5992
5902
8298
9279
9756
9982
8849
578
6101
7819
613
5456
239
5090
7720
6922
8344
6735
8138
2006
9996
1016
9771
9976
5265
9436
7549
8212
7469
7104
8478
2232
5064
5788
9746
6777
4943
411
1092
8408
6900
8766
1371
1985
7994
385
5415
9413
6605
251
5136
9122
9946
1073
5392
8044
7717
5230
9337
203
6892
2822
2203
953
7944
461
9120
5415
7824
5365
2614
6492
516
618
6736
6420
7751
5452
5224
9176
8852
9079
8334
5610
8057
5725
929
9065
2752
7787
7267
6482
8251
7133
6933
6562
5492
8746
8228
39
2387
7976
2928
8922
6167
756
6220
5490
6904
7899
193
2118
6102
1760
9092
6139
316
1521
9378
3049
9010
1573
6597
7307
9756
8750
9064
6922
3792
5647
5476
412
1184
204
5846
9488
9564
7448
5549
9250
2434
7471
8899
391
8542
9086
1866
6906
7667
5791
5944
7400
1536
5466
5665
3494
7009
8421
7712
6288
6682
9996
553
5944
6889
5376
6833
2158
6626
568
7003
8423
8074
8009
9484
5315
2773
6674
5822
2040
7364
6932
6317
1349
8582
2510
906
9383
8434
4270
5560
1731
1622
5792
8544
5038
9052
1622
8078
8799
6346
924
4324
6625
2529
4979
6052
6570
9000
8070
8931
7266
9901
6141
1567
5504
6447
2552
637
9968
6221
6826
7016
1027
8394
5792
5667
6802
7500
1649
9442
2238
4007
8154
7741
7741
2035
5584
5187
624
1024
6960
2229
5522
172
1198
5225
7790
6291
92
2850
5726
7513
1068
7912
6698
1244
8991
7082
7692
536
5912
719
5288
8294
6642
1053
2370
8572
9500
1389
9692
2399
8370
434
5784
7425
8959
5218
561
8407
9215
5127
5722
926
8562
5032
5096
1986
5159
5563
8124
4042
1149
2420
2368
2834
8075
6678
9947
7191
7786
720
5576
5633
5666
6212
5021
7626
3095
8142
5538
7016
9812
7804
6220
198
3530
7628
2185
6687
5421
5568
339
5912
763
6360
1843
7304
9884
1276
6306
152
1324
5080
976
9804
7508
8502
5674
6610
7236
1380
8738
8164
7190
6845
2897
9196
6414
7752
9208
2098
7200
5719
6064
1818
7764
7496
6114
8266
7994
5678
9823
5985
3441
6415
9166
6387
6644
9684
9650
5712
884
8340
9682
1848
7597
5074
5081
5295
7133
1452
5667
5277
2532
7592
1372
9996
3523
6805
7124
8503
8274
8902
8553
955
20
5912
7424
2616
876
6381
905
8325
7724
5735
6057
414
8888
2310
9775
8561
8194
9172
9479
284
9098
7078
6752
7344
7303
6503
7134
1071
2152
8017
1579
1075
9044
7652
9821
1543
5134
2321
9776
1349
8596
1955
2122
8915
3157
6768
6472
8314
9252
9884
2089
6436
6765
9174
8552
8936
6992
6240
5198
9208
1748
9861
5146
7979
6640
7214
5452
1027
9808
6290
7230
7356
6352
4375
8761
8182
5207
8816
9308
908
2470
7365
489
1241
9183
787
7044
7994
7335
6992
7646
7667
6648
2491
6865
7224
6523
7332
5152
7639
839
7482
5826
7616
241
6025
1630
9847
160
5718
6681
8174
7990
1994
5342
5596
9528
6776
2729
6791
6806
8393
9276
3062
7994
7838
1106
2598
7030
2092
5567
8826
9326
6728
6021
8430
593
7612
9610
7422
6536
7104
9131
632
752
1469
9996
7669
7436
6955
2833
1456
5577
8550
6337
6212
1103
8474
8144
1800
3914
6765
9730
7121
6662
1554
7276
6419
7737
8510
6990
7268
6687
9516
5797
5792
8466
6028
5052
7159
7280
19
6196
7933
8253
7303
5445
9852
5654
7791
143
5048
839
290
3460
5257
6400
974
6503
7219
936
9876
5224
1893
21
5514
5982
8013
2427
2380
8842
614
6396
8882
2734
600
3697
9281
5172
317
9381
6701
6952
4577
9532
7462
1013
6437
8998
8252
7877
3276
2538
1827
6940
1562
2336
8410
8185
5818
5129
7480
6795
5380
5144
6148
785
812
8141
248
4908
6296
25
7650
5056
5136
5800
1387
9182
6482
7521
685
2480
9089
9123
388
8369
7367
1595
6668
8316
7077
9504
7856
6355
20
2259
7228
9180
7002
8292
6064
9274
7169
2262
9691
7074
5972
1072
6988
5822
2689
9548
6406
5953
640
6700
5852
7848
1194
5971
214
6206
7210
1288
6593
502
2909
6356
7740
7712
75
2270
8120
8834
6818
8391
8287
8489
7122
5392
9796
5084
7052
7432
1171
6040
288
9916
3609
7673
5376
7303
111
5963
340
6232
5752
5275
5930
6779
8581
175
799
5740
5403
449
547
1886
7932
8042
1788
7414
2016
2184
5517
2763
6886
5960
7243
8426
7264
8934
8730
6639
6817
8076
6448
6560
157
255
1166
6931
7371
7840
5805
3785
8954
176
108
6903
7464
272
930
7107
7196
5805
964
9198
5512
8414
8014
991
7184
8010
7012
6203
8844
8391
5580
7012
8652
9356
6731
8986
2357
7859
8829
8814
6572
8918
5060
5896
3361
8666
204
1626
6910
990
5892
8452
8344
7751
588
5778
7060
9183
5089
8643
8514
7944
7222
3194
3663
6816
5797
7389
5100
920
4986
6809
934
5163
1477
8736
7746
2883
754
603
6701
7853
6522
404
8232
812
2588
5912
938
6087
3042
5361
8466
9696
998
7117
6252
6006
5100
5284
8029
9304
5352
4315
6332
797
7124
5275
6316
8468
8482
7574
8456
8273
6981
2168
1310
8504
2900
7752
8914
76
2568
5066
6124
7771
9094
7200
1306
6750
6324
6232
7402
9482
1376
9350
7015
5859
6098
6442
7500
2926
5220
1236
5002
6142
7349
3359
7840
3075
8074
7497
7907
5310
5348
6828
7032
8706
6487
7123
8906
8914
2449
7872
5763
5354
6913
8894
6695
7418
5764
8857
8514
9034
9125
5830
2024
3398
5885
7035
7366
9806
5654
7352
523
3492
5142
2318
8028
2300
5416
6308
8444
6662
313
8310
7874
7142
5688
5931
1484
1674
1396
9938
917
6560
172
6021
5557
9378
6397
2003
9843
6736
1398
581
47
6542
3450
7688
6256
9028
8046
6778
6027
7307
7344
2912
4111
9098
5872
3681
6978
6217
5962
852
5117
4062
7112
5192
3005
586
7985
7618
5658
3903
7628
6827
7727
6204
5253
3488
7068
1612
1138
2775
3843
2907
5453
5727
8469
7905
5142
6620
6267
368
7969
7151
5903
7407
2044
9788
9900
9312
5424
8079
7869
324
700
6616
6260
5617
342
5648
7724
5802
592
9983
6276
7787
7862
5738
723
7222
8472
5544
106
6170
687
7896
1057
7200
6432
2763
8484
5208
9776
6472
9295
8410
9218
5852
5605
5383
485
5492
2104
2325
6689
7367
9956
8099
9303
1966
8928
236
6014
6592
8422
8769
519
9916
1095
8106
8294
7672
3103
6691
2416
2970
388
6491
225
9088
2292
8100
1122
6319
1109
7898
137
2938
5677
1021
2942
7346
9887
5893
8384
5014
7653
5856
1451
6058
1240
490
853
2302
2840
9410
7952
1980
24
6952
8012
5367
1714
1514
7312
2543
167
8630
2640
5432
7058
8886
1378
5190
7650
9240
1450
9044
7060
1425
5939
6593
8277
5748
6135
2222
160
1470
6866
5871
64
7740
6193
6568
2894
1783
777
7944
7860
2253
8838
9376
3721
7592
800
7892
8549
6712
9752
8964
6996
1032
7978
5263
2559
6357
486
340
628
9690
389
7679
7582
1648
5104
5850
6780
6436
6306
6102
6647
9889
3996
196
6677
8707
9756
147
174
9686
760
7749
9176
1504
6296
1420
2144
3052
5696
3849
8238
5574
9124
5627
1402
8954
178
8164
5215
2696
6047
7935
8134
6573
7527
9015
5100
9144
7112
5957
7155
7142
3100
6619
7303
2024
8274
2207
6617
9427
5725
5092
6992
7182
6534
9050
1180
6078
7299
2401
9107
5299
9496
5133
8494
8186
422
2054
8339
483
9038
154
511
6984
6522
6731
131
5597
8342
788
4168
1219
1276
7156
9816
6121
8687
9266
1086
8419
8728
7142
444
375
7901
8524
7056
6365
320
850
8734
445
1148
630
199
1711
5074
7263
9896
7461
6495
601
777
9968
5802
6189
236
3906
1038
1139
8119
3213
7718
1508
1714
5344
5721
8598
9738
8206
636
470
2469
7904
9226
6274
942
8587
725
8744
2364
535
6954
5511
8277
6270
9444
9366
9724
8994
7248
7544
2092
931
2941
6863
5359
9685
3954
8293
5354
2648
8491
6005
6332
5987
6937
9812
5364
2384
8386
6910
1430
7348
660
7718
1015
9825
3196
9429
3994
8618
6456
9903
8584
8462
1687
8527
8950
9856
5340
604
1242
18
8293
7248
5161
1140
406
5323
9384
2396
3607
1184
1930
8486
413
9326
8794
661
6899
6642
1690
272
8689
2290
9575
5204
5796
9268
6431
5163
9017
1210
5065
5746
9888
181
9820
587
7512
8314
7606
5402
7432
120
9220
6507
305
8673
8009
6201
8714
5426
9990
5601
6137
9044
7994
7880
2458
2002
6204
6136
6939
6102
5030
2366
1329
8867
8242
5842
606
7289
6627
5752
5530
23
9551
7818
1533
4819
9272
6897
6792
1804
393
2254
837
5256
7132
5397
7934
7292
8552
6586
2608
7662
5541
8771
7822
1873
8834
6086
8934
2882
8430
8014
7717
2564
90
7521
6964
9573
6153
8847
3002
7240
5855
1046
8329
5352
6578
5269
7411
9151
8299
9785
5884
852
3744
388
8544
2228
3273
7682
5175
8116
1028
3041
8732
6835
8472
7229
7044
1448
9566
8238
7053
376
7172
5388
5814
9071
7088
7886
8224
7394
6442
7840
5771
3539
7299
7232
8334
7453
3856
6621
9396
7803
6629
6848
1577
8776
8539
9222
1902
5184
8571
6675
696
7086
208
8243
91
5824
5842
8796
8874
7385
5444
6333
5224
2263
181
9124
8680
7223
5312
8650
6727
6008
5110
7681
9637
1700
7865
5164
2245
8859
7129
7230
3049
672
5952
5048
1529
5398
6337
7192
9978
606
2057
7987
9734
1758
7892
2293
5530
8428
6827
7510
9718
5655
7757
7197
1253
6200
7462
7092
9974
8171
5352
9610
1921
5608
36
9560
1361
6840
7588
8141
5312
8454
7272
8363
5157
864
9778
5424
6252
8132
7131
7892
6740
5680
8004
652
5762
1848
1014
7420
7557
815
5456
5856
445
8326
1120
5416
5301
376
396
8632
5587
9650
7544
8494
1353
6438
6912
5506
1925
6060
6744
1155
6188
6732
326
951
47
9106
3807
6952
1336
7557
5972
7660
7990
8516
240
1306
8260
8296
9856
6686
5061
8706
122
6420
7519
64
5083
7832
1934
1603
381
8894
8239
6638
6254
2703
272
4152
7736
276
5046
2532
8188
7892
7430
6412
8554
1856
1086
106
5352
7589
6244
7648
7300
8094
9136
9639
691
908
6910
7912
8341
9151
6527
6357
6071
5828
7272
8824
1792
335
934
7352
9740
9211
6997
9616
101
7366
41
3476
1892
58
5548
2086
7532
9641
8790
8110
3386
5348
2062
7392
9022
6600
7102
7868
9210
8017
6825
6768
1841
8610
229
8834
240
5131
9836
8619
9821
7200
5374
796
9697
6990
1292
2368
9946
264
6920
4991
8374
8694
5764
9110
8370
941
3171
7162
8016
3716
1070
7525
8330
1922
1056
6035
1849
7762
7852
860
1785
172
1260
720
179
3040
9707
1279
1242
5437
5826
5053
214
286
6799
7702
9196
7616
5959
249
9050
5288
8423
5956
8754
8349
7428
2596
9269
91
6768
418
3650
5768
792
531
5827
9996
9320
1120
520
2360
6771
9440
629
7095
3159
6636
1860
5795
1260
5923
6308
6932
6826
2099
78
6135
8923
4977
9148
8737
7837
8586
7274
5538
7928
3598
7488
6988
6788
8609
5960
5308
7626
9030
7106
8779
7580
6529
6658
9104
6817
7185
726
280
8056
152
8194
8697
5854
9215
9582
9270
492
598
2221
6893
608
8525
5984
5080
7621
8219
6323
9923
7521
6804
7537
137
5542
8990
871
8341
5397
8474
5836
9606
9308
1020
8426
2342
8607
6394
5737
6475
7118
8873
852
7808
7252
7856
6012
7016
6991
5190
8426
6751
9916
1852
4853
8362
504
7110
6110
5672
7932
8326
3073
9020
5508
7835
6296
5882
6577
843
1276
6708
5302
7240
5634
6254
9908
9685
5147
114
8146
8032
899
2786
628
8251
8558
1250
5158
5968
8606
7300
6492
2327
1616
2416
8542
7058
6303
704
924
6142
7283
5820
808
7771
9483
7428
7020
6225
7732
300
1918
8594
3531
838
8458
119
6928
2368
1504
8287
7012
6593
9045
1341
5220
1358
9173
759
8082
8455
7052
5966
2332
8154
7896
5475
2099
5724
660
9121
6344
6408
5174
2964
7719
9796
9009
7872
5888
6627
416
9003
6952
8394
188
5136
3614
275
5029
3989
5961
1282
3342
9068
1186
5820
8443
8150
8178
1026
5432
4024
1593
225
5800
1680
502
8277
396
673
7186
7484
5304
8338
7287
9244
8423
1509
6794
6669
5748
5450
2429
1073
8494
9343
7518
6048
8668
3186
2332
1276
9123
8614
6385
964
9372
5944
8034
1734
8255
9569
504
6480
5331
7392
801
692
7977
3664
404
7017
8800
5607
8744
5466
2504
5870
9774
6264
2018
8024
8086
5947
8504
9569
8949
9123
635
998
5626
5338
5084
8305
9660
5093
5929
5912
5492
2780
936
1281
7584
7907
7845
6579
6184
7491
480
9940
159
7748
8117
1340
9154
5362
501
9912
9356
997
2097
5296
7432
189
1938
708
6946
5892
5164
8836
292
5224
8834
8950
9584
7349
9776
7028
7310
1569
47
1296
9318
7707
8644
8994
6392
9770
8512
1144
6144
5876
1165
6867
9797
6920
14
2461
7858
7716
3080
5740
7530
1478
5372
77
7372
470
9641
8479
181
7594
235
6915
8490
6232
9900
9546
6632
6474
6040
5856
1054
8862
7172
9116
8227
6544
3318
5062
5472
7338
7354
5562
6951
2066
1995
2126
678
194
5632
189
1404
9943
3502
6823
9796
6758
6312
8354
5730
8394
1340
5375
7693
5212
665
8359
9896
6556
5480
875
772
5072
6352
9842
6148
5883
6602
6947
6612
9460
8474
1901
8286
9080
3800
7372
7376
9777
7658
7861
1557
9140
5887
434
30
5802
5072
6528
8229
1576
6324
5509
1357
35
7510
6837
8656
7256
6274
1761
8531
8985
9352
237
9736
9456
7596
737
7698
7456
871
8386
1791
1267
877
6354
9320
9292
7763
8534
8398
7847
6369
839
5390
8188
7664
6842
1881
2416
7362
1026
6616
9898
5997
51
2478
347
8406
5797
6656
7297
819
7546
5574
7698
7498
9510
7919
9889
9080
6136
1296
7236
7395
7071
3892
1696
440
225
178
8598
3468
641
3763
3740
7318
6322
6591
1924
6990
5084
5297
219
1677
9676
7088
5448
1074
1060
7811
8179
292
5928
198
6814
5855
8934
9050
8632
6262
5080
227
7644
3820
5967
464
8242
5752
8491
1573
6600
2528
6248
567
7238
1453
7077
3598
7942
1341
6332
5108
7539
8791
7728
127
8548
3612
1212
8704
5592
9089
2292
3806
2002
325
7200
1360
8163
2326
5766
5640
8586
7943
191
4077
305
7088
6792
5160
9556
9236
9423
7807
6002
8439
6996
155
8724
9012
6364
3394
6838
2791
7849
5016
8734
9887
2763
1364
8240
7077
5680
8453
5395
5418
9786
7752
6312
1202
5248
7382
9346
1145
333
7518
5190
8674
1540
3794
173
9392
9541
6000
7492
5196
1240
9621
8774
5125
5430
7096
6265
223
8475
7908
8726
487
7482
8347
6626
6465
6468
3516
1486
1720
9143
1291
5362
8959
463
7482
6637
2039
5145
7977
1233
9130
1728
9683
6120
7627
490
6017
2541
5570
7184
9596
9024
6648
9750
6168
107
6366
3074
680
1816
9878
8513
5635
182
7247
2048
5392
7056
7565
8189
2849
1002
2351
5284
5710
8522
144
7146
566
2000
630
2545
7984
6846
9748
9496
6420
6878
6414
5326
8249
460
8588
5722
9224
6617
7908
5174
8854
5507
8353
9734
508
7966
8875
9300
2014
9452
6567
5762
1948
1398
588
42
5782
4991
7122
8459
1514
6072
4939
5395
1127
6104
6156
4713
8614
8192
7303
8104
7252
1578
5285
6426
7654
5737
5492
8958
2305
802
6792
5728
5626
9974
903
7158
5176
8094
1159
9924
5369
9564
6590
8171
8308
9611
339
7625
4195
5451
7851
144
7970
775
5062
9260
7216
8604
5469
912
8074
7924
9508
3284
8934
761
7816
6617
8914
7362
7652
1891
9023
9241
8029
7209
9372
8125
1395
814
9486
3105
8740
7752
6890
642
6019
6498
5163
3894
4804
3126
5862
3012
7456
5448
7542
5020
1128
1475
7927
7117
7844
8078
7037
8490
5992
6716
6441
5521
6784
757
5938
7174
5505
301
6565
9788
7920
2437
8974
7440
2140
5144
2768
8294
6660
5436
1388
7358
1502
1634
6626
4391
8281
1178
332
8453
5811
2043
249
5065
6594
7584
5859
5902
7871
7794
8906
5144
1069
313
516
5812
7739
728
4225
5811
6222
1254
8770
5632
2541
7592
5180
9363
5807
7452
6972
9759
9251
4243
2753
348
8396
3961
1243
8994
1454
9453
5844
2317
1102
7724
7907
8726
6152
2976
84
4018
6650
6628
1972
7221
4470
8144
8340
6620
1431
5722
7533
9204
8508
7340
4344
5978
7218
7892
8754
6788
5006
5748
1285
6912
6754
9487
1698
9652
1942
4391
9356
6044
8652
6865
9650
6658
3410
4429
5836
9428
7284
9664
2232
7312
5241
5723
2357
5616
7885
6217
7277
7384
1398
5518
6653
7367
198
2323
8270
7389
1394
950
9969
8642
6252
7807
8622
6656
3182
443
2821
6628
5744
7242
9860
6294
8553
6951
9792
5575
546
5272
5391
5553
6402
6058
2622
9196
3076
5037
2896
9275
5058
7711
9153
7432
8335
1466
9796
7122
7969
5706
7874
8583
8504
8633
6785
854
6302
345
9996
3956
6485
7744
7335
7994
9141
981
8121
5402
1098
7752
5367
9180
205
8674
5993
8114
6908
1947
8256
7304
9964
7582
4891
160
6996
397
6028
5304
5840
5776
548
6590
1750
1222
8542
7291
7514
168
8744
6126
7292
5616
8643
835
5420
7593
559
756
6467
481
6438
3016
6594
5651
840
7739
7148
2740
7217
6225
6817
2739
5672
1107
3681
3197
7014
6691
5685
8387
438
7542
9156
8290
8377
7914
5918
7642
9961
7602
6462
2121
1920
8924
2796
5522
5487
8777
53
8119
6037
6862
8512
7297
7752
6208
9064
7480
8316
8961
8953
5443
2534
1223
1470
726
6269
340
8026
4680
6462
2050
1579
8525
5984
6375
5556
1650
6732
1081
1195
508
3444
6353
603
8258
9274
5932
2327
1564
8887
7504
9650
2251
6778
8160
3661
6002
3121
7465
3011
2230
6964
7741
4108
467
5220
5280
9236
8178
5469
2375
9318
4013
8279
2516
564
5925
6499
5207
706
7909
7154
8551
6222
5618
9068
4891
7994
6313
5655
428
6660
8034
6797
5892
1269
7206
9746
5840
7716
2538
5524
9234
710
5416
319
784
808
8778
7975
5157
592
6142
5944
5146
7123
1968
1980
41
8329
9638
8674
7400
9762
10
7312
1897
757
741
5482
6296
5957
6068
6032
8394
3172
8394
1533
6607
9934
9304
6149
1564
6200
9096
2409
8746
546
8417
7474
8334
7932
5020
7692
5226
386
402
7125
5231
8354
9572
8338
7857
8778
9034
2854
8360
4017
8774
974
9704
846
8069
1525
9452
5637
9674
8587
1608
8394
6062
4188
6220
5941
5032
5144
6368
8796
2380
7915
5933
70
666
5974
6025
638
6746
7910
230
488
2398
170
4173
360
8594
6176
9831
9630
5562
5380
8503
8279
8134
6940
5387
7369
567
2444
9217
9942
9516
1237
1892
755
815
1510
5617
5278
291
7433
868
6312
1924
2237
1456
6035
8919
3803
7861
5864
7994
9351
5935
6636
5912
1170
6648
3527
8391
6622
7824
5528
2018
292
8475
7277
2022
5934
2860
6274
7007
5780
185
7148
6502
3425
5480
9216
8072
1018
8794
6567
1149
9674
1056
5282
7710
1988
3947
8139
9838
2101
792
7169
5392
7687
2752
5388
8222
6280
560
6541
7036
9031
5862
6867
1055
5462
7728
8755
3022
3524
428
8855
2155
1786
8890
5441
9258
7496
1200
7336
5422
5096
5443
8754
9468
8362
7790
6606
5948
5568
8294
7673
1382
6816
9954
9914
7768
8775
9976
5532
5356
6689
6519
2746
5480
4055
5580
2018
5239
5967
7632
4313
8430
5894
7915
5028
8994
8078
9884
3275
5830
6326
2394
9501
9938
1826
7382
1344
5552
5044
5082
1558
7769
7673
6984
3232
6267
5990
6588
1036
8147
6096
7401
5860
954
6888
1318
8219
6425
6057
7854
760
3312
9151
440
7910
7067
5642
6152
5837
9502
7252
5992
5422
1524
297
7290
4816
4620
8438
5886
9133
5402
1927
8934
7912
8445
9884
9046
9486
5107
8849
3742
434
8048
9308
670
520
8211
5490
5902
9082
7950
40
8762
773
5210
2024
6682
5600
6339
8646
6920
6448
978
1592
9258
8034
9476
3210
8836
6413
7342
5326
5508
9916
951
5977
8648
5732
7224
7552
6764
7496
380
905
8634
5272
806
7742
5268
5074
6023
8354
1685
6423
9971
5032
154
650
7385
7742
7547
5536
8262
2699
8330
5504
512
6144
415
5972
308
5914
9946
8898
5460
6582
760
9276
9652
5407
2115
1473
3048
203
8528
8849
9566
9694
5064
1405
9036
8744
5189
8524
5662
6464
8922
8256
7920
8093
8756
9932
8801
7906
7513
7757
368
3762
3301
9156
5198
5924
6436
6208
8678
5738
8113
2826
257
2885
4351
7896
6492
9161
7372
207
7212
5159
9772
7088
7853
7273
559
3369
9410
5128
7857
7672
342
6672
8565
6332
7529
1941
8544
192
7686
7314
8550
1271
5123
5617
6500
943
6089
6990
9061
1632
5207
3964
9762
7330
434
693
1904
8339
7105
6099
6301
8442
9564
9441
6372
538
5217
5856
8612
6560
6036
4720
6464
702
6419
8394
9026
7770
7995
2282
6632
5573
6426
5224
2500
3584
6768
6689
7023
9071
6032
6291
9769
5983
7601
1107
9213
6065
6565
6688
7560
174
5304
6909
5327
5284
1197
505
7056
7314
3897
8054
9277
8685
3226
4590
1821
6392
9921
7039
6522
9400
6476
764
9604
327
5304
8330
6132
6974
1212
9628
1121
3936
8373
7937
7600
7713
8926
7351
7047
9150
8858
4501
8165
6543
656
5864
5608
9108
553
850
416
7827
7866
8508
6532
6593
8160
8885
7972
1415
380
1509
6648
8417
6204
6376
8993
3414
8254
7208
5441
9508
6708
8840
6782
6382
841
6880
3261
5403
9548
1133
7666
9334
8513
7242
7869
8682
2760
7679
8126
6438
6877
7752
7832
6832
5850
7772
6386
9126
9837
860
8468
3391
8226
9444
5960
2040
1060
6858
6736
7873
6575
2440
8915
7340
7529
7550
7711
9621
5072
292
6780
4998
9996
344
5920
45
9600
8822
5832
62
8099
7170
23
7876
8953
84
154
7901
9816
6554
1039
8394
8495
5735
8158
5120
7973
290
5905
6750
5456
7155
2850
997
3570
1430
9144
416
9544
4410
7692
8976
9664
6867
5636
3310
8568
6638
3614
5735
1144
1673
5206
9254
7401
5389
8303
1192
328
8519
7957
9245
452
5370
2728
5782
5055
9516
1097
8885
6111
5926
5112
5901
5040
1129
1664
1631
1287
7239
12
7534
7629
9406
8839
1907
7126
7397
6407
7450
3097
225
189
9206
6992
3593
5712
7927
5813
5796
9546
8925
8250
1166
4853
6840
8396
5618
5491
862
5484
7783
6906
8474
6468
2500
6182
2564
6424
5337
9836
5441
8273
1934
5789
1099
8734
6669
7844
1667
3504
6792
9652
5561
5936
246
5846
9698
9816
998
631
7046
1414
9683
9663
8908
1096
7879
7801
7341
8226
5284
1907
6656
6602
6400
1500
8922
7017
7006
8088
8030
7155
2718
5517
9460
6536
8686
8815
1980
7673
8994
7752
2892
568
9500
5409
864
6285
6148
5592
5910
8319
8026
6532
8363
7683
6970
1610
8728
7541
4067
9262
6009
4442
7278
5607
2522
8289
594
8816
7154
5626
595
7382
5962
5331
7761
1141
5509
7285
8031
5421
2842
7950
7560
8292
3003
8126
153
9516
2499
5014
7768
8494
8668
3821
5716
5646
6542
6104
9324
1569
8684
9540
9888
7323
9111
9657
3124
5625
7735
5711
5903
87
6962
7849
6432
1590
920
6542
3337
1884
9816
6962
6552
8932
5283
8560
7216
586
7520
9331
9876
8669
678
5394
6699
1379
1691
6558
6792
5637
9936
6941
7981
6684
6485
5900
7347
8760
7187
441
2572
6712
9049
6862
3471
6174
1146
8334
5886
5491
5330
8520
7211
7172
2507
9784
6868
6021
7227
6631
6054
6642
1174
7290
6104
9457
5254
12
5785
8059
7157
2229
8544
8292
6749
5584
7720
527
6417
8408
9392
7604
6923
427
3058
6480
9820
6950
1836
8379
440
9669
7020
5262
4164
8002
5682
7515
6813
947
9514
6694
9546
3482
5813
9402
1204
5370
8324
1928
8236
8698
8744
5192
98
6965
3124
290
7877
5057
8066
797
309
5192
7296
6836
6415
7828
6790
7533
7152
5104
8137
7258
6124
8382
5953
7933
2463
5562
546
9226
5773
8887
2684
8330
2384
8684
1086
1403
9476
8984
8370
2205
8474
9316
6027
8744
9658
220
9111
7367
348
6664
7082
9988
8512
1143
5192
9556
2233
7305
6924
7748
8682
9948
8523
9026
2253
7792
7313
7240
6553
7906
5330
5070
536
7616
6687
439
5272
9688
9908
8314
7951
1333
6396
8872
5101
5144
2782
5792
5231
2252
5217
5603
6658
1253
5522
2207
5866
9822
6061
5964
7496
9712
6257
9299
8198
7636
7184
8460
6964
8910
777
569
1910
7280
544
7512
9338
2844
8298
6462
7977
6769
6773
5069
7445
1750
5946
8255
6075
8193
6911
5922
9688
9944
8896
6657
8492
8741
6411
9924
7037
7097
280
4254
463
8269
5840
8457
4451
7244
8186
4520
8356
1524
6286
9318
7936
838
6856
41
6834
6376
9732
8442
2172
1946
5117
1919
11
9192
6747
1881
5195
8419
4235
6049
7980
1749
6236
9451
6107
2384
822
8971
1191
6490
5631
7140
8944
8285
5140
7261
1772
8976
9420
7714
125
8974
7632
1412
5960
8093
7930
7500
9356
1268
8554
844
5896
9506
8874
1507
8716
5443
8822
9704
7748
6417
361
1885
5041
5032
7899
7906
2248
4734
2908
6975
2964
5642
5916
25
6522
391
7300
4839
6467
6444
7586
5511
9176
4851
6850
7290
7806
7216
9347
6397
5214
5531
395
9082
1375
4288
9836
135
7832
9448
396
5875
5049
9912
8994
6790
7816
5432
7463
968
15
7978
5800
5334
5937
7518
6034
6509
1049
6174
1450
7910
6940
806
8214
1536
9272
5743
8889
7756
2080
476
8098
8684
442
2770
9868
6231
1104
7976
2213
614
219
5392
1512
8462
5476
1346
1245
8549
5377
1654
5498
5928
1196
2702
445
7057
366
9275
353
6807
9539
665
8451
1791
150
7899
975
2162
8338
5742
8574
9556
6072
6148
7962
5832
6629
5022
1736
5113
44
1105
7356
7672
7617
7129
8963
7712
9164
7200
8811
5260
1648
4152
8786
287
1540
6045
7372
2489
813
8714
5162
3395
971
5072
3357
8338
7319
8094
7894
1220
5169
8437
4821
5824
9206
2140
8082
9440
427
6345
8958
6500
8120
6432
266
8002
6152
6602
2516
979
5752
9156
6852
9788
3890
2243
2325
6184
9976
9206
9837
3412
1203
334
128
6472
736
6037
8264
5732
7994
9914
6492
5748
8970
7348
7032
5844
5162
8571
8745
7934
8744
6818
9792
7856
5290
5408
8574
745
9260
1427
8065
5352
6695
5791
6442
6568
7565
5476
7123
7272
6949
8000
8395
5581
8472
966
12
5897
16
6922
2348
8650
196
8266
8284
6160
9221
5832
6342
7446
8106
8839
1051
9360
2260
2262
9296
315
7350
5728
5612
6421
848
218
2816
8678
8848
5123
7033
7888
6060
5998
1824
5498
6524
8028
7438
7056
9092
5272
7238
7505
6129
2083
310
3043
7445
6907
5010
1285
6253
2626
7231
7320
9732
6932
6377
5960
476
6030
1244
19
5714
6360
8214
516
3385
5622
9996
7631
79
2295
5489
494
8154
7795
1027
2402
5732
9137
9968
7893
5968
212
8537
5442
7188
7244
3412
5249
1227
8668
1536
8142
333
5884
5348
1098
8320
9771
5755
696
1915
1677
7708
9
6198
7600
7070
1370
8068
9102
5034
7816
8205
9803
6254
5752
5241
5255
9096
224
9816
7919
6176
7831
6682
6809
1935
8109
1076
886
9387
26
2
2110
7192
7573
7168
9991
656
5611
6378
2220
839
6886
210
1739
8899
6762
6927
2394
5821
631
6806
7600
7232
2904
7474
2150
7061
320
640
5061
5715
7476
5689
6044
6097
5097
8179
379
9076
8010
2998
2442
6886
6322
7075
7110
8909
8121
1447
9164
7414
5743
4991
6360
8079
5960
8821
3365
4967
5120
2724
3324
4388
4876
2957
1589
5221
5325
9196
7307
8420
9964
7138
9723
6347
7452
7773
752
5272
9082
8796
3051
7046
1488
72
5427
7686
993
8868
6733
9474
2555
69
1040
7652
6086
9446
122
9617
6576
214
7117
4210
8863
8671
9001
432
470
8623
4164
9221
8886
7220
9075
9882
7460
1427
1072
9146
363
9771
6931
6408
556
6080
5201
3808
1818
7556
9508
5160
6161
1552
9732
5713
2787
6120
6193
520
270
426
5538
7279
7062
7709
8383
9396
3063
8586
670
9636
7451
9024
4419
6118
7163
9028
790
8898
1528
6396
6216
5208
5752
5954
2302
1842
2392
543
1115
8996
8910
9516
6168
9076
9206
1618
8171
5124
6542
8509
129
6367
7
5142
890
6444
5302
6847
8173
841
5433
1903
2240
8150
6342
9964
7224
6532
8634
5848
8975
9381
5736
9924
4993
700
981
8380
5900
5231
5832
8952
1394
7498
9268
1646
9290
1860
7113
8088
9380
7544
8404
7053
9086
126
556
6940
1192
3566
4457
109
7006
8156
1198
354
6414
6747
9271
8282
8443
7961
9814
6257
9161
8636
7970
1695
9980
8650
9619
5209
7506
9364
8174
9733
7628
6224
6806
6348
6544
6040
18
796
7396
8834
6565
6936
7845
6853
6360
283
4556
7064
5643
6681
2018
7075
7242
9552
7052
9560
9676
5567
1283
1934
6913
195
9860
7139
6527
9692
2047
1582
1275
8714
505
5308
5966
6204
6220
8018
6118
205
2846
5392
6072
7340
8810
5663
6103
8822
7132
1516
6962
8134
7112
5428
9546
6666
5061
1121
6822
8002
1836
273
5648
1653
6620
6660
8524
6867
8968
8531
9088
5402
9771
5778
5070
9356
8394
4792
890
9012
8033
3191
9102
5366
7619
8066
6287
5158
8744
2495
2498
6107
636
2931
1208
5012
7243
2360
5478
5079
1895
7902
5707
6864
3150
7488
6965
7192
8494
1583
1124
5802
2696
6052
972
9155
946
2373
9765
5490
592
8236
7556
5864
359
5551
2207
6277
6039
8422
9794
9363
9996
3679
7380
8932
1250
6692
7895
9756
6552
3515
97
5897
9556
2262
1063
652
3675
7622
786
5832
7707
8011
7138
1032
9444
9781
7154
6074
2616
7211
1082
808
8717
7107
273
8727
5082
6742
428
1684
9196
8235
5048
153
5217
3373
5676
9129
245
807
7620
6568
7995
458
8381
7117
8391
7764
3076
7846
5135
9239
9974
1310
5392
6454
2747
7227
9346
6661
6288
4521
1056
5414
8132
941
7355
453
5992
3285
600
8100
8668
6090
6905
7387
8732
421
8295
93
8213
8979
6639
704
267
1528
1001
1367
7536
5668
5653
8404
5132
2784
1450
8454
7616
8201
9342
7571
7197
6742
6397
5756
5016
6052
6147
7405
5224
8918
9770
5682
6207
5736
6686
7300
7493
2817
9887
6192
8749
9903
5616
768
1607
6044
5797
828
2952
5299
840
5293
5872
484
8234
9828
4447
9676
6121
8104
1898
8924
3873
5855
1347
5292
8039
6136
5563
7653
5077
6968
6823
1355
686
1933
5060
9062
631
1863
7416
9514
8440
5224
7902
5288
9772
8026
6311
460
7242
2
3582
8306
5680
7653
795
6662
3880
9824
8465
7156
7542
6176
8872
7850
5104
524
8470
2990
7684
5192
4356
1028
1256
2221
5688
751
2044
5920
226
897
7260
3788
4028
6382
6290
9969
4105
2284
6725
223
8344
6882
1080
3795
6060
6288
5776
7506
6160
162
9606
6054
7994
5602
7399
8118
9836
7806
7109
6055
5982
7444
7082
151
6335
7347
5362
8146
2649
5607
2523
7645
7920
7704
9438
6517
5733
5764
9224
5232
6376
5268
8365
6689
7315
9942
6452
1350
8578
2154
1490
2700
6036
8395
7087
351
6132
7336
1381
1327
6465
3648
9816
6412
9736
7593
8992
8173
7964
6927
8187
5621
6692
9304
5501
5883
200
8172
633
6192
6747
7612
9980
3483
9636
6079
5462
1056
5320
6602
2161
6798
6582
113
344
8549
464
2257
718
6549
5899
5407
7024
8866
5465
8532
118
287
9632
9796
6942
6504
8925
7800
2380
7486
8271
1857
425
177
7912
2442
7672
8021
522
56
9175
1095
9304
7952
9971
5934
5766
8169
9057
935
1897
8192
2210
9708
5013
6273
5076
6252
7871
8057
682
7949
7076
2245
7192
407
9980
6482
9244
4287
2080
650
7258
440
9284
8978
1723
5926
8149
6168
8058
6188
7355
9489
7676
580
7092
5892
5049
714
6992
4164
5743
9727
1493
5240
263
6292
5474
9122
7518
5008
8402
97
8833
734
9436
7112
5417
6428
886
9456
8147
1121
5542
1219
7014
6053
1613
1858
8122
3973
6755
8265
5430
6778
531
9103
2318
5716
870
6624
295
9144
8224
742
1596
228
7475
9070
9546
6217
7332
6444
8906
5511
8487
9752
5125
1365
9996
1107
1985
5532
2168
613
277
6317
6642
7128
2390
8267
3140
2296
5064
673
6530
980
6524
1186
6322
1930
2049
6236
9291
995
5952
8723
6395
1001
8554
9146
7324
5398
7031
9011
6072
369
700
8162
1241
1654
85
9996
6192
3370
7364
4173
5665
9260
2868
7999
2274
123
9676
8978
9616
2838
9952
1064
7559
7941
6827
2164
6872
7332
6326
3358
8538
228
7288
298
6638
9655
3322
9240
7296
8504
5512
7148
7928
404
9510
5383
7039
6120
9760
7592
965
6669
6391
7267
2524
37
7492
8892
8972
9516
1994
7719
4192
5860
1030
8266
760
3942
171
8940
1736
359
6751
7320
1100
1916
6653
568
5141
7112
8652
2091
2832
8912
8337
7812
8954
7995
9391
6014
7553
7096
3576
6130
2812
6472
6825
8594
6392
8168
344
6200
5647
1552
709
7322
7594
5876
5448
5967
447
7378
3972
7366
4028
78
7660
498
9170
1206
9863
2344
6850
609
2700
6440
6203
2284
7539
792
9476
8387
6392
7322
1118
3596
7834
8383
892
6488
3114
8112
8808
8811
6136
8759
6902
9868
9887
6240
9540
176
5336
6012
5772
154
8053
6627
5830
8214
8244
5807
1980
8318
7004
9307
743
5505
5227
739
5905
2995
2487
7240
539
9006
6956
5440
6387
9389
6186
9906
264
892
8871
5935
5409
6413
7072
3094
5305
5481
769
674
6590
7836
8111
9450
6568
8146
7083
6059
5844
8964
2075
7250
7473
9741
4899
9671
2584
8870
9099
5378
2238
260
8339
4471
7829
6421
5362
511
8618
1248
34
5764
301
2971
1140
7151
640
6174
2364
5923
7097
6867
720
6932
2225
3664
5952
8294
6992
6816
5758
8035
5349
5892
7336
8867
531
5872
6176
7982
5128
5417
9260
8397
7864
6751
8080
567
6906
6608
6884
1196
9996
8458
6753
5365
7368
7367
7800
5174
5197
5452
9354
372
6541
454
7542
1459
7886
9204
7452
7364
8680
8233
8810
6520
5052
8434
6068
9811
1397
8026
6876
5937
8491
6930
7181
5604
6607
3308
5277
6796
9816
2484
7442
7410
7446
7776
9618
8341
6269
100
5034
5912
1888
234
8595
9486
8801
5692
5388
5731
6453
6992
1531
544
9689
5926
8218
6224
3656
8650
5982
7684
5807
836
8486
5682
476
5183
7186
6451
6624
45
242
7356
5622
4623
9078
6349
6525
7318
9156
8394
2006
377
5581
1317
8916
9558
84
1922
8474
8344
2624
2158
5984
6520
9459
695
7191
5220
7860
272
1877
5990
4646
2802
5887
5583
3546
8856
8201
1734
6007
6518
48
5656
7886
6949
6327
8498
5044
6454
8994
2625
7797
5504
5168
3383
7286
7316
6549
5718
5661
9456
8318
8494
9153
2710
8530
8874
8504
5472
9100
6861
7212
8106
3628
7261
8522
7782
5446
6453
945
9516
640
7764
8399
5653
