9855
9845
9962
9855
9852
9955
9906
9995
9814
9997
9884
9971
9833
9967
9919
9952
9947
9922
9915
9839
9858
9873
9953
9950
9941
9854
9829
9916
9863
9941
9961
9873
9851
9979
9985
9979
9813
9802
9815
9986
9889
9983
9845
9928
9842
9870
9845
9914
9811
9801
9809
9989
9924
9962
9844
9938
9932
9959
9884
9879
9985
9855
9981
9803
9847
9874
9883
9953
9812
9962
9848
9799
9962
9889
9945
9846
9952
9914
9950
9841
9944
9809
9799
9865
9919
9958
9929
9815
9866
9803
9938
9968
9895
9940
9951
9983
9946
9895
9979
9963
9937
9807
9988
9892
9870
9831
9853
9830
9961
9948
9935
9892
9966
9986
9813
9934
9890
9819
9866
9961
9995
9831
9812
9918
9911
9871
9974
9840
9955
9888
9902
9952
9866
9949
9914
9959
9968
9806
9852
9808
9989
9882
9801
9908
9839
9985
9989
9817
9848
9909
9891
9891
9964
9896
9982
9986
9894
9901
9881
9957
9890
9884
9967
9855
9898
9896
9908
9976
9869
9896
9838
9835
9844
9966
9981
9801
9932
9848
9979
9965
9953
9849
9828
9904
9828
9976
9966
9890
9998
9908
9939
9911
9904
9869
9897
9972
9856
9996
9810
9960
9904
9867
9817
9960
9929
9813
9970
9826
9913
9968
9817
9952
9881
9872
9868
9904
9886
9926
9963
9977
9997
9908
9938
9804
9990
9841
9970
9819
9915
9989
9890
9901
9968
9904
9984
9822
9823
9842
9823
9984
9932
9887
9953
9913
9908
9939
9932
9971
9970
9888
9919
9949
9955
9852
9868
9937
9841
9987
9838
9983
9908
9926
9886
9938
9827
9976
9968
9958
9940
9804
9936
9849
9799
9830
9808
9843
9994
9879
9833
9895
9950
9962
9993
9934
9993
9927
9853
9821
9996
9838
9967
9933
9988
9916
9998
9981
9925
9832
9889
9991
9905
9851
9855
9807
9805
9845
9928
9828
9816
9960
9823
9943
9833
9921
9825
9924
9983
9880
9875
9915
9892
9887
9803
9838
9928
9915
9952
9951
9874
9915
9910
9872
9941
9968
9865
9987
9911
9893
9863
9949
9880
9810
9811
9887
9806
9861
9936
9799
9819
9804
9951
9817
9844
9803
9843
9924
9962
9969
9941
9942
9925
9977
9908
9916
9850
9977
9811
9954
9980
9989
9984
9876
9979
9800
9839
9851
9988
9800
9925
9970
9824
9985
9887
9936
9802
9907
9961
9940
9873
9893
9957
9965
9899
9855
9805
9994
9933
9830
9871
9958
9914
9827
9968
9875
9821
9930
9979
9826
9970
9833
9871
9800
9869
9909
9828
9886
9856
9976
9810
9968
9838
9808
9985
9864
9927
9945
9840
9832
9971
9922
9885
9885
9924
9995
9879
9939
9948
9901
9998
9915
9848
9945
9904
9884
9881
9836
9879
9998
9932
9863
9960
9976
9986
9834
9807
9835
9806
9851
9829
9824
9835
9873
9956
9801
9855
9922
9993
9880
9979
9883
9927
9967
9896
9933
9831
9910
9845
9924
9807
9837
9999
9915
9856
9995
9802
9924
9905
9877
9980
9800
9805
9817
9856
9942
9914
9882
9862
9961
9929
9846
9995
9918
9895
9900
9953
9952
9804
9990
9833
9827
9812
9853
9960
9924
9830
9880
9825
9933
9991
9901
9853
9935
9943
9989
9848
9887
9827
9944
9937
9879
9857
9803
9997
9939
9862
9916
9930
9800
9961
9858
9974
9844
9822
9998
9992
9831
9856
9914
9918
9915
9935
9859
9811
9952
9802
9938
9885
9837
9990
9946
9804
9999
9826
9816
9840
9954
9918
9822
9948
9935
9947
9949
9945
9935
9830
9870
9878
9936
9991
9807
9863
9897
9810
9816
9943
9962
9921
9823
9926
9954
9856
9823
9803
9821
9932
9836
9870
9804
9811
9835
9861
9859
9890
9884
9956
9857
9859
9912
9972
9914
9800
9824
9935
9934
9986
9907
9870
9894
9848
9935
9985
9897
9949
9955
9804
9972
9918
9879
9822
9865
9897
9915
9969
9893
9969
9881
9861
9845
9861
9971
9799
9834
9871
9892
9859
9954
9924
9950
9963
9965
9987
9984
9800
9968
9955
9962
9889
9987
9870
9818
9847
9913
9918
9998
9868
9814
9868
9948
9847
9826
9820
9973
9857
9975
9898
9899
9886
9981
9953
9966
9819
9805
9846
9809
9964
9994
9817
9974
9872
9825
9929
9852
9825
9893
9817
9962
9800
9876
9960
9988
9849
9968
9848
9920
9851
9869
9856
9822
9855
9878
9896
9989
9817
9831
9853
9908
9858
9840
9953
9966
9841
9895
9874
9975
9854
9948
9836
9929
9942
9856
9824
9993
9859
9902
9889
9923
9988
9938
9803
9869
9990
9976
9981
9930
9804
9980
9814
9905
9916
9908
9833
9817
9894
9959
9973
9968
9989
9925
9878
9962
9875
9914
9992
9851
9989
9862
9985
9869
9978
9977
9811
9936
9873
9967
9987
9804
9964
9897
9913
9953
9866
9966
9900
9923
9893
9820
9999
9976
9804
9969
9944
9901
9889
9827
9804
9843
9909
9983
9804
9889
9944
9876
9927
9844
9843
9918
9900
9878
9886
9825
9919
9856
9852
9915
9887
9815
9878
9947
9978
9903
9966
9831
9864
9932
9978
9857
9920
9841
9910
9800
9982
9991
9907
9972
9951
9982
9890
9858
9865
9920
9871
9915
9942
9954
9979
9959
9828
9841
9859
9881
9811
9815
9824
9825
9831
9844
9904
9982
9872
9876
9838
9850
9915
9819
9999
9951
9889
9954
9863
9992
9857
9942
9949
9839
9911
9973
9932
9967
9817
9952
9850
9855
9886
9830
9926
9902
9806
9839
9841
9968
9848
9973
9894
9975
9999
9832
9815
9853
9905
9896
9931
9882
9885
9835
9894
9853
9899
9800
9961
9811
9816
9809
9804
9950
9833
9933
9997
9814
9876
9860
9931
9959
9910
9850
9902
9874
9992
9935
9936
9937
9902
9940
9882
9900
9915
9830
9853
9998
9994
9919
9864
9966
9881
9921
9880
9996
9998
9995
9957
9945
9857
9965
9852
9892
9834
9950
9805
9823
9982
9933
9967
9808
9862
9802
9800
9813
9950
9872
9840
9831
9994
9966
9934
9804
9898
9868
9944
9946
9969
9952
9846
9983
9935
9878
9992
9985
9812
9975
9974
9966
9921
9915
9891
9858
9818
9933
9884
9894
9818
9809
9912
9996
9915
9805
9876
9799
9885
9941
9962
9799
9852
9828
9963
9847
9849
9843
9874
9834
9950
9820
9891
9908
9856
9842
9937
9833
9883
9801
9959
9813
9914
9937
9828
9985
9953
9968
9929
9896
9888
9904
9943
9942
9937
9912
9887
9826
9981
9906
9830
9930
9827
9808
9906
9861
9901
9986
9956
9860
9848
9842
9901
9875
9830
9990
9822
9808
9878
9835
9911
9805
9885
9905
9966
9811
9949
9948
9862
9913
9967
9892
9827
9839
9880
9954
9848
9935
9800
9962
9884
9883
9986
9846
9947
9856
9884
9913
9965
9897
9984
9815
9834
9937
9883
9927
9815
9993
9904
9838
9815
9963
9976
9800
9872
9850
9851
9896
9975
9807
9855
9826
9892
9999
9814
9830
9916
9828
9830
9932
9862
9966
9834
9983
9897
9936
9988
9864
9916
9927
9997
9816
9962
9968
9808
9943
9878
9804
9900
9900
9859
9826
9973
9811
9924
9821
9969
9873
9989
9936
9980
9908
9935
9842
9848
9829
9852
9884
9932
9991
9996
9868
9930
9939
9974
9919
9960
9903
9893
9956
9900
9893
9801
9838
9951
9860
9825
9815
9959
9976
9963
9921
9980
9883
9898
9810
9952
9846
9842
9861
9982
9848
9821
9825
9990
9820
9980
9912
9959
9811
9876
9913
9833
9860
9886
9891
9918
9927
9982
9967
9879
9833
9927
9962
9870
9841
9979
9803
9954
9881
9932
9851
9832
9799
9897
9992
9979
9868
9858
9910
9892
9872
9852
9868
9934
9912
9890
9970
9939
9969
9921
9904
9837
9871
9855
9938
9926
9974
9840
9870
9845
9974
9873
9902
9941
9907
9970
9973
9807
9852
9851
9975
9881
9833
9990
9829
9815
9818
9878
9887
9933
9890
9802
9984
9953
9800
9951
9960
9879
9815
9818
9948
9996
9891
9874
9967
9897
9979
9819
9898
9974
9868
9951
9833
9845
9883
9991
9892
9936
9978
9866
9968
9987
9975
9898
9905
9959
9997
9996
9845
9996
9880
9954
9923
9819
9994
9968
9996
9887
9936
9937
9911
9947
9867
9835
9855
9897
9889
9969
9970
9901
9910
9999
9823
9822
9873
9913
9992
9970
9925
9901
9841
9907
9921
9925
9965
9813
9866
9968
9942
9928
9968
9944
9876
9816
9962
9809
9937
9948
9961
9835
9820
9866
9864
9801
9913
9985
9821
9895
9947
9911
9911
9966
9966
9839
9966
9949
9894
9923
9819
9883
9860
9896
9982
9809
9874
9983
9960
9865
9812
9805
9914
9847
9829
9965
9984
9860
9956
9919
9994
9860
9824
9995
9942
9940
9799
9845
9857
9817
9819
9970
9928
9811
9872
9802
9854
9902
9799
9860
9958
9882
9914
9806
9879
9996
9892
9942
9933
9984
9806
9898
9838
9831
9866
9906
9928
9830
9929
9815
9876
9859
9931
9858
9883
9968
9801
9821
9844
9829
9804
9810
9913
9861
9916
9886
9990
9977
9825
9860
9976
9931
9891
9963
9851
9970
9864
9845
9805
9903
9809
9997
9982
9938
9867
9805
9946
9991
9903
9922
9847
9976
9954
9809
9877
9963
9986
9846
9895
9893
9997
9826
9960
9852
9832
9912
9970
9873
9826
9997
9806
9975
9824
9804
9942
9860
9959
9842
9930
9809
9938
9903
9837
9989
9967
9944
9994
9897
9825
9844
9850
9957
9989
9893
9900
9854
9822
9915
9936
9985
9912
9921
9987
9818
9862
9815
9932
9973
9810
9947
9842
9840
9930
9998
9865
9997
9843
9983
9997
9897
9875
9842
9954
9875
9940
9831
9935
9863
9821
9933
9806
9910
9866
9961
9826
9998
9915
9869
9871
9953
9954
9875
9820
9923
9805
9966
9825
9927
9872
9942
9984
9956
9809
9928
9946
9971
9937
9919
9895
9896
9990
9922
9845
9867
9952
9836
9869
9860
9871
9871
9826
9857
9866
9903
9824
9880
9895
9830
9885
9948
9989
9916
9905
9815
9833
9819
9876
9899
9947
9820
9836
9889
9822
9941
9892
9943
9913
9852
9949
9914
9890
9956
9932
9879
9812
9845
9805
9931
9893
9881
9990
9899
9817
9884
9947
9876
9925
9935
9874
9989
9995
9809
9944
9971
9816
9941
9933
9896
9984
9857
9959
9885
9828
9819
9803
9817
9872
9901
9812
9944
9897
9900
9826
9926
9830
9932
9843
9827
9891
9954
9874
9805
9889
9875
9855
9987
9835
9873
9989
9824
9808
9914
9884
9959
9982
9959
9897
9872
9911
9985
9949
9945
9938
9905
9860
9947
9850
9932
9932
9844
9876
9851
9820
9824
9918
9819
9845
9874
9910
9883
9966
9864
9991
9999
9804
9869
9876
9966
9951
9989
9879
9885
9878
9982
9846
9839
9931
9913
9887
9932
9835
9863
9961
9868
9970
9988
9823
9858
9938
9994
9843
9883
9806
9991
9945
9936
9994
9946
9875
9927
9801
9876
9978
9875
9994
9958
9824
9878
9852
9925
9899
9996
9906
9867
9887
9876
9985
9879
9800
9855
9986
9889
9865
9911
9864
9851
9974
9861
9913
9835
9841
9827
9971
9825
9958
9876
9909
9898
9871
9894
9819
9978
9864
9899
9921
9833
9905
9940
9939
9988
9959
9818
9904
9832
9911
9905
9971
9894
9862
9959
9989
9843
9805
9819
9987
9924
9925
9856
9803
9881
9891
9823
9830
9809
9876
9804
9983
9961
9830
9825
9814
9872
9858
9972
9932
9878
9952
9800
9997
9848
9916
9860
9835
9961
9833
9846
9985
9834
9860
9958
9980
9909
9884
9931
9999
9964
9848
9876
9957
9801
9943
9928
9804
9999
9981
9883
9933
9909
9855
9892
9960
9905
9821
9974
9998
9867
9924
9916
9982
9958
9975
9942
9996
9941
9890
9846
9842
9856
9812
9869
9897
9965
9825
9868
9877
9837
9957
9873
9867
9891
9930
9878
9914
9969
9818
9859
9874
9900
9844
9806
9864
9901
9922
9983
9974
9952
9813
9964
9859
9872
9881
9846
9918
9913
9799
9904
9946
9828
9866
9869
9952
9880
9843
9812
9999
9943
9964
9854
9965
9882
9998
9882
9834
9809
9976
9866
9930
9878
9893
9938
9953
9939
9853
9921
9962
9831
9848
9819
9992
9957
9909
9984
9961
9991
9838
9921
9987
9940
9864
9876
9985
9862
9852
9947
9898
9866
9928
9896
9967
9977
9971
9856
9905
9953
9946
9881
9860
9895
9925
9862
9815
9836
9903
9871
9799
9851
9923
9986
9799
9976
9881
9991
9985
9840
9979
9861
9873
9993
9954
9986
9853
9822
9819
9970
9807
9879
9893
9867
9944
9832
9850
9879
9955
9830
9984
9837
9996
9856
9903
9823
9933
9905
9822
9909
9867
9871
9815
9956
9854
9883
9813
9891
9813
9984
9850
9890
9994
9866
9849
9966
9825
9828
9949
9945
9992
9832
9934
9802
9837
9844
9926
9947
9923
9890
9815
9993
9834
9805
9835
9916
9809
9971
9987
9961
9830
9950
9805
9998
9872
9887
9981
9839
9923
9922
9872
9864
9952
9810
9824
9829
9973
9953
9965
9964
9985
9994
9941
9976
9876
9871
9878
9970
9819
9991
9866
9879
9849
9894
9999
9865
9964
9831
9945
9801
9803
9839
9985
9976
9865
9974
9979
9862
9840
9933
9868
9912
9943
9887
9926
9947
9810
9929
9953
9962
9940
9855
9867
9880
9974
9851
9972
9831
9996
9987
9812
9980
9900
9800
9939
9909
9845
9865
9833
9893
9842
9929
9982
9899
9998
9949
9986
9939
9948
9951
9833
9876
9866
9876
9855
9915
9899
9907
9943
9861
9839
9879
9871
9878
9867
9842
9895
9964
9844
9902
9878
9995
9971
9972
9952
9956
9989
9856
9987
9999
9824
9874
9897
9890
9807
9943
9908
9946
9947
9839
9821
9990
9808
9879
9932
9816
9924
9959
9985
9896
9990
9844
9923
9886
9807
9814
9995
9978
9804
9898
9943
9982
9968
9852
9823
9980
9915
9845
9964
9912
9899
9944
9962
9910
9926
9858
9984
9964
9841
9932
9932
9899
9954
9947
9924
9831
9865
9864
9991
9891
9804
9932
9823
9833
9867
9827
9990
9816
9845
9880
9836
9939
9998
9906
9842
9880
9822
9960
9802
9830
9992
9898
9833
9960
9816
9912
9858
9879
9817
9924
9858
9924
9926
9819
9980
9939
9939
9832
9874
9968
9901
9817
9896
9894
9872
9970
9816
9891
9844
9799
9918
9947
9934
9819
9955
9994
9800
9912
9887
9853
9822
9805
9985
9824
9983
9865
9981
9862
9820
9988
9861
9834
9997
9998
9829
9997
9853
9997
9803
9928
9838
9834
9873
9950
9955
9974
9959
9914
9907
9824
9923
9931
9904
9886
9951
9914
9895
9976
9945
9855
9914
9899
9864
9945
9881
9799
9973
9974
9924
9972
9988
9805
9901
9920
9997
9962
9999
9834
9877
9835
9946
9962
9859
9925
9880
9896
9814
9905
9897
9995
9912
9875
9811
9801
9865
9825
9990
9942
9813
9968
9996
9901
9824
9804
9937
9992
9903
9950
9874
9856
9847
9964
9897
9810
9947
9974
9991
9986
9894
9877
9933
9942
9804
9933
9864
9845
9850
9967
9992
9912
9993
9973
9941
9915
9802
9933
9855
9850
9890
9962
9846
9887
9900
9834
9859
9934
9847
9925
9801
9995
9847
9871
9814
9870
9997
9914
9816
9838
9938
9919
9872
9807
9933
9956
9855
9965
9978
9998
9980
9871
9942
9926
9904
9896
9941
9921
9937
9823
9979
9801
9873
9850
9898
9991
9939
9878
9946
9988
9940
9877
9911
9800
9920
9860
9843
9868
9964
9923
9974
9903
9876
9872
9922
9818
9899
9875
9935
9950
9871
9988
9940
9949
9960
9939
9901
9905
9974
9965
9994
9800
9931
9947
9860
9959
9805
9909
9916
9944
9945
9915
9813
9883
9986
9866
9915
9991
9941
9969
9925
9987
9889
9863
9882
9918
9971
9963
9986
9948
9865
9865
9933
9850
9812
9852
9904
9903
9970
9931
9928
9990
9944
9992
9827
9800
9923
9816
9959
9915
9998
9910
9845
9822
9853
9900
9943
9877
9948
9817
9975
9946
9902
9893
9908
9977
9866
9925
9835
9908
9867
9909
9940
9934
9929
9960
9837
9951
9848
9816
9905
9840
9999
9991
9872
9913
9941
9914
9873
9843
9817
9986
9997
9957
9883
9896
9816
9971
9867
9914
9909
9811
9860
9965
9931
9944
9890
9843
9909
9821
9898
9867
9892
9926
9999
9921
9878
9811
9966
9864
9913
9944
9942
9903
9948
9942
9912
9962
9969
9832
9985
9959
9983
9814
9956
9887
9931
9907
9918
9859
9970
9869
9986
9978
9976
9883
9877
9867
9808
9933
9889
9944
9985
9986
9999
9967
9924
9915
9975
9849
9965
9948
9977
9952
9983
9981
9865
9880
9990
9889
9923
9879
9883
9846
9860
9889
9825
9969
9876
9985
9900
9958
9847
9887
9892
9825
9933
9989
9820
9830
9828
9888
9915
9841
9997
9878
9869
9805
9813
9909
9801
9801
9977
9927
9913
9833
9891
9989
9836
9951
9826
9952
9867
9860
9952
9968
9862
9832
9880
9971
9805
9999
9843
9918
9960
9828
9924
9907
9803
9913
9936
9983
9920
9804
9911
9848
9892
9909
9815
9931
9846
9812
9921
9831
9991
9851
9890
9896
9903
9821
9865
9808
9945
9965
9963
9809
9943
9964
9861
9934
9911
9962
9873
9918
9911
9970
9985
9952
9989
9914
9816
9874
9986
9818
9877
9914
9843
9865
9928
9955
9974
9888
9912
9845
9836
9967
9906
9812
9802
9984
9811
9805
9996
9933
9977
9929
9995
9880
9948
9889
9833
9888
9884
9821
9859
9945
9905
9974
9843
9871
9871
9966
9817
9978
9933
9818
9816
9910
9906
9877
9889
9870
9860
9858
9814
9810
9910
9977
9838
9873
9807
9911
9932
9969
9991
9875
9935
9815
9877
9875
9838
9964
9801
9888
9932
9977
9999
9887
9822
9964
9834
9861
9876
9890
9994
9886
9936
9907
9842
9989
9965
9860
9868
9985
9850
9816
9875
9811
9921
9934
9889
9939
9876
9839
9845
9989
9859
9821
9942
9827
9820
9990
9972
9828
9916
9986
9986
9936
9992
9831
9990
9966
9876
9802
9924
9967
9862
9866
9861
9846
9914
9852
9828
9940
9942
9923
9973
9969
9833
9833
9954
9944
9819
9918
9845
9978
9984
9950
9974
9943
9952
9959
9870
9883
9999
9939
9996
9902
9871
9909
9876
9900
9965
9835
9910
9806
9817
9933
9959
9805
9869
9940
9819
9924
9957
9938
9920
9982
9999
9885
9884
9898
9982
9889
9854
9951
9971
9957
9829
9827
9885
9801
9928
9965
9870
9827
9977
9826
9992
9990
9890
9948
9831
9883
9948
9878
9837
9972
9873
9953
9938
9979
9870
9981
9818
9992
9949
9918
9815
9856
9800
9996
9977
9862
9895
9937
9880
9818
9994
9872
9849
9942
9864
9979
9902
9889
9807
9978
9871
9939
9924
9906
9961
9826
9981
9860
9967
9961
9937
9841
9911
9919
9804
9920
9920
9877
9802
9918
9898
9882
9923
9871
9878
9901
9954
9889
9852
9830
9963
9908
9866
9886
9903
9898
9875
9807
9853
9994
9898
9892
9811
9914
9986
9839
9971
9831
9892
9893
9851
9951
9908
9802
9947
9913
9901
9876
9941
9913
9800
9888
9865
9847
9967
9929
9914
9922
9979
9848
9923
9925
9916
9875
9813
9936
9981
9857
9914
9987
9869
9886
9952
9946
9846
9947
9946
9933
9840
9906
9913
9882
9881
9930
9967
9962
9948
9838
9838
9943
9812
9853
9810
9853
9998
9967
9918
9809
9826
9830
9979
9930
9965
9864
9922
9823
9800
9890
9824
9993
9853
9960
9809
9803
9986
9832
9938
9972
9889
9858
9866
9932
9875
9975
9902
9973
9982
9949
9980
9880
9970
9926
9837
9957
9855
9932
9854
9840
9842
9963
9815
9944
9935
9803
9836
9990
9983
9853
9978
9852
9872
9956
9863
9830
9983
9981
9909
9921
9843
9868
9832
9859
9875
9823
9880
9890
9855
9823
9824
9956
9827
9835
9836
9855
9905
9968
9881
9993
9898
9801
9846
9837
9808
9897
9942
9920
9997
9982
9800
9802
9930
9873
9915
9803
9991
9955
9902
9804
9813
9805
9944
9905
9998
9996
9842
9824
9863
9978
9872
9932
9803
9858
9930
9846
9881
9949
9914
9887
9903
9940
9870
9801
9814
9969
9812
9937
9883
9929
9949
9898
9944
9804
9802
9963
9878
9908
9838
9965
9969
9891
9947
9903
9826
9858
9938
9920
9971
9933
9880
9991
9935
9926
9976
9831
9979
9995
9916
9954
9803
9864
9925
9925
9862
9812
9865
9901
9945
9853
9963
9913
9918
9997
9886
9941
9976
9880
9839
9855
9998
9842
9976
9860
9840
9828
9997
9923
9900
9921
9964
9992
9820
9802
9935
9857
9923
9885
9877
9907
9857
9928
9806
9864
9941
9942
9982
9914
9980
9884
9834
9807
9978
9966
9846
9897
9927
9814
9941
9826
9830
9946
9929
9858
9920
9822
9800
9825
9875
9977
9885
9900
9995
9969
9889
9864
9902
9908
9830
9800
9949
9910
9843
9847
9829
9918
9983
9908
9946
9998
9840
9922
9814
9829
9835
9865
9804
9989
9845
9951
9905
9899
9955
9839
9852
9898
9859
9851
9803
9907
9842
9814
9980
9911
9881
9870
9843
9947
9983
9974
9936
9903
9855
9837
9870
9868
9813
9967
9899
9845
9811
9902
9836
9937
9851
9958
9877
9916
9990
9814
9906
9913
9937
9878
9953
9885
9958
9966
9970
9965
9886
9910
9817
9943
9939
9959
9981
9984
9901
9815
9941
9848
9802
9979
9989
9894
9857
9959
9935
9838
9944
9836
9918
9999
9904
9983
9898
9882
9869
9868
9832
9981
9847
9942
9968
9801
9800
9894
9897
9860
9884
9973
9920
9868
9882
9931
9817
9982
9827
9850
9839
9824
9911
9851
9803
9963
9819
9992
9835
9861
9949
9842
9856
9897
9856
9827
9841
9817
9809
9907
9943
9918
9849
9806
9843
9925
9877
9829
9914
9902
9825
9912
9824
9851
9945
9916
9868
9805
9993
9809
9995
9831
9977
9904
9898
9851
9818
9936
9984
9900
9967
9951
9833
9801
9900
9990
9874
9877
9832
9804
9938
9887
9860
9897
9809
9805
9920
9944
9847
9888
9848
9875
9863
9910
9801
9927
9916
9874
9844
9802
9817
9916
9959
9894
9859
9888
9983
9865
9988
9872
9926
9903
9813
9802
9948
9965
9963
9824
9838
9867
9983
9939
9882
9870
9841
9836
9961
9868
9903
9894
9822
9941
9823
9872
9834
9868
9876
9988
9879
9849
9909
9870
9956
9966
9901
9975
9815
9842
9835
9956
9998
9946
9944
9874
9871
9947
9850
9887
9884
9913
9988
9872
9986
9966
9930
9824
9970
9824
9908
9800
9854
9862
9987
9806
9851
9984
9964
9827
9863
9932
9933
9894
9915
9922
9908
9988
9999
9959
9961
9962
9829
9967
9832
9862
9805
9828
9815
9908
9933
9834
9948
9930
9980
9896
9816
9800
9933
9942
9893
9849
9941
9807
9876
9850
9808
9995
9915
9923
9823
9803
9861
9898
9812
9818
9999
9818
9864
9890
9977
9942
9914
9825
9849
9805
9936
9951
9913
9884
9911
9975
9925
9825
9998
9845
9942
9813
9950
9853
9910
9929
9948
9849
9960
9921
9978
9887
9949
9924
9926
9984
9830
9849
9836
9846
9877
9925
9913
9994
9875
9835
9859
9875
9954
9970
9899
9967
9951
9954
9938
9810
9835
9814
9987
9799
9912
9997
9890
9939
9884
9858
9986
9842
9976
9947
9978
9969
9857
9943
9913
9970
9920
9949
9841
9892
9979
9827
9852
9923
9910
9885
9998
9929
9867
9819
9923
9935
9862
9944
9947
9902
9805
9998
9992
9876
9998
9887
9841
9954
9820
9884
9945
9990
9846
9927
9816
9961
9832
9975
9940
9808
9815
9841
9880
9864
9822
9815
9927
9935
9834
9856
9999
9889
9944
9951
9965
9998
9862
9809
9861
9815
9893
9900
9959
9807
9806
9924
9832
9872
9851
9914
9886
9825
9976
9829
9899
9858
9812
9802
9932
9822
9941
9879
9930
9868
9865
9819
9866
9925
9925
9894
9860
9923
9910
9872
9818
9844
9904
9907
9866
9908
9835
9953
9893
9909
9920
9810
9990
9910
9885
9845
9860
9992
9908
9933
9840
9799
9909
9806
9938
9914
9885
9808
9887
9804
9934
9847
9892
9968
9860
9989
9854
9868
9888
9919
9905
9803
9961
9951
9878
9972
9825
9871
9967
9873
9818
9888
9901
9825
9946
9976
9993
9831
9834
9861
9853
9803
9933
9802
9829
9975
9947
9896
9890
9944
9914
9910
9873
9957
9961
9803
9960
9850
9880
9936
9988
9973
9967
9931
9800
9883
9910
9820
9855
9874
9811
9911
9992
9960
9938
9807
9852
9906
9850
9901
9930
9846
9986
9887
9829
9856
9969
9800
9944
9979
9802
9863
9867
9895
9969
9986
9888
9829
9845
9799
9863
9916
9872
9829
9965
9963
9885
9800
9858
9906
9949
9893
9985
9977
9942
9905
9846
9960
9848
9919
9807
9974
9944
9871
9925
9859
9824
9937
9909
9807
9989
9935
9855
9837
9826
9969
9892
9890
9881
9915
9991
9961
9895
9871
9930
9992
9821
9853
9836
9864
9921
9915
9919
9809
9991
9974
9825
9847
9983
9836
9800
9985
9981
9843
9888
9918
9863
9991
9888
9880
9859
9914
9832
9923
9837
9884
9997
9801
9867
9978
9959
9941
9848
9897
9934
9814
9897
9883
9839
9853
9978
9959
9888
9848
9998
9909
9889
9980
9960
9809
9960
9956
9925
9893
9946
9953
9966
9858
9977
9838
9991
9928
9844
9995
9921
9983
9907
9942
9887
9976
9817
9940
9932
9920
9862
9913
9984
9845
9963
9985
9812
9985
9939
9892
9884
9874
9833
9883
9959
9803
9853
9961
9966
9814
9807
9972
9872
9868
9985
9862
9815
9956
9981
9873
9810
9951
9938
9841
9882
9825
9957
9964
9934
9851
9880
9827
9811
9980
9838
9819
9979
9806
9941
9942
9939
9878
9862
9960
9823
9972
9837
9873
9875
9894
9898
9930
9872
9964
9817
9889
9838
9956
9863
9854
9850
9866
9906
9848
9913
9991
9988
9904
9839
9867
9804
9845
9819
9823
9874
9846
9815
9913
9963
9822
9954
9857
9915
9986
9988
9919
9871
9864
9932
9906
9947
9968
9811
9894
9823
9898
9967
9926
9974
9817
9871
9939
9910
9898
9857
9987
9979
9960
9936
9969
9813
9981
9914
9906
9814
9825
9813
9952
9891
9969
9809
9910
9982
9846
9815
9813
9904
9979
9914
9928
9807
9848
9856
9812
9913
9939
9901
9861
9991
9867
9959
9822
9978
9843
9984
9835
9891
9907
9957
9984
9828
9984
9953
9863
9889
9950
9945
9817
9876
9976
9900
9805
9902
9850
9828
9799
9894
9829
9998
9947
9831
9810
9943
9877
9827
9893
9822
9835
9819
9990
9841
9844
9826
9821
9911
9894
9829
9898
9900
9881
9996
9867
9838
9829
9989
9826
9938
9821
9892
9893
9931
9800
9837
9996
9829
9844
9966
9832
9993
9826
9877
9904
9982
9985
9991
9844
9904
9857
9873
9990
9934
9991
9975
9852
9839
9938
9865
9975
9953
9982
9875
9937
9884
9911
9878
9807
9950
9884
9920
9990
9893
9824
9890
9859
9935
9858
9815
9938
9914
9842
9967
9961
9913
9878
9989
9914
9886
9929
9812
9903
9994
9895
9804
9823
9811
9864
9877
9902
9844
9972
9808
9843
9821
9910
9889
9863
9845
9843
9959
9911
9860
9832
9900
9881
9962
9859
9870
9968
9861
9963
9982
9925
9997
9828
9862
9938
9863
9810
9960
9903
9843
9859
9945
9964
9977
9931
9818
9965
9810
9889
9834
9893
9863
9907
9939
9800
9983
9827
9811
9938
9979
9799
9837
9991
9986
9955
9931
9888
9896
9892
9894
9843
9964
9883
9937
9877
9959
9991
9927
9850
9845
9967
9883
9866
9812
9949
9921
9903
9830
9856
9900
9945
9822
9863
9988
9958
9896
9932
9944
9801
9830
9856
9963
9995
9898
9924
9880
9897
9936
9962
9877
9945
9846
9986
9906
9838
9994
9994
9936
9876
9979
9970
9945
9967
9947
9875
9912
9922
9889
9830
9967
9863
9889
9974
9818
9828
9865
9907
9967
9959
9842
9948
9975
9847
9997
9874
9999
9940
9799
9916
9838
9816
9955
9968
9984
9930
9836
9882
9972
9946
9804
9867
9822
9912
9929
9916
9927
9929
9832
9844
9982
9918
9849
9845
9994
9927
9897
9841
9912
9984
9887
9884
9902
9987
9830
9896
9914
9987
9877
9900
9965
9838
9800
9874
9961
9909
9909
9915
9895
9879
9815
9989
9931
9854
9996
9950
9895
9992
9933
9838
9823
9811
9815
9930
9870
9997
9902
9854
9824
9808
9926
9905
9836
9807
9855
9997
9988
9806
9823
9836
9909
9904
9951
9909
9887
9937
9952
9821
9807
9921
9836
9939
9941
9983
9977
9948
9967
9819
9947
9848
9898
9828
9804
9938
9875
9806
9896
9856
9839
9971
9861
9806
9959
9868
9926
9854
9844
9852
9823
9981
9874
9897
9932
9884
9959
9946
9898
9932
9920
9906
9857
9935
9976
9927
9971
9869
9871
9986
9802
9894
9877
9898
9889
9849
9950
9940
9907
9887
9824
9882
9986
9914
9911
9915
9888
9973
9902
9941
9909
9904
9905
9976
9950
9848
9824
9910
9847
9900
9803
9904
9903
9927
9820
9806
9865
9853
9855
9990
9890
9986
9972
9857
9815
9840
9878
9936
9826
9947
9988
9960
9841
9849
9972
9956
9821
9839
9973
9940
9827
9894
9981
9829
9982
9953
9982
9861
9822
9803
9902
9930
9809
9834
9830
9834
9920
9868
9912
9923
9923
9959
9990
9881
9853
9922
9877
9910
9985
9938
9973
9830
9806
9915
9828
9830
9934
9884
9831
9824
9857
9914
9850
9912
9823
9941
9896
9990
9842
9977
9925
9920
9801
9881
9877
9980
9883
9829
9993
9807
9808
9953
9936
9854
9808
9819
9915
9949
9945
9948
9802
9911
9937
9930
9874
9858
9943
9919
9931
9922
9897
9940
9835
9900
9901
9995
9810
9876
9826
9919
9827
9823
9876
9907
9934
9974
9864
9830
9816
9862
9981
9916
9952
9923
9925
9858
9991
9862
9957
9864
9883
9952
9995
9926
9877
9817
9984
9930
9845
9854
9849
9829
9903
9838
9988
9940
9799
9865
9872
9966
9916
9893
9826
9807
9830
9816
9958
9942
9855
9990
9811
9858
9900
9855
9983
9870
9856
9824
9960
9927
9893
9815
9890
9865
9915
9835
9830
9999
9989
9802
9927
9976
9942
9897
9955
9989
9814
9906
9803
9912
9973
9911
9833
9821
9949
9897
9909
9903
9854
9815
9958
9809
9827
9984
9916
9995
9871
9807
9943
9983
9885
9979
9828
9836
9935
9938
9949
9940
9903
9928
9999
9837
9919
9972
9903
9992
9859
9965
9992
9886
9799
9887
9889
9914
9878
9904
9830
9880
9884
9850
9809
9833
9865
9903
9808
9860
9837
9984
9816
9853
9963
9904
9814
9947
9981
9818
9918
9955
9923
9865
9844
9909
9890
9911
9988
9995
9838
9912
9938
9883
9881
9996
9872
9946
9930
9849
9836
9921
9874
9937
9878
9938
9910
9982
9956
9865
9920
9804
9925
9805
9985
9928
9851
9996
9871
9897
9932
9945
9892
9831
9878
9965
9895
9852
9819
9853
9941
9874
9878
9951
9845
9879
9910
9879
9828
9927
9861
9818
9943
9889
9923
9825
9854
9839
9902
9961
9831
9891
9922
9908
9816
9839
9891
9842
9837
9995
9995
9846
9850
9824
9839
9921
9993
9995
9969
9911
9956
9963
9972
9891
9930
9937
9929
9836
9899
9841
9981
9990
9865
9813
9942
9910
9945
9870
9849
9837
9892
9945
9821
9818
9908
9933
9887
9958
9896
9802
9964
9881
9891
9866
9863
9901
9873
9914
9943
9912
9945
9861
9909
9824
9846
9888
9991
9855
9976
9845
9864
9998
9924
9884
9876
9883
9986
9958
9830
9958
9855
9799
9922
9886
9893
9838
9945
9962
9974
9999
9852
9803
9876
9882
9840
9875
9990
9844
9991
9926
9826
9875
9945
9834
9867
9879
9855
9832
9914
9876
9973
9978
9836
9848
9922
9997
9881
9934
9958
9951
9806
9934
9825
9944
9807
9913
9799
9950
9920
9986
9844
9923
9883
9994
9801
9957
9907
9825
9902
9905
9854
9857
9954
9903
9953
9822
9890
9837
9999
9961
9816
9908
9924
9871
9952
9844
9906
9882
9945
9814
9835
9951
9839
9990
9882
9887
9980
9941
9932
9994
9881
9886
9854
9957
9982
9922
9827
9930
9910
9808
9812
9887
9831
9940
9853
9804
9934
9864
9942
9836
9965
9871
9914
9884
9913
9951
9959
9966
9959
9986
9908
9961
9871
9945
9825
9949
9800
9846
9924
9985
9843
9927
9989
9865
9883
9981
9867
9924
9964
9877
9999
9816
9957
9846
9843
9940
9824
9846
9903
9995
9987
9891
9845
9805
9906
9958
9904
9971
9818
9854
9914
9908
9906
9885
9813
9871
9821
9927
9813
9966
9880
9801
9929
9814
9878
9837
9983
9802
9845
9859
9902
9960
9944
9890
9895
9850
9800
9952
9987
9974
9915
9922
9985
9926
9933
9928
9936
9970
9891
9872
9981
9834
9943
9838
9872
9983
9891
9932
9973
9803
9938
9960
9867
9836
9812
9807
9986
9885
9924
9966
9960
9902
9834
9921
9860
9898
9839
9843
9964
9846
9846
9982
9800
9841
9827
9835
9801
9887
9859
9816
9925
9940
9874
9889
9933
9921
9980
9800
9852
9975
9857
9856
9904
9821
9857
9818
9943
9965
9828
9801
9897
9976
9902
9971
9985
9835
9961
9817
9872
9858
9878
9908
9863
9885
9817
9978
9964
9900
9995
9823
9911
9920
9908
9854
9997
9818
9863
9983
9944
9964
9851
9986
9896
9989
9811
9961
9812
9872
9854
9959
9976
9806
9949
9823
9989
9847
9846
9895
9848
9848
9875
9859
9882
9894
9826
9809
9868
9868
9835
9806
9952
9807
9949
9924
9945
9869
9893
9937
9918
9944
9972
9981
9854
9804
9934
9939
9907
9842
9889
9965
9802
9827
9844
9957
9967
9844
9884
9847
9879
9836
9822
9987
9860
9815
9871
9929
9923
9857
9836
9873
9898
9881
9993
9818
9915
9876
9801
9860
9974
9958
9826
9983
9802
9822
9823
9859
9971
9953
9906
9842
9814
9906
9978
9808
9881
9876
9828
9887
9966
9817
9929
9883
9835
9822
9813
9816
9825
9870
9953
9861
9914
9986
9857
9831
9911
9873
9898
9910
9879
9875
9997
9849
9985
9854
9882
9963
9924
9885
9843
9839
9939
9965
9857
9806
9986
9910
9819
9806
9837
9986
9923
9909
9865
9991
9830
9838
9994
9907
9894
9879
9852
9909
9915
9805
9893
9807
9890
9895
9884
9908
9957
9835
9864
9973
9983
9947
9981
9888
9808
9861
9874
9814
9815
9837
9874
9941
9912
9811
9865
9909
9836
9869
9858
9853
9869
9989
9806
9853
9858
9855
9828
9919
9927
9904
9992
9968
9962
9969
9859
9813
9965
9803
9942
9868
9935
9972
9862
9810
9922
9871
9806
9952
9882
9912
9912
9845
9818
9896
9810
9898
9904
9818
9866
9959
9899
9960
9896
9901
9922
9870
9838
9973
9857
9834
9977
9950
9954
9905
9997
9881
9929
9817
9889
9993
9825
9938
9799
9964
9908
9937
9923
9836
9853
9961
9886
9979
9834
9857
9979
9945
9853
9846
9814
9999
9975
9938
9907
9847
9910
9862
9981
9938
9916
9832
9978
9818
9994
9902
9919
9920
9834
9965
9950
9884
9962
9818
9849
9932
9842
9837
9967
9959
9887
9887
9987
9924
9819
9840
9990
9939
9847
9995
9903
9801
9928
9878
9927
9963
9914
9865
9877
9939
9876
9916
9828
9849
9852
9959
9826
9946
9958
9915
9981
9855
9918
9882
9899
9924
9880
9953
9935
9824
9939
9950
9821
9802
9847
9963
9954
9988
9852
9978
9958
9876
9931
9809
9951
9893
9918
9846
9834
9883
9857
9859
9931
9942
9808
9982
9977
9974
9997
9863
9952
9960
9961
9977
9805
9908
9951
9909
9802
9940
9902
9822
9885
9934
9980
9938
9868
9830
9854
9978
9929
9914
9976
9814
9858
9943
9825
9898
9946
9826
9994
9944
9871
9888
9858
9850
9968
9959
9826
9918
9840
9924
9866
9912
9830
9844
9889
9846
9829
9965
9854
9945
9877
9951
9929
9971
9860
9939
9967
9880
9815
9939
9909
9976
9855
9874
9975
9843
9860
9930
9852
9973
9827
9932
9807
9960
9936
9818
9810
9823
9938
9856
9813
9865
9888
9936
9882
9970
9928
9867
9864
9968
9801
9900
9842
9855
9919
9975
9990
9996
9883
9805
9820
9801
9884
9842
9892
9836
9889
9968
9912
9942
9857
9923
9995
9862
9913
9989
9822
9931
9875
9952
9920
9799
9929
9913
9999
9928
9974
9997
9952
9939
9909
9906
9874
9916
9858
9825
9859
9814
9988
9979
9946
9814
9812
9931
9863
9983
9849
9967
9820
9919
9849
9871
9835
9912
9965
9849
9875
9985
9924
9803
9941
9904
9922
9960
9911
9837
9821
9872
9906
9893
9869
9973
9814
9876
9819
9976
9882
9873
9800
9900
9828
9948
9817
9963
9949
9972
9851
9883
9815
9993
9864
9853
9973
9886
9945
9998
9841
9869
9806
9862
9875
9938
9816
9982
9808
9901
9821
9834
9821
9976
9844
9823
9886
9842
9873
9882
9963
9839
9879
9833
9819
9905
9918
9848
9831
9843
9913
9956
9929
9964
9837
9997
9933
9842
9957
9974
9966
9915
9988
9948
9846
9896
9872
9944
9882
9981
9973
9908
9982
9876
9945
9880
9799
9955
9865
9957
9869
9895
9973
9979
9991
9846
9897
9931
9887
9865
9952
9883
9975
9958
9844
9971
9991
9974
9881
9836
9856
9912
9928
9843
9845
9939
9982
9956
9956
9884
9918
9826
9870
9995
9842
9979
9890
9832
9931
9944
9979
9861
9884
9961
9980
9812
9912
9814
9927
9805
9849
9853
9800
9806
9812
9942
9962
9946
9943
9953
9871
9918
9904
9834
9954
9989
9818
9875
9812
9946
9873
9836
9846
9951
9969
9883
9804
9975
9872
9815
9989
9856
9961
9851
9890
9911
9859
9915
9940
9882
9916
9808
9948
9895
9988
9876
9977
9959
9942
9860
9892
9887
9853
9930
9899
9844
9837
9845
9825
9893
9932
9799
9881
9886
9805
9853
9853
9986
9859
9829
9955
9996
9871
9963
9936
9800
9853
9936
9825
9911
9858
9862
9913
9844
9960
9902
9849
9992
9996
9870
9939
9961
9987
9908
9982
9920
9856
9998
9867
9838
9965
9906
9982
9894
9950
9864
9907
9834
9910
9884
9991
9920
9995
9986
9950
9847
9806
9818
9872
9969
9922
9959
9886
9879
9965
9911
9824
9876
9826
9849
9826
9926
9952
9924
9935
9955
9970
9895
9847
9909
9968
9851
9829
9886
9916
9900
9919
9808
9899
9967
9880
9845
9807
9812
9936
9971
9914
9895
9923
9876
9834
9954
9981
9814
9924
9945
9924
9848
9961
9947
9964
9815
9921
9988
9969
9876
9800
9888
9894
9920
9974
9922
9954
9993
9919
9809
9965
9834
9980
9806
9948
9831
9881
9960
9823
9954
9978
9824
9998
9806
9892
9847
9910
9995
9856
9829
9998
9923
9968
9966
9899
9916
9884
9884
9940
9945
9966
9828
9836
9813
9832
9809
9810
9853
9838
9986
9974
9839
9800
9973
9805
9999
9982
9863
9963
9965
9895
9873
9813
9815
9978
9987
9975
9856
9954
9839
9919
9830
9966
9992
9873
9805
9832
9827
9825
9919
9858
9823
9997
9878
9809
9852
9825
9815
9914
9802
9845
9960
9909
9999
9978
9810
9868
9880
9912
9833
9891
9931
9873
9808
9813
9888
9971
9913
9867
9802
9936
9899
9933
9972
9942
9896
9875
9985
9842
9986
9859
9871
9801
9858
9836
9878
9952
9999
9924
9879
9855
9897
9867
9852
9991
9872
9846
9815
9814
9995
9923
9799
9819
9963
9828
9964
9945
9828
9967
9807
9977
9828
9889
9823
9925
9959
9801
9870
9864
9929
9964
9822
9933
9839
9912
9959
9883
9942
9911
9878
9943
9878
9900
9939
9960
9909
9827
9840
9893
9923
9843
9955
9875
9864
9891
9979
9960
9930
9959
9857
9884
9946
9823
9919
9920
9900
9915
9856
9810
9831
9896
9980
9940
9847
9939
9963
9905
9899
9912
9881
9925
9843
9889
9808
9964
9910
9826
9928
9835
9893
9988
9974
9907
9931
9908
9984
9880
9999
9924
9809
9986
9959
9802
9799
9811
9996
9891
9800
9972
9828
9852
9839
9926
9934
9986
9979
9824
9845
9861
9904
9967
9986
9927
9980
9869
9890
9941
9938
9895
9936
9912
9866
9802
9866
9869
9889
9847
9933
9848
9941
9875
9986
9814
9802
9937
9850
9866
9824
9914
9877
9877
9979
9849
9853
9810
9988
9802
9930
9879
9940
9965
9991
9883
9972
9980
9965
9880
9906
9887
9809
9953
9990
9972
9921
9920
9866
9982
9897
9966
9866
9857
9814
9897
9993
9900
9889
9926
9933
9978
9847
9827
9854
9936
9924
9996
9948
9942
9955
9932
9810
9924
9932
9907
9877
9841
9988
9822
9830
9900
9826
9970
9839
9908
9824
9986
9993
9920
9838
9992
9871
9965
9812
9867
9850
9808
9910
9970
9916
9945
9943
9822
9801
9996
9977
9842
9954
9943
9897
9892
9799
9821
9966
9895
9977
9861
9844
9983
9932
9858
9987
9985
9851
9866
9986
9884
9935
9967
9871
9949
9980
9885
9993
9835
9919
9799
9842
9949
9860
9963
9963
9872
9885
9952
9964
9919
9990
9874
9938
9871
9800
9885
9903
9905
9874
9923
9926
9913
9956
9883
9807
9805
9867
9818
9999
9855
9971
9911
9904
9874
9892
9821
9855
9914
9936
9989
9907
9806
9885
9942
9894
9845
9930
9921
9804
9987
9995
9806
9921
9960
9896
9942
9934
9803
9995
9840
9986
9949
9973
9827
9882
9996
9834
9879
9814
9883
9838
9842
9837
9953
9857
9957
9943
9807
9852
9867
9817
9979
9956
9925
9858
9808
9984
9846
9946
9936
9897
9879
9947
9922
9982
9859
9848
9945
9990
9993
9873
9850
9987
9811
9938
9811
9889
9817
9902
9870
9809
9982
9887
9930
9928
9854
9819
9852
9975
9989
9883
9880
9903
9830
9832
9992
9853
9838
9883
9880
9855
9921
9863
9896
9979
9909
9807
9929
9981
9850
9823
9986
9978
9937
9868
9880
9997
9802
9852
9963
9974
9873
9835
9951
9894
9928
9859
9919
9989
9814
9817
9860
9877
9823
9880
9844
9984
9834
9960
9975
9827
9824
9890
9985
9876
9924
9931
9862
9939
9913
9932
9914
9919
9891
9906
9979
9941
9833
9907
9933
9922
9986
9860
9827
9931
9828
9981
9863
9978
9937
9818
9983
9943
9868
9846
9908
9995
9982
9824
9836
9956
9867
9898
9966
9887
9883
9911
9859
9865
9949
9922
9884
9861
9970
9835
9885
9973
9865
9989
9961
9839
9985
9823
9807
9997
9884
9867
9974
9890
9872
9846
9954
9934
9977
9824
9810
9930
9947
9979
9882
9951
9903
9940
9924
9921
9900
9847
9867
9852
9998
9855
9887
9890
9995
9894
9970
9878
9938
9857
9802
9966
9939
9941
9822
9881
9954
9943
9858
9899
9854
9851
9959
9932
9804
9867
9915
9817
9933
9910
9997
9874
9920
9828
9942
9818
9838
9863
9942
9804
9899
9953
9932
9924
9876
9964
9914
9830
9812
9914
9892
9991
9937
9818
9961
9800
9849
9904
9933
9978
9936
9858
9857
9829
9801
9991
9857
9887
9868
9810
9995
9975
9971
9922
9938
9941
9831
9817
9926
9902
9939
9838
9969
9802
9872
9952
9920
9900
9912
9882
9990
9929
9830
9865
9857
9967
9905
9947
9884
9864
9925
9864
9889
9811
9991
9924
9907
9831
9865
9856
9912
9935
9810
9970
9823
9871
9927
9899
9996
9969
9863
9931
9910
9838
9889
9958
9966
9885
9800
9938
9877
9991
9894
9896
9881
9997
9895
9886
9970
9916
9827
9911
9955
9962
9919
9964
9970
9804
9947
9893
9869
9860
9839
9870
9864
9947
9937
9974
9876
9913
9823
9836
9869
9808
9987
9995
9915
9929
9892
9866
9933
9990
9918
9960
9828
9934
9845
9804
9958
9818
9964
9877
9990
9921
9817
9961
9995
9829
9981
9898
9910
9827
9941
9906
9867
9903
9824
9927
9967
9865
9992
9984
9941
9945
9952
9991
9934
9924
9911
9941
9851
9864
9964
9907
9987
9883
9835
9815
9885
9838
9811
9995
9949
9932
9824
9811
9824
9964
9985
9804
9898
9950
9863
9854
9921
9886
9897
9878
9830
9996
9835
9852
9925
9937
9881
9856
9892
9901
9902
9988
9969
9862
9805
9944
9829
9849
9811
9879
9932
9916
9994
9926
9904
9981
9851
9894
9904
9854
9940
9974
9902
9933
9843
9915
9823
9961
9900
9906
9859
9824
9931
9820
9980
9893
9860
9969
9987
9957
9909
9935
9860
9994
9998
9895
9937
9848
9901
9879
9869
9963
9950
9909
9998
9807
9990
9833
9942
9872
9927
9891
9905
9947
9895
9924
9968
9932
9920
9942
9810
9821
9991
9897
9957
9899
9924
9836
9938
9895
9924
9817
9935
9929
9847
9967
9852
9916
9899
9943
9877
9914
9877
9955
9899
9925
9942
9903
9957
9879
9846
9951
9919
9867
9999
9951
9842
9979
9818
9851
9875
9954
9863
9812
9828
9808
9937
9967
9964
9874
9996
9810
9976
9997
9964
9855
9811
9967
9884
9896
9945
9914
9922
9860
9853
9871
9805
9911
9847
9942
9980
9821
9815
9977
9936
9832
9854
9932
9810
9920
9889
9923
9839
9999
9989
9902
9870
9899
9832
9871
9836
9935
9943
9916
9976
9950
9921
9865
9891
9891
9947
9845
9992
9808
9844
9874
9884
9910
9892
9865
9940
9944
9910
9884
9958
9969
9843
9890
9808
9804
9948
9993
9844
9881
9868
9804
9826
9948
9814
9873
9864
9964
9925
9947
9884
9854
9979
9945
9863
9974
9968
9914
9918
9904
9803
9911
9846
9842
9813
9886
9968
9836
9900
9904
9894
9930
9914
9972
9840
9958
9855
9935
9972
9934
9804
9876
9843
9983
9890
9905
9886
9813
9910
9821
9886
9817
9903
9973
9866
9907
9979
9923
9892
9842
9962
9905
9970
9839
9888
9881
9803
9868
9892
9817
9894
9972
9890
9971
9804
9929
9916
9999
9939
9919
9898
9972
9808
9907
9802
9996
9849
9949
9961
9872
9976
9846
9829
9913
9884
9963
9968
9934
9849
9846
9900
9906
9944
9908
9960
9900
9921
9908
9879
9887
9972
9978
9914
9852
9825
9916
9958
9860
9859
9811
9962
9910
9896
9824
9958
9937
9962
9914
9976
9937
9867
9974
9977
9912
9904
9840
9834
9949
9861
9818
9899
9891
9938
9868
9887
9888
9834
9999
9912
9870
9896
9874
9990
9853
9952
9962
9996
9904
9854
9879
9911
9971
9963
9976
9984
9965
9823
9960
9876
9864
9949
9803
9922
9916
9892
9841
9985
9846
9884
9921
9939
9850
9961
9879
9996
9820
9820
9855
9952
9968
9950
9801
9847
9850
9989
9927
9971
9983
9854
9890
9892
9938
9820
9885
9848
9993
9925
9903
9822
9894
9837
9931
9835
9847
9851
9997
9907
9805
9968
9925
9824
9998
9836
9954
9904
9801
9987
9849
9848
9974
9948
9952
9932
9831
9903
9971
9881
9968
9921
9894
9953
9810
9943
9957
9828
9831
9873
9930
9894
9838
9945
9960
9943
9860
9973
9943
9873
9984
9981
9946
9889
9802
9887
9961
9953
9809
9804
9906
9972
9850
9874
9886
9943
9840
9968
9807
9933
9824
9962
9941
9972
9887
9815
9969
9858
9802
9982
9937
9859
9997
9914
9828
9959
9885
9931
9997
9957
9880
9915
9859
9870
9801
9809
9912
9865
9970
9896
9970
9859
9939
9821
9960
9827
9962
9899
9840
9883
9864
9887
9799
9805
9879
9812
9860
9975
9830
9965
9803
9919
9851
9980
9838
9988
9836
9884
9835
9905
9989
9865
9981
9842
9943
9925
9912
9926
9908
9935
9942
9923
9837
9988
9827
9968
9841
9955
9985
9923
9965
9878
9822
9894
9908
9894
9804
9923
9995
9861
9984
9820
9964
9826
9887
9913
9892
9909
9922
9874
9945
9903
9954
9975
9874
9871
9982
9810
9865
9899
9856
9809
9840
9894
9891
9877
9970
9835
9860
9970
9900
9866
9812
9950
9925
9850
9987
9992
9900
9818
9906
9825
9892
9845
9972
9928
9911
9803
9915
9975
9873
9865
9876
9804
9962
9804
9876
9874
9995
9833
9991
9915
9906
9998
9979
9833
9879
9827
9822
9957
9967
9994
9849
9972
9817
9818
9972
9967
9908
9946
9984
9842
9887
9811
9829
9898
9856
9834
9945
9935
9849
9970
9995
9837
9980
9916
9834
9931
9909
9997
9881
9849
9978
9875
9895
9846
9952
9892
9874
9899
9912
9896
9800
9838
9875
9888
9978
9981
9942
9879
9887
9945
9836
9844
9986
9979
9912
9921
9890
9969
9862
9981
9901
9869
9909
9946
9958
9966
9966
9892
9814
9893
9828
9921
9814
9867
9870
9963
9931
9994
9921
9899
9865
9840
9964
9904
9954
9799
9889
9810
9997
9955
9995
9821
9833
9809
9933
9946
9906
9983
9942
9963
9978
9812
9879
9849
9802
9872
9985
9985
9911
9978
9888
9821
9936
9831
9912
9886
9941
9927
9910
9985
9823
9872
9832
9813
9837
9852
9997
9820
9846
9825
9925
9928
9890
9841
9915
9850
9972
9805
9930
9922
9825
9998
9959
9944
9911
9869
9801
9975
9930
9976
9967
9811
9948
9980
9810
9999
9994
9911
9878
9955
9946
9871
9805
9930
9930
9859
9902
9926
9856
9899
9889
9927
9886
9876
9834
9864
9948
9849
9887
9873
9888
9888
9939
9859
9970
9842
9998
9806
9959
9922
9978
9859
9868
9968
9910
9833
9919
9874
9832
9945
9827
9826
9855
9904
9929
9831
9875
9847
9987
9907
9865
9901
9898
9868
9962
9832
9920
9975
9973
9814
9802
9979
9878
9952
9974
9905
9937
9984
9826
9984
9819
9877
9949
9833
9924
9909
9926
9869
9963
9927
9805
9892
9904
9964
9918
9946
9892
9898
9831
9894
9950
9854
9976
9940
9958
9983
9854
9822
9923
9811
9973
9947
9829
9995
9946
9880
9928
9878
9871
9863
9831
9835
9842
9891
9812
9883
9819
9903
9843
9833
9929
9899
9913
9976
9876
9851
9878
9969
9999
9894
9909
9998
9883
9979
9920
9969
9981
9800
9873
9972
9869
9836
9905
9976
9803
9873
9966
9900
9891
9959
9983
9973
9834
9860
9992
9807
9850
9924
9993
9828
9991
9977
9946
9909
9905
9855
9969
9808
9835
9937
9906
9860
9872
9812
9865
9850
9919
9877
9947
9840
9901
9984
9997
9926
9870
9857
9880
9968
9887
9955
9973
9916
9844
9997
9951
9963
9830
9850
9841
9985
9969
9841
9841
9873
9910
9937
9847
9998
9853
9887
9844
9846
9931
9810
9967
9867
9818
9851
9916
9992
9861
9905
9850
9887
9906
9827
9948
9959
9993
9923
9931
9841
9858
9947
9936
9818
9930
9816
9940
9854
9937
9832
9956
9910
9904
9999
9925
9974
9961
9873
9940
9863
9955
9928
9873
9828
9886
9884
9801
9816
9913
9961
9842
9988
9987
9820
9981
9823
9888
9882
9852
9959
9821
9848
9943
9911
9833
9964
9958
9853
9871
9900
9997
9919
9969
9933
9850
9998
9955
9992
9912
9839
9888
9980
9948
9902
9959
9878
9977
9969
9891
9962
9924
9853
9829
9846
9910
9811
9973
9818
9842
9954
9895
9851
9872
9814
9815
9994
9909
9816
9950
9918
9855
9918
9829
9852
9995
9931
9848
9945
9995
9982
9826
9834
9871
9811
9849
9882
9835
9856
9922
9931
9980
9851
9969
9855
9822
9854
9885
9975
9865
9847
9937
9838
9807
9921
9896
9810
9898
9984
9928
9851
9875
9909
9959
9815
9809
9976
9824
9990
9933
9912
9929
9933
9887
9962
9859
9815
9945
9862
9820
9963
9992
9880
9809
9905
9953
9938
9825
9982
9922
9909
9827
9975
9867
9955
9966
9904
9938
9924
9834
9838
9923
9994
9858
9976
9944
9997
9830
9980
9868
9877
9906
9942
9815
9876
9898
9846
9881
9913
9905
9951
9816
9924
9876
9834
9857
9995
9809
9933
9976
9999
9856
9813
9861
9965
9885
9812
9811
9942
9948
9804
9802
9893
9841
9888
9985
9964
9858
9902
9988
9902
9967
9860
9960
9875
9940
9822
9902
9968
9897
9988
9866
9880
9824
9875
9949
9913
9932
9947
9810
9979
9865
9890
9925
9916
9808
9802
9835
9806
9809
9953
9902
9849
9955
9816
9813
9949
9935
9811
9834
9823
9983
9951
9875
9880
9844
9961
9985
9873
9867
9946
9982
9925
9808
9876
9880
9843
9832
9980
9864
9867
9903
9821
9834
9882
9965
9881
9932
9861
9920
9880
9820
9965
9862
9860
9890
9848
9948
9843
9978
9931
9942
9802
9989
9932
9930
9914
9894
9819
9887
9804
9984
9843
9853
9973
9991
9946
9934
9977
9922
9832
9877
9885
9934
9844
9988
9886
9886
9999
9861
9812
9839
9821
9818
9805
9984
9920
9842
9900
9993
9971
9895
9893
9895
9902
9970
9951
9819
9935
9883
9852
9878
9915
9888
9891
9821
9937
9883
9851
9961
9981
9947
9900
9922
9971
9872
9929
9805
9808
9861
9836
9973
9913
9855
9982
9825
9876
9861
9939
9808
9865
9880
9813
9956
9832
9865
9841
9867
9961
9993
9844
9864
9945
9826
9810
9880
9913
9930
9878
9952
9822
9962
9936
9972
9977
9984
9868
9820
9900
9800
9864
9951
9834
9972
9965
9856
9837
9814
9985
9961
9925
9801
9872
9974
9843
9822
9928
9811
9809
9925
9884
9836
9848
9951
9952
9965
9912
9839
9948
9849
9977
9987
9833
9909
9825
9916
9897
9876
9956
9841
9847
9997
9853
9847
9944
9953
9830
9982
9874
9948
9933
9978
9836
9870
9912
9966
9852
9864
9952
9799
9865
9937
9976
9852
9957
9821
9870
9924
9931
9969
9810
9849
9968
9839
9889
9808
9818
9849
9823
9984
9819
9993
9978
9816
9919
9811
9837
9804
9877
9960
9846
9953
9967
9962
9800
9892
9890
9893
9922
9912
9810
9868
9826
9935
9823
9896
9856
9951
9922
9839
9879
9908
9940
9826
9985
9923
9938
9875
9951
9934
9874
9905
9965
9865
9989
9956
9958
9868
9834
9806
9881
9820
9975
9872
9899
9929
9937
9945
9836
9945
9898
9852
9886
9828
9923
9896
9816
9951
9893
9904
9845
9879
9941
9998
9859
9955
9856
9879
9853
9899
9861
9912
9937
9927
9921
9996
9821
9888
9938
9830
9957
9951
9929
9869
9836
9848
9863
9924
9819
9940
9883
9921
9848
9898
9842
9973
9971
9915
9828
9974
9895
9905
9923
9866
9925
9927
9904
9975
9921
9837
9898
9844
9929
9800
9977
9966
9954
9936
9866
9835
9855
9876
9890
9907
9825
9846
9925
9869
9986
9957
9815
9941
9957
9871
9809
9998
9903
9828
9845
9969
9828
9894
9973
9977
9985
9879
9836
9898
9861
9921
9981
9928
9806
9822
9996
9803
9870
9908
9844
9834
9807
9870
9826
9901
9918
9907
9827
9841
9976
9888
9815
9995
9841
9845
9983
9858
9803
9849
9828
9853
9855
9935
9828
9937
9870
9826
9837
9967
9880
9898
9895
9849
9999
9856
9892
9800
9985
9960
9888
9901
9934
9875
9952
9989
9992
9834
9833
9860
9924
9921
9831
9902
9897
9999
9810
9975
9864
9913
9881
9845
9824
9995
9920
9971
9965
9866
9806
9869
9870
9898
9910
9890
9955
9804
9981
9975
9910
9803
9933
9925
9991
9915
9950
9868
9914
9970
9903
9816
9958
9923
9951
9807
9900
9972
9932
9928
9932
9997
9952
9827
9823
9828
9929
9824
9828
9971
9992
9968
9998
9931
9937
9995
9975
9939
9815
9937
9971
9800
9827
9921
9932
9974
9860
9845
9942
9870
9957
9983
9978
9991
9840
9988
9988
9885
9811
9991
9868
9953
9928
9969
9959
9951
9908
9993
9962
9975
9884
9842
9929
9939
9942
9972
9891
9931
9957
9839
9851
9825
9897
9976
9864
9905
9977
9876
9947
9999
9947
9951
9834
9803
9998
9938
9992
9863
9953
9973
9888
9918
9942
9978
9991
9863
9950
9868
9958
9841
9974
9957
9999
9902
9932
9949
9902
9811
9887
9984
9949
9861
9923
9934
9975
9997
9832
9817
9802
9934
9885
9999
9844
9881
9962
9991
9818
9920
9900
9946
9801
9835
9904
9991
9822
9964
9809
9851
9957
9894
9999
9884
9978
9900
9942
9878
9985
9981
9889
9978
9861
9856
9932
9872
9867
9889
9913
9817
9982
9811
9881
9875
9879
9815
9973
9915
9859
9802
9997
9869
9842
9817
9989
9907
9849
9802
9882
9928
9912
9818
9919
9841
9841
9825
9824
9864
9846
9845
9925
9913
9816
9841
9861
9970
9831
9837
9890
9835
9949
9810
9932
9930
9824
9893
9866
9972
9852
9952
9898
9962
9927
9854
9866
9921
9984
9992
9944
9855
9958
9902
9882
9928
9857
9980
9911
9813
9848
9934
9865
9871
9899
9973
9927
9993
9919
9945
9831
9918
9939
9933
9853
9933
9905
9880
9899
9847
9893
9841
9837
9925
9961
9923
9868
9827
9841
9953
9952
9926
9908
9887
9995
9936
9920
9838
9943
9898
9828
9844
9812
9840
9963
9920
9817
9831
9924
9833
9913
9846
9981
9826
9804
9897
9863
9988
9955
9868
9840
9888
9975
9833
9802
9925
9803
9859
9984
9890
9811
9952
9971
9911
9993
9927
9846
9858
9841
9924
9996
9863
9998
9926
9989
9887
9916
9899
9995
9888
9939
9965
9894
9981
9852
9940
9809
9987
9879
9866
9869
9871
9907
9999
9816
9843
9884
9813
9844
9820
9947
9807
9993
9836
9830
9819
9861
9938
9820
9861
9864
9930
9847
9880
9843
9979
9928
9977
9891
9964
9997
9966
9887
9990
9921
9993
9886
9856
9927
9829
9919
9942
9870
9926
9836
9831
9820
9913
9911
9913
9804
9990
9940
9999
9862
9907
9895
9836
9890
9859
9862
9854
9826
9957
9920
9949
9810
9989
9884
9804
9849
9993
9890
9821
9821
9956
9966
9904
9969
9886
9850
9854
9805
9892
9898
9961
9962
9956
9858
9801
9939
9899
9820
9876
9931
9959
9843
9918
9880
9949
9833
9897
9875
9973
9954
9990
9951
9881
9869
9896
9866
9867
9927
9856
9830
9850
9974
9893
9816
9857
9844
9817
9947
9815
9811
9924
9964
9981
9973
9960
9980
9806
9944
9885
9989
9866
9836
9804
9922
9994
9923
9926
9896
9945
9987
9952
9864
9983
9980
9928
9955
9901
9828
9860
9863
9968
9804
9974
9942
9854
9859
9970
9963
9834
9836
9939
9998
9986
9865
9826
9871
9817
9950
9857
9805
9893
9816
9900
9802
9881
9919
9934
9831
9862
9925
9803
9915
9853
9985
9912
9905
9900
9951
9909
9829
9810
9858
9968
9901
9802
9938
9871
9815
9955
9894
9803
9862
9809
9831
9958
9950
9843
9908
9831
9961
9942
9980
9812
9838
9807
9918
9847
9855
9958
9999
9899
9990
9916
9799
9934
9828
9845
9884
9859
9810
9875
9886
9859
9935
9813
9814
9981
9816
9972
9919
9991
9949
9890
9872
9889
9944
9870
9925
9823
9983
9890
9988
9889
9825
9872
9973
9842
9835
9857
9802
9870
9887
9990
9899
9930
9939
9946
9887
9985
9859
9971
9837
9888
9965
9916
9821
9962
9951
9922
9942
9873
9975
9850
9805
9865
9866
9840
9842
9985
9898
9880
9891
9849
9854
9912
9967
9935
9892
9900
9937
9849
9879
9888
9968
9887
9799
9820
9840
9990
9925
9946
9993
9806
9808
9878
9973
9905
9815
9818
9920
9959
9856
9937
9984
9972
9800
9900
9799
9872
9804
9863
9882
9856
9916
9941
9998
9963
9838
9955
9948
9827
9904
9999
9982
9844
9988
9902
9977
9819
9816
9976
9836
9812
9909
9938
9983
9804
9918
9840
9998
9994
9841
9810
9983
9843
9921
9985
9903
9833
9993
9990
9860
9998
9940
9808
9933
9893
9945
9874
9840
9847
9895
9886
9809
9874
9914
9989
9888
9820
9908
9901
9810
9856
9996
9965
9890
9852
9854
9881
9942
9837
9966
9959
9933
9881
9989
9943
9820
9938
9967
9833
9822
9859
9913
9832
9838
9953
9854
9978
9973
9916
9853
9850
9837
9869
9956
9815
9799
9882
9883
9931
9920
9852
9822
9845
9851
9994
9883
9873
9839
9806
9837
9973
9913
9922
9848
9934
9940
9936
9905
9921
9973
9987
9841
9930
9830
9954
9896
9929
9901
9966
9889
9938
9934
9977
9819
9857
9905
9877
9938
9978
9965
9877
9967
9875
9904
9831
9980
9813
9816
9927
9974
9880
9959
9993
9871
9985
9925
9842
9827
9971
9989
9999
9961
9911
9928
9985
9802
9989
9983
9907
9901
9869
9923
9911
9922
9813
9893
9984
9803
9968
9821
9805
9815
9818
9973
9853
9953
9799
9841
9818
9875
9819
9957
9940
9928
9836
9893
9965
9983
9924
9874
9853
9872
9870
9996
9875
9892
9915
9870
9800
9887
9965
9826
9868
9889
9943
9820
9857
9932
9969
9883
9808
9832
9949
9966
9846
9862
9831
9815
9820
9892
9833
9805
9849
9890
9907
9877
9825
9939
9893
9901
9940
9945
9811
9919
9859
9874
9819
9912
9852
9937
9881
9908
9989
9915
9916
9879
9902
9951
9922
9820
9833
9927
9949
9968
9930
9833
9846
9818
9889
9800
9987
9912
9951
9893
9886
9940
9867
9843
9939
9991
9887
9904
9842
9987
9815
9933
9974
9931
9827
9952
9873
9927
9833
9804
9982
9921
9852
9928
9821
9848
9916
9954
9988
9872
9948
9999
9940
9912
9996
9964
9843
9831
9938
9914
9958
9879
9887
9818
9853
9846
9998
9863
9889
9964
9999
9837
9941
9993
9811
9973
9809
9985
9896
9826
9977
9877
9809
9868
9858
9876
9891
9859
9935
9981
9873
9920
9969
9857
9959
9901
9949
9963
9892
9832
9944
9853
9984
9865
9848
9910
9892
9944
9889
9996
9903
9845
9888
9896
9912
9952
9974
9962
9956
9882
9963
9851
9971
9952
9828
9817
9988
9935
9907
9880
9986
9882
9915
9858
9892
9986
9923
9908
9986
9994
9846
9863
9888
9995
9918
9928
9961
9837
