297
859
723
743
100
458
227
495
820
380
456
423
46
633
546
696
470
506
353
338
833
529
645
261
523
505
627
25
222
233
285
273
356
823
609
8
442
538
263
755
656
562
932
723
529
413
506
71
871
592
705
307
419
540
532
553
164
814
746
769
352
215
851
235
675
75
189
308
565
52
925
688
466
316
833
261
396
628
787
760
11
285
958
842
300
292
141
743
557
575
346
719
360
515
751
415
799
491
29
670
683
953
170
587
966
201
194
340
640
211
368
439
375
439
382
541
826
897
715
347
245
298
189
473
589
86
451
599
678
675
523
990
556
95
554
773
253
419
538
166
555
637
581
59
196
794
687
649
372
869
377
952
12
586
123
503
176
329
619
283
157
689
145
957
747
885
867
374
297
107
335
737
379
572
416
602
527
988
816
28
445
807
141
751
602
921
584
152
130
318
514
491
798
791
670
120
780
626
159
626
962
673
856
371
864
662
236
498
564
507
490
211
654
142
386
429
308
340
744
561
360
57
684
75
565
234
518
739
152
244
312
544
240
304
658
777
389
239
514
405
84
346
630
115
46
863
405
88
955
391
609
632
276
239
695
609
415
448
37
668
854
843
570
208
101
666
510
454
702
615
530
233
135
663
908
185
915
833
812
365
678
46
259
703
301
279
565
231
843
533
984
571
451
830
507
645
107
607
847
775
466
844
571
843
896
587
776
930
123
217
434
535
956
123
34
532
18
803
742
353
722
227
842
127
572
148
77
263
738
565
645
70
189
787
666
731
396
684
187
903
597
346
843
167
273
594
585
895
532
326
971
445
137
570
284
846
398
79
859
479
735
364
13
874
771
126
988
678
496
255
416
699
494
669
540
856
247
124
103
87
515
580
450
691
478
199
620
743
576
962
111
573
499
704
866
380
803
133
136
287
273
658
228
793
634
398
657
444
26
231
449
926
739
946
684
412
392
876
694
550
928
729
557
144
179
296
90
786
172
65
824
865
256
818
637
58
771
242
137
245
691
439
800
217
682
625
185
922
225
91
265
252
895
713
369
325
896
839
682
211
563
176
742
720
570
506
269
273
572
436
287
236
69
681
595
697
801
629
224
958
331
409
147
479
856
430
154
870
925
772
437
866
61
597
695
731
843
544
99
182
