542
427
934
286
21
852
162
515
797
314
598
841
272
93
680
981
913
385
731
635
613
895
460
69
54
422
726
403
607
729
349
616
578
758
667
5
202
422
351
628
517
543
329
423
914
51
248
428
152
708
305
727
706
730
811
784
575
416
145
690
86
332
291
363
407
225
675
335
419
681
903
521
248
939
245
305
916
678
219
582
682
503
879
11
172
787
420
492
807
439
427
239
80
876
574
845
561
137
321
498
391
485
830
757
335
491
218
824
183
582
266
517
95
507
259
130
446
925
420
808
344
215
472
191
38
431
603
945
945
834
458
56
411
415
991
824
616
77
770
502
712
393
219
46
818
289
694
857
162
577
856
751
60
797
499
959
840
219
514
614
110
159
203
737
274
445
865
277
928
180
373
385
144
195
880
234
658
188
373
708
742
516
690
228
454
815
559
186
652
472
717
316
327
374
313
195
510
832
769
406
33
213
599
545
69
578
545
247
385
695
109
149
656
770
241
755
599
359
593
113
980
162
91
593
672
435
918
582
566
749
662
183
450
869
858
745
526
309
632
857
975
688
548
353
829
600
613
214
672
665
599
723
381
546
917
767
532
269
920
146
395
617
226
766
52
595
479
547
443
338
729
612
595
256
600
463
84
982
713
777
515
972
704
487
277
200
423
209
424
255
898
751
200
287
489
461
634
916
851
959
458
638
867
341
674
929
792
797
404
355
283
767
588
199
256
776
655
372
830
351
16
394
62
759
765
243
553
712
712
311
467
331
534
255
812
222
189
795
159
577
299
461
734
836
456
748
775
262
455
650
594
154
967
46
429
774
547
682
572
168
361
830
322
750
446
149
360
644
311
594
789
417
526
519
710
714
83
419
509
604
43
207
181
985
114
551
387
577
598
844
344
16
607
126
76
245
787
773
849
524
382
202
182
949
659
446
58
578
651
195
209
590
824
747
666
254
528
576
646
584
746
124
704
55
839
558
585
976
126
895
882
606
493
38
47
71
503
261
741
663
789
238
553
839
723
826
962
315
338
491
971
485
179
508
929
349
834
430
296
104
82
987
621
434
24
723
161
584
333
267
486
612
880
569
362
298
703
458
907
841
747
118
777
652
600
76
425
424
629
690
194
741
388
752
756
21
493
466
363
159
279
343
732
747
836
108
997
367
320
934
624
459
307
910
496
306
665
805
395
658
455
552
189
304
223
297
518
733
615
657
773
948
646
259
168
699
543
486
489
313
207
424
269
882
194
738
988
722
574
717
210
967
698
243
659
947
370
120
587
89
634
616
485
494
108
128
259
240
921
854
708
112
476
816
237
923
468
513
480
453
412
143
548
74
68
224
161
438
238
357
288
964
589
865
521
450
246
321
651
874
315
332
374
465
631
946
412
552
310
618
878
389
342
843
670
103
65
205
463
184
296
881
593
367
190
942
20
445
250
135
743
758
467
479
40
260
69
52
605
810
872
896
778
659
700
700
576
703
353
836
485
718
220
386
732
360
717
260
249
598
268
852
397
491
708
420
458
686
250
670
39
624
476
592
568
181
748
901
372
649
284
78
644
554
322
246
726
383
347
397
153
540
652
515
864
617
545
403
618
559
446
450
839
228
500
786
619
481
188
822
90
40
28
255
55
418
368
309
997
928
65
373
137
752
46
831
745
438
259
940
228
635
207
446
560
18
812
468
555
599
215
397
582
225
185
802
428
749
723
253
409
303
90
327
746
577
258
676
322
116
849
469
741
438
304
730
45
98
615
83
588
450
694
777
995
225
733
787
653
645
673
885
334
854
148
70
513
410
698
635
588
779
672
415
778
209
135
443
883
148
610
560
467
305
351
684
575
129
455
314
171
334
478
649
515
142
892
279
252
305
262
680
345
932
969
288
544
18
174
384
276
412
542
646
394
623
946
366
903
129
918
976
463
210
648
98
477
70
285
268
966
541
515
524
856
846
406
208
492
391
379
261
575
225
12
76
525
300
116
624
881
347
343
407
878
771
666
603
402
444
343
397
951
36
273
449
352
159
798
589
427
81
251
904
818
235
867
820
526
418
474
353
226
792
225
399
730
536
373
994
685
665
75
339
702
855
512
391
332
398
351
448
710
578
697
841
782
691
872
76
801
737
242
807
786
755
690
64
193
138
118
359
278
167
211
905
314
504
925
462
497
359
122
649
531
587
463
580
581
153
392
132
563
481
566
467
703
149
425
531
247
970
367
287
62
95
132
94
616
284
389
671
254
937
702
122
234
558
705
254
955
519
216
725
778
715
356
429
919
605
